#
# There is insufficient memory for the Java Runtime Environment to continue.
# Native memory allocation (malloc) failed to allocate 2097152 bytes for AllocateHeap
# Possible reasons:
#   The system is out of physical RAM or swap space
#   The process is running with CompressedOops enabled, and the Java Heap may be blocking the growth of the native heap
# Possible solutions:
#   Reduce memory load on the system
#   Increase physical memory or swap space
#   Check if swap backing store is full
#   Decrease Java heap size (-Xmx/-Xms)
#   Decrease number of Java threads
#   Decrease Java thread stack sizes (-Xss)
#   Set larger code cache with -XX:ReservedCodeCacheSize=
#   JVM is running with Zero Based Compressed Oops mode in which the Java heap is
#     placed in the first 32GB address space. The Java Heap base address is the
#     maximum limit for the native heap growth. Please use -XX:HeapBaseMinAddress
#     to set the Java Heap base and to place the Java Heap above 32GB virtual address.
# This output file may be truncated or incomplete.
#
#  Out of Memory Error (allocation.cpp:44), pid=31740, tid=15676
#
# JRE version: OpenJDK Runtime Environment Temurin-17.0.5+8 (17.0.5+8) (build 17.0.5+8)
# Java VM: OpenJDK 64-Bit Server VM Temurin-17.0.5+8 (17.0.5+8, mixed mode, emulated-client, tiered, compressed oops, compressed class ptrs, g1 gc, windows-amd64)
# No core dump will be written. Minidumps are not enabled by default on client versions of Windows
#

---------------  S U M M A R Y ------------

Command Line: -Dsts.lsp.client=vscode -Dsts.log.file=/dev/null -XX:TieredStopAtLevel=1 -Xlog:jni+resolve=off -Dspring.config.location=file:c:\Users\rafae\.vscode\extensions\pivotal.vscode-spring-boot-1.43.0\language-server\BOOT-INF\classes\application.properties org.springframework.ide.vscode.boot.app.BootLanguageServerBootApp

Host: AMD Ryzen 7 3700X 8-Core Processor             , 16 cores, 15G,  Windows 11 , 64 bit Build 22621 (10.0.22621.1105)
Time: Mon Jan 23 12:59:55 2023 Hora oficial do Brasil elapsed time: 3056.570234 seconds (0d 0h 50m 56s)

---------------  T H R E A D  ---------------

Current thread (0x0000029b3ea493a0):  VMThread "VM Thread" [stack: 0x000000b768800000,0x000000b768900000] [id=15676]

Stack: [0x000000b768800000,0x000000b768900000]
Native frames: (J=compiled Java code, j=interpreted, Vv=VM code, C=native code)
V  [jvm.dll+0x676b3a]
V  [jvm.dll+0x831444]
V  [jvm.dll+0x832bee]
V  [jvm.dll+0x833253]
V  [jvm.dll+0x244ce5]
V  [jvm.dll+0xa631f]
V  [jvm.dll+0x2f4f91]
V  [jvm.dll+0x2f0c10]
V  [jvm.dll+0x2d92f7]
V  [jvm.dll+0x31c3b7]
V  [jvm.dll+0x8376fb]
V  [jvm.dll+0x838434]
V  [jvm.dll+0x83894c]
V  [jvm.dll+0x838d24]
V  [jvm.dll+0x838df0]
V  [jvm.dll+0x7e17ea]
V  [jvm.dll+0x6759e5]
C  [ucrtbase.dll+0x29363]
C  [KERNEL32.DLL+0x126bd]
C  [ntdll.dll+0x5dfb8]

VM_Operation (0x000000b76a4fedb0): G1CollectFull, mode: safepoint, requested by thread 0x0000029b41706750


---------------  P R O C E S S  ---------------

Threads class SMR info:
_java_thread_list=0x0000029b41b42f10, length=24, elements={
0x0000029b3ea86340, 0x0000029b3ea86ef0, 0x0000029b3f4e7040, 0x0000029b3f4e7900,
0x0000029b3f4e82b0, 0x0000029b3f4ecc80, 0x0000029b3f4f1b40, 0x0000029b3f505010,
0x0000029b3f6eeee0, 0x0000029b3f6efa50, 0x0000029b4148f070, 0x0000029b41706750,
0x0000029b415f89e0, 0x0000029b2a996fb0, 0x0000029b4118b050, 0x0000029b417afa10,
0x0000029b417df330, 0x0000029b418cdc20, 0x0000029b418cf900, 0x0000029b418d0c40,
0x0000029b418d15e0, 0x0000029b418d1ab0, 0x0000029b44577a60, 0x0000029b418ce0f0
}

Java Threads: ( => current thread )
  0x0000029b3ea86340 JavaThread "Reference Handler" daemon [_thread_blocked, id=31064, stack(0x000000b768900000,0x000000b768a00000)]
  0x0000029b3ea86ef0 JavaThread "Finalizer" daemon [_thread_blocked, id=5476, stack(0x000000b768a00000,0x000000b768b00000)]
  0x0000029b3f4e7040 JavaThread "Signal Dispatcher" daemon [_thread_blocked, id=1540, stack(0x000000b768b00000,0x000000b768c00000)]
  0x0000029b3f4e7900 JavaThread "Attach Listener" daemon [_thread_blocked, id=31632, stack(0x000000b768c00000,0x000000b768d00000)]
  0x0000029b3f4e82b0 JavaThread "Service Thread" daemon [_thread_blocked, id=30808, stack(0x000000b768d00000,0x000000b768e00000)]
  0x0000029b3f4ecc80 JavaThread "Monitor Deflation Thread" daemon [_thread_blocked, id=31136, stack(0x000000b768e00000,0x000000b768f00000)]
  0x0000029b3f4f1b40 JavaThread "C1 CompilerThread0" daemon [_thread_blocked, id=31020, stack(0x000000b768f00000,0x000000b769000000)]
  0x0000029b3f505010 JavaThread "Sweeper thread" daemon [_thread_blocked, id=31144, stack(0x000000b769000000,0x000000b769100000)]
  0x0000029b3f6eeee0 JavaThread "Notification Thread" daemon [_thread_blocked, id=15680, stack(0x000000b769200000,0x000000b769300000)]
  0x0000029b3f6efa50 JavaThread "Common-Cleaner" daemon [_thread_blocked, id=29524, stack(0x000000b769400000,0x000000b769500000)]
  0x0000029b4148f070 JavaThread "boundedElastic-evictor-1" daemon [_thread_blocked, id=4288, stack(0x000000b76a300000,0x000000b76a400000)]
  0x0000029b41706750 JavaThread "pool-11-thread-1" [_thread_blocked, id=30856, stack(0x000000b76a400000,0x000000b76a500000)]
  0x0000029b415f89e0 JavaThread "LanguageServerApp-lifecycle" [_thread_blocked, id=3216, stack(0x000000b76a500000,0x000000b76a600000)]
  0x0000029b2a996fb0 JavaThread "DestroyJavaVM" [_thread_blocked, id=9412, stack(0x000000b768200000,0x000000b768300000)]
  0x0000029b4118b050 JavaThread "pool-12-thread-1" [_thread_in_native, id=25352, stack(0x000000b76a600000,0x000000b76a700000)]
  0x0000029b417afa10 JavaThread "Simple-Language-Server main thread" daemon [_thread_blocked, id=2128, stack(0x000000b76a700000,0x000000b76a800000)]
  0x0000029b417df330 JavaThread "parallel-1" daemon [_thread_blocked, id=31480, stack(0x000000b76a900000,0x000000b76aa00000)]
  0x0000029b418cdc20 JavaThread "pool-6-thread-1" [_thread_blocked, id=11872, stack(0x000000b76c400000,0x000000b76c500000)]
  0x0000029b418cf900 JavaThread "pool-10-thread-1" [_thread_blocked, id=30728, stack(0x000000b76c500000,0x000000b76c600000)]
  0x0000029b418d0c40 JavaThread "parallel-2" daemon [_thread_blocked, id=17292, stack(0x000000b76c700000,0x000000b76c800000)]
  0x0000029b418d15e0 JavaThread "pool-10-thread-2" [_thread_blocked, id=31132, stack(0x000000b76c800000,0x000000b76c900000)]
  0x0000029b418d1ab0 JavaThread "parallel-3" daemon [_thread_blocked, id=30840, stack(0x000000b76c900000,0x000000b76ca00000)]
  0x0000029b44577a60 JavaThread "pool-10-thread-3" [_thread_blocked, id=30848, stack(0x000000b76cb00000,0x000000b76cc00000)]
  0x0000029b418ce0f0 JavaThread "parallel-4" daemon [_thread_blocked, id=31636, stack(0x000000b76aa00000,0x000000b76ab00000)]

Other Threads:
=>0x0000029b3ea493a0 VMThread "VM Thread" [stack: 0x000000b768800000,0x000000b768900000] [id=15676]
  0x0000029b3f6ef7c0 WatcherThread [stack: 0x000000b769300000,0x000000b769400000] [id=26448]
  0x0000029b2aa03da0 GCTaskThread "GC Thread#0" [stack: 0x000000b768300000,0x000000b768400000] [id=25632]
  0x0000029b40c8f7e0 GCTaskThread "GC Thread#1" [stack: 0x000000b769500000,0x000000b769600000] [id=24388]
  0x0000029b40cdf230 GCTaskThread "GC Thread#2" [stack: 0x000000b769600000,0x000000b769700000] [id=15328]
  0x0000029b40ae1180 GCTaskThread "GC Thread#3" [stack: 0x000000b769700000,0x000000b769800000] [id=31728]
  0x0000029b40d29460 GCTaskThread "GC Thread#4" [stack: 0x000000b769800000,0x000000b769900000] [id=31124]
  0x0000029b40c91f20 GCTaskThread "GC Thread#5" [stack: 0x000000b769900000,0x000000b769a00000] [id=7780]
  0x0000029b40f87570 GCTaskThread "GC Thread#6" [stack: 0x000000b769a00000,0x000000b769b00000] [id=30924]
  0x0000029b40f87820 GCTaskThread "GC Thread#7" [stack: 0x000000b769b00000,0x000000b769c00000] [id=8832]
  0x0000029b40f87ad0 GCTaskThread "GC Thread#8" [stack: 0x000000b769c00000,0x000000b769d00000] [id=30768]
  0x0000029b411b1050 GCTaskThread "GC Thread#9" [stack: 0x000000b769e00000,0x000000b769f00000] [id=31724]
  0x0000029b411b1300 GCTaskThread "GC Thread#10" [stack: 0x000000b769f00000,0x000000b76a000000] [id=30928]
  0x0000029b411b15b0 GCTaskThread "GC Thread#11" [stack: 0x000000b76a000000,0x000000b76a100000] [id=31644]
  0x0000029b4137ee40 GCTaskThread "GC Thread#12" [stack: 0x000000b769d00000,0x000000b769e00000] [id=16140]
  0x0000029b2aa14d10 ConcurrentGCThread "G1 Main Marker" [stack: 0x000000b768400000,0x000000b768500000] [id=8228]
  0x0000029b2aa165d0 ConcurrentGCThread "G1 Conc#0" [stack: 0x000000b768500000,0x000000b768600000] [id=31128]
  0x0000029b4119f5a0 ConcurrentGCThread "G1 Conc#1" [stack: 0x000000b76a100000,0x000000b76a200000] [id=30208]
  0x0000029b411b2280 ConcurrentGCThread "G1 Conc#2" [stack: 0x000000b76a200000,0x000000b76a300000] [id=29424]
  0x0000029b2aa3e550 ConcurrentGCThread "G1 Refine#0" [stack: 0x000000b768600000,0x000000b768700000] [id=31332]
  0x0000029b4d9e3fa0 ConcurrentGCThread "G1 Refine#1" [stack: 0x000000b76cd00000,0x000000b76ce00000] [id=29028]
  0x0000029b4d9e3700 ConcurrentGCThread "G1 Refine#2" [stack: 0x000000b76ce00000,0x000000b76cf00000] [id=30236]
  0x0000029b4d9e28a0 ConcurrentGCThread "G1 Refine#3" [stack: 0x000000b76cf00000,0x000000b76d000000] [id=28112]
  0x0000029b4d9e4280 ConcurrentGCThread "G1 Refine#4" [stack: 0x000000b76d200000,0x000000b76d300000] [id=23868]
  0x0000029b4d9e3420 ConcurrentGCThread "G1 Refine#5" [stack: 0x000000b76d300000,0x000000b76d400000] [id=14592]
  0x0000029b4d9e4560 ConcurrentGCThread "G1 Refine#6" [stack: 0x000000b76d400000,0x000000b76d500000] [id=10756]
  0x0000029b41bc83b0 ConcurrentGCThread "G1 Refine#7" [stack: 0x000000b76ac00000,0x000000b76ad00000] [id=4336]
  0x0000029b41bc80d0 ConcurrentGCThread "G1 Refine#8" [stack: 0x000000b76ad00000,0x000000b76ae00000] [id=14136]
  0x0000029b41bc66f0 ConcurrentGCThread "G1 Refine#9" [stack: 0x000000b76ae00000,0x000000b76af00000] [id=30360]
  0x0000029b3e971fd0 ConcurrentGCThread "G1 Service" [stack: 0x000000b768700000,0x000000b768800000] [id=2928]

Threads with active compile tasks:

VM state: at safepoint (normal execution)

VM Mutex/Monitor currently owned by a thread:  ([mutex/lock_event])
[0x0000029b2a65b810] Threads_lock - owner thread: 0x0000029b3ea493a0
[0x0000029b2a657fd0] Heap_lock - owner thread: 0x0000029b41706750

Heap address: 0x0000000701200000, size: 4078 MB, Compressed Oops mode: Zero based, Oop shift amount: 3

CDS archive(s) not mapped
Compressed class space mapped at: 0x0000000800000000-0x0000000840000000, reserved size: 1073741824
Narrow klass base: 0x0000000800000000, Narrow klass shift: 0, Narrow klass range: 0x40000000

GC Precious Log:
 CPUs: 16 total, 16 available
 Memory: 16307M
 Large Page Support: Disabled
 NUMA Support: Disabled
 Compressed Oops: Enabled (Zero based)
 Heap Region Size: 2M
 Heap Min Capacity: 8M
 Heap Initial Capacity: 256M
 Heap Max Capacity: 4078M
 Pre-touch: Disabled
 Parallel Workers: 13
 Concurrent Workers: 3
 Concurrent Refinement Workers: 13
 Periodic GC: Disabled

Heap:
 garbage-first heap   total 143360K, used 41893K [0x0000000701200000, 0x0000000800000000)
  region size 2048K, 1 young (2048K), 0 survivors (0K)
 Metaspace       used 69837K, committed 70656K, reserved 1114112K
  class space    used 9511K, committed 9856K, reserved 1048576K

Heap Regions: E=young(eden), S=young(survivor), O=old, HS=humongous(starts), HC=humongous(continues), CS=collection set, F=free, OA=open archive, CA=closed archive, TAMS=top-at-mark-start (previous, next)
|   0|0x0000000701200000, 0x0000000701400000, 0x0000000701400000|100%| O|  |TAMS 0x0000000701400000, 0x0000000701200000| Untracked 
|   1|0x0000000701400000, 0x00000007015fefe0, 0x0000000701600000| 99%| O|  |TAMS 0x00000007015fefe0, 0x0000000701400000| Untracked 
|   2|0x0000000701600000, 0x0000000701800000, 0x0000000701800000|100%| O|  |TAMS 0x0000000701800000, 0x0000000701600000| Untracked 
|   3|0x0000000701800000, 0x00000007019ffff8, 0x0000000701a00000| 99%| O|  |TAMS 0x00000007019ffff8, 0x0000000701800000| Untracked 
|   4|0x0000000701a00000, 0x0000000701bfffd0, 0x0000000701c00000| 99%| O|  |TAMS 0x0000000701bfffd0, 0x0000000701a00000| Untracked 
|   5|0x0000000701c00000, 0x0000000701dfffe8, 0x0000000701e00000| 99%| O|  |TAMS 0x0000000701dfffe8, 0x0000000701c00000| Untracked 
|   6|0x0000000701e00000, 0x0000000701ffffe8, 0x0000000702000000| 99%| O|  |TAMS 0x0000000701ffffe8, 0x0000000701e00000| Untracked 
|   7|0x0000000702000000, 0x00000007021ffb38, 0x0000000702200000| 99%| O|  |TAMS 0x00000007021ffb38, 0x0000000702000000| Untracked 
|   8|0x0000000702200000, 0x00000007023ffff0, 0x0000000702400000| 99%| O|  |TAMS 0x00000007023ffff0, 0x0000000702200000| Untracked 
|   9|0x0000000702400000, 0x0000000702600000, 0x0000000702600000|100%| O|  |TAMS 0x0000000702600000, 0x0000000702400000| Untracked 
|  10|0x0000000702600000, 0x00000007027fffb8, 0x0000000702800000| 99%| O|  |TAMS 0x00000007027fffb8, 0x0000000702600000| Untracked 
|  11|0x0000000702800000, 0x00000007029fcaf8, 0x0000000702a00000| 99%| O|  |TAMS 0x00000007029fcaf8, 0x0000000702800000| Untracked 
|  12|0x0000000702a00000, 0x0000000702bffff8, 0x0000000702c00000| 99%| O|  |TAMS 0x0000000702bffff8, 0x0000000702a00000| Untracked 
|  13|0x0000000702c00000, 0x0000000702dffff0, 0x0000000702e00000| 99%| O|  |TAMS 0x0000000702dffff0, 0x0000000702c00000| Untracked 
|  14|0x0000000702e00000, 0x0000000702ffffe0, 0x0000000703000000| 99%| O|  |TAMS 0x0000000702ffffe0, 0x0000000702e00000| Untracked 
|  15|0x0000000703000000, 0x00000007031fffe8, 0x0000000703200000| 99%| O|  |TAMS 0x00000007031fffe8, 0x0000000703000000| Untracked 
|  16|0x0000000703200000, 0x00000007033d2de0, 0x0000000703400000| 91%| O|  |TAMS 0x0000000703200000, 0x0000000703200000| Untracked 
|  17|0x0000000703400000, 0x00000007035ffff0, 0x0000000703600000| 99%| O|  |TAMS 0x00000007035ffff0, 0x0000000703400000| Untracked 
|  18|0x0000000703600000, 0x00000007037fd568, 0x0000000703800000| 99%| O|  |TAMS 0x00000007037fd568, 0x0000000703600000| Untracked 
|  19|0x0000000703800000, 0x00000007039f9700, 0x0000000703a00000| 98%| O|  |TAMS 0x00000007039f9700, 0x0000000703800000| Untracked 
|  20|0x0000000703a00000, 0x0000000703b24118, 0x0000000703c00000| 57%| O|  |TAMS 0x0000000703a00000, 0x0000000703a00000| Untracked 
|  21|0x0000000703c00000, 0x0000000703c00438, 0x0000000703e00000|  0%| O|  |TAMS 0x0000000703c00000, 0x0000000703c00000| Untracked 
|  22|0x0000000703e00000, 0x0000000703e00000, 0x0000000704000000|  0%| F|  |TAMS 0x0000000703e00000, 0x0000000703e00000| Untracked 
|  23|0x0000000704000000, 0x0000000704000000, 0x0000000704200000|  0%| F|  |TAMS 0x0000000704000000, 0x0000000704000000| Untracked 
|  24|0x0000000704200000, 0x0000000704200000, 0x0000000704400000|  0%| F|  |TAMS 0x0000000704200000, 0x0000000704200000| Untracked 
|  25|0x0000000704400000, 0x0000000704400000, 0x0000000704600000|  0%| F|  |TAMS 0x0000000704400000, 0x0000000704400000| Untracked 
|  26|0x0000000704600000, 0x0000000704600000, 0x0000000704800000|  0%| F|  |TAMS 0x0000000704600000, 0x0000000704600000| Untracked 
|  27|0x0000000704800000, 0x0000000704800000, 0x0000000704a00000|  0%| F|  |TAMS 0x0000000704800000, 0x0000000704800000| Untracked 
|  28|0x0000000704a00000, 0x0000000704a00000, 0x0000000704c00000|  0%| F|  |TAMS 0x0000000704a00000, 0x0000000704a00000| Untracked 
|  29|0x0000000704c00000, 0x0000000704c00000, 0x0000000704e00000|  0%| F|  |TAMS 0x0000000704c00000, 0x0000000704c00000| Untracked 
|  30|0x0000000704e00000, 0x0000000704e00000, 0x0000000705000000|  0%| F|  |TAMS 0x0000000704e00000, 0x0000000704e00000| Untracked 
|  31|0x0000000705000000, 0x0000000705000000, 0x0000000705200000|  0%| F|  |TAMS 0x0000000705000000, 0x0000000705000000| Untracked 
|  32|0x0000000705200000, 0x0000000705200000, 0x0000000705400000|  0%| F|  |TAMS 0x0000000705200000, 0x0000000705200000| Untracked 
|  33|0x0000000705400000, 0x0000000705400000, 0x0000000705600000|  0%| F|  |TAMS 0x0000000705400000, 0x0000000705400000| Untracked 
|  34|0x0000000705600000, 0x0000000705600000, 0x0000000705800000|  0%| F|  |TAMS 0x0000000705600000, 0x0000000705600000| Untracked 
|  35|0x0000000705800000, 0x0000000705800000, 0x0000000705a00000|  0%| F|  |TAMS 0x0000000705800000, 0x0000000705800000| Untracked 
|  36|0x0000000705a00000, 0x0000000705a00000, 0x0000000705c00000|  0%| F|  |TAMS 0x0000000705a00000, 0x0000000705a00000| Untracked 
|  37|0x0000000705c00000, 0x0000000705c00000, 0x0000000705e00000|  0%| F|  |TAMS 0x0000000705c00000, 0x0000000705c00000| Untracked 
|  38|0x0000000705e00000, 0x0000000705e00000, 0x0000000706000000|  0%| F|  |TAMS 0x0000000705e00000, 0x0000000705e00000| Untracked 
|  39|0x0000000706000000, 0x0000000706000000, 0x0000000706200000|  0%| F|  |TAMS 0x0000000706000000, 0x0000000706000000| Untracked 
|  40|0x0000000706200000, 0x0000000706200000, 0x0000000706400000|  0%| F|  |TAMS 0x0000000706200000, 0x0000000706200000| Untracked 
|  41|0x0000000706400000, 0x0000000706400000, 0x0000000706600000|  0%| F|  |TAMS 0x0000000706400000, 0x0000000706400000| Untracked 
|  42|0x0000000706600000, 0x0000000706600000, 0x0000000706800000|  0%| F|  |TAMS 0x0000000706600000, 0x0000000706600000| Untracked 
|  43|0x0000000706800000, 0x0000000706800000, 0x0000000706a00000|  0%| F|  |TAMS 0x0000000706800000, 0x0000000706800000| Untracked 
|  44|0x0000000706a00000, 0x0000000706a00000, 0x0000000706c00000|  0%| F|  |TAMS 0x0000000706a00000, 0x0000000706a00000| Untracked 
|  45|0x0000000706c00000, 0x0000000706c00000, 0x0000000706e00000|  0%| F|  |TAMS 0x0000000706c00000, 0x0000000706c00000| Untracked 
|  46|0x0000000706e00000, 0x0000000706e00000, 0x0000000707000000|  0%| F|  |TAMS 0x0000000706e00000, 0x0000000706e00000| Untracked 
|  47|0x0000000707000000, 0x0000000707000000, 0x0000000707200000|  0%| F|  |TAMS 0x0000000707000000, 0x0000000707000000| Untracked 
|  48|0x0000000707200000, 0x0000000707200000, 0x0000000707400000|  0%| F|  |TAMS 0x0000000707200000, 0x0000000707200000| Untracked 
|  49|0x0000000707400000, 0x0000000707400000, 0x0000000707600000|  0%| F|  |TAMS 0x0000000707400000, 0x0000000707400000| Untracked 
|  50|0x0000000707600000, 0x0000000707600000, 0x0000000707800000|  0%| F|  |TAMS 0x0000000707600000, 0x0000000707600000| Untracked 
|  51|0x0000000707800000, 0x0000000707800000, 0x0000000707a00000|  0%| F|  |TAMS 0x0000000707800000, 0x0000000707800000| Untracked 
|  52|0x0000000707a00000, 0x0000000707a00000, 0x0000000707c00000|  0%| F|  |TAMS 0x0000000707a00000, 0x0000000707a00000| Untracked 
|  53|0x0000000707c00000, 0x0000000707c00000, 0x0000000707e00000|  0%| F|  |TAMS 0x0000000707c00000, 0x0000000707c00000| Untracked 
|  54|0x0000000707e00000, 0x0000000707e00000, 0x0000000708000000|  0%| F|  |TAMS 0x0000000707e00000, 0x0000000707e00000| Untracked 
|  55|0x0000000708000000, 0x0000000708000000, 0x0000000708200000|  0%| F|  |TAMS 0x0000000708000000, 0x0000000708000000| Untracked 
|  56|0x0000000708200000, 0x0000000708200000, 0x0000000708400000|  0%| F|  |TAMS 0x0000000708200000, 0x0000000708200000| Untracked 
|  57|0x0000000708400000, 0x0000000708400000, 0x0000000708600000|  0%| F|  |TAMS 0x0000000708400000, 0x0000000708400000| Untracked 
|  58|0x0000000708600000, 0x0000000708600000, 0x0000000708800000|  0%| F|  |TAMS 0x0000000708600000, 0x0000000708600000| Untracked 
|  59|0x0000000708800000, 0x0000000708800000, 0x0000000708a00000|  0%| F|  |TAMS 0x0000000708800000, 0x0000000708800000| Untracked 
|  60|0x0000000708a00000, 0x0000000708a00000, 0x0000000708c00000|  0%| F|  |TAMS 0x0000000708a00000, 0x0000000708a00000| Untracked 
|  61|0x0000000708c00000, 0x0000000708c00000, 0x0000000708e00000|  0%| F|  |TAMS 0x0000000708c00000, 0x0000000708c00000| Untracked 
|  62|0x0000000708e00000, 0x0000000708e00000, 0x0000000709000000|  0%| F|  |TAMS 0x0000000708e00000, 0x0000000708e00000| Untracked 
|  63|0x0000000709000000, 0x0000000709000000, 0x0000000709200000|  0%| F|  |TAMS 0x0000000709000000, 0x0000000709000000| Untracked 
|  64|0x0000000709200000, 0x0000000709200000, 0x0000000709400000|  0%| F|  |TAMS 0x0000000709200000, 0x0000000709200000| Untracked 
|  65|0x0000000709400000, 0x0000000709400000, 0x0000000709600000|  0%| F|  |TAMS 0x0000000709400000, 0x0000000709400000| Untracked 
|  66|0x0000000709600000, 0x0000000709600000, 0x0000000709800000|  0%| F|  |TAMS 0x0000000709600000, 0x0000000709600000| Untracked 
|  67|0x0000000709800000, 0x0000000709800000, 0x0000000709a00000|  0%| F|  |TAMS 0x0000000709800000, 0x0000000709800000| Untracked 
|  68|0x0000000709a00000, 0x0000000709a00000, 0x0000000709c00000|  0%| F|  |TAMS 0x0000000709a00000, 0x0000000709a00000| Untracked 
|  69|0x0000000709c00000, 0x0000000709c574e8, 0x0000000709e00000| 17%| E|  |TAMS 0x0000000709c00000, 0x0000000709c00000| Complete 

Card table byte_map: [0x0000029b33400000,0x0000029b33c00000] _byte_map_base: 0x0000029b2fbf7000

Marking Bits (Prev, Next): (CMBitMap*) 0x0000029b2aa043f0, (CMBitMap*) 0x0000029b2aa043b0
 Prev Bits: [0x0000029b383c0000, 0x0000029b3c378000)
 Next Bits: [0x0000029b34400000, 0x0000029b383b8000)

Polling page: 0x0000029b2edb0000

Metaspace:

Usage:
  Non-class:     58.91 MB used.
      Class:      9.29 MB used.
       Both:     68.20 MB used.

Virtual space:
  Non-class space:       64.00 MB reserved,      59.38 MB ( 93%) committed,  8 nodes.
      Class space:        1.00 GB reserved,       9.62 MB ( <1%) committed,  1 nodes.
             Both:        1.06 GB reserved,      69.00 MB (  6%) committed. 

Chunk freelists:
   Non-Class:  575.00 KB
       Class:  2.52 MB
        Both:  3.08 MB

MaxMetaspaceSize: unlimited
CompressedClassSpaceSize: 1.00 GB
Initial GC threshold: 21.00 MB
Current GC threshold: 115.00 MB
CDS: off
MetaspaceReclaimPolicy: balanced
 - commit_granule_bytes: 65536.
 - commit_granule_words: 8192.
 - virtual_space_node_default_size: 1048576.
 - enlarge_chunks_in_place: 1.
 - new_chunks_are_fully_committed: 0.
 - uncommit_free_chunks: 1.
 - use_allocation_guard: 0.
 - handle_deallocations: 1.


Internal statistics:

num_allocs_failed_limit: 11.
num_arena_births: 670.
num_arena_deaths: 204.
num_vsnodes_births: 9.
num_vsnodes_deaths: 0.
num_space_committed: 1104.
num_space_uncommitted: 0.
num_chunks_returned_to_freelist: 248.
num_chunks_taken_from_freelist: 2992.
num_chunk_merges: 85.
num_chunk_splits: 2095.
num_chunks_enlarged: 1527.
num_purges: 6.
num_inconsistent_stats: 0.

CodeCache: size=49152Kb used=23100Kb max_used=26841Kb free=26051Kb
 bounds [0x0000029b2edd0000, 0x0000029b30810000, 0x0000029b31dd0000]
 total_blobs=13008 nmethods=12327 adapters=606
 compilation: enabled
              stopped_count=0, restarted_count=0
 full_count=0

Compilation events (20 events):
Event: 2676.763 Thread 0x0000029b4df5f290 nmethod 12489 0x0000029b2f99a190 code [0x0000029b2f99a340, 0x0000029b2f99a4e8]
Event: 2676.763 Thread 0x0000029b4df5f290 12490       1       java.lang.ProcessImpl$$Lambda$1461/0x00000008006f3ec0::<init> (10 bytes)
Event: 2676.763 Thread 0x0000029b4df5f290 nmethod 12490 0x0000029b2f999e90 code [0x0000029b2f99a020, 0x0000029b2f99a0f8]
Event: 2676.763 Thread 0x0000029b4df5f290 12492       1       java.lang.ProcessHandleImpl::getInternal (13 bytes)
Event: 2676.763 Thread 0x0000029b4df5f290 nmethod 12492 0x0000029b2f999b10 code [0x0000029b2f999ca0, 0x0000029b2f999e08]
Event: 2676.763 Thread 0x0000029b4df5f290 12493       1       java.lang.ProcessImpl$2::<init> (20 bytes)
Event: 2676.763 Thread 0x0000029b4df5f290 nmethod 12493 0x0000029b2f999790 code [0x0000029b2f999920, 0x0000029b2f999a98]
Event: 2676.763 Thread 0x0000029b4df5f290 12494       1       java.lang.ProcessImpl$2::run (5 bytes)
Event: 2676.764 Thread 0x0000029b4df5f290 nmethod 12494 0x0000029b2f999490 code [0x0000029b2f999620, 0x0000029b2f999708]
Event: 2676.764 Thread 0x0000029b4df5f290 12495       1       java.lang.ProcessImpl$2::run (242 bytes)
Event: 2676.764 Thread 0x0000029b4df5f290 nmethod 12495 0x0000029b2f997d90 code [0x0000029b2f998040, 0x0000029b2f998e98]
Event: 2676.764 Thread 0x0000029b4df5f290 12496       1       java.lang.ProcessImpl::waitFor (136 bytes)
Event: 2676.765 Thread 0x0000029b4df5f290 nmethod 12496 0x0000029b2f997510 code [0x0000029b2f997720, 0x0000029b2f997b38]
Event: 2676.765 Thread 0x0000029b3f4f1b40 nmethod 12485 0x0000029b2f994c90 code [0x0000029b2f9950e0, 0x0000029b2f996598]
Event: 2676.981 Thread 0x0000029b4df5f290 12498   !   1       java.io.FilterOutputStream::close (183 bytes)
Event: 2677.012 Thread 0x0000029b3f4f1b40 12500       1       java.lang.ProcessImpl$$Lambda$1461/0x00000008006f3ec0::run (8 bytes)
Event: 2677.012 Thread 0x0000029b3f4f1b40 nmethod 12500 0x0000029b2f994190 code [0x0000029b2f994320, 0x0000029b2f994408]
Event: 2677.012 Thread 0x0000029b3f4f1b40 12501       1       java.lang.ProcessImpl::lambda$new$0 (6 bytes)
Event: 2677.012 Thread 0x0000029b3f4f1b40 nmethod 12501 0x0000029b2f993e90 code [0x0000029b2f994020, 0x0000029b2f9940e8]
Event: 2677.012 Thread 0x0000029b4df5f290 nmethod 12498 0x0000029b2f993510 code [0x0000029b2f993720, 0x0000029b2f993c18]

GC Heap History (20 events):
Event: 2943.946 GC heap before
{Heap before GC invocations=314 (full 281):
 garbage-first heap   total 143360K, used 41892K [0x0000000701200000, 0x0000000800000000)
  region size 2048K, 1 young (2048K), 0 survivors (0K)
 Metaspace       used 69837K, committed 70656K, reserved 1114112K
  class space    used 9511K, committed 9856K, reserved 1048576K
}
Event: 2943.977 GC heap after
{Heap after GC invocations=315 (full 282):
 garbage-first heap   total 143360K, used 41892K [0x0000000701200000, 0x0000000800000000)
  region size 2048K, 0 young (0K), 0 survivors (0K)
 Metaspace       used 69837K, committed 70656K, reserved 1114112K
  class space    used 9511K, committed 9856K, reserved 1048576K
}
Event: 2964.231 GC heap before
{Heap before GC invocations=315 (full 282):
 garbage-first heap   total 143360K, used 41892K [0x0000000701200000, 0x0000000800000000)
  region size 2048K, 1 young (2048K), 0 survivors (0K)
 Metaspace       used 69837K, committed 70656K, reserved 1114112K
  class space    used 9511K, committed 9856K, reserved 1048576K
}
Event: 2964.261 GC heap after
{Heap after GC invocations=316 (full 283):
 garbage-first heap   total 143360K, used 41893K [0x0000000701200000, 0x0000000800000000)
  region size 2048K, 0 young (0K), 0 survivors (0K)
 Metaspace       used 69837K, committed 70656K, reserved 1114112K
  class space    used 9511K, committed 9856K, reserved 1048576K
}
Event: 2974.490 GC heap before
{Heap before GC invocations=316 (full 283):
 garbage-first heap   total 143360K, used 41893K [0x0000000701200000, 0x0000000800000000)
  region size 2048K, 1 young (2048K), 0 survivors (0K)
 Metaspace       used 69837K, committed 70656K, reserved 1114112K
  class space    used 9511K, committed 9856K, reserved 1048576K
}
Event: 2974.519 GC heap after
{Heap after GC invocations=317 (full 284):
 garbage-first heap   total 143360K, used 41893K [0x0000000701200000, 0x0000000800000000)
  region size 2048K, 0 young (0K), 0 survivors (0K)
 Metaspace       used 69837K, committed 70656K, reserved 1114112K
  class space    used 9511K, committed 9856K, reserved 1048576K
}
Event: 2984.762 GC heap before
{Heap before GC invocations=317 (full 284):
 garbage-first heap   total 143360K, used 41893K [0x0000000701200000, 0x0000000800000000)
  region size 2048K, 1 young (2048K), 0 survivors (0K)
 Metaspace       used 69837K, committed 70656K, reserved 1114112K
  class space    used 9511K, committed 9856K, reserved 1048576K
}
Event: 2984.795 GC heap after
{Heap after GC invocations=318 (full 285):
 garbage-first heap   total 143360K, used 41893K [0x0000000701200000, 0x0000000800000000)
  region size 2048K, 0 young (0K), 0 survivors (0K)
 Metaspace       used 69837K, committed 70656K, reserved 1114112K
  class space    used 9511K, committed 9856K, reserved 1048576K
}
Event: 2995.034 GC heap before
{Heap before GC invocations=318 (full 285):
 garbage-first heap   total 143360K, used 41893K [0x0000000701200000, 0x0000000800000000)
  region size 2048K, 1 young (2048K), 0 survivors (0K)
 Metaspace       used 69837K, committed 70656K, reserved 1114112K
  class space    used 9511K, committed 9856K, reserved 1048576K
}
Event: 2995.066 GC heap after
{Heap after GC invocations=319 (full 286):
 garbage-first heap   total 143360K, used 41893K [0x0000000701200000, 0x0000000800000000)
  region size 2048K, 0 young (0K), 0 survivors (0K)
 Metaspace       used 69837K, committed 70656K, reserved 1114112K
  class space    used 9511K, committed 9856K, reserved 1048576K
}
Event: 3005.294 GC heap before
{Heap before GC invocations=319 (full 286):
 garbage-first heap   total 143360K, used 41893K [0x0000000701200000, 0x0000000800000000)
  region size 2048K, 1 young (2048K), 0 survivors (0K)
 Metaspace       used 69837K, committed 70656K, reserved 1114112K
  class space    used 9511K, committed 9856K, reserved 1048576K
}
Event: 3005.325 GC heap after
{Heap after GC invocations=320 (full 287):
 garbage-first heap   total 143360K, used 41893K [0x0000000701200000, 0x0000000800000000)
  region size 2048K, 0 young (0K), 0 survivors (0K)
 Metaspace       used 69837K, committed 70656K, reserved 1114112K
  class space    used 9511K, committed 9856K, reserved 1048576K
}
Event: 3015.541 GC heap before
{Heap before GC invocations=320 (full 287):
 garbage-first heap   total 143360K, used 41893K [0x0000000701200000, 0x0000000800000000)
  region size 2048K, 1 young (2048K), 0 survivors (0K)
 Metaspace       used 69837K, committed 70656K, reserved 1114112K
  class space    used 9511K, committed 9856K, reserved 1048576K
}
Event: 3015.569 GC heap after
{Heap after GC invocations=321 (full 288):
 garbage-first heap   total 143360K, used 41893K [0x0000000701200000, 0x0000000800000000)
  region size 2048K, 0 young (0K), 0 survivors (0K)
 Metaspace       used 69837K, committed 70656K, reserved 1114112K
  class space    used 9511K, committed 9856K, reserved 1048576K
}
Event: 3025.785 GC heap before
{Heap before GC invocations=321 (full 288):
 garbage-first heap   total 143360K, used 41893K [0x0000000701200000, 0x0000000800000000)
  region size 2048K, 1 young (2048K), 0 survivors (0K)
 Metaspace       used 69837K, committed 70656K, reserved 1114112K
  class space    used 9511K, committed 9856K, reserved 1048576K
}
Event: 3025.816 GC heap after
{Heap after GC invocations=322 (full 289):
 garbage-first heap   total 143360K, used 41893K [0x0000000701200000, 0x0000000800000000)
  region size 2048K, 0 young (0K), 0 survivors (0K)
 Metaspace       used 69837K, committed 70656K, reserved 1114112K
  class space    used 9511K, committed 9856K, reserved 1048576K
}
Event: 3036.044 GC heap before
{Heap before GC invocations=322 (full 289):
 garbage-first heap   total 143360K, used 41893K [0x0000000701200000, 0x0000000800000000)
  region size 2048K, 1 young (2048K), 0 survivors (0K)
 Metaspace       used 69837K, committed 70656K, reserved 1114112K
  class space    used 9511K, committed 9856K, reserved 1048576K
}
Event: 3036.071 GC heap after
{Heap after GC invocations=323 (full 290):
 garbage-first heap   total 143360K, used 41893K [0x0000000701200000, 0x0000000800000000)
  region size 2048K, 0 young (0K), 0 survivors (0K)
 Metaspace       used 69837K, committed 70656K, reserved 1114112K
  class space    used 9511K, committed 9856K, reserved 1048576K
}
Event: 3046.296 GC heap before
{Heap before GC invocations=323 (full 290):
 garbage-first heap   total 143360K, used 41893K [0x0000000701200000, 0x0000000800000000)
  region size 2048K, 1 young (2048K), 0 survivors (0K)
 Metaspace       used 69837K, committed 70656K, reserved 1114112K
  class space    used 9511K, committed 9856K, reserved 1048576K
}
Event: 3046.326 GC heap after
{Heap after GC invocations=324 (full 291):
 garbage-first heap   total 143360K, used 41893K [0x0000000701200000, 0x0000000800000000)
  region size 2048K, 0 young (0K), 0 survivors (0K)
 Metaspace       used 69837K, committed 70656K, reserved 1114112K
  class space    used 9511K, committed 9856K, reserved 1048576K
}

Dll operation events (10 events):
Event: 0.019 Loaded shared library c:\Users\rafae\.vscode\extensions\redhat.java-1.14.0-win32-x64\jre\17.0.5-win32-x86_64\bin\java.dll
Event: 0.210 Loaded shared library C:\Users\rafae\.vscode\extensions\redhat.java-1.14.0-win32-x64\jre\17.0.5-win32-x86_64\bin\net.dll
Event: 0.213 Loaded shared library C:\Users\rafae\.vscode\extensions\redhat.java-1.14.0-win32-x64\jre\17.0.5-win32-x86_64\bin\nio.dll
Event: 0.219 Loaded shared library C:\Users\rafae\.vscode\extensions\redhat.java-1.14.0-win32-x64\jre\17.0.5-win32-x86_64\bin\zip.dll
Event: 0.392 Loaded shared library C:\Users\rafae\.vscode\extensions\redhat.java-1.14.0-win32-x64\jre\17.0.5-win32-x86_64\bin\jimage.dll
Event: 0.474 Loaded shared library c:\Users\rafae\.vscode\extensions\redhat.java-1.14.0-win32-x64\jre\17.0.5-win32-x86_64\bin\verify.dll
Event: 2.439 Loaded shared library C:\Users\rafae\.vscode\extensions\redhat.java-1.14.0-win32-x64\jre\17.0.5-win32-x86_64\bin\management.dll
Event: 2.442 Loaded shared library C:\Users\rafae\.vscode\extensions\redhat.java-1.14.0-win32-x64\jre\17.0.5-win32-x86_64\bin\management_ext.dll
Event: 3.697 Loaded shared library C:\Users\rafae\.vscode\extensions\redhat.java-1.14.0-win32-x64\jre\17.0.5-win32-x86_64\bin\sunmscapi.dll
Event: 12.390 Loaded shared library C:\Users\rafae\AppData\Local\Temp\snappy-1.1.8-3995de94-2532-4bcc-a54e-411a7ed60ffc-snappyjava.dll

Deoptimization events (20 events):
Event: 10.009 Thread 0x0000029b417afee0 DEOPT PACKING pc=0x0000029b2ff1bf3c sp=0x000000b76a8fe450
Event: 10.009 Thread 0x0000029b417afee0 DEOPT UNPACKING pc=0x0000029b2ee22b43 sp=0x000000b76a8fd948 mode 0
Event: 10.009 Thread 0x0000029b417afee0 DEOPT PACKING pc=0x0000029b2fee5f34 sp=0x000000b76a8fe520
Event: 10.009 Thread 0x0000029b417afee0 DEOPT UNPACKING pc=0x0000029b2ee22b43 sp=0x000000b76a8fd9f8 mode 0
Event: 10.009 Thread 0x0000029b417afee0 DEOPT PACKING pc=0x0000029b2fedb17c sp=0x000000b76a8fe5d0
Event: 10.009 Thread 0x0000029b417afee0 DEOPT UNPACKING pc=0x0000029b2ee22b43 sp=0x000000b76a8fdb50 mode 0
Event: 10.009 Thread 0x0000029b417afee0 DEOPT PACKING pc=0x0000029b2ff32b9c sp=0x000000b76a8fe8f0
Event: 10.009 Thread 0x0000029b417afee0 DEOPT UNPACKING pc=0x0000029b2ee22b43 sp=0x000000b76a8fdd80 mode 0
Event: 12.189 Thread 0x0000029b44572890 DEOPT PACKING pc=0x0000029b30094da4 sp=0x000000b76ccfdb70
Event: 12.189 Thread 0x0000029b44572890 DEOPT UNPACKING pc=0x0000029b2ee22b43 sp=0x000000b76ccfd0b8 mode 0
Event: 12.249 Thread 0x0000029b44572890 DEOPT PACKING pc=0x0000029b30094e04 sp=0x000000b76ccfdea0
Event: 12.249 Thread 0x0000029b44572890 DEOPT UNPACKING pc=0x0000029b2ee22b43 sp=0x000000b76ccfd3f0 mode 0
Event: 12.249 Thread 0x0000029b44572890 DEOPT PACKING pc=0x0000029b30094e04 sp=0x000000b76ccfe160
Event: 12.249 Thread 0x0000029b44572890 DEOPT UNPACKING pc=0x0000029b2ee22b43 sp=0x000000b76ccfd6b0 mode 0
Event: 12.257 Thread 0x0000029b44572890 DEOPT PACKING pc=0x0000029b30094e04 sp=0x000000b76ccfe490
Event: 12.257 Thread 0x0000029b44572890 DEOPT UNPACKING pc=0x0000029b2ee22b43 sp=0x000000b76ccfd9e0 mode 0
Event: 12.257 Thread 0x0000029b44572890 DEOPT PACKING pc=0x0000029b30094e04 sp=0x000000b76ccfe790
Event: 12.257 Thread 0x0000029b44572890 DEOPT UNPACKING pc=0x0000029b2ee22b43 sp=0x000000b76ccfdce0 mode 0
Event: 14.258 Thread 0x0000029b44572890 DEOPT PACKING pc=0x0000029b300b01f4 sp=0x000000b76ccfd530
Event: 14.258 Thread 0x0000029b44572890 DEOPT UNPACKING pc=0x0000029b2ee22b43 sp=0x000000b76ccfcab8 mode 0

Classes unloaded (20 events):
Event: 145.145 Thread 0x0000029b3ea493a0 Unloading class 0x0000000800355400 'java/lang/invoke/LambdaForm$MH+0x0000000800355400'
Event: 145.145 Thread 0x0000029b3ea493a0 Unloading class 0x0000000800355000 'java/lang/invoke/LambdaForm$MH+0x0000000800355000'
Event: 145.145 Thread 0x0000029b3ea493a0 Unloading class 0x00000008000d1c00 'java/lang/invoke/LambdaForm$MH+0x00000008000d1c00'
Event: 145.145 Thread 0x0000029b3ea493a0 Unloading class 0x00000008000d1800 'java/lang/invoke/LambdaForm$MH+0x00000008000d1800'
Event: 145.145 Thread 0x0000029b3ea493a0 Unloading class 0x00000008000d1400 'java/lang/invoke/LambdaForm$MH+0x00000008000d1400'
Event: 145.145 Thread 0x0000029b3ea493a0 Unloading class 0x00000008000d1000 'java/lang/invoke/LambdaForm$MH+0x00000008000d1000'
Event: 145.145 Thread 0x0000029b3ea493a0 Unloading class 0x00000008000d0c00 'java/lang/invoke/LambdaForm$MH+0x00000008000d0c00'
Event: 145.145 Thread 0x0000029b3ea493a0 Unloading class 0x00000008000d0800 'java/lang/invoke/LambdaForm$MH+0x00000008000d0800'
Event: 145.145 Thread 0x0000029b3ea493a0 Unloading class 0x00000008000d0400 'java/lang/invoke/LambdaForm$MH+0x00000008000d0400'
Event: 145.145 Thread 0x0000029b3ea493a0 Unloading class 0x00000008000d0000 'java/lang/invoke/LambdaForm$MH+0x00000008000d0000'
Event: 145.145 Thread 0x0000029b3ea493a0 Unloading class 0x00000008000cb800 'java/lang/invoke/LambdaForm$MH+0x00000008000cb800'
Event: 145.145 Thread 0x0000029b3ea493a0 Unloading class 0x00000008000cb400 'java/lang/invoke/LambdaForm$MH+0x00000008000cb400'
Event: 145.145 Thread 0x0000029b3ea493a0 Unloading class 0x00000008000cb000 'java/lang/invoke/LambdaForm$MH+0x00000008000cb000'
Event: 145.145 Thread 0x0000029b3ea493a0 Unloading class 0x00000008000cac00 'java/lang/invoke/LambdaForm$MH+0x00000008000cac00'
Event: 145.145 Thread 0x0000029b3ea493a0 Unloading class 0x00000008000ca800 'java/lang/invoke/LambdaForm$MH+0x00000008000ca800'
Event: 145.145 Thread 0x0000029b3ea493a0 Unloading class 0x00000008000ca400 'java/lang/invoke/LambdaForm$MH+0x00000008000ca400'
Event: 145.145 Thread 0x0000029b3ea493a0 Unloading class 0x00000008000c9c00 'java/lang/invoke/LambdaForm$MH+0x00000008000c9c00'
Event: 145.145 Thread 0x0000029b3ea493a0 Unloading class 0x00000008000c9400 'java/lang/invoke/LambdaForm$MH+0x00000008000c9400'
Event: 145.145 Thread 0x0000029b3ea493a0 Unloading class 0x00000008000c8c00 'java/lang/invoke/LambdaForm$MH+0x00000008000c8c00'
Event: 145.145 Thread 0x0000029b3ea493a0 Unloading class 0x00000008000c8400 'java/lang/invoke/LambdaForm$MH+0x00000008000c8400'

Classes redefined (0 events):
No events

Internal exceptions (20 events):
Event: 18.383 Thread 0x0000029b44572890 Exception <a 'sun/nio/fs/WindowsException'{0x000000072c279a68}> (0x000000072c279a68) 
thrown [s\src\hotspot\share\prims\jni.cpp, line 516]
Event: 18.384 Thread 0x0000029b44572890 Exception <a 'sun/nio/fs/WindowsException'{0x000000072c2a13d8}> (0x000000072c2a13d8) 
thrown [s\src\hotspot\share\prims\jni.cpp, line 516]
Event: 18.384 Thread 0x0000029b44572890 Exception <a 'sun/nio/fs/WindowsException'{0x000000072c2a1790}> (0x000000072c2a1790) 
thrown [s\src\hotspot\share\prims\jni.cpp, line 516]
Event: 18.384 Thread 0x0000029b44572890 Exception <a 'sun/nio/fs/WindowsException'{0x000000072c2a2c80}> (0x000000072c2a2c80) 
thrown [s\src\hotspot\share\prims\jni.cpp, line 516]
Event: 18.384 Thread 0x0000029b44572890 Exception <a 'sun/nio/fs/WindowsException'{0x000000072c2a3058}> (0x000000072c2a3058) 
thrown [s\src\hotspot\share\prims\jni.cpp, line 516]
Event: 18.390 Thread 0x0000029b44572890 Exception <a 'sun/nio/fs/WindowsException'{0x000000072c072f90}> (0x000000072c072f90) 
thrown [s\src\hotspot\share\prims\jni.cpp, line 516]
Event: 18.390 Thread 0x0000029b44572890 Exception <a 'sun/nio/fs/WindowsException'{0x000000072c0732e0}> (0x000000072c0732e0) 
thrown [s\src\hotspot\share\prims\jni.cpp, line 516]
Event: 18.390 Thread 0x0000029b44572890 Exception <a 'sun/nio/fs/WindowsException'{0x000000072c074770}> (0x000000072c074770) 
thrown [s\src\hotspot\share\prims\jni.cpp, line 516]
Event: 18.390 Thread 0x0000029b44572890 Exception <a 'sun/nio/fs/WindowsException'{0x000000072c074ad0}> (0x000000072c074ad0) 
thrown [s\src\hotspot\share\prims\jni.cpp, line 516]
Event: 18.395 Thread 0x0000029b44572890 Exception <a 'sun/nio/fs/WindowsException'{0x000000072be014f0}> (0x000000072be014f0) 
thrown [s\src\hotspot\share\prims\jni.cpp, line 516]
Event: 18.395 Thread 0x0000029b44572890 Exception <a 'sun/nio/fs/WindowsException'{0x000000072be01890}> (0x000000072be01890) 
thrown [s\src\hotspot\share\prims\jni.cpp, line 516]
Event: 18.395 Thread 0x0000029b44572890 Exception <a 'sun/nio/fs/WindowsException'{0x000000072be02d70}> (0x000000072be02d70) 
thrown [s\src\hotspot\share\prims\jni.cpp, line 516]
Event: 18.395 Thread 0x0000029b44572890 Exception <a 'sun/nio/fs/WindowsException'{0x000000072be03130}> (0x000000072be03130) 
thrown [s\src\hotspot\share\prims\jni.cpp, line 516]
Event: 18.395 Thread 0x0000029b44572890 Exception <a 'sun/nio/fs/WindowsException'{0x000000072be1e218}> (0x000000072be1e218) 
thrown [s\src\hotspot\share\prims\jni.cpp, line 516]
Event: 18.395 Thread 0x0000029b44572890 Exception <a 'sun/nio/fs/WindowsException'{0x000000072be1e5d8}> (0x000000072be1e5d8) 
thrown [s\src\hotspot\share\prims\jni.cpp, line 516]
Event: 18.395 Thread 0x0000029b44572890 Exception <a 'sun/nio/fs/WindowsException'{0x000000072be1fad8}> (0x000000072be1fad8) 
thrown [s\src\hotspot\share\prims\jni.cpp, line 516]
Event: 18.395 Thread 0x0000029b44572890 Exception <a 'sun/nio/fs/WindowsException'{0x000000072be1feb8}> (0x000000072be1feb8) 
thrown [s\src\hotspot\share\prims\jni.cpp, line 516]
Event: 52.467 Thread 0x0000029b41706750 Exception <a 'java/lang/NoSuchMethodError'{0x000000072acd6448}: 'void java.lang.invoke.DirectMethodHandle$Holder.invokeStatic(java.lang.Object, long)'> (0x000000072acd6448) 
thrown [s\src\hotspot\share\interpreter\linkResolver.cpp, line 759]
Event: 52.467 Thread 0x0000029b41706750 Exception <a 'java/lang/NoSuchMethodError'{0x000000072acdb7f8}: 'java.lang.Object java.lang.invoke.DirectMethodHandle$Holder.newInvokeSpecial(java.lang.Object, long)'> (0x000000072acdb7f8) 
thrown [s\src\hotspot\share\interpreter\linkResolver.cpp, line 759]
Event: 2953.995 Thread 0x0000029b41706750 Exception <a 'java/io/IOException'{0x0000000709c00638}: CreateProcess error=1455, O arquivo de paginação é muito pequeno para que esta operação seja concluída> (0x0000000709c00638) 
thrown [s\src\hotspot\share\prims\jni.cpp, line 535]

VM Operations (20 events):
Event: 2954.039 Executing VM operation: Cleanup done
Event: 2964.231 Executing VM operation: G1CollectFull
Event: 2964.261 Executing VM operation: G1CollectFull done
Event: 2974.490 Executing VM operation: G1CollectFull
Event: 2974.519 Executing VM operation: G1CollectFull done
Event: 2984.762 Executing VM operation: G1CollectFull
Event: 2984.796 Executing VM operation: G1CollectFull done
Event: 2995.034 Executing VM operation: G1CollectFull
Event: 2995.066 Executing VM operation: G1CollectFull done
Event: 3005.294 Executing VM operation: G1CollectFull
Event: 3005.325 Executing VM operation: G1CollectFull done
Event: 3015.540 Executing VM operation: G1CollectFull
Event: 3015.569 Executing VM operation: G1CollectFull done
Event: 3025.785 Executing VM operation: G1CollectFull
Event: 3025.816 Executing VM operation: G1CollectFull done
Event: 3036.043 Executing VM operation: G1CollectFull
Event: 3036.071 Executing VM operation: G1CollectFull done
Event: 3046.295 Executing VM operation: G1CollectFull
Event: 3046.326 Executing VM operation: G1CollectFull done
Event: 3056.562 Executing VM operation: G1CollectFull

Events (20 events):
Event: 52.467 loading class java/lang/Process$PipeInputStream
Event: 52.467 loading class java/lang/Process$PipeInputStream done
Event: 52.469 loading class jdk/internal/event/ProcessStartEvent
Event: 52.469 loading class jdk/internal/event/ProcessStartEvent done
Event: 66.008 Thread 0x0000029b418ade80 Thread exited: 0x0000029b418ade80
Event: 66.008 Thread 0x0000029b418cd750 Thread exited: 0x0000029b418cd750
Event: 70.212 Thread 0x0000029b418ce5c0 Thread exited: 0x0000029b418ce5c0
Event: 78.427 Thread 0x0000029b418cea90 Thread exited: 0x0000029b418cea90
Event: 130.221 Thread 0x0000029b417afee0 Thread exited: 0x0000029b417afee0
Event: 138.432 Thread 0x0000029b418d2920 Thread exited: 0x0000029b418d2920
Event: 198.442 Thread 0x0000029b418d0770 Thread exited: 0x0000029b418d0770
Event: 258.453 Thread 0x0000029b418cef60 Thread exited: 0x0000029b418cef60
Event: 318.463 Thread 0x0000029b418d02a0 Thread exited: 0x0000029b418d02a0
Event: 378.465 Thread 0x0000029b418d1110 Thread exited: 0x0000029b418d1110
Event: 438.472 Thread 0x0000029b418cc410 Thread exited: 0x0000029b418cc410
Event: 498.473 Thread 0x0000029b418cfdd0 Thread exited: 0x0000029b418cfdd0
Event: 558.485 Thread 0x0000029b418cc8e0 Thread exited: 0x0000029b418cc8e0
Event: 618.491 Thread 0x0000029b418ccdb0 Thread exited: 0x0000029b418ccdb0
Event: 2676.760 Thread 0x0000029b4df5f290 Thread added: 0x0000029b4df5f290
Event: 2682.017 Thread 0x0000029b4df5f290 Thread exited: 0x0000029b4df5f290


Dynamic libraries:
0x00007ff671830000 - 0x00007ff67183e000 	c:\Users\rafae\.vscode\extensions\redhat.java-1.14.0-win32-x64\jre\17.0.5-win32-x86_64\bin\java.exe
0x00007fffbcf10000 - 0x00007fffbd124000 	C:\WINDOWS\SYSTEM32\ntdll.dll
0x00007fffbc8b0000 - 0x00007fffbc973000 	C:\WINDOWS\System32\KERNEL32.DLL
0x00007fffba570000 - 0x00007fffba90d000 	C:\WINDOWS\System32\KERNELBASE.dll
0x00007fffba330000 - 0x00007fffba441000 	C:\WINDOWS\System32\ucrtbase.dll
0x00007fffb0020000 - 0x00007fffb0037000 	c:\Users\rafae\.vscode\extensions\redhat.java-1.14.0-win32-x64\jre\17.0.5-win32-x86_64\bin\jli.dll
0x00007fffbcaa0000 - 0x00007fffbcc4d000 	C:\WINDOWS\System32\USER32.dll
0x00007fffba540000 - 0x00007fffba566000 	C:\WINDOWS\System32\win32u.dll
0x00007fffbcda0000 - 0x00007fffbcdc9000 	C:\WINDOWS\System32\GDI32.dll
0x00007fffba9d0000 - 0x00007fffbaae2000 	C:\WINDOWS\System32\gdi32full.dll
0x00007fffbac60000 - 0x00007fffbacfa000 	C:\WINDOWS\System32\msvcp_win.dll
0x00007fffa6d90000 - 0x00007fffa6da9000 	c:\Users\rafae\.vscode\extensions\redhat.java-1.14.0-win32-x64\jre\17.0.5-win32-x86_64\bin\VCRUNTIME140.dll
0x00007fffab020000 - 0x00007fffab2ae000 	C:\WINDOWS\WinSxS\amd64_microsoft.windows.common-controls_6595b64144ccf1df_6.0.22621.608_none_a9444ca7c10bb01d\COMCTL32.dll
0x00007fffbc270000 - 0x00007fffbc317000 	C:\WINDOWS\System32\msvcrt.dll
0x00007fffbcdd0000 - 0x00007fffbce02000 	C:\WINDOWS\System32\IMM32.DLL
0x00007fffbb8f0000 - 0x00007fffbba05000 	C:\WINDOWS\System32\RPCRT4.dll
0x00007fffb9680000 - 0x00007fffb96c2000 	C:\WINDOWS\SYSTEM32\SspiCli.dll
0x00007fffb63a0000 - 0x00007fffb63ac000 	c:\Users\rafae\.vscode\extensions\redhat.java-1.14.0-win32-x64\jre\17.0.5-win32-x86_64\bin\vcruntime140_1.dll
0x00007fff9c020000 - 0x00007fff9c0b1000 	c:\Users\rafae\.vscode\extensions\redhat.java-1.14.0-win32-x64\jre\17.0.5-win32-x86_64\bin\msvcp140.dll
0x00007fff67690000 - 0x00007fff682d4000 	c:\Users\rafae\.vscode\extensions\redhat.java-1.14.0-win32-x64\jre\17.0.5-win32-x86_64\bin\server\jvm.dll
0x00007fffbbbd0000 - 0x00007fffbbc7e000 	C:\WINDOWS\System32\ADVAPI32.dll
0x00007fffbad00000 - 0x00007fffbada4000 	C:\WINDOWS\System32\sechost.dll
0x00007fff10330000 - 0x00007fff10339000 	C:\WINDOWS\SYSTEM32\WSOCK32.dll
0x00007fffbc7a0000 - 0x00007fffbc811000 	C:\WINDOWS\System32\WS2_32.dll
0x00007fffb00d0000 - 0x00007fffb0104000 	C:\WINDOWS\SYSTEM32\WINMM.dll
0x00007fffb0e70000 - 0x00007fffb0e7a000 	C:\WINDOWS\SYSTEM32\VERSION.dll
0x00007fffb9430000 - 0x00007fffb9448000 	C:\WINDOWS\SYSTEM32\kernel.appcore.dll
0x00007fffb6390000 - 0x00007fffb639a000 	c:\Users\rafae\.vscode\extensions\redhat.java-1.14.0-win32-x64\jre\17.0.5-win32-x86_64\bin\jimage.dll
0x00007fffada30000 - 0x00007fffadc5e000 	C:\WINDOWS\SYSTEM32\DBGHELP.DLL
0x00007fffbbec0000 - 0x00007fffbc24a000 	C:\WINDOWS\System32\combase.dll
0x00007fffbccb0000 - 0x00007fffbcd87000 	C:\WINDOWS\System32\OLEAUT32.dll
0x00007fffafa20000 - 0x00007fffafa52000 	C:\WINDOWS\SYSTEM32\dbgcore.DLL
0x00007fffba450000 - 0x00007fffba4cb000 	C:\WINDOWS\System32\bcryptPrimitives.dll
0x00007fffa4ee0000 - 0x00007fffa4f05000 	c:\Users\rafae\.vscode\extensions\redhat.java-1.14.0-win32-x64\jre\17.0.5-win32-x86_64\bin\java.dll
0x00007fffa6d60000 - 0x00007fffa6d78000 	c:\Users\rafae\.vscode\extensions\redhat.java-1.14.0-win32-x64\jre\17.0.5-win32-x86_64\bin\zip.dll
0x00007fffbaf80000 - 0x00007fffbb76f000 	C:\WINDOWS\System32\SHELL32.dll
0x00007fffb8300000 - 0x00007fffb8bc8000 	C:\WINDOWS\SYSTEM32\windows.storage.dll
0x00007fffb81c0000 - 0x00007fffb82fe000 	C:\WINDOWS\SYSTEM32\wintypes.dll
0x00007fffbb770000 - 0x00007fffbb861000 	C:\WINDOWS\System32\SHCORE.dll
0x00007fffbcc50000 - 0x00007fffbccae000 	C:\WINDOWS\System32\shlwapi.dll
0x00007fffba260000 - 0x00007fffba281000 	C:\WINDOWS\SYSTEM32\profapi.dll
0x00007fffa56e0000 - 0x00007fffa56f9000 	C:\Users\rafae\.vscode\extensions\redhat.java-1.14.0-win32-x64\jre\17.0.5-win32-x86_64\bin\net.dll
0x00007fffb4c90000 - 0x00007fffb4dbf000 	C:\WINDOWS\SYSTEM32\WINHTTP.dll
0x00007fffb9890000 - 0x00007fffb98f9000 	C:\WINDOWS\system32\mswsock.dll
0x00007fff9f040000 - 0x00007fff9f055000 	C:\Users\rafae\.vscode\extensions\redhat.java-1.14.0-win32-x64\jre\17.0.5-win32-x86_64\bin\nio.dll
0x00007fffa1bc0000 - 0x00007fffa1bd0000 	c:\Users\rafae\.vscode\extensions\redhat.java-1.14.0-win32-x64\jre\17.0.5-win32-x86_64\bin\verify.dll
0x00007fffb9bb0000 - 0x00007fffb9bcb000 	C:\WINDOWS\SYSTEM32\CRYPTSP.dll
0x00007fffb93a0000 - 0x00007fffb93d5000 	C:\WINDOWS\system32\rsaenh.dll
0x00007fffb9930000 - 0x00007fffb9958000 	C:\WINDOWS\SYSTEM32\USERENV.dll
0x00007fffb9cd0000 - 0x00007fffb9cf8000 	C:\WINDOWS\SYSTEM32\bcrypt.dll
0x00007fffb9b90000 - 0x00007fffb9b9c000 	C:\WINDOWS\SYSTEM32\CRYPTBASE.dll
0x00007fffb8e60000 - 0x00007fffb8e8d000 	C:\WINDOWS\SYSTEM32\IPHLPAPI.DLL
0x00007fffbcd90000 - 0x00007fffbcd99000 	C:\WINDOWS\System32\NSI.dll
0x00007fffb4c60000 - 0x00007fffb4c79000 	C:\WINDOWS\SYSTEM32\dhcpcsvc6.DLL
0x00007fffb49b0000 - 0x00007fffb49cf000 	C:\WINDOWS\SYSTEM32\dhcpcsvc.DLL
0x00007fffb8ee0000 - 0x00007fffb8fd2000 	C:\WINDOWS\SYSTEM32\DNSAPI.dll
0x00007fffa12d0000 - 0x00007fffa12d9000 	C:\Users\rafae\.vscode\extensions\redhat.java-1.14.0-win32-x64\jre\17.0.5-win32-x86_64\bin\management.dll
0x00007fff9f030000 - 0x00007fff9f03b000 	C:\Users\rafae\.vscode\extensions\redhat.java-1.14.0-win32-x64\jre\17.0.5-win32-x86_64\bin\management_ext.dll
0x00007fffbcec0000 - 0x00007fffbcec8000 	C:\WINDOWS\System32\PSAPI.DLL
0x00007fff9f020000 - 0x00007fff9f02e000 	C:\Users\rafae\.vscode\extensions\redhat.java-1.14.0-win32-x64\jre\17.0.5-win32-x86_64\bin\sunmscapi.dll
0x00007fffbaaf0000 - 0x00007fffbac56000 	C:\WINDOWS\System32\CRYPT32.dll
0x00007fffb9ca0000 - 0x00007fffb9ccd000 	C:\WINDOWS\SYSTEM32\ncrypt.dll
0x00007fffb9c60000 - 0x00007fffb9c97000 	C:\WINDOWS\SYSTEM32\NTASN1.dll
0x00007fffb2980000 - 0x00007fffb298a000 	C:\Windows\System32\rasadhlp.dll
0x00007fffb3970000 - 0x00007fffb39f3000 	C:\WINDOWS\System32\fwpuclnt.dll
0x000000006c500000 - 0x000000006c5c7000 	C:\Users\rafae\AppData\Local\Temp\snappy-1.1.8-3995de94-2532-4bcc-a54e-411a7ed60ffc-snappyjava.dll

dbghelp: loaded successfully - version: 4.0.5 - missing functions: none
symbol engine: initialized successfully - sym options: 0x614 - pdb path: .;c:\Users\rafae\.vscode\extensions\redhat.java-1.14.0-win32-x64\jre\17.0.5-win32-x86_64\bin;C:\WINDOWS\SYSTEM32;C:\WINDOWS\WinSxS\amd64_microsoft.windows.common-controls_6595b64144ccf1df_6.0.22621.608_none_a9444ca7c10bb01d;c:\Users\rafae\.vscode\extensions\redhat.java-1.14.0-win32-x64\jre\17.0.5-win32-x86_64\bin\server;C:\Users\rafae\AppData\Local\Temp

VM Arguments:
jvm_args: -Dsts.lsp.client=vscode -Dsts.log.file=/dev/null -XX:TieredStopAtLevel=1 -Xlog:jni+resolve=off -Dspring.config.location=file:c:\Users\rafae\.vscode\extensions\pivotal.vscode-spring-boot-1.43.0\language-server\BOOT-INF\classes\application.properties 
java_command: org.springframework.ide.vscode.boot.app.BootLanguageServerBootApp
java_class_path (initial): c:\Users\rafae\.vscode\extensions\pivotal.vscode-spring-boot-1.43.0\language-server\BOOT-INF\classes;c:\Users\rafae\.vscode\extensions\pivotal.vscode-spring-boot-1.43.0\language-server\BOOT-INF\lib\annotations-23.1.0.jar;c:\Users\rafae\.vscode\extensions\pivotal.vscode-spring-boot-1.43.0\language-server\BOOT-INF\lib\ant-1.10.12.jar;c:\Users\rafae\.vscode\extensions\pivotal.vscode-spring-boot-1.43.0\language-server\BOOT-INF\lib\ant-launcher-1.10.12.jar;c:\Users\rafae\.vscode\extensions\pivotal.vscode-spring-boot-1.43.0\language-server\BOOT-INF\lib\antlr-runtime-3.5.2.jar;c:\Users\rafae\.vscode\extensions\pivotal.vscode-spring-boot-1.43.0\language-server\BOOT-INF\lib\antlr4-4.9.3.jar;c:\Users\rafae\.vscode\extensions\pivotal.vscode-spring-boot-1.43.0\language-server\BOOT-INF\lib\antlr4-runtime-4.9.3.jar;c:\Users\rafae\.vscode\extensions\pivotal.vscode-spring-boot-1.43.0\language-server\BOOT-INF\lib\apiguardian-api-1.1.2.jar;c:\Users\rafae\.vscode\extensions\pivotal.vscode-spring-boot-1.43.0\language-server\BOOT-INF\lib\asm-9.4.jar;c:\Users\rafae\.vscode\extensions\pivotal.vscode-spring-boot-1.43.0\language-server\BOOT-INF\lib\asm-analysis-9.4.jar;c:\Users\rafae\.vscode\extensions\pivotal.vscode-spring-boot-1.43.0\language-server\BOOT-INF\lib\asm-tree-9.4.jar;c:\Users\rafae\.vscode\extensions\pivotal.vscode-spring-boot-1.43.0\language-server\BOOT-INF\lib\asm-util-9.4.jar;c:\Users\rafae\.vscode\extensions\pivotal.vscode-spring-boot-1.43.0\language-server\BOOT-INF\lib\caffeine-3.1.2.jar;c:\Users\rafae\.vscode\extensions\pivotal.vscode-spring-boot-1.43.0\language-server\BOOT-INF\lib\checker-qual-3.12.0.jar;c:\Users\rafae\.vscode\extensions\pivotal.vscode-spring-boot-1.43.0\language-server\BOOT-INF\lib\ci-environment-9.1.0.jar;c:\Users\rafae\.vscode\extensions\pivotal.vscode-spring-boot-1.43.0\language-server\BOOT-INF\lib\classgraph-4.8.149.jar;c:\Users\rafae\.vscode\extensions\pivotal.vscode-spring-boot-1.43.0\language-server\BOOT-INF\lib\comm
Launcher Type: SUN_STANDARD

[Global flags]
     intx CICompilerCount                          = 12                                        {product} {ergonomic}
     uint ConcGCThreads                            = 3                                         {product} {ergonomic}
     uint G1ConcRefinementThreads                  = 13                                        {product} {ergonomic}
   size_t G1HeapRegionSize                         = 2097152                                   {product} {ergonomic}
    uintx GCDrainStackTargetSize                   = 64                                        {product} {ergonomic}
   size_t InitialHeapSize                          = 268435456                                 {product} {ergonomic}
   size_t MarkStackSize                            = 4194304                                   {product} {ergonomic}
   size_t MaxHeapSize                              = 4276092928                                {product} {ergonomic}
   size_t MaxNewSize                               = 2564816896                                {product} {ergonomic}
   size_t MinHeapDeltaBytes                        = 2097152                                   {product} {ergonomic}
   size_t MinHeapSize                              = 8388608                                   {product} {ergonomic}
    uintx NonProfiledCodeHeapSize                  = 0                                      {pd product} {ergonomic}
     bool ProfileInterpreter                       = false                                  {pd product} {command line}
    uintx ProfiledCodeHeapSize                     = 0                                      {pd product} {ergonomic}
   size_t SoftMaxHeapSize                          = 4276092928                             {manageable} {ergonomic}
     intx TieredStopAtLevel                        = 1                                         {product} {command line}
     bool UseCompressedClassPointers               = true                           {product lp64_product} {ergonomic}
     bool UseCompressedOops                        = true                           {product lp64_product} {ergonomic}
     bool UseG1GC                                  = true                                      {product} {ergonomic}
     bool UseLargePagesIndividualAllocation        = false                                  {pd product} {ergonomic}

Logging:
Log output configuration:
 #0: stdout all=warning,jni+resolve=off uptime,level,tags
 #1: stderr all=off uptime,level,tags

Environment Variables:
JAVA_HOME=C:\Program Files\Java\zulu11.60.19-ca-jdk11.0.17-win_x64
PATH=C:\Python311\Scripts\;C:\Python311\;C:\Program Files\Java\zulu11.60.19-ca-jdk11.0.17-win_x64\bin;C:\Program Files (x86)\Common Files\Oracle\Java\javapath;C:\ProgramData\Oracle\Java\javapath;C:\WINDOWS\system32;C:\WINDOWS;C:\WINDOWS\System32\Wbem;C:\WINDOWS\System32\WindowsPowerShell\v1.0\;C:\WINDOWS\System32\OpenSSH\;C:\Program Files\NVIDIA Corporation\NVIDIA NvDLISR;C:\ProgramData\chocolatey\bin;C:\Program Files\dotnet\;C:\apache-maven-3.8.3\bin;C:\Program Files\Docker\Docker\resources\bin;C:\Users\rafae\AppData\Roaming\nvm;C:\Program Files\nodejs;C:\Program Files\PowerShell\7\;C:\Program Files\Git\cmd;C:\Python311\Scripts\;C:\Python311\;C:\Program Files\Java\zulu11.60.19-ca-jdk11.0.17-win_x64\bin;C:\Program Files (x86)\Common Files\Oracle\Java\javapath;C:\ProgramData\Oracle\Java\javapath;C:\WINDOWS\system32;C:\WINDOWS;C:\WINDOWS\System32\Wbem;C:\WINDOWS\System32\WindowsPowerShell\v1.0\;C:\WINDOWS\System32\OpenSSH\;C:\Program Files\NVIDIA Corporation\NVIDIA NvDLISR;C:\ProgramData\chocolatey\bin;C:\Program Files\dotnet\;C:\apache-maven-3.8.3\bin;C:\Program Files\Docker\Docker\resources\bin;C:\Users\rafae\AppData\Roaming\nvm;C:\Program Files\nodejs;C:\Program Files\PowerShell\7\;C:\Program Files\Git\cmd;C:\Users\rafae\AppData\Local\Programs\Hyper\resources\bin;D:\Program Files (x86)\Microsoft VS Code\bin;C:\Users\rafae\AppData\Roaming\nvm;C:\Program Files\nodejs;C:\Users\rafae\AppData\Roaming\Hyper;
USERNAME=rafae
OS=Windows_NT
PROCESSOR_IDENTIFIER=AMD64 Family 23 Model 113 Stepping 0, AuthenticAMD
TMP=C:\Users\rafae\AppData\Local\Temp
TEMP=C:\Users\rafae\AppData\Local\Temp



---------------  S Y S T E M  ---------------

OS:
 Windows 11 , 64 bit Build 22621 (10.0.22621.1105)
OS uptime: 0 days 5:27 hours
Hyper-V role detected

CPU: total 16 (initial active 16) (16 cores per cpu, 2 threads per core) family 23 model 113 stepping 0 microcode 0x0, cx8, cmov, fxsr, ht, mmx, 3dnowpref, sse, sse2, sse3, ssse3, sse4a, sse4.1, sse4.2, popcnt, lzcnt, tsc, tscinvbit, avx, avx2, aes, clmul, bmi1, bmi2, adx, sha, fma, vzeroupper, clflush, clflushopt, hv

Memory: 4k page, system-wide physical 16307M (489M free)
TotalPageFile size 46021M (AvailPageFile size 8M)
current process WorkingSet (physical memory assigned to process): 101M, peak: 1202M
current process commit charge ("private bytes"): 364M, peak: 2108M

vm_info: OpenJDK 64-Bit Server VM (17.0.5+8) for windows-amd64 JRE (17.0.5+8), built on Oct 19 2022 04:48:13 by "temurin" with MS VC++ 16.7 (VS2019)

END.
