#
# There is insufficient memory for the Java Runtime Environment to continue.
# Native memory allocation (mmap) failed to map 320864256 bytes for G1 virtual space
# Possible reasons:
#   The system is out of physical RAM or swap space
#   The process is running with CompressedOops enabled, and the Java Heap may be blocking the growth of the native heap
# Possible solutions:
#   Reduce memory load on the system
#   Increase physical memory or swap space
#   Check if swap backing store is full
#   Decrease Java heap size (-Xmx/-Xms)
#   Decrease number of Java threads
#   Decrease Java thread stack sizes (-Xss)
#   Set larger code cache with -XX:ReservedCodeCacheSize=
#   JVM is running with Zero Based Compressed Oops mode in which the Java heap is
#     placed in the first 32GB address space. The Java Heap base address is the
#     maximum limit for the native heap growth. Please use -XX:HeapBaseMinAddress
#     to set the Java Heap base and to place the Java Heap above 32GB virtual address.
# This output file may be truncated or incomplete.
#
#  Out of Memory Error (os_windows.cpp:3548), pid=10704, tid=31584
#
# JRE version: OpenJDK Runtime Environment Temurin-17.0.5+8 (17.0.5+8) (build 17.0.5+8)
# Java VM: OpenJDK 64-Bit Server VM Temurin-17.0.5+8 (17.0.5+8, mixed mode, emulated-client, tiered, compressed oops, compressed class ptrs, g1 gc, windows-amd64)
# No core dump will be written. Minidumps are not enabled by default on client versions of Windows
#

---------------  S U M M A R Y ------------

Command Line: -Dsts.lsp.client=vscode -Dsts.log.file=/dev/null -XX:TieredStopAtLevel=1 -Xlog:jni+resolve=off -Dspring.config.location=file:c:\Users\rafae\.vscode\extensions\pivotal.vscode-spring-boot-1.43.0\language-server\BOOT-INF\classes\application.properties org.springframework.ide.vscode.boot.app.BootLanguageServerBootApp

Host: AMD Ryzen 7 3700X 8-Core Processor             , 16 cores, 15G,  Windows 11 , 64 bit Build 22621 (10.0.22621.1105)
Time: Mon Jan 23 13:00:00 2023 Hora oficial do Brasil elapsed time: 2.520132 seconds (0d 0h 0m 2s)

---------------  T H R E A D  ---------------

Current thread (0x000002777fc5b980):  VMThread "VM Thread" [stack: 0x0000007b5dc00000,0x0000007b5dd00000] [id=31584]

Stack: [0x0000007b5dc00000,0x0000007b5dd00000]
Native frames: (J=compiled Java code, j=interpreted, Vv=VM code, C=native code)
V  [jvm.dll+0x676b3a]
V  [jvm.dll+0x831444]
V  [jvm.dll+0x832bee]
V  [jvm.dll+0x833253]
V  [jvm.dll+0x244ce5]
V  [jvm.dll+0x673a49]
V  [jvm.dll+0x66811a]
V  [jvm.dll+0x303ceb]
V  [jvm.dll+0x30b1e6]
V  [jvm.dll+0x35adbe]
V  [jvm.dll+0x35afef]
V  [jvm.dll+0x2dab88]
V  [jvm.dll+0x2d8e3c]
V  [jvm.dll+0x2d840c]
V  [jvm.dll+0x31c31b]
V  [jvm.dll+0x8376fb]
V  [jvm.dll+0x838434]
V  [jvm.dll+0x83894c]
V  [jvm.dll+0x838d24]
V  [jvm.dll+0x838df0]
V  [jvm.dll+0x7e17ea]
V  [jvm.dll+0x6759e5]
C  [ucrtbase.dll+0x29363]
C  [KERNEL32.DLL+0x126bd]
C  [ntdll.dll+0x5dfb8]

VM_Operation (0x0000007b615fe100): G1CollectForAllocation, mode: safepoint, requested by thread 0x0000027701709c60


---------------  P R O C E S S  ---------------

Threads class SMR info:
_java_thread_list=0x0000027703dd0b20, length=53, elements={
0x000002777fc71390, 0x000002777fc71f40, 0x000002777fc9d3e0, 0x000002777fc9dca0,
0x000002777fc9e650, 0x000002777fca3020, 0x000002777fca7ee0, 0x000002777fcb1800,
0x000002777fe9f6f0, 0x000002777feba6c0, 0x000002777febae20, 0x000002777febdd10,
0x0000027700a532e0, 0x0000027700cae020, 0x0000027701277040, 0x00000277012d6b10,
0x0000027701511020, 0x0000027701512710, 0x000002776c6f6fb0, 0x00000277015a6830,
0x00000277015acf00, 0x00000277015afb90, 0x0000027701681b30, 0x00000277016a5da0,
0x00000277016ac7e0, 0x00000277016ad180, 0x00000277016adff0, 0x00000277016accb0,
0x00000277016ad650, 0x00000277016adb20, 0x000002770170d150, 0x000002770170afa0,
0x0000027701707ab0, 0x0000027701708df0, 0x000002770170b470, 0x0000027701707f80,
0x00000277017092c0, 0x000002770170c2e0, 0x000002770170a130, 0x000002770170cc80,
0x0000027701708450, 0x0000027701708920, 0x0000027701709c60, 0x00000277017075e0,
0x000002770170be10, 0x000002770170a600, 0x0000027701706c40, 0x000002770170aad0,
0x000002770170c7b0, 0x0000027701709790, 0x0000027701707110, 0x000002770170daf0,
0x000002770170b940
}

Java Threads: ( => current thread )
  0x000002777fc71390 JavaThread "Reference Handler" daemon [_thread_blocked, id=33524, stack(0x0000007b5dd00000,0x0000007b5de00000)]
  0x000002777fc71f40 JavaThread "Finalizer" daemon [_thread_blocked, id=27632, stack(0x0000007b5de00000,0x0000007b5df00000)]
  0x000002777fc9d3e0 JavaThread "Signal Dispatcher" daemon [_thread_blocked, id=24892, stack(0x0000007b5df00000,0x0000007b5e000000)]
  0x000002777fc9dca0 JavaThread "Attach Listener" daemon [_thread_blocked, id=31088, stack(0x0000007b5e000000,0x0000007b5e100000)]
  0x000002777fc9e650 JavaThread "Service Thread" daemon [_thread_blocked, id=13732, stack(0x0000007b5e100000,0x0000007b5e200000)]
  0x000002777fca3020 JavaThread "Monitor Deflation Thread" daemon [_thread_blocked, id=15300, stack(0x0000007b5e200000,0x0000007b5e300000)]
  0x000002777fca7ee0 JavaThread "C1 CompilerThread0" daemon [_thread_blocked, id=33020, stack(0x0000007b5e300000,0x0000007b5e400000)]
  0x000002777fcb1800 JavaThread "Sweeper thread" daemon [_thread_blocked, id=32744, stack(0x0000007b5e400000,0x0000007b5e500000)]
  0x000002777fe9f6f0 JavaThread "C1 CompilerThread1" daemon [_thread_blocked, id=32776, stack(0x0000007b5e500000,0x0000007b5e600000)]
  0x000002777feba6c0 JavaThread "C1 CompilerThread2" daemon [_thread_blocked, id=12456, stack(0x0000007b5e600000,0x0000007b5e700000)]
  0x000002777febae20 JavaThread "Notification Thread" daemon [_thread_blocked, id=32500, stack(0x0000007b5e700000,0x0000007b5e800000)]
  0x000002777febdd10 JavaThread "Common-Cleaner" daemon [_thread_blocked, id=29624, stack(0x0000007b5e900000,0x0000007b5ea00000)]
  0x0000027700a532e0 JavaThread "C1 CompilerThread3" daemon [_thread_blocked, id=22580, stack(0x0000007b5ea00000,0x0000007b5eb00000)]
  0x0000027700cae020 JavaThread "C1 CompilerThread4" daemon [_thread_blocked, id=33188, stack(0x0000007b5f000000,0x0000007b5f100000)]
  0x0000027701277040 JavaThread "C1 CompilerThread5" daemon [_thread_blocked, id=15492, stack(0x0000007b5fa00000,0x0000007b5fb00000)]
  0x00000277012d6b10 JavaThread "boundedElastic-evictor-1" daemon [_thread_blocked, id=12752, stack(0x0000007b5fb00000,0x0000007b5fc00000)]
  0x0000027701511020 JavaThread "pool-11-thread-1" [_thread_blocked, id=32196, stack(0x0000007b5fc00000,0x0000007b5fd00000)]
  0x0000027701512710 JavaThread "LanguageServerApp-lifecycle" [_thread_blocked, id=32356, stack(0x0000007b5fd00000,0x0000007b5fe00000)]
  0x000002776c6f6fb0 JavaThread "DestroyJavaVM" [_thread_blocked, id=11004, stack(0x0000007b5d600000,0x0000007b5d700000)]
  0x00000277015a6830 JavaThread "pool-12-thread-1" [_thread_in_native, id=14416, stack(0x0000007b5fe00000,0x0000007b5ff00000)]
  0x00000277015acf00 JavaThread "Simple-Language-Server main thread" daemon [_thread_blocked, id=30060, stack(0x0000007b5ff00000,0x0000007b60000000)]
  0x00000277015afb90 JavaThread "ForkJoinPool.commonPool-worker-1" daemon [_thread_blocked, id=4704, stack(0x0000007b60000000,0x0000007b60100000)]
  0x0000027701681b30 JavaThread "parallel-1" daemon [_thread_blocked, id=27504, stack(0x0000007b60100000,0x0000007b60200000)]
  0x00000277016a5da0 JavaThread "ClassGraph-worker-0" daemon [_thread_blocked, id=25364, stack(0x0000007b60200000,0x0000007b60300000)]
  0x00000277016ac7e0 JavaThread "ClassGraph-worker-1" daemon [_thread_blocked, id=30312, stack(0x0000007b60300000,0x0000007b60400000)]
  0x00000277016ad180 JavaThread "ClassGraph-worker-2" daemon [_thread_blocked, id=16740, stack(0x0000007b60400000,0x0000007b60500000)]
  0x00000277016adff0 JavaThread "ClassGraph-worker-3" daemon [_thread_blocked, id=33400, stack(0x0000007b60500000,0x0000007b60600000)]
  0x00000277016accb0 JavaThread "ClassGraph-worker-4" daemon [_thread_blocked, id=12924, stack(0x0000007b60600000,0x0000007b60700000)]
  0x00000277016ad650 JavaThread "ClassGraph-worker-5" daemon [_thread_blocked, id=32976, stack(0x0000007b60700000,0x0000007b60800000)]
  0x00000277016adb20 JavaThread "ClassGraph-worker-6" daemon [_thread_blocked, id=13756, stack(0x0000007b60800000,0x0000007b60900000)]
  0x000002770170d150 JavaThread "ClassGraph-worker-7" daemon [_thread_blocked, id=29140, stack(0x0000007b60900000,0x0000007b60a00000)]
  0x000002770170afa0 JavaThread "ClassGraph-worker-8" daemon [_thread_blocked, id=33684, stack(0x0000007b60a00000,0x0000007b60b00000)]
  0x0000027701707ab0 JavaThread "ClassGraph-worker-9" daemon [_thread_blocked, id=26900, stack(0x0000007b60b00000,0x0000007b60c00000)]
  0x0000027701708df0 JavaThread "ClassGraph-worker-10" daemon [_thread_blocked, id=31620, stack(0x0000007b60c00000,0x0000007b60d00000)]
  0x000002770170b470 JavaThread "ClassGraph-worker-11" daemon [_thread_blocked, id=32352, stack(0x0000007b60d00000,0x0000007b60e00000)]
  0x0000027701707f80 JavaThread "ClassGraph-worker-12" daemon [_thread_blocked, id=9692, stack(0x0000007b60e00000,0x0000007b60f00000)]
  0x00000277017092c0 JavaThread "ClassGraph-worker-13" daemon [_thread_blocked, id=32960, stack(0x0000007b60f00000,0x0000007b61000000)]
  0x000002770170c2e0 JavaThread "ClassGraph-worker-14" daemon [_thread_blocked, id=28520, stack(0x0000007b61000000,0x0000007b61100000)]
  0x000002770170a130 JavaThread "ClassGraph-worker-15" daemon [_thread_blocked, id=33588, stack(0x0000007b61100000,0x0000007b61200000)]
  0x000002770170cc80 JavaThread "ClassGraph-worker-16" daemon [_thread_blocked, id=32032, stack(0x0000007b61200000,0x0000007b61300000)]
  0x0000027701708450 JavaThread "ClassGraph-worker-17" daemon [_thread_blocked, id=32404, stack(0x0000007b61300000,0x0000007b61400000)]
  0x0000027701708920 JavaThread "ClassGraph-worker-18" daemon [_thread_blocked, id=30012, stack(0x0000007b61400000,0x0000007b61500000)]
  0x0000027701709c60 JavaThread "ClassGraph-worker-19" daemon [_thread_blocked, id=32964, stack(0x0000007b61500000,0x0000007b61600000)]
  0x00000277017075e0 JavaThread "ClassGraph-worker-20" daemon [_thread_blocked, id=8900, stack(0x0000007b61600000,0x0000007b61700000)]
  0x000002770170be10 JavaThread "ClassGraph-worker-21" daemon [_thread_blocked, id=31128, stack(0x0000007b61700000,0x0000007b61800000)]
  0x000002770170a600 JavaThread "ClassGraph-worker-22" daemon [_thread_blocked, id=2928, stack(0x0000007b61800000,0x0000007b61900000)]
  0x0000027701706c40 JavaThread "ClassGraph-worker-23" daemon [_thread_blocked, id=31332, stack(0x0000007b61900000,0x0000007b61a00000)]
  0x000002770170aad0 JavaThread "pool-6-thread-1" [_thread_blocked, id=28112, stack(0x0000007b61a00000,0x0000007b61b00000)]
  0x000002770170c7b0 JavaThread "pool-10-thread-1" [_thread_blocked, id=14592, stack(0x0000007b61b00000,0x0000007b61c00000)]
  0x0000027701709790 JavaThread "ForkJoinPool.commonPool-worker-2" daemon [_thread_blocked, id=23868, stack(0x0000007b61c00000,0x0000007b61d00000)]
  0x0000027701707110 JavaThread "parallel-2" daemon [_thread_blocked, id=31636, stack(0x0000007b61d00000,0x0000007b61e00000)]
  0x000002770170daf0 JavaThread "pool-10-thread-2" [_thread_blocked, id=30360, stack(0x0000007b61e00000,0x0000007b61f00000)]
  0x000002770170b940 JavaThread "parallel-3" daemon [_thread_blocked, id=1280, stack(0x0000007b61f00000,0x0000007b62000000)]

Other Threads:
=>0x000002777fc5b980 VMThread "VM Thread" [stack: 0x0000007b5dc00000,0x0000007b5dd00000] [id=31584]
  0x000002777febcf70 WatcherThread [stack: 0x0000007b5e800000,0x0000007b5e900000] [id=6984]
  0x000002776c763da0 GCTaskThread "GC Thread#0" [stack: 0x0000007b5d700000,0x0000007b5d800000] [id=19600]
  0x00000277007fd160 GCTaskThread "GC Thread#1" [stack: 0x0000007b5eb00000,0x0000007b5ec00000] [id=25044]
  0x00000277007fd410 GCTaskThread "GC Thread#2" [stack: 0x0000007b5ec00000,0x0000007b5ed00000] [id=5128]
  0x00000277007fd6c0 GCTaskThread "GC Thread#3" [stack: 0x0000007b5ed00000,0x0000007b5ee00000] [id=21972]
  0x00000277007fd970 GCTaskThread "GC Thread#4" [stack: 0x0000007b5ee00000,0x0000007b5ef00000] [id=8512]
  0x00000277007fe030 GCTaskThread "GC Thread#5" [stack: 0x0000007b5ef00000,0x0000007b5f000000] [id=28460]
  0x0000027700d06e50 GCTaskThread "GC Thread#6" [stack: 0x0000007b5f100000,0x0000007b5f200000] [id=33516]
  0x0000027700d08110 GCTaskThread "GC Thread#7" [stack: 0x0000007b5f200000,0x0000007b5f300000] [id=33712]
  0x0000027700d083c0 GCTaskThread "GC Thread#8" [stack: 0x0000007b5f300000,0x0000007b5f400000] [id=2020]
  0x0000027700f9eee0 GCTaskThread "GC Thread#9" [stack: 0x0000007b5f500000,0x0000007b5f600000] [id=31452]
  0x0000027701018b10 GCTaskThread "GC Thread#10" [stack: 0x0000007b5f600000,0x0000007b5f700000] [id=32620]
  0x0000027701018dc0 GCTaskThread "GC Thread#11" [stack: 0x0000007b5f700000,0x0000007b5f800000] [id=31708]
  0x000002770127fd20 GCTaskThread "GC Thread#12" [stack: 0x0000007b5f400000,0x0000007b5f500000] [id=13248]
  0x000002776c774d10 ConcurrentGCThread "G1 Main Marker" [stack: 0x0000007b5d800000,0x0000007b5d900000] [id=32332]
  0x000002776c776d70 ConcurrentGCThread "G1 Conc#0" [stack: 0x0000007b5d900000,0x0000007b5da00000] [id=33472]
  0x0000027700f9e6e0 ConcurrentGCThread "G1 Conc#1" [stack: 0x0000007b5f800000,0x0000007b5f900000] [id=25856]
  0x000002770100e860 ConcurrentGCThread "G1 Conc#2" [stack: 0x0000007b5f900000,0x0000007b5fa00000] [id=33624]
  0x000002777ec876c0 ConcurrentGCThread "G1 Refine#0" [stack: 0x0000007b5da00000,0x0000007b5db00000] [id=3556]
  0x0000027703ed5290 ConcurrentGCThread "G1 Refine#1" [stack: 0x0000007b62000000,0x0000007b62100000] [id=23284]
  0x0000027703ed38b0 ConcurrentGCThread "G1 Refine#2" [stack: 0x0000007b62100000,0x0000007b62200000] [id=28696]
  0x0000027703ed4710 ConcurrentGCThread "G1 Refine#3" [stack: 0x0000007b62200000,0x0000007b62300000] [id=33504]
  0x000002777ec87f80 ConcurrentGCThread "G1 Service" [stack: 0x0000007b5db00000,0x0000007b5dc00000] [id=32076]

Threads with active compile tasks:
C1 CompilerThread1     2576 4352       1       jdk.internal.reflect.ClassFileAssembler::append (30 bytes)
C1 CompilerThread5     2576 4350       1       com.google.gson.internal.LinkedTreeMap::<init> (41 bytes)

VM state: at safepoint (normal execution)

VM Mutex/Monitor currently owned by a thread:  ([mutex/lock_event])
[0x000002776a55b660] Threads_lock - owner thread: 0x000002777fc5b980
[0x000002776a559380] Heap_lock - owner thread: 0x0000027701709c60

Heap address: 0x0000000701200000, size: 4078 MB, Compressed Oops mode: Zero based, Oop shift amount: 3

CDS archive(s) not mapped
Compressed class space mapped at: 0x0000000800000000-0x0000000840000000, reserved size: 1073741824
Narrow klass base: 0x0000000800000000, Narrow klass shift: 0, Narrow klass range: 0x40000000

GC Precious Log:
 CPUs: 16 total, 16 available
 Memory: 16307M
 Large Page Support: Disabled
 NUMA Support: Disabled
 Compressed Oops: Enabled (Zero based)
 Heap Region Size: 2M
 Heap Min Capacity: 8M
 Heap Initial Capacity: 256M
 Heap Max Capacity: 4078M
 Pre-touch: Disabled
 Parallel Workers: 13
 Concurrent Workers: 3
 Concurrent Refinement Workers: 13
 Periodic GC: Disabled

Heap:
 garbage-first heap   total 262144K, used 89827K [0x0000000701200000, 0x0000000800000000)
  region size 2048K, 5 young (10240K), 5 survivors (10240K)
 Metaspace       used 40230K, committed 40640K, reserved 1089536K
  class space    used 5153K, committed 5312K, reserved 1048576K

Heap Regions: E=young(eden), S=young(survivor), O=old, HS=humongous(starts), HC=humongous(continues), CS=collection set, F=free, OA=open archive, CA=closed archive, TAMS=top-at-mark-start (previous, next)
|   0|0x0000000701200000, 0x0000000701400000, 0x0000000701400000|100%| O|  |TAMS 0x0000000701400000, 0x0000000701200000| Untracked 
|   1|0x0000000701400000, 0x0000000701600000, 0x0000000701600000|100%| O|  |TAMS 0x0000000701600000, 0x0000000701400000| Untracked 
|   2|0x0000000701600000, 0x0000000701800000, 0x0000000701800000|100%| O|  |TAMS 0x0000000701800000, 0x0000000701600000| Untracked 
|   3|0x0000000701800000, 0x0000000701a00000, 0x0000000701a00000|100%| O|  |TAMS 0x0000000701a00000, 0x0000000701800000| Untracked 
|   4|0x0000000701a00000, 0x0000000701c00000, 0x0000000701c00000|100%| O|  |TAMS 0x0000000701c00000, 0x0000000701a00000| Untracked 
|   5|0x0000000701c00000, 0x0000000701e00000, 0x0000000701e00000|100%| O|  |TAMS 0x0000000701e00000, 0x0000000701c00000| Untracked 
|   6|0x0000000701e00000, 0x0000000702000000, 0x0000000702000000|100%| O|  |TAMS 0x0000000702000000, 0x0000000701e00000| Untracked 
|   7|0x0000000702000000, 0x0000000702200000, 0x0000000702200000|100%| O|  |TAMS 0x0000000702200000, 0x0000000702000000| Untracked 
|   8|0x0000000702200000, 0x0000000702400000, 0x0000000702400000|100%| O|  |TAMS 0x0000000702400000, 0x0000000702200000| Untracked 
|   9|0x0000000702400000, 0x0000000702600000, 0x0000000702600000|100%| O|  |TAMS 0x0000000702600000, 0x0000000702400000| Untracked 
|  10|0x0000000702600000, 0x0000000702800000, 0x0000000702800000|100%| O|  |TAMS 0x0000000702800000, 0x0000000702600000| Untracked 
|  11|0x0000000702800000, 0x000000070292c800, 0x0000000702a00000| 58%| O|  |TAMS 0x000000070292c800, 0x0000000702800000| Untracked 
|  12|0x0000000702a00000, 0x0000000702c00000, 0x0000000702c00000|100%| O|  |TAMS 0x0000000702c00000, 0x0000000702a00000| Untracked 
|  13|0x0000000702c00000, 0x0000000702e00000, 0x0000000702e00000|100%| O|  |TAMS 0x0000000702e00000, 0x0000000702c00000| Untracked 
|  14|0x0000000702e00000, 0x0000000703000000, 0x0000000703000000|100%| O|  |TAMS 0x0000000703000000, 0x0000000702e00000| Untracked 
|  15|0x0000000703000000, 0x0000000703200000, 0x0000000703200000|100%| O|  |TAMS 0x0000000703200000, 0x0000000703000000| Untracked 
|  16|0x0000000703200000, 0x0000000703400000, 0x0000000703400000|100%| O|  |TAMS 0x0000000703400000, 0x0000000703200000| Untracked 
|  17|0x0000000703400000, 0x0000000703600000, 0x0000000703600000|100%| O|  |TAMS 0x0000000703600000, 0x0000000703400000| Untracked 
|  18|0x0000000703600000, 0x0000000703800000, 0x0000000703800000|100%| O|  |TAMS 0x0000000703800000, 0x0000000703600000| Untracked 
|  19|0x0000000703800000, 0x0000000703a00000, 0x0000000703a00000|100%| O|  |TAMS 0x0000000703a00000, 0x0000000703800000| Untracked 
|  20|0x0000000703a00000, 0x0000000703c00000, 0x0000000703c00000|100%| O|  |TAMS 0x0000000703c00000, 0x0000000703a00000| Untracked 
|  21|0x0000000703c00000, 0x0000000703e00000, 0x0000000703e00000|100%| O|  |TAMS 0x0000000703e00000, 0x0000000703c00000| Untracked 
|  22|0x0000000703e00000, 0x0000000704000000, 0x0000000704000000|100%| O|  |TAMS 0x0000000704000000, 0x0000000703e00000| Untracked 
|  23|0x0000000704000000, 0x0000000704200000, 0x0000000704200000|100%| O|  |TAMS 0x0000000704200000, 0x0000000704000000| Untracked 
|  24|0x0000000704200000, 0x0000000704400000, 0x0000000704400000|100%| O|  |TAMS 0x00000007042a9c00, 0x0000000704200000| Untracked 
|  25|0x0000000704400000, 0x0000000704600000, 0x0000000704600000|100%| O|  |TAMS 0x0000000704400000, 0x0000000704400000| Untracked 
|  26|0x0000000704600000, 0x0000000704800000, 0x0000000704800000|100%| O|  |TAMS 0x0000000704600000, 0x0000000704600000| Untracked 
|  27|0x0000000704800000, 0x0000000704a00000, 0x0000000704a00000|100%| O|  |TAMS 0x0000000704800000, 0x0000000704800000| Untracked 
|  28|0x0000000704a00000, 0x0000000704c00000, 0x0000000704c00000|100%| O|  |TAMS 0x0000000704a00000, 0x0000000704a00000| Untracked 
|  29|0x0000000704c00000, 0x0000000704e00000, 0x0000000704e00000|100%| O|  |TAMS 0x0000000704c00000, 0x0000000704c00000| Untracked 
|  30|0x0000000704e00000, 0x0000000705000000, 0x0000000705000000|100%| O|  |TAMS 0x0000000704e00000, 0x0000000704e00000| Untracked 
|  31|0x0000000705000000, 0x0000000705200000, 0x0000000705200000|100%| O|  |TAMS 0x0000000705000000, 0x0000000705000000| Untracked 
|  32|0x0000000705200000, 0x0000000705400000, 0x0000000705400000|100%| O|  |TAMS 0x0000000705200000, 0x0000000705200000| Untracked 
|  33|0x0000000705400000, 0x0000000705600000, 0x0000000705600000|100%| O|  |TAMS 0x0000000705400000, 0x0000000705400000| Untracked 
|  34|0x0000000705600000, 0x0000000705800000, 0x0000000705800000|100%| O|  |TAMS 0x0000000705600000, 0x0000000705600000| Untracked 
|  35|0x0000000705800000, 0x0000000705a00000, 0x0000000705a00000|100%| O|  |TAMS 0x0000000705800000, 0x0000000705800000| Untracked 
|  36|0x0000000705a00000, 0x0000000705c00000, 0x0000000705c00000|100%| O|  |TAMS 0x0000000705a00000, 0x0000000705a00000| Untracked 
|  37|0x0000000705c00000, 0x0000000705e00000, 0x0000000705e00000|100%| O|  |TAMS 0x0000000705c00000, 0x0000000705c00000| Untracked 
|  38|0x0000000705e00000, 0x0000000706000000, 0x0000000706000000|100%| O|  |TAMS 0x0000000705e00000, 0x0000000705e00000| Untracked 
|  39|0x0000000706000000, 0x000000070615f800, 0x0000000706200000| 68%| O|  |TAMS 0x0000000706000000, 0x0000000706000000| Untracked 
|  40|0x0000000706200000, 0x0000000706200000, 0x0000000706400000|  0%| F|  |TAMS 0x0000000706200000, 0x0000000706200000| Untracked 
|  41|0x0000000706400000, 0x0000000706400000, 0x0000000706600000|  0%| F|  |TAMS 0x0000000706400000, 0x0000000706400000| Untracked 
|  42|0x0000000706600000, 0x0000000706600000, 0x0000000706800000|  0%| F|  |TAMS 0x0000000706600000, 0x0000000706600000| Untracked 
|  43|0x0000000706800000, 0x0000000706800000, 0x0000000706a00000|  0%| F|  |TAMS 0x0000000706800000, 0x0000000706800000| Untracked 
|  44|0x0000000706a00000, 0x0000000706a00000, 0x0000000706c00000|  0%| F|  |TAMS 0x0000000706a00000, 0x0000000706a00000| Untracked 
|  45|0x0000000706c00000, 0x0000000706c00000, 0x0000000706e00000|  0%| F|  |TAMS 0x0000000706c00000, 0x0000000706c00000| Untracked 
|  46|0x0000000706e00000, 0x0000000706e00000, 0x0000000707000000|  0%| F|  |TAMS 0x0000000706e00000, 0x0000000706e00000| Untracked 
|  47|0x0000000707000000, 0x0000000707000000, 0x0000000707200000|  0%| F|  |TAMS 0x0000000707000000, 0x0000000707000000| Untracked 
|  48|0x0000000707200000, 0x0000000707200000, 0x0000000707400000|  0%| F|  |TAMS 0x0000000707200000, 0x0000000707200000| Untracked 
|  49|0x0000000707400000, 0x0000000707400000, 0x0000000707600000|  0%| F|  |TAMS 0x0000000707400000, 0x0000000707400000| Untracked 
|  50|0x0000000707600000, 0x0000000707600000, 0x0000000707800000|  0%| F|  |TAMS 0x0000000707600000, 0x0000000707600000| Untracked 
|  51|0x0000000707800000, 0x0000000707800000, 0x0000000707a00000|  0%| F|  |TAMS 0x0000000707800000, 0x0000000707800000| Untracked 
|  52|0x0000000707a00000, 0x0000000707a00000, 0x0000000707c00000|  0%| F|  |TAMS 0x0000000707a00000, 0x0000000707a00000| Untracked 
|  53|0x0000000707c00000, 0x0000000707c00000, 0x0000000707e00000|  0%| F|  |TAMS 0x0000000707c00000, 0x0000000707c00000| Untracked 
|  54|0x0000000707e00000, 0x0000000707e00000, 0x0000000708000000|  0%| F|  |TAMS 0x0000000707e00000, 0x0000000707e00000| Untracked 
|  55|0x0000000708000000, 0x0000000708000000, 0x0000000708200000|  0%| F|  |TAMS 0x0000000708000000, 0x0000000708000000| Untracked 
|  56|0x0000000708200000, 0x0000000708200000, 0x0000000708400000|  0%| F|  |TAMS 0x0000000708200000, 0x0000000708200000| Untracked 
|  57|0x0000000708400000, 0x0000000708400000, 0x0000000708600000|  0%| F|  |TAMS 0x0000000708400000, 0x0000000708400000| Untracked 
|  58|0x0000000708600000, 0x0000000708600000, 0x0000000708800000|  0%| F|  |TAMS 0x0000000708600000, 0x0000000708600000| Untracked 
|  59|0x0000000708800000, 0x0000000708800000, 0x0000000708a00000|  0%| F|  |TAMS 0x0000000708800000, 0x0000000708800000| Untracked 
|  60|0x0000000708a00000, 0x0000000708a00000, 0x0000000708c00000|  0%| F|  |TAMS 0x0000000708a00000, 0x0000000708a00000| Untracked 
|  61|0x0000000708c00000, 0x0000000708c00000, 0x0000000708e00000|  0%| F|  |TAMS 0x0000000708c00000, 0x0000000708c00000| Untracked 
|  62|0x0000000708e00000, 0x0000000708f2cd00, 0x0000000709000000| 58%| S|CS|TAMS 0x0000000708e00000, 0x0000000708e00000| Complete 
|  63|0x0000000709000000, 0x0000000709200000, 0x0000000709200000|100%| S|CS|TAMS 0x0000000709000000, 0x0000000709000000| Complete 
|  64|0x0000000709200000, 0x0000000709400000, 0x0000000709400000|100%| S|CS|TAMS 0x0000000709200000, 0x0000000709200000| Complete 
|  65|0x0000000709400000, 0x0000000709600000, 0x0000000709600000|100%| S|CS|TAMS 0x0000000709400000, 0x0000000709400000| Complete 
|  66|0x0000000709600000, 0x0000000709800000, 0x0000000709800000|100%| S|CS|TAMS 0x0000000709600000, 0x0000000709600000| Complete 
|  67|0x0000000709800000, 0x0000000709800000, 0x0000000709a00000|  0%| F|  |TAMS 0x0000000709800000, 0x0000000709800000| Untracked 
|  68|0x0000000709a00000, 0x0000000709a00000, 0x0000000709c00000|  0%| F|  |TAMS 0x0000000709a00000, 0x0000000709a00000| Untracked 
|  69|0x0000000709c00000, 0x0000000709c00000, 0x0000000709e00000|  0%| F|  |TAMS 0x0000000709c00000, 0x0000000709c00000| Untracked 
|  70|0x0000000709e00000, 0x0000000709e00000, 0x000000070a000000|  0%| F|  |TAMS 0x0000000709e00000, 0x0000000709e00000| Untracked 
|  71|0x000000070a000000, 0x000000070a000000, 0x000000070a200000|  0%| F|  |TAMS 0x000000070a000000, 0x000000070a000000| Untracked 
|  72|0x000000070a200000, 0x000000070a200000, 0x000000070a400000|  0%| F|  |TAMS 0x000000070a200000, 0x000000070a200000| Untracked 
|  73|0x000000070a400000, 0x000000070a400000, 0x000000070a600000|  0%| F|  |TAMS 0x000000070a400000, 0x000000070a400000| Untracked 
|  74|0x000000070a600000, 0x000000070a600000, 0x000000070a800000|  0%| F|  |TAMS 0x000000070a600000, 0x000000070a600000| Untracked 
|  75|0x000000070a800000, 0x000000070a800000, 0x000000070aa00000|  0%| F|  |TAMS 0x000000070a800000, 0x000000070a800000| Untracked 
|  76|0x000000070aa00000, 0x000000070aa00000, 0x000000070ac00000|  0%| F|  |TAMS 0x000000070aa00000, 0x000000070aa00000| Untracked 
|  77|0x000000070ac00000, 0x000000070ac00000, 0x000000070ae00000|  0%| F|  |TAMS 0x000000070ac00000, 0x000000070ac00000| Untracked 
|  78|0x000000070ae00000, 0x000000070ae00000, 0x000000070b000000|  0%| F|  |TAMS 0x000000070ae00000, 0x000000070ae00000| Untracked 
|  79|0x000000070b000000, 0x000000070b000000, 0x000000070b200000|  0%| F|  |TAMS 0x000000070b000000, 0x000000070b000000| Untracked 
|  80|0x000000070b200000, 0x000000070b200000, 0x000000070b400000|  0%| F|  |TAMS 0x000000070b200000, 0x000000070b200000| Untracked 
|  81|0x000000070b400000, 0x000000070b400000, 0x000000070b600000|  0%| F|  |TAMS 0x000000070b400000, 0x000000070b400000| Untracked 
|  82|0x000000070b600000, 0x000000070b600000, 0x000000070b800000|  0%| F|  |TAMS 0x000000070b600000, 0x000000070b600000| Untracked 
|  83|0x000000070b800000, 0x000000070b800000, 0x000000070ba00000|  0%| F|  |TAMS 0x000000070b800000, 0x000000070b800000| Untracked 
|  84|0x000000070ba00000, 0x000000070ba00000, 0x000000070bc00000|  0%| F|  |TAMS 0x000000070ba00000, 0x000000070ba00000| Untracked 
|  85|0x000000070bc00000, 0x000000070bc00000, 0x000000070be00000|  0%| F|  |TAMS 0x000000070bc00000, 0x000000070bc00000| Untracked 
|  86|0x000000070be00000, 0x000000070be00000, 0x000000070c000000|  0%| F|  |TAMS 0x000000070be00000, 0x000000070be00000| Untracked 
|  87|0x000000070c000000, 0x000000070c000000, 0x000000070c200000|  0%| F|  |TAMS 0x000000070c000000, 0x000000070c000000| Untracked 
|  88|0x000000070c200000, 0x000000070c200000, 0x000000070c400000|  0%| F|  |TAMS 0x000000070c200000, 0x000000070c200000| Untracked 
|  89|0x000000070c400000, 0x000000070c400000, 0x000000070c600000|  0%| F|  |TAMS 0x000000070c400000, 0x000000070c400000| Untracked 
|  90|0x000000070c600000, 0x000000070c600000, 0x000000070c800000|  0%| F|  |TAMS 0x000000070c600000, 0x000000070c600000| Untracked 
|  91|0x000000070c800000, 0x000000070c800000, 0x000000070ca00000|  0%| F|  |TAMS 0x000000070c800000, 0x000000070c800000| Untracked 
|  92|0x000000070ca00000, 0x000000070ca00000, 0x000000070cc00000|  0%| F|  |TAMS 0x000000070ca00000, 0x000000070ca00000| Untracked 
|  93|0x000000070cc00000, 0x000000070cc00000, 0x000000070ce00000|  0%| F|  |TAMS 0x000000070cc00000, 0x000000070cc00000| Untracked 
|  94|0x000000070ce00000, 0x000000070ce00000, 0x000000070d000000|  0%| F|  |TAMS 0x000000070ce00000, 0x000000070ce00000| Untracked 
|  95|0x000000070d000000, 0x000000070d000000, 0x000000070d200000|  0%| F|  |TAMS 0x000000070d000000, 0x000000070d000000| Untracked 
|  96|0x000000070d200000, 0x000000070d200000, 0x000000070d400000|  0%| F|  |TAMS 0x000000070d200000, 0x000000070d200000| Untracked 
|  97|0x000000070d400000, 0x000000070d400000, 0x000000070d600000|  0%| F|  |TAMS 0x000000070d400000, 0x000000070d400000| Untracked 
|  98|0x000000070d600000, 0x000000070d600000, 0x000000070d800000|  0%| F|  |TAMS 0x000000070d600000, 0x000000070d600000| Untracked 
|  99|0x000000070d800000, 0x000000070d800000, 0x000000070da00000|  0%| F|  |TAMS 0x000000070d800000, 0x000000070d800000| Untracked 
| 100|0x000000070da00000, 0x000000070da00000, 0x000000070dc00000|  0%| F|  |TAMS 0x000000070da00000, 0x000000070da00000| Untracked 
| 101|0x000000070dc00000, 0x000000070dc00000, 0x000000070de00000|  0%| F|  |TAMS 0x000000070dc00000, 0x000000070dc00000| Untracked 
| 102|0x000000070de00000, 0x000000070de00000, 0x000000070e000000|  0%| F|  |TAMS 0x000000070de00000, 0x000000070de00000| Untracked 
| 103|0x000000070e000000, 0x000000070e000000, 0x000000070e200000|  0%| F|  |TAMS 0x000000070e000000, 0x000000070e000000| Untracked 
| 104|0x000000070e200000, 0x000000070e200000, 0x000000070e400000|  0%| F|  |TAMS 0x000000070e200000, 0x000000070e200000| Untracked 
| 105|0x000000070e400000, 0x000000070e400000, 0x000000070e600000|  0%| F|  |TAMS 0x000000070e400000, 0x000000070e400000| Untracked 
| 106|0x000000070e600000, 0x000000070e600000, 0x000000070e800000|  0%| F|  |TAMS 0x000000070e600000, 0x000000070e600000| Untracked 
| 107|0x000000070e800000, 0x000000070e800000, 0x000000070ea00000|  0%| F|  |TAMS 0x000000070e800000, 0x000000070e800000| Untracked 
| 108|0x000000070ea00000, 0x000000070ea00000, 0x000000070ec00000|  0%| F|  |TAMS 0x000000070ea00000, 0x000000070ea00000| Untracked 
| 109|0x000000070ec00000, 0x000000070ec00000, 0x000000070ee00000|  0%| F|  |TAMS 0x000000070ec00000, 0x000000070ec00000| Untracked 
| 110|0x000000070ee00000, 0x000000070ee00000, 0x000000070f000000|  0%| F|  |TAMS 0x000000070ee00000, 0x000000070ee00000| Untracked 
| 111|0x000000070f000000, 0x000000070f000000, 0x000000070f200000|  0%| F|  |TAMS 0x000000070f000000, 0x000000070f000000| Untracked 
| 112|0x000000070f200000, 0x000000070f200000, 0x000000070f400000|  0%| F|  |TAMS 0x000000070f200000, 0x000000070f200000| Untracked 
| 113|0x000000070f400000, 0x000000070f400000, 0x000000070f600000|  0%| F|  |TAMS 0x000000070f400000, 0x000000070f400000| Untracked 
| 114|0x000000070f600000, 0x000000070f600000, 0x000000070f800000|  0%| F|  |TAMS 0x000000070f600000, 0x000000070f600000| Untracked 
| 115|0x000000070f800000, 0x000000070f800000, 0x000000070fa00000|  0%| F|  |TAMS 0x000000070f800000, 0x000000070f800000| Untracked 
| 116|0x000000070fa00000, 0x000000070fa00000, 0x000000070fc00000|  0%| F|  |TAMS 0x000000070fa00000, 0x000000070fa00000| Untracked 
| 117|0x000000070fc00000, 0x000000070fc00000, 0x000000070fe00000|  0%| F|  |TAMS 0x000000070fc00000, 0x000000070fc00000| Untracked 
| 118|0x000000070fe00000, 0x000000070fe00000, 0x0000000710000000|  0%| F|  |TAMS 0x000000070fe00000, 0x000000070fe00000| Untracked 
| 119|0x0000000710000000, 0x0000000710000000, 0x0000000710200000|  0%| F|  |TAMS 0x0000000710000000, 0x0000000710000000| Untracked 
| 120|0x0000000710200000, 0x0000000710200000, 0x0000000710400000|  0%| F|  |TAMS 0x0000000710200000, 0x0000000710200000| Untracked 
| 121|0x0000000710400000, 0x0000000710400000, 0x0000000710600000|  0%| F|  |TAMS 0x0000000710400000, 0x0000000710400000| Untracked 
| 122|0x0000000710600000, 0x0000000710600000, 0x0000000710800000|  0%| F|  |TAMS 0x0000000710600000, 0x0000000710600000| Untracked 
| 123|0x0000000710800000, 0x0000000710800000, 0x0000000710a00000|  0%| F|  |TAMS 0x0000000710800000, 0x0000000710800000| Untracked 
| 124|0x0000000710a00000, 0x0000000710a00000, 0x0000000710c00000|  0%| F|  |TAMS 0x0000000710a00000, 0x0000000710a00000| Untracked 
| 125|0x0000000710c00000, 0x0000000710c00000, 0x0000000710e00000|  0%| F|  |TAMS 0x0000000710c00000, 0x0000000710c00000| Untracked 
| 126|0x0000000710e00000, 0x0000000710e00000, 0x0000000711000000|  0%| F|  |TAMS 0x0000000710e00000, 0x0000000710e00000| Untracked 
| 127|0x0000000711000000, 0x0000000711000000, 0x0000000711200000|  0%| F|  |TAMS 0x0000000711000000, 0x0000000711000000| Untracked 

Card table byte_map: [0x00000277731d0000,0x00000277739d0000] _byte_map_base: 0x000002776f9c7000

Marking Bits (Prev, Next): (CMBitMap*) 0x000002776c7643f0, (CMBitMap*) 0x000002776c7643b0
 Prev Bits: [0x0000027778190000, 0x000002777c148000)
 Next Bits: [0x00000277741d0000, 0x0000027778188000)

Polling page: 0x000002776bea0000

Metaspace:

Usage:
  Non-class:     34.25 MB used.
      Class:      5.03 MB used.
       Both:     39.29 MB used.

Virtual space:
  Non-class space:       40.00 MB reserved,      34.50 MB ( 86%) committed,  5 nodes.
      Class space:        1.00 GB reserved,       5.19 MB ( <1%) committed,  1 nodes.
             Both:        1.04 GB reserved,      39.69 MB (  4%) committed. 

Chunk freelists:
   Non-Class:  910.00 KB
       Class:  2.72 MB
        Both:  3.61 MB

MaxMetaspaceSize: unlimited
CompressedClassSpaceSize: 1.00 GB
Initial GC threshold: 21.00 MB
Current GC threshold: 65.31 MB
CDS: off
MetaspaceReclaimPolicy: balanced
 - commit_granule_bytes: 65536.
 - commit_granule_words: 8192.
 - virtual_space_node_default_size: 1048576.
 - enlarge_chunks_in_place: 1.
 - new_chunks_are_fully_committed: 0.
 - uncommit_free_chunks: 1.
 - use_allocation_guard: 0.
 - handle_deallocations: 1.


Internal statistics:

num_allocs_failed_limit: 8.
num_arena_births: 488.
num_arena_deaths: 0.
num_vsnodes_births: 6.
num_vsnodes_deaths: 0.
num_space_committed: 635.
num_space_uncommitted: 0.
num_chunks_returned_to_freelist: 8.
num_chunks_taken_from_freelist: 1692.
num_chunk_merges: 8.
num_chunk_splits: 1172.
num_chunks_enlarged: 884.
num_purges: 0.
num_inconsistent_stats: 0.

CodeCache: size=49152Kb used=11283Kb max_used=11283Kb free=37868Kb
 bounds [0x000002776f360000, 0x000002776fe70000, 0x0000027772360000]
 total_blobs=4908 nmethods=4350 adapters=480
 compilation: enabled
              stopped_count=0, restarted_count=0
 full_count=0

Compilation events (20 events):
Event: 2.505 Thread 0x000002777fe9f6f0 nmethod 4341 0x000002776fe61290 code [0x000002776fe61440, 0x000002776fe617c8]
Event: 2.505 Thread 0x000002777fe9f6f0 4343       1       java.nio.ByteBuffer::arrayOffset (35 bytes)
Event: 2.505 Thread 0x000002777fe9f6f0 nmethod 4343 0x000002776fe61910 code [0x000002776fe61ac0, 0x000002776fe61cd8]
Event: 2.506 Thread 0x0000027700a532e0 4344       1       io.github.classgraph.ModuleRef::getReference (5 bytes)
Event: 2.506 Thread 0x000002777feba6c0 nmethod 4342 0x000002776fe61e10 code [0x000002776fe62060, 0x000002776fe62838]
Event: 2.506 Thread 0x0000027700a532e0 nmethod 4344 0x000002776fe62f90 code [0x000002776fe63120, 0x000002776fe631f8]
Event: 2.506 Thread 0x0000027700cae020 4345   !   1       org.slf4j.LoggerFactory::getProvider (102 bytes)
Event: 2.507 Thread 0x0000027700cae020 nmethod 4345 0x000002776fe63290 code [0x000002776fe63480, 0x000002776fe63898]
Event: 2.508 Thread 0x0000027701277040 4346       1       java.lang.Class::getDeclaredConstructor (31 bytes)
Event: 2.508 Thread 0x000002777fe9f6f0 4347       1       org.slf4j.LoggerFactory::getILoggerFactory (9 bytes)
Event: 2.508 Thread 0x0000027701277040 nmethod 4346 0x000002776fe63a10 code [0x000002776fe63c00, 0x000002776fe63f58]
Event: 2.508 Thread 0x000002777fe9f6f0 nmethod 4347 0x000002776fe64190 code [0x000002776fe64340, 0x000002776fe64418]
Event: 2.509 Thread 0x0000027700a532e0 4348       1       com.google.gson.stream.JsonReader::setLenient (6 bytes)
Event: 2.509 Thread 0x0000027700a532e0 nmethod 4348 0x000002776fe64490 code [0x000002776fe64620, 0x000002776fe646f8]
Event: 2.509 Thread 0x000002777fe9f6f0 4349       1       jdk.internal.loader.ClassLoaders::platformClassLoader (4 bytes)
Event: 2.509 Thread 0x000002777fe9f6f0 nmethod 4349 0x000002776fe64790 code [0x000002776fe64920, 0x000002776fe649d8]
Event: 2.509 Thread 0x0000027701277040 4350       1       com.google.gson.internal.LinkedTreeMap::<init> (41 bytes)
Event: 2.509 Thread 0x000002777fe9f6f0 4351       1       com.google.gson.internal.LinkedTreeMap$Node::<init> (20 bytes)
Event: 2.509 Thread 0x000002777fe9f6f0 nmethod 4351 0x000002776fe64a90 code [0x000002776fe64c20, 0x000002776fe64dd8]
Event: 2.509 Thread 0x000002777fe9f6f0 4352       1       jdk.internal.reflect.ClassFileAssembler::append (30 bytes)

GC Heap History (20 events):
Event: 2.004 GC heap after
{Heap after GC invocations=10 (full 0):
 garbage-first heap   total 81920K, used 26478K [0x0000000701200000, 0x0000000800000000)
  region size 2048K, 5 young (10240K), 5 survivors (10240K)
 Metaspace       used 36936K, committed 37312K, reserved 1089536K
  class space    used 4792K, committed 4992K, reserved 1048576K
}
Event: 2.057 GC heap before
{Heap before GC invocations=10 (full 0):
 garbage-first heap   total 81920K, used 57198K [0x0000000701200000, 0x0000000800000000)
  region size 2048K, 20 young (40960K), 5 survivors (10240K)
 Metaspace       used 37979K, committed 38336K, reserved 1089536K
  class space    used 4886K, committed 5056K, reserved 1048576K
}
Event: 2.061 GC heap after
{Heap after GC invocations=11 (full 0):
 garbage-first heap   total 81920K, used 32008K [0x0000000701200000, 0x0000000800000000)
  region size 2048K, 3 young (6144K), 3 survivors (6144K)
 Metaspace       used 37979K, committed 38336K, reserved 1089536K
  class space    used 4886K, committed 5056K, reserved 1048576K
}
Event: 2.089 GC heap before
{Heap before GC invocations=11 (full 0):
 garbage-first heap   total 81920K, used 56584K [0x0000000701200000, 0x0000000800000000)
  region size 2048K, 16 young (32768K), 3 survivors (6144K)
 Metaspace       used 38437K, committed 38848K, reserved 1089536K
  class space    used 4908K, committed 5120K, reserved 1048576K
}
Event: 2.093 GC heap after
{Heap after GC invocations=12 (full 0):
 garbage-first heap   total 110592K, used 40312K [0x0000000701200000, 0x0000000800000000)
  region size 2048K, 2 young (4096K), 2 survivors (4096K)
 Metaspace       used 38437K, committed 38848K, reserved 1089536K
  class space    used 4908K, committed 5120K, reserved 1048576K
}
Event: 2.136 GC heap before
{Heap before GC invocations=12 (full 0):
 garbage-first heap   total 110592K, used 73080K [0x0000000701200000, 0x0000000800000000)
  region size 2048K, 19 young (38912K), 2 survivors (4096K)
 Metaspace       used 38807K, committed 39232K, reserved 1089536K
  class space    used 4947K, committed 5120K, reserved 1048576K
}
Event: 2.139 GC heap after
{Heap after GC invocations=13 (full 0):
 garbage-first heap   total 110592K, used 46957K [0x0000000701200000, 0x0000000800000000)
  region size 2048K, 3 young (6144K), 3 survivors (6144K)
 Metaspace       used 38807K, committed 39232K, reserved 1089536K
  class space    used 4947K, committed 5120K, reserved 1048576K
}
Event: 2.293 GC heap before
{Heap before GC invocations=13 (full 0):
 garbage-first heap   total 110592K, used 75629K [0x0000000701200000, 0x0000000800000000)
  region size 2048K, 18 young (36864K), 3 survivors (6144K)
 Metaspace       used 39584K, committed 40000K, reserved 1089536K
  class space    used 5056K, committed 5248K, reserved 1048576K
}
Event: 2.296 GC heap after
{Heap after GC invocations=14 (full 0):
 garbage-first heap   total 110592K, used 55129K [0x0000000701200000, 0x0000000800000000)
  region size 2048K, 3 young (6144K), 3 survivors (6144K)
 Metaspace       used 39584K, committed 40000K, reserved 1089536K
  class space    used 5056K, committed 5248K, reserved 1048576K
}
Event: 2.371 GC heap before
{Heap before GC invocations=14 (full 0):
 garbage-first heap   total 110592K, used 77657K [0x0000000701200000, 0x0000000800000000)
  region size 2048K, 15 young (30720K), 3 survivors (6144K)
 Metaspace       used 39586K, committed 40000K, reserved 1089536K
  class space    used 5057K, committed 5248K, reserved 1048576K
}
Event: 2.375 GC heap after
{Heap after GC invocations=15 (full 0):
 garbage-first heap   total 110592K, used 65677K [0x0000000701200000, 0x0000000800000000)
  region size 2048K, 2 young (4096K), 2 survivors (4096K)
 Metaspace       used 39586K, committed 40000K, reserved 1089536K
  class space    used 5057K, committed 5248K, reserved 1048576K
}
Event: 2.406 GC heap before
{Heap before GC invocations=15 (full 0):
 garbage-first heap   total 131072K, used 77965K [0x0000000701200000, 0x0000000800000000)
  region size 2048K, 9 young (18432K), 2 survivors (4096K)
 Metaspace       used 39869K, committed 40256K, reserved 1089536K
  class space    used 5099K, committed 5248K, reserved 1048576K
}
Event: 2.418 GC heap after
{Heap after GC invocations=16 (full 0):
 garbage-first heap   total 245760K, used 74046K [0x0000000701200000, 0x0000000800000000)
  region size 2048K, 2 young (4096K), 2 survivors (4096K)
 Metaspace       used 39869K, committed 40256K, reserved 1089536K
  class space    used 5099K, committed 5248K, reserved 1048576K
}
Event: 2.441 GC heap before
{Heap before GC invocations=17 (full 0):
 garbage-first heap   total 245760K, used 147774K [0x0000000701200000, 0x0000000800000000)
  region size 2048K, 39 young (79872K), 2 survivors (4096K)
 Metaspace       used 39881K, committed 40320K, reserved 1089536K
  class space    used 5099K, committed 5248K, reserved 1048576K
}
Event: 2.444 GC heap after
{Heap after GC invocations=18 (full 0):
 garbage-first heap   total 245760K, used 77397K [0x0000000701200000, 0x0000000800000000)
  region size 2048K, 4 young (8192K), 4 survivors (8192K)
 Metaspace       used 39881K, committed 40320K, reserved 1089536K
  class space    used 5099K, committed 5248K, reserved 1048576K
}
Event: 2.468 GC heap before
{Heap before GC invocations=18 (full 0):
 garbage-first heap   total 245760K, used 173653K [0x0000000701200000, 0x0000000800000000)
  region size 2048K, 52 young (106496K), 4 survivors (8192K)
 Metaspace       used 39941K, committed 40384K, reserved 1089536K
  class space    used 5106K, committed 5248K, reserved 1048576K
}
Event: 2.473 GC heap after
{Heap after GC invocations=19 (full 0):
 garbage-first heap   total 245760K, used 81056K [0x0000000701200000, 0x0000000800000000)
  region size 2048K, 6 young (12288K), 6 survivors (12288K)
 Metaspace       used 39941K, committed 40384K, reserved 1089536K
  class space    used 5106K, committed 5248K, reserved 1048576K
}
Event: 2.487 GC heap before
{Heap before GC invocations=19 (full 0):
 garbage-first heap   total 245760K, used 179360K [0x0000000701200000, 0x0000000800000000)
  region size 2048K, 55 young (112640K), 6 survivors (12288K)
 Metaspace       used 40092K, committed 40576K, reserved 1089536K
  class space    used 5129K, committed 5312K, reserved 1048576K
}
Event: 2.493 GC heap after
{Heap after GC invocations=20 (full 0):
 garbage-first heap   total 245760K, used 85365K [0x0000000701200000, 0x0000000800000000)
  region size 2048K, 6 young (12288K), 6 survivors (12288K)
 Metaspace       used 40092K, committed 40576K, reserved 1089536K
  class space    used 5129K, committed 5312K, reserved 1048576K
}
Event: 2.509 GC heap before
{Heap before GC invocations=20 (full 0):
 garbage-first heap   total 245760K, used 185717K [0x0000000701200000, 0x0000000800000000)
  region size 2048K, 56 young (114688K), 6 survivors (12288K)
 Metaspace       used 40230K, committed 40640K, reserved 1089536K
  class space    used 5153K, committed 5312K, reserved 1048576K
}

Dll operation events (8 events):
Event: 0.010 Loaded shared library c:\Users\rafae\.vscode\extensions\redhat.java-1.14.0-win32-x64\jre\17.0.5-win32-x86_64\bin\java.dll
Event: 0.149 Loaded shared library C:\Users\rafae\.vscode\extensions\redhat.java-1.14.0-win32-x64\jre\17.0.5-win32-x86_64\bin\net.dll
Event: 0.152 Loaded shared library C:\Users\rafae\.vscode\extensions\redhat.java-1.14.0-win32-x64\jre\17.0.5-win32-x86_64\bin\nio.dll
Event: 0.156 Loaded shared library C:\Users\rafae\.vscode\extensions\redhat.java-1.14.0-win32-x64\jre\17.0.5-win32-x86_64\bin\zip.dll
Event: 0.256 Loaded shared library C:\Users\rafae\.vscode\extensions\redhat.java-1.14.0-win32-x64\jre\17.0.5-win32-x86_64\bin\jimage.dll
Event: 0.322 Loaded shared library c:\Users\rafae\.vscode\extensions\redhat.java-1.14.0-win32-x64\jre\17.0.5-win32-x86_64\bin\verify.dll
Event: 1.696 Loaded shared library C:\Users\rafae\.vscode\extensions\redhat.java-1.14.0-win32-x64\jre\17.0.5-win32-x86_64\bin\management.dll
Event: 1.698 Loaded shared library C:\Users\rafae\.vscode\extensions\redhat.java-1.14.0-win32-x64\jre\17.0.5-win32-x86_64\bin\management_ext.dll

Deoptimization events (10 events):
Event: 0.937 Thread 0x000002776c6f6fb0 DEOPT PACKING pc=0x000002776f9ab279 sp=0x0000007b5d6fd7a0
Event: 0.937 Thread 0x000002776c6f6fb0 DEOPT UNPACKING pc=0x000002776f3b2b43 sp=0x0000007b5d6fcc80 mode 3
Event: 1.825 Thread 0x00000277015acf00 DEOPT PACKING pc=0x000002776fc449ed sp=0x0000007b5fffd360
Event: 1.825 Thread 0x00000277015acf00 DEOPT UNPACKING pc=0x000002776f3b2b43 sp=0x0000007b5fffc878 mode 3
Event: 1.871 Thread 0x00000277015afb90 DEOPT PACKING pc=0x000002776fc5cc93 sp=0x0000007b600fe490
Event: 1.871 Thread 0x00000277015afb90 DEOPT UNPACKING pc=0x000002776f3b2b43 sp=0x0000007b600fd9d8 mode 3
Event: 1.891 Thread 0x00000277015a6830 DEOPT PACKING pc=0x000002776f9b2309 sp=0x0000007b5fefd800
Event: 1.891 Thread 0x00000277015a6830 DEOPT UNPACKING pc=0x000002776f3b2b43 sp=0x0000007b5fefcc90 mode 3
Event: 2.205 Thread 0x00000277015acf00 DEOPT PACKING pc=0x000002776f9a999f sp=0x0000007b5fffefd0
Event: 2.205 Thread 0x00000277015acf00 DEOPT UNPACKING pc=0x000002776f3b2b43 sp=0x0000007b5fffe428 mode 3

Classes unloaded (0 events):
No events

Classes redefined (0 events):
No events

Internal exceptions (20 events):
Event: 1.903 Thread 0x00000277016ac7e0 Exception <a 'sun/nio/fs/WindowsException'{0x0000000711104c10}> (0x0000000711104c10) 
thrown [s\src\hotspot\share\prims\jni.cpp, line 516]
Event: 1.903 Thread 0x00000277016ac7e0 Exception <a 'sun/nio/fs/WindowsException'{0x0000000711104ff0}> (0x0000000711104ff0) 
thrown [s\src\hotspot\share\prims\jni.cpp, line 516]
Event: 1.903 Thread 0x00000277016ac7e0 Exception <a 'sun/nio/fs/WindowsException'{0x00000007111059e0}> (0x00000007111059e0) 
thrown [s\src\hotspot\share\prims\jni.cpp, line 516]
Event: 1.904 Thread 0x00000277016ac7e0 Exception <a 'sun/nio/fs/WindowsException'{0x0000000711105d88}> (0x0000000711105d88) 
thrown [s\src\hotspot\share\prims\jni.cpp, line 516]
Event: 1.904 Thread 0x00000277016ac7e0 Exception <a 'sun/nio/fs/WindowsException'{0x0000000711106788}> (0x0000000711106788) 
thrown [s\src\hotspot\share\prims\jni.cpp, line 516]
Event: 1.904 Thread 0x00000277016ac7e0 Exception <a 'sun/nio/fs/WindowsException'{0x0000000711106b48}> (0x0000000711106b48) 
thrown [s\src\hotspot\share\prims\jni.cpp, line 516]
Event: 1.904 Thread 0x00000277016ac7e0 Exception <a 'sun/nio/fs/WindowsException'{0x0000000711107548}> (0x0000000711107548) 
thrown [s\src\hotspot\share\prims\jni.cpp, line 516]
Event: 1.905 Thread 0x00000277016ac7e0 Exception <a 'sun/nio/fs/WindowsException'{0x00000007111078f8}> (0x00000007111078f8) 
thrown [s\src\hotspot\share\prims\jni.cpp, line 516]
Event: 1.905 Thread 0x00000277016ac7e0 Exception <a 'sun/nio/fs/WindowsException'{0x00000007111082f8}> (0x00000007111082f8) 
thrown [s\src\hotspot\share\prims\jni.cpp, line 516]
Event: 1.905 Thread 0x00000277016ac7e0 Exception <a 'sun/nio/fs/WindowsException'{0x00000007111086b8}> (0x00000007111086b8) 
thrown [s\src\hotspot\share\prims\jni.cpp, line 516]
Event: 1.905 Thread 0x00000277016ac7e0 Exception <a 'sun/nio/fs/WindowsException'{0x00000007111090e0}> (0x00000007111090e0) 
thrown [s\src\hotspot\share\prims\jni.cpp, line 516]
Event: 1.906 Thread 0x00000277016ac7e0 Exception <a 'sun/nio/fs/WindowsException'{0x00000007111094c0}> (0x00000007111094c0) 
thrown [s\src\hotspot\share\prims\jni.cpp, line 516]
Event: 1.906 Thread 0x00000277016ac7e0 Exception <a 'sun/nio/fs/WindowsException'{0x0000000711109ef8}> (0x0000000711109ef8) 
thrown [s\src\hotspot\share\prims\jni.cpp, line 516]
Event: 1.906 Thread 0x00000277016ac7e0 Exception <a 'sun/nio/fs/WindowsException'{0x000000071110a2e8}> (0x000000071110a2e8) 
thrown [s\src\hotspot\share\prims\jni.cpp, line 516]
Event: 1.906 Thread 0x00000277016ac7e0 Exception <a 'sun/nio/fs/WindowsException'{0x000000071110ad10}> (0x000000071110ad10) 
thrown [s\src\hotspot\share\prims\jni.cpp, line 516]
Event: 1.907 Thread 0x00000277016ac7e0 Exception <a 'sun/nio/fs/WindowsException'{0x000000071110b100}> (0x000000071110b100) 
thrown [s\src\hotspot\share\prims\jni.cpp, line 516]
Event: 2.147 Thread 0x00000277015acf00 Exception <a 'java/lang/NoSuchMethodError'{0x00000007089e3d10}: 'java.lang.Object java.lang.invoke.Invokers$Holder.invoke_MT(java.lang.Object, java.lang.Object, java.lang.Object)'> (0x00000007089e3d10) 
thrown [s\src\hotspot\share\interpreter\linkResolver.cpp, line 759]
Event: 2.202 Thread 0x00000277015acf00 Exception <a 'java/lang/NoSuchMethodError'{0x000000070668aaf0}: 'java.lang.Object java.lang.invoke.DirectMethodHandle$Holder.newInvokeSpecial(java.lang.Object, java.lang.Object, int)'> (0x000000070668aaf0) 
thrown [s\src\hotspot\share\interpreter\linkResolver.cpp, line 759]
Event: 2.209 Thread 0x000002770170aad0 Exception <a 'sun/nio/fs/WindowsException'{0x00000007067e35d8}> (0x00000007067e35d8) 
thrown [s\src\hotspot\share\prims\jni.cpp, line 516]
Event: 2.404 Thread 0x000002770170daf0 Exception <a 'java/lang/NoSuchMethodError'{0x0000000708d7e230}: 'void java.lang.invoke.DirectMethodHandle$Holder.invokeVirtual(java.lang.Object, java.lang.Object, java.lang.Object, java.lang.Object)'> (0x0000000708d7e230) 
thrown [s\src\hotspot\share\interpreter\linkResolver.cpp, line 759]

VM Operations (20 events):
Event: 2.406 Executing VM operation: G1CollectForAllocation done
Event: 2.406 Executing VM operation: G1CollectForAllocation
Event: 2.418 Executing VM operation: G1CollectForAllocation done
Event: 2.419 Executing VM operation: G1Concurrent
Event: 2.419 Executing VM operation: G1Concurrent done
Event: 2.439 Executing VM operation: G1CollectForAllocation
Event: 2.440 Executing VM operation: G1CollectForAllocation done
Event: 2.441 Executing VM operation: G1CollectForAllocation
Event: 2.444 Executing VM operation: G1CollectForAllocation done
Event: 2.467 Executing VM operation: HandshakeAllThreads
Event: 2.468 Executing VM operation: HandshakeAllThreads done
Event: 2.468 Executing VM operation: G1CollectForAllocation
Event: 2.473 Executing VM operation: G1CollectForAllocation done
Event: 2.487 Executing VM operation: G1CollectForAllocation
Event: 2.487 Executing VM operation: G1CollectForAllocation done
Event: 2.487 Executing VM operation: G1CollectForAllocation
Event: 2.493 Executing VM operation: G1CollectForAllocation done
Event: 2.509 Executing VM operation: G1CollectForAllocation
Event: 2.509 Executing VM operation: G1CollectForAllocation done
Event: 2.509 Executing VM operation: G1CollectForAllocation

Events (20 events):
Event: 2.206 loading class sun/security/provider/MD5
Event: 2.206 loading class sun/security/provider/MD5 done
Event: 2.206 loading class sun/security/provider/ByteArrayAccess$LE
Event: 2.206 loading class sun/security/provider/ByteArrayAccess$LE done
Event: 2.385 loading class java/util/concurrent/CompletableFuture$BiRelay
Event: 2.385 loading class java/util/concurrent/CompletableFuture$BiCompletion
Event: 2.385 loading class java/util/concurrent/CompletableFuture$BiCompletion done
Event: 2.385 loading class java/util/concurrent/CompletableFuture$BiRelay done
Event: 2.385 loading class java/util/concurrent/CompletableFuture$CoCompletion
Event: 2.385 loading class java/util/concurrent/CompletableFuture$CoCompletion done
Event: 2.386 Thread 0x000002770170daf0 Thread added: 0x000002770170daf0
Event: 2.386 Thread 0x000002770170b940 Thread added: 0x000002770170b940
Event: 2.397 loading class java/time/format/DateTimeFormatterBuilder$ZoneTextPrinterParser
Event: 2.397 loading class java/time/format/DateTimeFormatterBuilder$ZoneTextPrinterParser done
Event: 2.397 loading class java/time/format/DateTimeFormatterBuilder$ReducedPrinterParser
Event: 2.397 loading class java/time/format/DateTimeFormatterBuilder$ReducedPrinterParser done
Event: 2.505 loading class jdk/internal/reflect/UnsafeQualifiedObjectFieldAccessorImpl
Event: 2.505 loading class jdk/internal/reflect/UnsafeQualifiedObjectFieldAccessorImpl done
Event: 2.506 loading class jdk/internal/reflect/UnsafeQualifiedLongFieldAccessorImpl
Event: 2.506 loading class jdk/internal/reflect/UnsafeQualifiedLongFieldAccessorImpl done


Dynamic libraries:
0x00007ff671830000 - 0x00007ff67183e000 	c:\Users\rafae\.vscode\extensions\redhat.java-1.14.0-win32-x64\jre\17.0.5-win32-x86_64\bin\java.exe
0x00007fffbcf10000 - 0x00007fffbd124000 	C:\WINDOWS\SYSTEM32\ntdll.dll
0x00007fffbc8b0000 - 0x00007fffbc973000 	C:\WINDOWS\System32\KERNEL32.DLL
0x00007fffba570000 - 0x00007fffba90d000 	C:\WINDOWS\System32\KERNELBASE.dll
0x00007fffba330000 - 0x00007fffba441000 	C:\WINDOWS\System32\ucrtbase.dll
0x00007fffb0020000 - 0x00007fffb0037000 	c:\Users\rafae\.vscode\extensions\redhat.java-1.14.0-win32-x64\jre\17.0.5-win32-x86_64\bin\jli.dll
0x00007fffbcaa0000 - 0x00007fffbcc4d000 	C:\WINDOWS\System32\USER32.dll
0x00007fffba540000 - 0x00007fffba566000 	C:\WINDOWS\System32\win32u.dll
0x00007fffbcda0000 - 0x00007fffbcdc9000 	C:\WINDOWS\System32\GDI32.dll
0x00007fffba9d0000 - 0x00007fffbaae2000 	C:\WINDOWS\System32\gdi32full.dll
0x00007fffbac60000 - 0x00007fffbacfa000 	C:\WINDOWS\System32\msvcp_win.dll
0x00007fffa6d90000 - 0x00007fffa6da9000 	c:\Users\rafae\.vscode\extensions\redhat.java-1.14.0-win32-x64\jre\17.0.5-win32-x86_64\bin\VCRUNTIME140.dll
0x00007fffab020000 - 0x00007fffab2ae000 	C:\WINDOWS\WinSxS\amd64_microsoft.windows.common-controls_6595b64144ccf1df_6.0.22621.608_none_a9444ca7c10bb01d\COMCTL32.dll
0x00007fffbc270000 - 0x00007fffbc317000 	C:\WINDOWS\System32\msvcrt.dll
0x00007fffbcdd0000 - 0x00007fffbce02000 	C:\WINDOWS\System32\IMM32.DLL
0x00007fffbb8f0000 - 0x00007fffbba05000 	C:\WINDOWS\System32\RPCRT4.dll
0x00007fffb9680000 - 0x00007fffb96c2000 	C:\WINDOWS\SYSTEM32\SspiCli.dll
0x00007fffb63a0000 - 0x00007fffb63ac000 	c:\Users\rafae\.vscode\extensions\redhat.java-1.14.0-win32-x64\jre\17.0.5-win32-x86_64\bin\vcruntime140_1.dll
0x00007fff9c020000 - 0x00007fff9c0b1000 	c:\Users\rafae\.vscode\extensions\redhat.java-1.14.0-win32-x64\jre\17.0.5-win32-x86_64\bin\msvcp140.dll
0x00007fff67690000 - 0x00007fff682d4000 	c:\Users\rafae\.vscode\extensions\redhat.java-1.14.0-win32-x64\jre\17.0.5-win32-x86_64\bin\server\jvm.dll
0x00007fffbbbd0000 - 0x00007fffbbc7e000 	C:\WINDOWS\System32\ADVAPI32.dll
0x00007fffbad00000 - 0x00007fffbada4000 	C:\WINDOWS\System32\sechost.dll
0x00007fff10330000 - 0x00007fff10339000 	C:\WINDOWS\SYSTEM32\WSOCK32.dll
0x00007fffbc7a0000 - 0x00007fffbc811000 	C:\WINDOWS\System32\WS2_32.dll
0x00007fffb00d0000 - 0x00007fffb0104000 	C:\WINDOWS\SYSTEM32\WINMM.dll
0x00007fffb0e70000 - 0x00007fffb0e7a000 	C:\WINDOWS\SYSTEM32\VERSION.dll
0x00007fffb9430000 - 0x00007fffb9448000 	C:\WINDOWS\SYSTEM32\kernel.appcore.dll
0x00007fffb6390000 - 0x00007fffb639a000 	c:\Users\rafae\.vscode\extensions\redhat.java-1.14.0-win32-x64\jre\17.0.5-win32-x86_64\bin\jimage.dll
0x00007fffada30000 - 0x00007fffadc5e000 	C:\WINDOWS\SYSTEM32\DBGHELP.DLL
0x00007fffbbec0000 - 0x00007fffbc24a000 	C:\WINDOWS\System32\combase.dll
0x00007fffbccb0000 - 0x00007fffbcd87000 	C:\WINDOWS\System32\OLEAUT32.dll
0x00007fffafa20000 - 0x00007fffafa52000 	C:\WINDOWS\SYSTEM32\dbgcore.DLL
0x00007fffba450000 - 0x00007fffba4cb000 	C:\WINDOWS\System32\bcryptPrimitives.dll
0x00007fffa4ee0000 - 0x00007fffa4f05000 	c:\Users\rafae\.vscode\extensions\redhat.java-1.14.0-win32-x64\jre\17.0.5-win32-x86_64\bin\java.dll
0x00007fffa6d60000 - 0x00007fffa6d78000 	c:\Users\rafae\.vscode\extensions\redhat.java-1.14.0-win32-x64\jre\17.0.5-win32-x86_64\bin\zip.dll
0x00007fffbaf80000 - 0x00007fffbb76f000 	C:\WINDOWS\System32\SHELL32.dll
0x00007fffb8300000 - 0x00007fffb8bc8000 	C:\WINDOWS\SYSTEM32\windows.storage.dll
0x00007fffb81c0000 - 0x00007fffb82fe000 	C:\WINDOWS\SYSTEM32\wintypes.dll
0x00007fffbb770000 - 0x00007fffbb861000 	C:\WINDOWS\System32\SHCORE.dll
0x00007fffbcc50000 - 0x00007fffbccae000 	C:\WINDOWS\System32\shlwapi.dll
0x00007fffba260000 - 0x00007fffba281000 	C:\WINDOWS\SYSTEM32\profapi.dll
0x00007fffa56e0000 - 0x00007fffa56f9000 	C:\Users\rafae\.vscode\extensions\redhat.java-1.14.0-win32-x64\jre\17.0.5-win32-x86_64\bin\net.dll
0x00007fffb4c90000 - 0x00007fffb4dbf000 	C:\WINDOWS\SYSTEM32\WINHTTP.dll
0x00007fffb9890000 - 0x00007fffb98f9000 	C:\WINDOWS\system32\mswsock.dll
0x00007fff9f040000 - 0x00007fff9f055000 	C:\Users\rafae\.vscode\extensions\redhat.java-1.14.0-win32-x64\jre\17.0.5-win32-x86_64\bin\nio.dll
0x00007fffa1bc0000 - 0x00007fffa1bd0000 	c:\Users\rafae\.vscode\extensions\redhat.java-1.14.0-win32-x64\jre\17.0.5-win32-x86_64\bin\verify.dll
0x00007fffb9bb0000 - 0x00007fffb9bcb000 	C:\WINDOWS\SYSTEM32\CRYPTSP.dll
0x00007fffb93a0000 - 0x00007fffb93d5000 	C:\WINDOWS\system32\rsaenh.dll
0x00007fffb9930000 - 0x00007fffb9958000 	C:\WINDOWS\SYSTEM32\USERENV.dll
0x00007fffb9cd0000 - 0x00007fffb9cf8000 	C:\WINDOWS\SYSTEM32\bcrypt.dll
0x00007fffb9b90000 - 0x00007fffb9b9c000 	C:\WINDOWS\SYSTEM32\CRYPTBASE.dll
0x00007fffb8e60000 - 0x00007fffb8e8d000 	C:\WINDOWS\SYSTEM32\IPHLPAPI.DLL
0x00007fffbcd90000 - 0x00007fffbcd99000 	C:\WINDOWS\System32\NSI.dll
0x00007fffb4c60000 - 0x00007fffb4c79000 	C:\WINDOWS\SYSTEM32\dhcpcsvc6.DLL
0x00007fffb49b0000 - 0x00007fffb49cf000 	C:\WINDOWS\SYSTEM32\dhcpcsvc.DLL
0x00007fffb8ee0000 - 0x00007fffb8fd2000 	C:\WINDOWS\SYSTEM32\DNSAPI.dll
0x00007fffa12d0000 - 0x00007fffa12d9000 	C:\Users\rafae\.vscode\extensions\redhat.java-1.14.0-win32-x64\jre\17.0.5-win32-x86_64\bin\management.dll
0x00007fff9f030000 - 0x00007fff9f03b000 	C:\Users\rafae\.vscode\extensions\redhat.java-1.14.0-win32-x64\jre\17.0.5-win32-x86_64\bin\management_ext.dll
0x00007fffbcec0000 - 0x00007fffbcec8000 	C:\WINDOWS\System32\PSAPI.DLL

dbghelp: loaded successfully - version: 4.0.5 - missing functions: none
symbol engine: initialized successfully - sym options: 0x614 - pdb path: .;c:\Users\rafae\.vscode\extensions\redhat.java-1.14.0-win32-x64\jre\17.0.5-win32-x86_64\bin;C:\WINDOWS\SYSTEM32;C:\WINDOWS\WinSxS\amd64_microsoft.windows.common-controls_6595b64144ccf1df_6.0.22621.608_none_a9444ca7c10bb01d;c:\Users\rafae\.vscode\extensions\redhat.java-1.14.0-win32-x64\jre\17.0.5-win32-x86_64\bin\server

VM Arguments:
jvm_args: -Dsts.lsp.client=vscode -Dsts.log.file=/dev/null -XX:TieredStopAtLevel=1 -Xlog:jni+resolve=off -Dspring.config.location=file:c:\Users\rafae\.vscode\extensions\pivotal.vscode-spring-boot-1.43.0\language-server\BOOT-INF\classes\application.properties 
java_command: org.springframework.ide.vscode.boot.app.BootLanguageServerBootApp
java_class_path (initial): c:\Users\rafae\.vscode\extensions\pivotal.vscode-spring-boot-1.43.0\language-server\BOOT-INF\classes;c:\Users\rafae\.vscode\extensions\pivotal.vscode-spring-boot-1.43.0\language-server\BOOT-INF\lib\annotations-23.1.0.jar;c:\Users\rafae\.vscode\extensions\pivotal.vscode-spring-boot-1.43.0\language-server\BOOT-INF\lib\ant-1.10.12.jar;c:\Users\rafae\.vscode\extensions\pivotal.vscode-spring-boot-1.43.0\language-server\BOOT-INF\lib\ant-launcher-1.10.12.jar;c:\Users\rafae\.vscode\extensions\pivotal.vscode-spring-boot-1.43.0\language-server\BOOT-INF\lib\antlr-runtime-3.5.2.jar;c:\Users\rafae\.vscode\extensions\pivotal.vscode-spring-boot-1.43.0\language-server\BOOT-INF\lib\antlr4-4.9.3.jar;c:\Users\rafae\.vscode\extensions\pivotal.vscode-spring-boot-1.43.0\language-server\BOOT-INF\lib\antlr4-runtime-4.9.3.jar;c:\Users\rafae\.vscode\extensions\pivotal.vscode-spring-boot-1.43.0\language-server\BOOT-INF\lib\apiguardian-api-1.1.2.jar;c:\Users\rafae\.vscode\extensions\pivotal.vscode-spring-boot-1.43.0\language-server\BOOT-INF\lib\asm-9.4.jar;c:\Users\rafae\.vscode\extensions\pivotal.vscode-spring-boot-1.43.0\language-server\BOOT-INF\lib\asm-analysis-9.4.jar;c:\Users\rafae\.vscode\extensions\pivotal.vscode-spring-boot-1.43.0\language-server\BOOT-INF\lib\asm-tree-9.4.jar;c:\Users\rafae\.vscode\extensions\pivotal.vscode-spring-boot-1.43.0\language-server\BOOT-INF\lib\asm-util-9.4.jar;c:\Users\rafae\.vscode\extensions\pivotal.vscode-spring-boot-1.43.0\language-server\BOOT-INF\lib\caffeine-3.1.2.jar;c:\Users\rafae\.vscode\extensions\pivotal.vscode-spring-boot-1.43.0\language-server\BOOT-INF\lib\checker-qual-3.12.0.jar;c:\Users\rafae\.vscode\extensions\pivotal.vscode-spring-boot-1.43.0\language-server\BOOT-INF\lib\ci-environment-9.1.0.jar;c:\Users\rafae\.vscode\extensions\pivotal.vscode-spring-boot-1.43.0\language-server\BOOT-INF\lib\classgraph-4.8.149.jar;c:\Users\rafae\.vscode\extensions\pivotal.vscode-spring-boot-1.43.0\language-server\BOOT-INF\lib\comm
Launcher Type: SUN_STANDARD

[Global flags]
     intx CICompilerCount                          = 12                                        {product} {ergonomic}
     uint ConcGCThreads                            = 3                                         {product} {ergonomic}
     uint G1ConcRefinementThreads                  = 13                                        {product} {ergonomic}
   size_t G1HeapRegionSize                         = 2097152                                   {product} {ergonomic}
    uintx GCDrainStackTargetSize                   = 64                                        {product} {ergonomic}
   size_t InitialHeapSize                          = 268435456                                 {product} {ergonomic}
   size_t MarkStackSize                            = 4194304                                   {product} {ergonomic}
   size_t MaxHeapSize                              = 4276092928                                {product} {ergonomic}
   size_t MaxNewSize                               = 2564816896                                {product} {ergonomic}
   size_t MinHeapDeltaBytes                        = 2097152                                   {product} {ergonomic}
   size_t MinHeapSize                              = 8388608                                   {product} {ergonomic}
    uintx NonProfiledCodeHeapSize                  = 0                                      {pd product} {ergonomic}
     bool ProfileInterpreter                       = false                                  {pd product} {command line}
    uintx ProfiledCodeHeapSize                     = 0                                      {pd product} {ergonomic}
   size_t SoftMaxHeapSize                          = 4276092928                             {manageable} {ergonomic}
     intx TieredStopAtLevel                        = 1                                         {product} {command line}
     bool UseCompressedClassPointers               = true                           {product lp64_product} {ergonomic}
     bool UseCompressedOops                        = true                           {product lp64_product} {ergonomic}
     bool UseG1GC                                  = true                                      {product} {ergonomic}
     bool UseLargePagesIndividualAllocation        = false                                  {pd product} {ergonomic}

Logging:
Log output configuration:
 #0: stdout all=warning,jni+resolve=off uptime,level,tags
 #1: stderr all=off uptime,level,tags

Environment Variables:
JAVA_HOME=C:\Program Files\Java\zulu11.60.19-ca-jdk11.0.17-win_x64
PATH=C:\Python311\Scripts\;C:\Python311\;C:\Program Files\Java\zulu11.60.19-ca-jdk11.0.17-win_x64\bin;C:\Program Files (x86)\Common Files\Oracle\Java\javapath;C:\ProgramData\Oracle\Java\javapath;C:\WINDOWS\system32;C:\WINDOWS;C:\WINDOWS\System32\Wbem;C:\WINDOWS\System32\WindowsPowerShell\v1.0\;C:\WINDOWS\System32\OpenSSH\;C:\Program Files\NVIDIA Corporation\NVIDIA NvDLISR;C:\ProgramData\chocolatey\bin;C:\Program Files\dotnet\;C:\apache-maven-3.8.3\bin;C:\Program Files\Docker\Docker\resources\bin;C:\Users\rafae\AppData\Roaming\nvm;C:\Program Files\nodejs;C:\Program Files\PowerShell\7\;C:\Program Files\Git\cmd;C:\Python311\Scripts\;C:\Python311\;C:\Program Files\Java\zulu11.60.19-ca-jdk11.0.17-win_x64\bin;C:\Program Files (x86)\Common Files\Oracle\Java\javapath;C:\ProgramData\Oracle\Java\javapath;C:\WINDOWS\system32;C:\WINDOWS;C:\WINDOWS\System32\Wbem;C:\WINDOWS\System32\WindowsPowerShell\v1.0\;C:\WINDOWS\System32\OpenSSH\;C:\Program Files\NVIDIA Corporation\NVIDIA NvDLISR;C:\ProgramData\chocolatey\bin;C:\Program Files\dotnet\;C:\apache-maven-3.8.3\bin;C:\Program Files\Docker\Docker\resources\bin;C:\Users\rafae\AppData\Roaming\nvm;C:\Program Files\nodejs;C:\Program Files\PowerShell\7\;C:\Program Files\Git\cmd;C:\Users\rafae\AppData\Local\Programs\Hyper\resources\bin;D:\Program Files (x86)\Microsoft VS Code\bin;C:\Users\rafae\AppData\Roaming\nvm;C:\Program Files\nodejs;C:\Users\rafae\AppData\Roaming\Hyper;
USERNAME=rafae
OS=Windows_NT
PROCESSOR_IDENTIFIER=AMD64 Family 23 Model 113 Stepping 0, AuthenticAMD
TMP=C:\Users\rafae\AppData\Local\Temp
TEMP=C:\Users\rafae\AppData\Local\Temp



---------------  S Y S T E M  ---------------

OS:
 Windows 11 , 64 bit Build 22621 (10.0.22621.1105)
OS uptime: 0 days 5:27 hours
Hyper-V role detected

CPU: total 16 (initial active 16) (16 cores per cpu, 2 threads per core) family 23 model 113 stepping 0 microcode 0x0, cx8, cmov, fxsr, ht, mmx, 3dnowpref, sse, sse2, sse3, ssse3, sse4a, sse4.1, sse4.2, popcnt, lzcnt, tsc, tscinvbit, avx, avx2, aes, clmul, bmi1, bmi2, adx, sha, fma, vzeroupper, clflush, clflushopt, hv

Memory: 4k page, system-wide physical 16307M (404M free)
TotalPageFile size 46021M (AvailPageFile size 15M)
current process WorkingSet (physical memory assigned to process): 349M, peak: 349M
current process commit charge ("private bytes"): 424M, peak: 730M

vm_info: OpenJDK 64-Bit Server VM (17.0.5+8) for windows-amd64 JRE (17.0.5+8), built on Oct 19 2022 04:48:13 by "temurin" with MS VC++ 16.7 (VS2019)

END.
