#
# There is insufficient memory for the Java Runtime Environment to continue.
# Native memory allocation (mmap) failed to map 52428800 bytes for G1 virtual space
# Possible reasons:
#   The system is out of physical RAM or swap space
#   The process is running with CompressedOops enabled, and the Java Heap may be blocking the growth of the native heap
# Possible solutions:
#   Reduce memory load on the system
#   Increase physical memory or swap space
#   Check if swap backing store is full
#   Decrease Java heap size (-Xmx/-Xms)
#   Decrease number of Java threads
#   Decrease Java thread stack sizes (-Xss)
#   Set larger code cache with -XX:ReservedCodeCacheSize=
#   JVM is running with Zero Based Compressed Oops mode in which the Java heap is
#     placed in the first 32GB address space. The Java Heap base address is the
#     maximum limit for the native heap growth. Please use -XX:HeapBaseMinAddress
#     to set the Java Heap base and to place the Java Heap above 32GB virtual address.
# This output file may be truncated or incomplete.
#
#  Out of Memory Error (os_windows.cpp:3548), pid=31516, tid=33288
#
# JRE version: OpenJDK Runtime Environment Temurin-17.0.5+8 (17.0.5+8) (build 17.0.5+8)
# Java VM: OpenJDK 64-Bit Server VM Temurin-17.0.5+8 (17.0.5+8, mixed mode, emulated-client, tiered, compressed oops, compressed class ptrs, g1 gc, windows-amd64)
# No core dump will be written. Minidumps are not enabled by default on client versions of Windows
#

---------------  S U M M A R Y ------------

Command Line: -Dsts.lsp.client=vscode -Dsts.log.file=/dev/null -XX:TieredStopAtLevel=1 -Xlog:jni+resolve=off -Dspring.config.location=file:c:\Users\rafae\.vscode\extensions\pivotal.vscode-spring-boot-1.43.0\language-server\BOOT-INF\classes\application.properties org.springframework.ide.vscode.boot.app.BootLanguageServerBootApp

Host: AMD Ryzen 7 3700X 8-Core Processor             , 16 cores, 15G,  Windows 11 , 64 bit Build 22621 (10.0.22621.1105)
Time: Mon Jan 23 12:59:58 2023 Hora oficial do Brasil elapsed time: 2.755609 seconds (0d 0h 0m 2s)

---------------  T H R E A D  ---------------

Current thread (0x000001c2748234e0):  VMThread "VM Thread" [stack: 0x00000039e4200000,0x00000039e4300000] [id=33288]

Stack: [0x00000039e4200000,0x00000039e4300000]
Native frames: (J=compiled Java code, j=interpreted, Vv=VM code, C=native code)
V  [jvm.dll+0x676b3a]
V  [jvm.dll+0x831444]
V  [jvm.dll+0x832bee]
V  [jvm.dll+0x833253]
V  [jvm.dll+0x244ce5]
V  [jvm.dll+0x673a49]
V  [jvm.dll+0x66811a]
V  [jvm.dll+0x303ceb]
V  [jvm.dll+0x30b1e6]
V  [jvm.dll+0x35adbe]
V  [jvm.dll+0x35afef]
V  [jvm.dll+0x2dab88]
V  [jvm.dll+0x2d8e3c]
V  [jvm.dll+0x2d840c]
V  [jvm.dll+0x31c31b]
V  [jvm.dll+0x8376fb]
V  [jvm.dll+0x838434]
V  [jvm.dll+0x83894c]
V  [jvm.dll+0x838d24]
V  [jvm.dll+0x838df0]
V  [jvm.dll+0x7e17ea]
V  [jvm.dll+0x6759e5]
C  [ucrtbase.dll+0x29363]
C  [KERNEL32.DLL+0x126bd]
C  [ntdll.dll+0x5dfb8]

VM_Operation (0x00000039e75fdbd0): G1CollectForAllocation, mode: safepoint, requested by thread 0x000001c276404d70


---------------  P R O C E S S  ---------------

Threads class SMR info:
_java_thread_list=0x000001c2762dc8e0, length=50, elements={
0x000001c274872390, 0x000001c274872f40, 0x000001c27489e3e0, 0x000001c27489ed90,
0x000001c27489f740, 0x000001c2748a4110, 0x000001c2748a5ad0, 0x000001c2748b28f0,
0x000001c274aaadd0, 0x000001c274ac4100, 0x000001c274ad8010, 0x000001c275120ab0,
0x000001c2753c8160, 0x000001c2759958e0, 0x000001c2760a12d0, 0x000001c2761f0000,
0x000001c276269070, 0x000001c261516fb0, 0x000001c276323df0, 0x000001c27636ca20,
0x000001c276363fa0, 0x000001c27637b1f0, 0x000001c2763a1020, 0x000001c2763ce090,
0x000001c2763cd220, 0x000001c2763cdbc0, 0x000001c2763cd6f0, 0x000001c2763cea30,
0x000001c2763ce560, 0x000001c2763fe860, 0x000001c276403a30, 0x000001c276403f00,
0x000001c276405240, 0x000001c276405710, 0x000001c2763fed30, 0x000001c2764013b0,
0x000001c276404d70, 0x000001c2764048a0, 0x000001c2763ffba0, 0x000001c2763ff200,
0x000001c276403090, 0x000001c276400ee0, 0x000001c276401880, 0x000001c2763fe390,
0x000001c2763fdec0, 0x000001c2763ff6d0, 0x000001c276403560, 0x000001c276400070,
0x000001c276400540, 0x000001c2764026f0
}

Java Threads: ( => current thread )
  0x000001c274872390 JavaThread "Reference Handler" daemon [_thread_blocked, id=9644, stack(0x00000039e4300000,0x00000039e4400000)]
  0x000001c274872f40 JavaThread "Finalizer" daemon [_thread_blocked, id=27124, stack(0x00000039e4400000,0x00000039e4500000)]
  0x000001c27489e3e0 JavaThread "Signal Dispatcher" daemon [_thread_blocked, id=19244, stack(0x00000039e4500000,0x00000039e4600000)]
  0x000001c27489ed90 JavaThread "Attach Listener" daemon [_thread_blocked, id=30744, stack(0x00000039e4600000,0x00000039e4700000)]
  0x000001c27489f740 JavaThread "Service Thread" daemon [_thread_blocked, id=30964, stack(0x00000039e4700000,0x00000039e4800000)]
  0x000001c2748a4110 JavaThread "Monitor Deflation Thread" daemon [_thread_blocked, id=2540, stack(0x00000039e4800000,0x00000039e4900000)]
  0x000001c2748a5ad0 JavaThread "C1 CompilerThread0" daemon [_thread_blocked, id=15740, stack(0x00000039e4900000,0x00000039e4a00000)]
  0x000001c2748b28f0 JavaThread "Sweeper thread" daemon [_thread_blocked, id=16568, stack(0x00000039e4a00000,0x00000039e4b00000)]
  0x000001c274aaadd0 JavaThread "C1 CompilerThread1" daemon [_thread_blocked, id=10844, stack(0x00000039e4b00000,0x00000039e4c00000)]
  0x000001c274ac4100 JavaThread "Notification Thread" daemon [_thread_blocked, id=30736, stack(0x00000039e4c00000,0x00000039e4d00000)]
  0x000001c274ad8010 JavaThread "Common-Cleaner" daemon [_thread_blocked, id=13620, stack(0x00000039e4e00000,0x00000039e4f00000)]
  0x000001c275120ab0 JavaThread "C1 CompilerThread2" daemon [_thread_blocked, id=31224, stack(0x00000039e4f00000,0x00000039e5000000)]
  0x000001c2753c8160 JavaThread "C1 CompilerThread3" daemon [_thread_blocked, id=25724, stack(0x00000039e5000000,0x00000039e5100000)]
  0x000001c2759958e0 JavaThread "C1 CompilerThread4" daemon [_thread_blocked, id=980, stack(0x00000039e5600000,0x00000039e5700000)]
  0x000001c2760a12d0 JavaThread "boundedElastic-evictor-1" daemon [_thread_blocked, id=11312, stack(0x00000039e6000000,0x00000039e6100000)]
  0x000001c2761f0000 JavaThread "pool-11-thread-1" [_thread_blocked, id=32380, stack(0x00000039e6100000,0x00000039e6200000)]
  0x000001c276269070 JavaThread "LanguageServerApp-lifecycle" [_thread_blocked, id=33084, stack(0x00000039e6200000,0x00000039e6300000)]
  0x000001c261516fb0 JavaThread "DestroyJavaVM" [_thread_blocked, id=31912, stack(0x00000039e3c00000,0x00000039e3d00000)]
  0x000001c276323df0 JavaThread "pool-12-thread-1" [_thread_in_native, id=25356, stack(0x00000039e6300000,0x00000039e6400000)]
  0x000001c27636ca20 JavaThread "Simple-Language-Server main thread" daemon [_thread_blocked, id=28288, stack(0x00000039e6400000,0x00000039e6500000)]
  0x000001c276363fa0 JavaThread "ForkJoinPool.commonPool-worker-1" daemon [_thread_blocked, id=31840, stack(0x00000039e6500000,0x00000039e6600000)]
  0x000001c27637b1f0 JavaThread "ClassGraph-worker-0" daemon [_thread_blocked, id=4404, stack(0x00000039e6600000,0x00000039e6700000)]
  0x000001c2763a1020 JavaThread "ClassGraph-worker-1" daemon [_thread_blocked, id=32852, stack(0x00000039e6700000,0x00000039e6800000)]
  0x000001c2763ce090 JavaThread "ClassGraph-worker-2" daemon [_thread_blocked, id=33080, stack(0x00000039e6800000,0x00000039e6900000)]
  0x000001c2763cd220 JavaThread "ClassGraph-worker-3" daemon [_thread_blocked, id=25028, stack(0x00000039e6900000,0x00000039e6a00000)]
  0x000001c2763cdbc0 JavaThread "ClassGraph-worker-4" daemon [_thread_blocked, id=15176, stack(0x00000039e6a00000,0x00000039e6b00000)]
  0x000001c2763cd6f0 JavaThread "ClassGraph-worker-5" daemon [_thread_blocked, id=11108, stack(0x00000039e6b00000,0x00000039e6c00000)]
  0x000001c2763cea30 JavaThread "ClassGraph-worker-6" daemon [_thread_blocked, id=27912, stack(0x00000039e6c00000,0x00000039e6d00000)]
  0x000001c2763ce560 JavaThread "ClassGraph-worker-7" daemon [_thread_blocked, id=26204, stack(0x00000039e6d00000,0x00000039e6e00000)]
  0x000001c2763fe860 JavaThread "ClassGraph-worker-8" daemon [_thread_blocked, id=13192, stack(0x00000039e6e00000,0x00000039e6f00000)]
  0x000001c276403a30 JavaThread "ClassGraph-worker-9" daemon [_thread_blocked, id=23580, stack(0x00000039e6f00000,0x00000039e7000000)]
  0x000001c276403f00 JavaThread "ClassGraph-worker-10" daemon [_thread_blocked, id=30176, stack(0x00000039e7000000,0x00000039e7100000)]
  0x000001c276405240 JavaThread "ClassGraph-worker-11" daemon [_thread_blocked, id=31348, stack(0x00000039e7100000,0x00000039e7200000)]
  0x000001c276405710 JavaThread "ClassGraph-worker-12" daemon [_thread_blocked, id=27408, stack(0x00000039e7200000,0x00000039e7300000)]
  0x000001c2763fed30 JavaThread "ClassGraph-worker-13" daemon [_thread_blocked, id=31084, stack(0x00000039e7300000,0x00000039e7400000)]
  0x000001c2764013b0 JavaThread "ClassGraph-worker-14" daemon [_thread_blocked, id=17592, stack(0x00000039e7400000,0x00000039e7500000)]
  0x000001c276404d70 JavaThread "ClassGraph-worker-15" daemon [_thread_blocked, id=5928, stack(0x00000039e7500000,0x00000039e7600000)]
  0x000001c2764048a0 JavaThread "ClassGraph-worker-16" daemon [_thread_blocked, id=33756, stack(0x00000039e7600000,0x00000039e7700000)]
  0x000001c2763ffba0 JavaThread "ClassGraph-worker-17" daemon [_thread_blocked, id=33224, stack(0x00000039e7700000,0x00000039e7800000)]
  0x000001c2763ff200 JavaThread "ClassGraph-worker-18" daemon [_thread_blocked, id=24968, stack(0x00000039e7800000,0x00000039e7900000)]
  0x000001c276403090 JavaThread "ClassGraph-worker-19" daemon [_thread_blocked, id=30572, stack(0x00000039e7900000,0x00000039e7a00000)]
  0x000001c276400ee0 JavaThread "ClassGraph-worker-20" daemon [_thread_blocked, id=7796, stack(0x00000039e7a00000,0x00000039e7b00000)]
  0x000001c276401880 JavaThread "ClassGraph-worker-21" daemon [_thread_blocked, id=31812, stack(0x00000039e7b00000,0x00000039e7c00000)]
  0x000001c2763fe390 JavaThread "ClassGraph-worker-22" daemon [_thread_blocked, id=27120, stack(0x00000039e7c00000,0x00000039e7d00000)]
  0x000001c2763fdec0 JavaThread "ClassGraph-worker-23" daemon [_thread_blocked, id=31372, stack(0x00000039e7d00000,0x00000039e7e00000)]
  0x000001c2763ff6d0 JavaThread "parallel-1" daemon [_thread_blocked, id=33672, stack(0x00000039e7e00000,0x00000039e7f00000)]
  0x000001c276403560 JavaThread "pool-6-thread-1" [_thread_blocked, id=28092, stack(0x00000039e7f00000,0x00000039e8000000)]
  0x000001c276400070 JavaThread "pool-10-thread-1" [_thread_blocked, id=17804, stack(0x00000039e8000000,0x00000039e8100000)]
  0x000001c276400540 JavaThread "ForkJoinPool.commonPool-worker-2" daemon [_thread_blocked, id=28788, stack(0x00000039e8100000,0x00000039e8200000)]
  0x000001c2764026f0 JavaThread "parallel-2" daemon [_thread_blocked, id=16124, stack(0x00000039e8200000,0x00000039e8300000)]

Other Threads:
=>0x000001c2748234e0 VMThread "VM Thread" [stack: 0x00000039e4200000,0x00000039e4300000] [id=33288]
  0x000001c2615b8300 WatcherThread [stack: 0x00000039e4d00000,0x00000039e4e00000] [id=33380]
  0x000001c261583da0 GCTaskThread "GC Thread#0" [stack: 0x00000039e3d00000,0x00000039e3e00000] [id=30480]
  0x000001c2753cc110 GCTaskThread "GC Thread#1" [stack: 0x00000039e5100000,0x00000039e5200000] [id=180]
  0x000001c275747c20 GCTaskThread "GC Thread#2" [stack: 0x00000039e5200000,0x00000039e5300000] [id=15604]
  0x000001c275758060 GCTaskThread "GC Thread#3" [stack: 0x00000039e5300000,0x00000039e5400000] [id=25520]
  0x000001c275759130 GCTaskThread "GC Thread#4" [stack: 0x00000039e5400000,0x00000039e5500000] [id=32284]
  0x000001c275765e60 GCTaskThread "GC Thread#5" [stack: 0x00000039e5500000,0x00000039e5600000] [id=33496]
  0x000001c275a01af0 GCTaskThread "GC Thread#6" [stack: 0x00000039e5700000,0x00000039e5800000] [id=30116]
  0x000001c275a01da0 GCTaskThread "GC Thread#7" [stack: 0x00000039e5800000,0x00000039e5900000] [id=8032]
  0x000001c275a02050 GCTaskThread "GC Thread#8" [stack: 0x00000039e5900000,0x00000039e5a00000] [id=33332]
  0x000001c275d5bc40 GCTaskThread "GC Thread#9" [stack: 0x00000039e5b00000,0x00000039e5c00000] [id=17768]
  0x000001c275d5c700 GCTaskThread "GC Thread#10" [stack: 0x00000039e5c00000,0x00000039e5d00000] [id=9556]
  0x000001c275d5d9c0 GCTaskThread "GC Thread#11" [stack: 0x00000039e5d00000,0x00000039e5e00000] [id=33112]
  0x000001c275eab7b0 GCTaskThread "GC Thread#12" [stack: 0x00000039e5a00000,0x00000039e5b00000] [id=2036]
  0x000001c261594d10 ConcurrentGCThread "G1 Main Marker" [stack: 0x00000039e3e00000,0x00000039e3f00000] [id=5380]
  0x000001c261596d70 ConcurrentGCThread "G1 Conc#0" [stack: 0x00000039e3f00000,0x00000039e4000000] [id=24420]
  0x000001c275d5f8b0 ConcurrentGCThread "G1 Conc#1" [stack: 0x00000039e5e00000,0x00000039e5f00000] [id=2264]
  0x000001c275d46340 ConcurrentGCThread "G1 Conc#2" [stack: 0x00000039e5f00000,0x00000039e6000000] [id=18352]
  0x000001c273a88840 ConcurrentGCThread "G1 Refine#0" [stack: 0x00000039e4000000,0x00000039e4100000] [id=15384]
  0x000001c273a89010 ConcurrentGCThread "G1 Service" [stack: 0x00000039e4100000,0x00000039e4200000] [id=17716]

Threads with active compile tasks:

VM state: at safepoint (normal execution)

VM Mutex/Monitor currently owned by a thread:  ([mutex/lock_event])
[0x000001c25f2abc90] Threads_lock - owner thread: 0x000001c2748234e0
[0x000001c25f2a90b0] Heap_lock - owner thread: 0x000001c276404d70

Heap address: 0x0000000701200000, size: 4078 MB, Compressed Oops mode: Zero based, Oop shift amount: 3

CDS archive(s) not mapped
Compressed class space mapped at: 0x0000000800000000-0x0000000840000000, reserved size: 1073741824
Narrow klass base: 0x0000000800000000, Narrow klass shift: 0, Narrow klass range: 0x40000000

GC Precious Log:
 CPUs: 16 total, 16 available
 Memory: 16307M
 Large Page Support: Disabled
 NUMA Support: Disabled
 Compressed Oops: Enabled (Zero based)
 Heap Region Size: 2M
 Heap Min Capacity: 8M
 Heap Initial Capacity: 256M
 Heap Max Capacity: 4078M
 Pre-touch: Disabled
 Parallel Workers: 13
 Concurrent Workers: 3
 Concurrent Refinement Workers: 13
 Periodic GC: Disabled

Heap:
 garbage-first heap   total 180224K, used 73656K [0x0000000701200000, 0x0000000800000000)
  region size 2048K, 3 young (6144K), 3 survivors (6144K)
 Metaspace       used 39790K, committed 40192K, reserved 1089536K
  class space    used 5082K, committed 5248K, reserved 1048576K

Heap Regions: E=young(eden), S=young(survivor), O=old, HS=humongous(starts), HC=humongous(continues), CS=collection set, F=free, OA=open archive, CA=closed archive, TAMS=top-at-mark-start (previous, next)
|   0|0x0000000701200000, 0x0000000701400000, 0x0000000701400000|100%| O|  |TAMS 0x0000000701400000, 0x0000000701200000| Untracked 
|   1|0x0000000701400000, 0x0000000701600000, 0x0000000701600000|100%| O|  |TAMS 0x0000000701600000, 0x0000000701400000| Untracked 
|   2|0x0000000701600000, 0x0000000701800000, 0x0000000701800000|100%| O|  |TAMS 0x0000000701800000, 0x0000000701600000| Untracked 
|   3|0x0000000701800000, 0x0000000701a00000, 0x0000000701a00000|100%| O|  |TAMS 0x0000000701800000, 0x0000000701800000| Untracked 
|   4|0x0000000701a00000, 0x0000000701c00000, 0x0000000701c00000|100%| O|  |TAMS 0x0000000701c00000, 0x0000000701a00000| Untracked 
|   5|0x0000000701c00000, 0x0000000701e00000, 0x0000000701e00000|100%| O|  |TAMS 0x0000000701e00000, 0x0000000701c00000| Untracked 
|   6|0x0000000701e00000, 0x0000000702000000, 0x0000000702000000|100%| O|  |TAMS 0x0000000702000000, 0x0000000701e00000| Untracked 
|   7|0x0000000702000000, 0x0000000702200000, 0x0000000702200000|100%| O|  |TAMS 0x0000000702000000, 0x0000000702000000| Untracked 
|   8|0x0000000702200000, 0x0000000702400000, 0x0000000702400000|100%| O|  |TAMS 0x0000000702200000, 0x0000000702200000| Untracked 
|   9|0x0000000702400000, 0x0000000702600000, 0x0000000702600000|100%| O|  |TAMS 0x0000000702400000, 0x0000000702400000| Untracked 
|  10|0x0000000702600000, 0x0000000702800000, 0x0000000702800000|100%| O|  |TAMS 0x0000000702600000, 0x0000000702600000| Untracked 
|  11|0x0000000702800000, 0x0000000702a00000, 0x0000000702a00000|100%| O|  |TAMS 0x0000000702800000, 0x0000000702800000| Untracked 
|  12|0x0000000702a00000, 0x0000000702c00000, 0x0000000702c00000|100%| O|  |TAMS 0x0000000702a00000, 0x0000000702a00000| Untracked 
|  13|0x0000000702c00000, 0x0000000702e00000, 0x0000000702e00000|100%| O|  |TAMS 0x0000000702c00000, 0x0000000702c00000| Untracked 
|  14|0x0000000702e00000, 0x0000000703000000, 0x0000000703000000|100%| O|  |TAMS 0x0000000702e00000, 0x0000000702e00000| Untracked 
|  15|0x0000000703000000, 0x0000000703200000, 0x0000000703200000|100%| O|  |TAMS 0x0000000703000000, 0x0000000703000000| Untracked 
|  16|0x0000000703200000, 0x0000000703400000, 0x0000000703400000|100%| O|  |TAMS 0x0000000703200000, 0x0000000703200000| Untracked 
|  17|0x0000000703400000, 0x0000000703600000, 0x0000000703600000|100%| O|  |TAMS 0x0000000703400000, 0x0000000703400000| Untracked 
|  18|0x0000000703600000, 0x0000000703800000, 0x0000000703800000|100%| O|  |TAMS 0x0000000703600000, 0x0000000703600000| Untracked 
|  19|0x0000000703800000, 0x0000000703a00000, 0x0000000703a00000|100%| O|  |TAMS 0x0000000703800000, 0x0000000703800000| Untracked 
|  20|0x0000000703a00000, 0x0000000703c00000, 0x0000000703c00000|100%| O|  |TAMS 0x0000000703a00000, 0x0000000703a00000| Untracked 
|  21|0x0000000703c00000, 0x0000000703e00000, 0x0000000703e00000|100%| O|  |TAMS 0x0000000703c00000, 0x0000000703c00000| Untracked 
|  22|0x0000000703e00000, 0x0000000704000000, 0x0000000704000000|100%| O|  |TAMS 0x0000000703e00000, 0x0000000703e00000| Untracked 
|  23|0x0000000704000000, 0x0000000704200000, 0x0000000704200000|100%| O|  |TAMS 0x0000000704000000, 0x0000000704000000| Untracked 
|  24|0x0000000704200000, 0x0000000704400000, 0x0000000704400000|100%| O|  |TAMS 0x0000000704200000, 0x0000000704200000| Untracked 
|  25|0x0000000704400000, 0x0000000704600000, 0x0000000704600000|100%| O|  |TAMS 0x0000000704400000, 0x0000000704400000| Untracked 
|  26|0x0000000704600000, 0x0000000704800000, 0x0000000704800000|100%| O|  |TAMS 0x0000000704600000, 0x0000000704600000| Untracked 
|  27|0x0000000704800000, 0x0000000704a00000, 0x0000000704a00000|100%| O|  |TAMS 0x0000000704800000, 0x0000000704800000| Untracked 
|  28|0x0000000704a00000, 0x0000000704c00000, 0x0000000704c00000|100%| O|  |TAMS 0x0000000704a00000, 0x0000000704a00000| Untracked 
|  29|0x0000000704c00000, 0x0000000704e00000, 0x0000000704e00000|100%| O|  |TAMS 0x0000000704c00000, 0x0000000704c00000| Untracked 
|  30|0x0000000704e00000, 0x0000000705000000, 0x0000000705000000|100%| O|  |TAMS 0x0000000704e00000, 0x0000000704e00000| Untracked 
|  31|0x0000000705000000, 0x0000000705200000, 0x0000000705200000|100%| O|  |TAMS 0x0000000705000000, 0x0000000705000000| Untracked 
|  32|0x0000000705200000, 0x0000000705400000, 0x0000000705400000|100%| O|  |TAMS 0x0000000705200000, 0x0000000705200000| Untracked 
|  33|0x0000000705400000, 0x0000000705479400, 0x0000000705600000| 23%| O|  |TAMS 0x0000000705400000, 0x0000000705400000| Untracked 
|  34|0x0000000705600000, 0x0000000705600000, 0x0000000705800000|  0%| F|  |TAMS 0x0000000705600000, 0x0000000705600000| Untracked 
|  35|0x0000000705800000, 0x0000000705800000, 0x0000000705a00000|  0%| F|  |TAMS 0x0000000705800000, 0x0000000705800000| Untracked 
|  36|0x0000000705a00000, 0x0000000705a00000, 0x0000000705c00000|  0%| F|  |TAMS 0x0000000705a00000, 0x0000000705a00000| Untracked 
|  37|0x0000000705c00000, 0x0000000705c00000, 0x0000000705e00000|  0%| F|  |TAMS 0x0000000705c00000, 0x0000000705c00000| Untracked 
|  38|0x0000000705e00000, 0x0000000705e00000, 0x0000000706000000|  0%| F|  |TAMS 0x0000000705e00000, 0x0000000705e00000| Untracked 
|  39|0x0000000706000000, 0x0000000706000000, 0x0000000706200000|  0%| F|  |TAMS 0x0000000706000000, 0x0000000706000000| Untracked 
|  40|0x0000000706200000, 0x0000000706200000, 0x0000000706400000|  0%| F|  |TAMS 0x0000000706200000, 0x0000000706200000| Untracked 
|  41|0x0000000706400000, 0x0000000706400000, 0x0000000706600000|  0%| F|  |TAMS 0x0000000706400000, 0x0000000706400000| Untracked 
|  42|0x0000000706600000, 0x0000000706600000, 0x0000000706800000|  0%| F|  |TAMS 0x0000000706600000, 0x0000000706600000| Untracked 
|  43|0x0000000706800000, 0x0000000706800000, 0x0000000706a00000|  0%| F|  |TAMS 0x0000000706800000, 0x0000000706800000| Untracked 
|  44|0x0000000706a00000, 0x0000000706a00000, 0x0000000706c00000|  0%| F|  |TAMS 0x0000000706a00000, 0x0000000706a00000| Untracked 
|  45|0x0000000706c00000, 0x0000000706c00000, 0x0000000706e00000|  0%| F|  |TAMS 0x0000000706c00000, 0x0000000706c00000| Untracked 
|  46|0x0000000706e00000, 0x0000000706e00000, 0x0000000707000000|  0%| F|  |TAMS 0x0000000706e00000, 0x0000000706e00000| Untracked 
|  47|0x0000000707000000, 0x0000000707000000, 0x0000000707200000|  0%| F|  |TAMS 0x0000000707000000, 0x0000000707000000| Untracked 
|  48|0x0000000707200000, 0x0000000707200000, 0x0000000707400000|  0%| F|  |TAMS 0x0000000707200000, 0x0000000707200000| Untracked 
|  49|0x0000000707400000, 0x0000000707400000, 0x0000000707600000|  0%| F|  |TAMS 0x0000000707400000, 0x0000000707400000| Untracked 
|  50|0x0000000707600000, 0x0000000707600000, 0x0000000707800000|  0%| F|  |TAMS 0x0000000707600000, 0x0000000707600000| Untracked 
|  51|0x0000000707800000, 0x0000000707800000, 0x0000000707a00000|  0%| F|  |TAMS 0x0000000707800000, 0x0000000707800000| Untracked 
|  52|0x0000000707a00000, 0x0000000707a00000, 0x0000000707c00000|  0%| F|  |TAMS 0x0000000707a00000, 0x0000000707a00000| Untracked 
|  53|0x0000000707c00000, 0x0000000707c00000, 0x0000000707e00000|  0%| F|  |TAMS 0x0000000707c00000, 0x0000000707c00000| Untracked 
|  54|0x0000000707e00000, 0x0000000707f74c00, 0x0000000708000000| 72%| S|CS|TAMS 0x0000000707e00000, 0x0000000707e00000| Complete 
|  55|0x0000000708000000, 0x0000000708200000, 0x0000000708200000|100%| S|CS|TAMS 0x0000000708000000, 0x0000000708000000| Complete 
|  56|0x0000000708200000, 0x0000000708400000, 0x0000000708400000|100%| S|CS|TAMS 0x0000000708200000, 0x0000000708200000| Complete 
|  57|0x0000000708400000, 0x0000000708400000, 0x0000000708600000|  0%| F|  |TAMS 0x0000000708400000, 0x0000000708400000| Untracked 
|  58|0x0000000708600000, 0x0000000708600000, 0x0000000708800000|  0%| F|  |TAMS 0x0000000708600000, 0x0000000708600000| Untracked 
|  59|0x0000000708800000, 0x0000000708800000, 0x0000000708a00000|  0%| F|  |TAMS 0x0000000708800000, 0x0000000708800000| Untracked 
|  60|0x0000000708a00000, 0x0000000708a00000, 0x0000000708c00000|  0%| F|  |TAMS 0x0000000708a00000, 0x0000000708a00000| Untracked 
|  61|0x0000000708c00000, 0x0000000708c00000, 0x0000000708e00000|  0%| F|  |TAMS 0x0000000708c00000, 0x0000000708c00000| Untracked 
|  62|0x0000000708e00000, 0x0000000708e00000, 0x0000000709000000|  0%| F|  |TAMS 0x0000000708e00000, 0x0000000708e00000| Untracked 
|  63|0x0000000709000000, 0x0000000709000000, 0x0000000709200000|  0%| F|  |TAMS 0x0000000709000000, 0x0000000709000000| Untracked 
|  64|0x0000000709200000, 0x0000000709200000, 0x0000000709400000|  0%| F|  |TAMS 0x0000000709200000, 0x0000000709200000| Untracked 
|  65|0x0000000709400000, 0x0000000709400000, 0x0000000709600000|  0%| F|  |TAMS 0x0000000709400000, 0x0000000709400000| Untracked 
|  66|0x0000000709600000, 0x0000000709600000, 0x0000000709800000|  0%| F|  |TAMS 0x0000000709600000, 0x0000000709600000| Untracked 
|  67|0x0000000709800000, 0x0000000709800000, 0x0000000709a00000|  0%| F|  |TAMS 0x0000000709800000, 0x0000000709800000| Untracked 
|  68|0x0000000709a00000, 0x0000000709a00000, 0x0000000709c00000|  0%| F|  |TAMS 0x0000000709a00000, 0x0000000709a00000| Untracked 
|  69|0x0000000709c00000, 0x0000000709c00000, 0x0000000709e00000|  0%| F|  |TAMS 0x0000000709c00000, 0x0000000709c00000| Untracked 
|  70|0x0000000709e00000, 0x0000000709e00000, 0x000000070a000000|  0%| F|  |TAMS 0x0000000709e00000, 0x0000000709e00000| Untracked 
|  71|0x000000070a000000, 0x000000070a000000, 0x000000070a200000|  0%| F|  |TAMS 0x000000070a000000, 0x000000070a000000| Untracked 
|  72|0x000000070a200000, 0x000000070a200000, 0x000000070a400000|  0%| F|  |TAMS 0x000000070a200000, 0x000000070a200000| Untracked 
|  73|0x000000070a400000, 0x000000070a400000, 0x000000070a600000|  0%| F|  |TAMS 0x000000070a400000, 0x000000070a400000| Untracked 
|  74|0x000000070a600000, 0x000000070a600000, 0x000000070a800000|  0%| F|  |TAMS 0x000000070a600000, 0x000000070a600000| Untracked 
|  75|0x000000070a800000, 0x000000070a800000, 0x000000070aa00000|  0%| F|  |TAMS 0x000000070a800000, 0x000000070a800000| Untracked 
|  76|0x000000070aa00000, 0x000000070aa00000, 0x000000070ac00000|  0%| F|  |TAMS 0x000000070aa00000, 0x000000070aa00000| Untracked 
|  77|0x000000070ac00000, 0x000000070ac00000, 0x000000070ae00000|  0%| F|  |TAMS 0x000000070ac00000, 0x000000070ac00000| Untracked 
|  78|0x000000070ae00000, 0x000000070ae00000, 0x000000070b000000|  0%| F|  |TAMS 0x000000070ae00000, 0x000000070ae00000| Untracked 
|  79|0x000000070b000000, 0x000000070b000000, 0x000000070b200000|  0%| F|  |TAMS 0x000000070b000000, 0x000000070b000000| Untracked 
|  80|0x000000070b200000, 0x000000070b200000, 0x000000070b400000|  0%| F|  |TAMS 0x000000070b200000, 0x000000070b200000| Untracked 
|  81|0x000000070b400000, 0x000000070b400000, 0x000000070b600000|  0%| F|  |TAMS 0x000000070b400000, 0x000000070b400000| Untracked 
|  82|0x000000070b600000, 0x000000070b600000, 0x000000070b800000|  0%| F|  |TAMS 0x000000070b600000, 0x000000070b600000| Untracked 
|  83|0x000000070b800000, 0x000000070b800000, 0x000000070ba00000|  0%| F|  |TAMS 0x000000070b800000, 0x000000070b800000| Untracked 
|  84|0x000000070ba00000, 0x000000070ba00000, 0x000000070bc00000|  0%| F|  |TAMS 0x000000070ba00000, 0x000000070ba00000| Untracked 
| 110|0x000000070ee00000, 0x000000070ee00000, 0x000000070f000000|  0%| F|  |TAMS 0x000000070ee00000, 0x000000070ee00000| Untracked 
| 111|0x000000070f000000, 0x000000070f000000, 0x000000070f200000|  0%| F|  |TAMS 0x000000070f000000, 0x000000070f000000| Untracked 
| 127|0x0000000711000000, 0x0000000711000000, 0x0000000711200000|  0%| F|  |TAMS 0x0000000711000000, 0x0000000711000000| Untracked 

Card table byte_map: [0x000001c267fe0000,0x000001c2687e0000] _byte_map_base: 0x000001c2647d7000

Marking Bits (Prev, Next): (CMBitMap*) 0x000001c2615843b0, (CMBitMap*) 0x000001c2615843f0
 Prev Bits: [0x000001c268fe0000, 0x000001c26cf98000)
 Next Bits: [0x000001c26cfa0000, 0x000001c270f58000)

Polling page: 0x000001c260cc0000

Metaspace:

Usage:
  Non-class:     33.89 MB used.
      Class:      4.96 MB used.
       Both:     38.86 MB used.

Virtual space:
  Non-class space:       40.00 MB reserved,      34.12 MB ( 85%) committed,  5 nodes.
      Class space:        1.00 GB reserved,       5.12 MB ( <1%) committed,  1 nodes.
             Both:        1.04 GB reserved,      39.25 MB (  4%) committed. 

Chunk freelists:
   Non-Class:  1.22 MB
       Class:  2.78 MB
        Both:  4.00 MB

MaxMetaspaceSize: unlimited
CompressedClassSpaceSize: 1.00 GB
Initial GC threshold: 21.00 MB
Current GC threshold: 59.06 MB
CDS: off
MetaspaceReclaimPolicy: balanced
 - commit_granule_bytes: 65536.
 - commit_granule_words: 8192.
 - virtual_space_node_default_size: 1048576.
 - enlarge_chunks_in_place: 1.
 - new_chunks_are_fully_committed: 0.
 - uncommit_free_chunks: 1.
 - use_allocation_guard: 0.
 - handle_deallocations: 1.


Internal statistics:

num_allocs_failed_limit: 6.
num_arena_births: 484.
num_arena_deaths: 0.
num_vsnodes_births: 6.
num_vsnodes_deaths: 0.
num_space_committed: 628.
num_space_uncommitted: 0.
num_chunks_returned_to_freelist: 6.
num_chunks_taken_from_freelist: 1677.
num_chunk_merges: 6.
num_chunk_splits: 1164.
num_chunks_enlarged: 873.
num_purges: 0.
num_inconsistent_stats: 0.

CodeCache: size=49152Kb used=10537Kb max_used=10537Kb free=38614Kb
 bounds [0x000001c264180000, 0x000001c264bd0000, 0x000001c267180000]
 total_blobs=4788 nmethods=4232 adapters=479
 compilation: enabled
              stopped_count=0, restarted_count=0
 full_count=0

Compilation events (20 events):
Event: 2.728 Thread 0x000001c2759958e0 4209   !   1       io.github.classgraph.Classfile::<init> (860 bytes)
Event: 2.728 Thread 0x000001c274aaadd0 nmethod 4192 0x000001c264bb9e10 code [0x000001c264bba020, 0x000001c264bba5a8]
Event: 2.728 Thread 0x000001c275120ab0 nmethod 4223 0x000001c264bba810 code [0x000001c264bbab80, 0x000001c264bbba48]
Event: 2.728 Thread 0x000001c274aaadd0 4210   !   1       io.github.classgraph.ClasspathElementModule$1::open (129 bytes)
Event: 2.728 Thread 0x000001c2753c8160 nmethod 4199 0x000001c264bbc290 code [0x000001c264bbc4a0, 0x000001c264bbcaa8]
Event: 2.728 Thread 0x000001c275120ab0 4211       1       io.github.classgraph.ModuleReaderProxy::open (72 bytes)
Event: 2.728 Thread 0x000001c2753c8160 4228   !   1       nonapi.io.github.classgraph.fileslice.reader.ClassfileReader::close (43 bytes)
Event: 2.728 Thread 0x000001c2748a5ad0 nmethod 4206 0x000001c264bbce10 code [0x000001c264bbd1c0, 0x000001c264bbe1c8]
Event: 2.728 Thread 0x000001c2748a5ad0 4212       1       jdk.internal.jimage.decompressor.ZipDecompressor::decompress (10 bytes)
Event: 2.729 Thread 0x000001c2748a5ad0 nmethod 4212 0x000001c264bbea90 code [0x000001c264bbec20, 0x000001c264bbed08]
Event: 2.729 Thread 0x000001c2753c8160 nmethod 4228 0x000001c264bbed90 code [0x000001c264bbef40, 0x000001c264bbf118]
Event: 2.730 Thread 0x000001c275120ab0 nmethod 4211 0x000001c264bbf210 code [0x000001c264bbf420, 0x000001c264bbf948]
Event: 2.731 Thread 0x000001c274aaadd0 nmethod 4210 0x000001c264bbfb90 code [0x000001c264bbfe40, 0x000001c264bc0998]
Event: 2.732 Thread 0x000001c275120ab0 4230  s!   1       jdk.internal.loader.URLClassPath::getLoader (196 bytes)
Event: 2.732 Thread 0x000001c274aaadd0 4231       1       java.util.zip.ZipFile$Source::initCEN (591 bytes)
Event: 2.733 Thread 0x000001c275120ab0 nmethod 4230 0x000001c264bc1310 code [0x000001c264bc15c0, 0x000001c264bc2038]
Event: 2.733 Thread 0x000001c2759958e0 nmethod 4209 0x000001c264bc2910 code [0x000001c264bc3160, 0x000001c264bc6028]
Event: 2.735 Thread 0x000001c274aaadd0 nmethod 4231 0x000001c264bc7c10 code [0x000001c264bc7f60, 0x000001c264bc9688]
Event: 2.743 Thread 0x000001c2759958e0 4232       1       java.util.concurrent.locks.ReentrantLock$NonfairSync::tryAcquire (27 bytes)
Event: 2.743 Thread 0x000001c2759958e0 nmethod 4232 0x000001c264bca310 code [0x000001c264bca4a0, 0x000001c264bca638]

GC Heap History (20 events):
Event: 1.331 GC heap after
{Heap after GC invocations=5 (full 0):
 garbage-first heap   total 55296K, used 13448K [0x0000000701200000, 0x0000000800000000)
  region size 2048K, 3 young (6144K), 3 survivors (6144K)
 Metaspace       used 25553K, committed 25792K, reserved 1073152K
  class space    used 3180K, committed 3328K, reserved 1048576K
}
Event: 1.354 GC heap before
{Heap before GC invocations=5 (full 0):
 garbage-first heap   total 55296K, used 15496K [0x0000000701200000, 0x0000000800000000)
  region size 2048K, 4 young (8192K), 3 survivors (6144K)
 Metaspace       used 25937K, committed 26240K, reserved 1073152K
  class space    used 3244K, committed 3392K, reserved 1048576K
}
Event: 1.358 GC heap after
{Heap after GC invocations=6 (full 0):
 garbage-first heap   total 55296K, used 14308K [0x0000000701200000, 0x0000000800000000)
  region size 2048K, 1 young (2048K), 1 survivors (2048K)
 Metaspace       used 25937K, committed 26240K, reserved 1073152K
  class space    used 3244K, committed 3392K, reserved 1048576K
}
Event: 1.662 GC heap before
{Heap before GC invocations=6 (full 0):
 garbage-first heap   total 55296K, used 32740K [0x0000000701200000, 0x0000000800000000)
  region size 2048K, 11 young (22528K), 1 survivors (2048K)
 Metaspace       used 29082K, committed 29376K, reserved 1081344K
  class space    used 3697K, committed 3840K, reserved 1048576K
}
Event: 1.665 GC heap after
{Heap after GC invocations=7 (full 0):
 garbage-first heap   total 159744K, used 15419K [0x0000000701200000, 0x0000000800000000)
  region size 2048K, 2 young (4096K), 2 survivors (4096K)
 Metaspace       used 29082K, committed 29376K, reserved 1081344K
  class space    used 3697K, committed 3840K, reserved 1048576K
}
Event: 2.171 GC heap before
{Heap before GC invocations=7 (full 0):
 garbage-first heap   total 159744K, used 52283K [0x0000000701200000, 0x0000000800000000)
  region size 2048K, 21 young (43008K), 2 survivors (4096K)
 Metaspace       used 35763K, committed 36096K, reserved 1081344K
  class space    used 4678K, committed 4800K, reserved 1048576K
}
Event: 2.175 GC heap after
{Heap after GC invocations=8 (full 0):
 garbage-first heap   total 159744K, used 18770K [0x0000000701200000, 0x0000000800000000)
  region size 2048K, 3 young (6144K), 3 survivors (6144K)
 Metaspace       used 35763K, committed 36096K, reserved 1081344K
  class space    used 4678K, committed 4800K, reserved 1048576K
}
Event: 2.291 GC heap before
{Heap before GC invocations=9 (full 0):
 garbage-first heap   total 90112K, used 65874K [0x0000000701200000, 0x0000000800000000)
  region size 2048K, 28 young (57344K), 3 survivors (6144K)
 Metaspace       used 36063K, committed 36480K, reserved 1081344K
  class space    used 4730K, committed 4928K, reserved 1048576K
}
Event: 2.296 GC heap after
{Heap after GC invocations=10 (full 0):
 garbage-first heap   total 90112K, used 28007K [0x0000000701200000, 0x0000000800000000)
  region size 2048K, 6 young (12288K), 6 survivors (12288K)
 Metaspace       used 36063K, committed 36480K, reserved 1081344K
  class space    used 4730K, committed 4928K, reserved 1048576K
}
Event: 2.302 GC heap before
{Heap before GC invocations=10 (full 0):
 garbage-first heap   total 90112K, used 30055K [0x0000000701200000, 0x0000000800000000)
  region size 2048K, 7 young (14336K), 6 survivors (12288K)
 Metaspace       used 36081K, committed 36480K, reserved 1081344K
  class space    used 4736K, committed 4928K, reserved 1048576K
}
Event: 2.305 GC heap after
{Heap after GC invocations=11 (full 0):
 garbage-first heap   total 90112K, used 30181K [0x0000000701200000, 0x0000000800000000)
  region size 2048K, 1 young (2048K), 1 survivors (2048K)
 Metaspace       used 36081K, committed 36480K, reserved 1081344K
  class space    used 4736K, committed 4928K, reserved 1048576K
}
Event: 2.350 GC heap before
{Heap before GC invocations=11 (full 0):
 garbage-first heap   total 90112K, used 62949K [0x0000000701200000, 0x0000000800000000)
  region size 2048K, 17 young (34816K), 1 survivors (2048K)
 Metaspace       used 36517K, committed 36928K, reserved 1089536K
  class space    used 4783K, committed 4992K, reserved 1048576K
}
Event: 2.353 GC heap after
{Heap after GC invocations=12 (full 0):
 garbage-first heap   total 180224K, used 36359K [0x0000000701200000, 0x0000000800000000)
  region size 2048K, 3 young (6144K), 3 survivors (6144K)
 Metaspace       used 36517K, committed 36928K, reserved 1089536K
  class space    used 4783K, committed 4992K, reserved 1048576K
}
Event: 2.604 GC heap before
{Heap before GC invocations=12 (full 0):
 garbage-first heap   total 180224K, used 114183K [0x0000000701200000, 0x0000000800000000)
  region size 2048K, 42 young (86016K), 3 survivors (6144K)
 Metaspace       used 39446K, committed 39808K, reserved 1089536K
  class space    used 5037K, committed 5184K, reserved 1048576K
}
Event: 2.612 GC heap after
{Heap after GC invocations=13 (full 0):
 garbage-first heap   total 180224K, used 50903K [0x0000000701200000, 0x0000000800000000)
  region size 2048K, 6 young (12288K), 6 survivors (12288K)
 Metaspace       used 39446K, committed 39808K, reserved 1089536K
  class space    used 5037K, committed 5184K, reserved 1048576K
}
Event: 2.711 GC heap before
{Heap before GC invocations=13 (full 0):
 garbage-first heap   total 180224K, used 118487K [0x0000000701200000, 0x0000000800000000)
  region size 2048K, 40 young (81920K), 6 survivors (12288K)
 Metaspace       used 39693K, committed 40064K, reserved 1089536K
  class space    used 5069K, committed 5248K, reserved 1048576K
}
Event: 2.726 GC heap after
{Heap after GC invocations=14 (full 0):
 garbage-first heap   total 180224K, used 67122K [0x0000000701200000, 0x0000000800000000)
  region size 2048K, 5 young (10240K), 5 survivors (10240K)
 Metaspace       used 39693K, committed 40064K, reserved 1089536K
  class space    used 5069K, committed 5248K, reserved 1048576K
}
Event: 2.735 GC heap before
{Heap before GC invocations=14 (full 0):
 garbage-first heap   total 180224K, used 122418K [0x0000000701200000, 0x0000000800000000)
  region size 2048K, 33 young (67584K), 5 survivors (10240K)
 Metaspace       used 39790K, committed 40192K, reserved 1089536K
  class space    used 5082K, committed 5248K, reserved 1048576K
}
Event: 2.739 GC heap after
{Heap after GC invocations=15 (full 0):
 garbage-first heap   total 180224K, used 71678K [0x0000000701200000, 0x0000000800000000)
  region size 2048K, 2 young (4096K), 2 survivors (4096K)
 Metaspace       used 39790K, committed 40192K, reserved 1089536K
  class space    used 5082K, committed 5248K, reserved 1048576K
}
Event: 2.747 GC heap before
{Heap before GC invocations=15 (full 0):
 garbage-first heap   total 180224K, used 129022K [0x0000000701200000, 0x0000000800000000)
  region size 2048K, 31 young (63488K), 2 survivors (4096K)
 Metaspace       used 39790K, committed 40192K, reserved 1089536K
  class space    used 5082K, committed 5248K, reserved 1048576K
}

Dll operation events (8 events):
Event: 0.011 Loaded shared library c:\Users\rafae\.vscode\extensions\redhat.java-1.14.0-win32-x64\jre\17.0.5-win32-x86_64\bin\java.dll
Event: 0.156 Loaded shared library C:\Users\rafae\.vscode\extensions\redhat.java-1.14.0-win32-x64\jre\17.0.5-win32-x86_64\bin\net.dll
Event: 0.159 Loaded shared library C:\Users\rafae\.vscode\extensions\redhat.java-1.14.0-win32-x64\jre\17.0.5-win32-x86_64\bin\nio.dll
Event: 0.164 Loaded shared library C:\Users\rafae\.vscode\extensions\redhat.java-1.14.0-win32-x64\jre\17.0.5-win32-x86_64\bin\zip.dll
Event: 0.330 Loaded shared library C:\Users\rafae\.vscode\extensions\redhat.java-1.14.0-win32-x64\jre\17.0.5-win32-x86_64\bin\jimage.dll
Event: 0.415 Loaded shared library c:\Users\rafae\.vscode\extensions\redhat.java-1.14.0-win32-x64\jre\17.0.5-win32-x86_64\bin\verify.dll
Event: 1.958 Loaded shared library C:\Users\rafae\.vscode\extensions\redhat.java-1.14.0-win32-x64\jre\17.0.5-win32-x86_64\bin\management.dll
Event: 1.961 Loaded shared library C:\Users\rafae\.vscode\extensions\redhat.java-1.14.0-win32-x64\jre\17.0.5-win32-x86_64\bin\management_ext.dll

Deoptimization events (10 events):
Event: 1.067 Thread 0x000001c261516fb0 DEOPT PACKING pc=0x000001c2647cb179 sp=0x00000039e3cfd5b0
Event: 1.067 Thread 0x000001c261516fb0 DEOPT UNPACKING pc=0x000001c2641d2b43 sp=0x00000039e3cfca90 mode 3
Event: 2.104 Thread 0x000001c27636ca20 DEOPT PACKING pc=0x000001c2649d80ed sp=0x00000039e64fd190
Event: 2.104 Thread 0x000001c27636ca20 DEOPT UNPACKING pc=0x000001c2641d2b43 sp=0x00000039e64fc6a8 mode 3
Event: 2.152 Thread 0x000001c276363fa0 DEOPT PACKING pc=0x000001c2649f0413 sp=0x00000039e65fe710
Event: 2.152 Thread 0x000001c276363fa0 DEOPT UNPACKING pc=0x000001c2641d2b43 sp=0x00000039e65fdc58 mode 3
Event: 2.267 Thread 0x000001c276401880 DEOPT PACKING pc=0x000001c2647cd809 sp=0x00000039e7bfeda0
Event: 2.267 Thread 0x000001c276401880 DEOPT UNPACKING pc=0x000001c2641d2b43 sp=0x00000039e7bfe230 mode 3
Event: 2.612 Thread 0x000001c27636ca20 DEOPT PACKING pc=0x000001c2647c951f sp=0x00000039e64fee00
Event: 2.612 Thread 0x000001c27636ca20 DEOPT UNPACKING pc=0x000001c2641d2b43 sp=0x00000039e64fe258 mode 3

Classes unloaded (0 events):
No events

Classes redefined (0 events):
No events

Internal exceptions (20 events):
Event: 2.184 Thread 0x000001c2763a1020 Exception <a 'sun/nio/fs/WindowsException'{0x000000071105a368}> (0x000000071105a368) 
thrown [s\src\hotspot\share\prims\jni.cpp, line 516]
Event: 2.184 Thread 0x000001c2763a1020 Exception <a 'sun/nio/fs/WindowsException'{0x000000071105ad90}> (0x000000071105ad90) 
thrown [s\src\hotspot\share\prims\jni.cpp, line 516]
Event: 2.184 Thread 0x000001c2763a1020 Exception <a 'sun/nio/fs/WindowsException'{0x000000071105b170}> (0x000000071105b170) 
thrown [s\src\hotspot\share\prims\jni.cpp, line 516]
Event: 2.184 Thread 0x000001c2763a1020 Exception <a 'sun/nio/fs/WindowsException'{0x000000071105bb60}> (0x000000071105bb60) 
thrown [s\src\hotspot\share\prims\jni.cpp, line 516]
Event: 2.184 Thread 0x000001c2763a1020 Exception <a 'sun/nio/fs/WindowsException'{0x000000071105bf08}> (0x000000071105bf08) 
thrown [s\src\hotspot\share\prims\jni.cpp, line 516]
Event: 2.185 Thread 0x000001c2763a1020 Exception <a 'sun/nio/fs/WindowsException'{0x000000071105c908}> (0x000000071105c908) 
thrown [s\src\hotspot\share\prims\jni.cpp, line 516]
Event: 2.185 Thread 0x000001c2763a1020 Exception <a 'sun/nio/fs/WindowsException'{0x000000071105ccc8}> (0x000000071105ccc8) 
thrown [s\src\hotspot\share\prims\jni.cpp, line 516]
Event: 2.185 Thread 0x000001c2763a1020 Exception <a 'sun/nio/fs/WindowsException'{0x000000071105d6c8}> (0x000000071105d6c8) 
thrown [s\src\hotspot\share\prims\jni.cpp, line 516]
Event: 2.185 Thread 0x000001c2763a1020 Exception <a 'sun/nio/fs/WindowsException'{0x000000071105da78}> (0x000000071105da78) 
thrown [s\src\hotspot\share\prims\jni.cpp, line 516]
Event: 2.185 Thread 0x000001c2763a1020 Exception <a 'sun/nio/fs/WindowsException'{0x000000071105e478}> (0x000000071105e478) 
thrown [s\src\hotspot\share\prims\jni.cpp, line 516]
Event: 2.185 Thread 0x000001c2763a1020 Exception <a 'sun/nio/fs/WindowsException'{0x000000071105e838}> (0x000000071105e838) 
thrown [s\src\hotspot\share\prims\jni.cpp, line 516]
Event: 2.185 Thread 0x000001c2763a1020 Exception <a 'sun/nio/fs/WindowsException'{0x000000071105f260}> (0x000000071105f260) 
thrown [s\src\hotspot\share\prims\jni.cpp, line 516]
Event: 2.185 Thread 0x000001c2763a1020 Exception <a 'sun/nio/fs/WindowsException'{0x000000071105f640}> (0x000000071105f640) 
thrown [s\src\hotspot\share\prims\jni.cpp, line 516]
Event: 2.185 Thread 0x000001c2763a1020 Exception <a 'sun/nio/fs/WindowsException'{0x0000000711060078}> (0x0000000711060078) 
thrown [s\src\hotspot\share\prims\jni.cpp, line 516]
Event: 2.185 Thread 0x000001c2763a1020 Exception <a 'sun/nio/fs/WindowsException'{0x0000000711060468}> (0x0000000711060468) 
thrown [s\src\hotspot\share\prims\jni.cpp, line 516]
Event: 2.186 Thread 0x000001c2763a1020 Exception <a 'sun/nio/fs/WindowsException'{0x0000000711060e90}> (0x0000000711060e90) 
thrown [s\src\hotspot\share\prims\jni.cpp, line 516]
Event: 2.186 Thread 0x000001c2763a1020 Exception <a 'sun/nio/fs/WindowsException'{0x0000000711061280}> (0x0000000711061280) 
thrown [s\src\hotspot\share\prims\jni.cpp, line 516]
Event: 2.542 Thread 0x000001c27636ca20 Exception <a 'java/lang/NoSuchMethodError'{0x0000000707ef3058}: 'java.lang.Object java.lang.invoke.Invokers$Holder.invoke_MT(java.lang.Object, java.lang.Object, java.lang.Object)'> (0x0000000707ef3058) 
thrown [s\src\hotspot\share\interpreter\linkResolver.cpp, line 759]
Event: 2.601 Thread 0x000001c27636ca20 Exception <a 'java/lang/NoSuchMethodError'{0x00000007075670f8}: 'java.lang.Object java.lang.invoke.DirectMethodHandle$Holder.newInvokeSpecial(java.lang.Object, java.lang.Object, int)'> (0x00000007075670f8) 
thrown [s\src\hotspot\share\interpreter\linkResolver.cpp, line 759]
Event: 2.617 Thread 0x000001c276403560 Exception <a 'sun/nio/fs/WindowsException'{0x00000007110fc1e0}> (0x00000007110fc1e0) 
thrown [s\src\hotspot\share\prims\jni.cpp, line 516]

VM Operations (20 events):
Event: 2.536 Executing VM operation: HandshakeAllThreads done
Event: 2.537 Executing VM operation: HandshakeAllThreads
Event: 2.537 Executing VM operation: HandshakeAllThreads done
Event: 2.563 Executing VM operation: HandshakeAllThreads
Event: 2.563 Executing VM operation: HandshakeAllThreads done
Event: 2.604 Executing VM operation: G1CollectForAllocation
Event: 2.612 Executing VM operation: G1CollectForAllocation done
Event: 2.710 Executing VM operation: G1CollectForAllocation
Event: 2.710 Executing VM operation: G1CollectForAllocation done
Event: 2.710 Executing VM operation: G1CollectForAllocation
Event: 2.726 Executing VM operation: G1CollectForAllocation done
Event: 2.729 Executing VM operation: HandshakeAllThreads
Event: 2.730 Executing VM operation: HandshakeAllThreads done
Event: 2.735 Executing VM operation: G1CollectForAllocation
Event: 2.735 Executing VM operation: G1CollectForAllocation done
Event: 2.735 Executing VM operation: G1CollectForAllocation
Event: 2.739 Executing VM operation: G1CollectForAllocation done
Event: 2.747 Executing VM operation: G1CollectForAllocation
Event: 2.747 Executing VM operation: G1CollectForAllocation done
Event: 2.747 Executing VM operation: G1CollectForAllocation

Events (20 events):
Event: 2.563 loading class java/nio/file/FileVisitResult
Event: 2.563 loading class java/nio/file/FileVisitResult done
Event: 2.578 loading class java/nio/channels/Channels$ReadableByteChannelImpl
Event: 2.578 loading class java/nio/channels/Channels$ReadableByteChannelImpl done
Event: 2.578 loading class java/nio/channels/NonWritableChannelException
Event: 2.578 loading class java/nio/channels/NonWritableChannelException done
Event: 2.600 loading class java/util/WeakHashMap$EntrySet
Event: 2.600 loading class java/util/WeakHashMap$EntrySet done
Event: 2.600 loading class java/util/WeakHashMap$EntryIterator
Event: 2.600 loading class java/util/WeakHashMap$HashIterator
Event: 2.600 loading class java/util/WeakHashMap$HashIterator done
Event: 2.600 loading class java/util/WeakHashMap$EntryIterator done
Event: 2.602 Thread 0x000001c276403560 Thread added: 0x000001c276403560
Event: 2.603 Thread 0x000001c276400070 Thread added: 0x000001c276400070
Event: 2.603 Thread 0x000001c276400540 Thread added: 0x000001c276400540
Event: 2.604 Thread 0x000001c2764026f0 Thread added: 0x000001c2764026f0
Event: 2.614 loading class sun/security/provider/MD5
Event: 2.614 loading class sun/security/provider/MD5 done
Event: 2.614 loading class sun/security/provider/ByteArrayAccess$LE
Event: 2.615 loading class sun/security/provider/ByteArrayAccess$LE done


Dynamic libraries:
0x00007ff671830000 - 0x00007ff67183e000 	c:\Users\rafae\.vscode\extensions\redhat.java-1.14.0-win32-x64\jre\17.0.5-win32-x86_64\bin\java.exe
0x00007fffbcf10000 - 0x00007fffbd124000 	C:\WINDOWS\SYSTEM32\ntdll.dll
0x00007fffbc8b0000 - 0x00007fffbc973000 	C:\WINDOWS\System32\KERNEL32.DLL
0x00007fffba570000 - 0x00007fffba90d000 	C:\WINDOWS\System32\KERNELBASE.dll
0x00007fffba330000 - 0x00007fffba441000 	C:\WINDOWS\System32\ucrtbase.dll
0x00007fffb0020000 - 0x00007fffb0037000 	c:\Users\rafae\.vscode\extensions\redhat.java-1.14.0-win32-x64\jre\17.0.5-win32-x86_64\bin\jli.dll
0x00007fffbcaa0000 - 0x00007fffbcc4d000 	C:\WINDOWS\System32\USER32.dll
0x00007fffba540000 - 0x00007fffba566000 	C:\WINDOWS\System32\win32u.dll
0x00007fffbcda0000 - 0x00007fffbcdc9000 	C:\WINDOWS\System32\GDI32.dll
0x00007fffba9d0000 - 0x00007fffbaae2000 	C:\WINDOWS\System32\gdi32full.dll
0x00007fffbac60000 - 0x00007fffbacfa000 	C:\WINDOWS\System32\msvcp_win.dll
0x00007fffa6d90000 - 0x00007fffa6da9000 	c:\Users\rafae\.vscode\extensions\redhat.java-1.14.0-win32-x64\jre\17.0.5-win32-x86_64\bin\VCRUNTIME140.dll
0x00007fffab020000 - 0x00007fffab2ae000 	C:\WINDOWS\WinSxS\amd64_microsoft.windows.common-controls_6595b64144ccf1df_6.0.22621.608_none_a9444ca7c10bb01d\COMCTL32.dll
0x00007fffbc270000 - 0x00007fffbc317000 	C:\WINDOWS\System32\msvcrt.dll
0x00007fffbcdd0000 - 0x00007fffbce02000 	C:\WINDOWS\System32\IMM32.DLL
0x00007fffbb8f0000 - 0x00007fffbba05000 	C:\WINDOWS\System32\RPCRT4.dll
0x00007fffb9680000 - 0x00007fffb96c2000 	C:\WINDOWS\SYSTEM32\SspiCli.dll
0x00007fffb63a0000 - 0x00007fffb63ac000 	c:\Users\rafae\.vscode\extensions\redhat.java-1.14.0-win32-x64\jre\17.0.5-win32-x86_64\bin\vcruntime140_1.dll
0x00007fff9c020000 - 0x00007fff9c0b1000 	c:\Users\rafae\.vscode\extensions\redhat.java-1.14.0-win32-x64\jre\17.0.5-win32-x86_64\bin\msvcp140.dll
0x00007fff67690000 - 0x00007fff682d4000 	c:\Users\rafae\.vscode\extensions\redhat.java-1.14.0-win32-x64\jre\17.0.5-win32-x86_64\bin\server\jvm.dll
0x00007fffbbbd0000 - 0x00007fffbbc7e000 	C:\WINDOWS\System32\ADVAPI32.dll
0x00007fffbad00000 - 0x00007fffbada4000 	C:\WINDOWS\System32\sechost.dll
0x00007fff10330000 - 0x00007fff10339000 	C:\WINDOWS\SYSTEM32\WSOCK32.dll
0x00007fffbc7a0000 - 0x00007fffbc811000 	C:\WINDOWS\System32\WS2_32.dll
0x00007fffb00d0000 - 0x00007fffb0104000 	C:\WINDOWS\SYSTEM32\WINMM.dll
0x00007fffb0e70000 - 0x00007fffb0e7a000 	C:\WINDOWS\SYSTEM32\VERSION.dll
0x00007fffb9430000 - 0x00007fffb9448000 	C:\WINDOWS\SYSTEM32\kernel.appcore.dll
0x00007fffb6390000 - 0x00007fffb639a000 	c:\Users\rafae\.vscode\extensions\redhat.java-1.14.0-win32-x64\jre\17.0.5-win32-x86_64\bin\jimage.dll
0x00007fffada30000 - 0x00007fffadc5e000 	C:\WINDOWS\SYSTEM32\DBGHELP.DLL
0x00007fffbbec0000 - 0x00007fffbc24a000 	C:\WINDOWS\System32\combase.dll
0x00007fffbccb0000 - 0x00007fffbcd87000 	C:\WINDOWS\System32\OLEAUT32.dll
0x00007fffafa20000 - 0x00007fffafa52000 	C:\WINDOWS\SYSTEM32\dbgcore.DLL
0x00007fffba450000 - 0x00007fffba4cb000 	C:\WINDOWS\System32\bcryptPrimitives.dll
0x00007fffa4ee0000 - 0x00007fffa4f05000 	c:\Users\rafae\.vscode\extensions\redhat.java-1.14.0-win32-x64\jre\17.0.5-win32-x86_64\bin\java.dll
0x00007fffa6d60000 - 0x00007fffa6d78000 	c:\Users\rafae\.vscode\extensions\redhat.java-1.14.0-win32-x64\jre\17.0.5-win32-x86_64\bin\zip.dll
0x00007fffbaf80000 - 0x00007fffbb76f000 	C:\WINDOWS\System32\SHELL32.dll
0x00007fffb8300000 - 0x00007fffb8bc8000 	C:\WINDOWS\SYSTEM32\windows.storage.dll
0x00007fffb81c0000 - 0x00007fffb82fe000 	C:\WINDOWS\SYSTEM32\wintypes.dll
0x00007fffbb770000 - 0x00007fffbb861000 	C:\WINDOWS\System32\SHCORE.dll
0x00007fffbcc50000 - 0x00007fffbccae000 	C:\WINDOWS\System32\shlwapi.dll
0x00007fffba260000 - 0x00007fffba281000 	C:\WINDOWS\SYSTEM32\profapi.dll
0x00007fffa56e0000 - 0x00007fffa56f9000 	C:\Users\rafae\.vscode\extensions\redhat.java-1.14.0-win32-x64\jre\17.0.5-win32-x86_64\bin\net.dll
0x00007fffb4c90000 - 0x00007fffb4dbf000 	C:\WINDOWS\SYSTEM32\WINHTTP.dll
0x00007fffb9890000 - 0x00007fffb98f9000 	C:\WINDOWS\system32\mswsock.dll
0x00007fff9f040000 - 0x00007fff9f055000 	C:\Users\rafae\.vscode\extensions\redhat.java-1.14.0-win32-x64\jre\17.0.5-win32-x86_64\bin\nio.dll
0x00007fffa1bc0000 - 0x00007fffa1bd0000 	c:\Users\rafae\.vscode\extensions\redhat.java-1.14.0-win32-x64\jre\17.0.5-win32-x86_64\bin\verify.dll
0x00007fffb9bb0000 - 0x00007fffb9bcb000 	C:\WINDOWS\SYSTEM32\CRYPTSP.dll
0x00007fffb93a0000 - 0x00007fffb93d5000 	C:\WINDOWS\system32\rsaenh.dll
0x00007fffb9930000 - 0x00007fffb9958000 	C:\WINDOWS\SYSTEM32\USERENV.dll
0x00007fffb9cd0000 - 0x00007fffb9cf8000 	C:\WINDOWS\SYSTEM32\bcrypt.dll
0x00007fffb9b90000 - 0x00007fffb9b9c000 	C:\WINDOWS\SYSTEM32\CRYPTBASE.dll
0x00007fffb8e60000 - 0x00007fffb8e8d000 	C:\WINDOWS\SYSTEM32\IPHLPAPI.DLL
0x00007fffbcd90000 - 0x00007fffbcd99000 	C:\WINDOWS\System32\NSI.dll
0x00007fffb4c60000 - 0x00007fffb4c79000 	C:\WINDOWS\SYSTEM32\dhcpcsvc6.DLL
0x00007fffb49b0000 - 0x00007fffb49cf000 	C:\WINDOWS\SYSTEM32\dhcpcsvc.DLL
0x00007fffb8ee0000 - 0x00007fffb8fd2000 	C:\WINDOWS\SYSTEM32\DNSAPI.dll
0x00007fffa12d0000 - 0x00007fffa12d9000 	C:\Users\rafae\.vscode\extensions\redhat.java-1.14.0-win32-x64\jre\17.0.5-win32-x86_64\bin\management.dll
0x00007fff9f030000 - 0x00007fff9f03b000 	C:\Users\rafae\.vscode\extensions\redhat.java-1.14.0-win32-x64\jre\17.0.5-win32-x86_64\bin\management_ext.dll
0x00007fffbcec0000 - 0x00007fffbcec8000 	C:\WINDOWS\System32\PSAPI.DLL

dbghelp: loaded successfully - version: 4.0.5 - missing functions: none
symbol engine: initialized successfully - sym options: 0x614 - pdb path: .;c:\Users\rafae\.vscode\extensions\redhat.java-1.14.0-win32-x64\jre\17.0.5-win32-x86_64\bin;C:\WINDOWS\SYSTEM32;C:\WINDOWS\WinSxS\amd64_microsoft.windows.common-controls_6595b64144ccf1df_6.0.22621.608_none_a9444ca7c10bb01d;c:\Users\rafae\.vscode\extensions\redhat.java-1.14.0-win32-x64\jre\17.0.5-win32-x86_64\bin\server

VM Arguments:
jvm_args: -Dsts.lsp.client=vscode -Dsts.log.file=/dev/null -XX:TieredStopAtLevel=1 -Xlog:jni+resolve=off -Dspring.config.location=file:c:\Users\rafae\.vscode\extensions\pivotal.vscode-spring-boot-1.43.0\language-server\BOOT-INF\classes\application.properties 
java_command: org.springframework.ide.vscode.boot.app.BootLanguageServerBootApp
java_class_path (initial): c:\Users\rafae\.vscode\extensions\pivotal.vscode-spring-boot-1.43.0\language-server\BOOT-INF\classes;c:\Users\rafae\.vscode\extensions\pivotal.vscode-spring-boot-1.43.0\language-server\BOOT-INF\lib\annotations-23.1.0.jar;c:\Users\rafae\.vscode\extensions\pivotal.vscode-spring-boot-1.43.0\language-server\BOOT-INF\lib\ant-1.10.12.jar;c:\Users\rafae\.vscode\extensions\pivotal.vscode-spring-boot-1.43.0\language-server\BOOT-INF\lib\ant-launcher-1.10.12.jar;c:\Users\rafae\.vscode\extensions\pivotal.vscode-spring-boot-1.43.0\language-server\BOOT-INF\lib\antlr-runtime-3.5.2.jar;c:\Users\rafae\.vscode\extensions\pivotal.vscode-spring-boot-1.43.0\language-server\BOOT-INF\lib\antlr4-4.9.3.jar;c:\Users\rafae\.vscode\extensions\pivotal.vscode-spring-boot-1.43.0\language-server\BOOT-INF\lib\antlr4-runtime-4.9.3.jar;c:\Users\rafae\.vscode\extensions\pivotal.vscode-spring-boot-1.43.0\language-server\BOOT-INF\lib\apiguardian-api-1.1.2.jar;c:\Users\rafae\.vscode\extensions\pivotal.vscode-spring-boot-1.43.0\language-server\BOOT-INF\lib\asm-9.4.jar;c:\Users\rafae\.vscode\extensions\pivotal.vscode-spring-boot-1.43.0\language-server\BOOT-INF\lib\asm-analysis-9.4.jar;c:\Users\rafae\.vscode\extensions\pivotal.vscode-spring-boot-1.43.0\language-server\BOOT-INF\lib\asm-tree-9.4.jar;c:\Users\rafae\.vscode\extensions\pivotal.vscode-spring-boot-1.43.0\language-server\BOOT-INF\lib\asm-util-9.4.jar;c:\Users\rafae\.vscode\extensions\pivotal.vscode-spring-boot-1.43.0\language-server\BOOT-INF\lib\caffeine-3.1.2.jar;c:\Users\rafae\.vscode\extensions\pivotal.vscode-spring-boot-1.43.0\language-server\BOOT-INF\lib\checker-qual-3.12.0.jar;c:\Users\rafae\.vscode\extensions\pivotal.vscode-spring-boot-1.43.0\language-server\BOOT-INF\lib\ci-environment-9.1.0.jar;c:\Users\rafae\.vscode\extensions\pivotal.vscode-spring-boot-1.43.0\language-server\BOOT-INF\lib\classgraph-4.8.149.jar;c:\Users\rafae\.vscode\extensions\pivotal.vscode-spring-boot-1.43.0\language-server\BOOT-INF\lib\comm
Launcher Type: SUN_STANDARD

[Global flags]
     intx CICompilerCount                          = 12                                        {product} {ergonomic}
     uint ConcGCThreads                            = 3                                         {product} {ergonomic}
     uint G1ConcRefinementThreads                  = 13                                        {product} {ergonomic}
   size_t G1HeapRegionSize                         = 2097152                                   {product} {ergonomic}
    uintx GCDrainStackTargetSize                   = 64                                        {product} {ergonomic}
   size_t InitialHeapSize                          = 268435456                                 {product} {ergonomic}
   size_t MarkStackSize                            = 4194304                                   {product} {ergonomic}
   size_t MaxHeapSize                              = 4276092928                                {product} {ergonomic}
   size_t MaxNewSize                               = 2564816896                                {product} {ergonomic}
   size_t MinHeapDeltaBytes                        = 2097152                                   {product} {ergonomic}
   size_t MinHeapSize                              = 8388608                                   {product} {ergonomic}
    uintx NonProfiledCodeHeapSize                  = 0                                      {pd product} {ergonomic}
     bool ProfileInterpreter                       = false                                  {pd product} {command line}
    uintx ProfiledCodeHeapSize                     = 0                                      {pd product} {ergonomic}
   size_t SoftMaxHeapSize                          = 4276092928                             {manageable} {ergonomic}
     intx TieredStopAtLevel                        = 1                                         {product} {command line}
     bool UseCompressedClassPointers               = true                           {product lp64_product} {ergonomic}
     bool UseCompressedOops                        = true                           {product lp64_product} {ergonomic}
     bool UseG1GC                                  = true                                      {product} {ergonomic}
     bool UseLargePagesIndividualAllocation        = false                                  {pd product} {ergonomic}

Logging:
Log output configuration:
 #0: stdout all=warning,jni+resolve=off uptime,level,tags
 #1: stderr all=off uptime,level,tags

Environment Variables:
JAVA_HOME=C:\Program Files\Java\zulu11.60.19-ca-jdk11.0.17-win_x64
PATH=C:\Python311\Scripts\;C:\Python311\;C:\Program Files\Java\zulu11.60.19-ca-jdk11.0.17-win_x64\bin;C:\Program Files (x86)\Common Files\Oracle\Java\javapath;C:\ProgramData\Oracle\Java\javapath;C:\WINDOWS\system32;C:\WINDOWS;C:\WINDOWS\System32\Wbem;C:\WINDOWS\System32\WindowsPowerShell\v1.0\;C:\WINDOWS\System32\OpenSSH\;C:\Program Files\NVIDIA Corporation\NVIDIA NvDLISR;C:\ProgramData\chocolatey\bin;C:\Program Files\dotnet\;C:\apache-maven-3.8.3\bin;C:\Program Files\Docker\Docker\resources\bin;C:\Users\rafae\AppData\Roaming\nvm;C:\Program Files\nodejs;C:\Program Files\PowerShell\7\;C:\Program Files\Git\cmd;C:\Python311\Scripts\;C:\Python311\;C:\Program Files\Java\zulu11.60.19-ca-jdk11.0.17-win_x64\bin;C:\Program Files (x86)\Common Files\Oracle\Java\javapath;C:\ProgramData\Oracle\Java\javapath;C:\WINDOWS\system32;C:\WINDOWS;C:\WINDOWS\System32\Wbem;C:\WINDOWS\System32\WindowsPowerShell\v1.0\;C:\WINDOWS\System32\OpenSSH\;C:\Program Files\NVIDIA Corporation\NVIDIA NvDLISR;C:\ProgramData\chocolatey\bin;C:\Program Files\dotnet\;C:\apache-maven-3.8.3\bin;C:\Program Files\Docker\Docker\resources\bin;C:\Users\rafae\AppData\Roaming\nvm;C:\Program Files\nodejs;C:\Program Files\PowerShell\7\;C:\Program Files\Git\cmd;C:\Users\rafae\AppData\Local\Programs\Hyper\resources\bin;D:\Program Files (x86)\Microsoft VS Code\bin;C:\Users\rafae\AppData\Roaming\nvm;C:\Program Files\nodejs;C:\Users\rafae\AppData\Roaming\Hyper;
USERNAME=rafae
OS=Windows_NT
PROCESSOR_IDENTIFIER=AMD64 Family 23 Model 113 Stepping 0, AuthenticAMD
TMP=C:\Users\rafae\AppData\Local\Temp
TEMP=C:\Users\rafae\AppData\Local\Temp



---------------  S Y S T E M  ---------------

OS:
 Windows 11 , 64 bit Build 22621 (10.0.22621.1105)
OS uptime: 0 days 5:27 hours
Hyper-V role detected

CPU: total 16 (initial active 16) (16 cores per cpu, 2 threads per core) family 23 model 113 stepping 0 microcode 0x0, cx8, cmov, fxsr, ht, mmx, 3dnowpref, sse, sse2, sse3, ssse3, sse4a, sse4.1, sse4.2, popcnt, lzcnt, tsc, tscinvbit, avx, avx2, aes, clmul, bmi1, bmi2, adx, sha, fma, vzeroupper, clflush, clflushopt, hv

Memory: 4k page, system-wide physical 16307M (390M free)
TotalPageFile size 46021M (AvailPageFile size 102M)
current process WorkingSet (physical memory assigned to process): 281M, peak: 281M
current process commit charge ("private bytes"): 340M, peak: 390M

vm_info: OpenJDK 64-Bit Server VM (17.0.5+8) for windows-amd64 JRE (17.0.5+8), built on Oct 19 2022 04:48:13 by "temurin" with MS VC++ 16.7 (VS2019)

END.
