#
# There is insufficient memory for the Java Runtime Environment to continue.
# Native memory allocation (mmap) failed to map 37748736 bytes for G1 virtual space
# Possible reasons:
#   The system is out of physical RAM or swap space
#   The process is running with CompressedOops enabled, and the Java Heap may be blocking the growth of the native heap
# Possible solutions:
#   Reduce memory load on the system
#   Increase physical memory or swap space
#   Check if swap backing store is full
#   Decrease Java heap size (-Xmx/-Xms)
#   Decrease number of Java threads
#   Decrease Java thread stack sizes (-Xss)
#   Set larger code cache with -XX:ReservedCodeCacheSize=
#   JVM is running with Zero Based Compressed Oops mode in which the Java heap is
#     placed in the first 32GB address space. The Java Heap base address is the
#     maximum limit for the native heap growth. Please use -XX:HeapBaseMinAddress
#     to set the Java Heap base and to place the Java Heap above 32GB virtual address.
# This output file may be truncated or incomplete.
#
#  Out of Memory Error (os_windows.cpp:3548), pid=33744, tid=24360
#
# JRE version: OpenJDK Runtime Environment Temurin-17.0.5+8 (17.0.5+8) (build 17.0.5+8)
# Java VM: OpenJDK 64-Bit Server VM Temurin-17.0.5+8 (17.0.5+8, mixed mode, emulated-client, tiered, compressed oops, compressed class ptrs, g1 gc, windows-amd64)
# No core dump will be written. Minidumps are not enabled by default on client versions of Windows
#

---------------  S U M M A R Y ------------

Command Line: -Dsts.lsp.client=vscode -Dsts.log.file=/dev/null -XX:TieredStopAtLevel=1 -Xlog:jni+resolve=off -Dspring.config.location=file:c:\Users\rafae\.vscode\extensions\pivotal.vscode-spring-boot-1.43.0\language-server\BOOT-INF\classes\application.properties org.springframework.ide.vscode.boot.app.BootLanguageServerBootApp

Host: AMD Ryzen 7 3700X 8-Core Processor             , 16 cores, 15G,  Windows 11 , 64 bit Build 22621 (10.0.22621.1105)
Time: Mon Jan 23 13:00:03 2023 Hora oficial do Brasil elapsed time: 2.682841 seconds (0d 0h 0m 2s)

---------------  T H R E A D  ---------------

Current thread (0x000001ec0c422d70):  VMThread "VM Thread" [stack: 0x000000dab3100000,0x000000dab3200000] [id=24360]

Stack: [0x000000dab3100000,0x000000dab3200000]
Native frames: (J=compiled Java code, j=interpreted, Vv=VM code, C=native code)
V  [jvm.dll+0x676b3a]
V  [jvm.dll+0x831444]
V  [jvm.dll+0x832bee]
V  [jvm.dll+0x833253]
V  [jvm.dll+0x244ce5]
V  [jvm.dll+0x673a49]
V  [jvm.dll+0x66811a]
V  [jvm.dll+0x303ceb]
V  [jvm.dll+0x30b1e6]
V  [jvm.dll+0x35adbe]
V  [jvm.dll+0x35afef]
V  [jvm.dll+0x2dab88]
V  [jvm.dll+0x2d8e3c]
V  [jvm.dll+0x2d840c]
V  [jvm.dll+0x31c31b]
V  [jvm.dll+0x8376fb]
V  [jvm.dll+0x838434]
V  [jvm.dll+0x83894c]
V  [jvm.dll+0x838d24]
V  [jvm.dll+0x838df0]
V  [jvm.dll+0x7e17ea]
V  [jvm.dll+0x6759e5]
C  [ucrtbase.dll+0x29363]
C  [KERNEL32.DLL+0x126bd]
C  [ntdll.dll+0x5dfb8]

VM_Operation (0x000000dab6cfe620): G1CollectForAllocation, mode: safepoint, requested by thread 0x000001ec0dd0c890


---------------  P R O C E S S  ---------------

Threads class SMR info:
_java_thread_list=0x000001ec10762b50, length=54, elements={
0x000001ec0c471390, 0x000001ec0c471f40, 0x000001ec0c4af010, 0x000001ec0c4af9c0,
0x000001ec0c4b0370, 0x000001ec0c4b2d30, 0x000001ec0c4b6700, 0x000001ec0c4c3520,
0x000001ec0c6abae0, 0x000001ec0c6ce010, 0x000001ec0c6da970, 0x000001ec0c6db490,
0x000001ec0c6dfd80, 0x000001ec0d377f00, 0x000001ec0d8d4500, 0x000001ec0d8d4e20,
0x000001ec0d93f4f0, 0x000001ec0db5fe10, 0x000001ec0db412d0, 0x000001ec78df6fb0,
0x000001ec0d5e7090, 0x000001ec0dc36ae0, 0x000001ec0dc4b040, 0x000001ec0dcc0da0,
0x000001ec0dce65a0, 0x000001ec0dcfa650, 0x000001ec0dcf8e40, 0x000001ec0dcf9310,
0x000001ec0dcfa180, 0x000001ec0dcf97e0, 0x000001ec0dcf9cb0, 0x000001ec0dd0ea40,
0x000001ec0dd0a6e0, 0x000001ec0dd09870, 0x000001ec0dd0e570, 0x000001ec0dd0b080,
0x000001ec0dd0fd80, 0x000001ec0dd0ef10, 0x000001ec0dd0bef0, 0x000001ec0dd0d700,
0x000001ec0dd09d40, 0x000001ec0dd0c3c0, 0x000001ec0dd0a210, 0x000001ec0dd0abb0,
0x000001ec0dd0c890, 0x000001ec0dd0cd60, 0x000001ec0dd0f8b0, 0x000001ec0dd0b550,
0x000001ec0dd093a0, 0x000001ec0dd10250, 0x000001ec0dd0ba20, 0x000001ec0dd10720,
0x000001ec0dd0d230, 0x000001ec0dd0dbd0
}

Java Threads: ( => current thread )
  0x000001ec0c471390 JavaThread "Reference Handler" daemon [_thread_blocked, id=2884, stack(0x000000dab3200000,0x000000dab3300000)]
  0x000001ec0c471f40 JavaThread "Finalizer" daemon [_thread_blocked, id=14612, stack(0x000000dab3300000,0x000000dab3400000)]
  0x000001ec0c4af010 JavaThread "Signal Dispatcher" daemon [_thread_blocked, id=27556, stack(0x000000dab3400000,0x000000dab3500000)]
  0x000001ec0c4af9c0 JavaThread "Attach Listener" daemon [_thread_blocked, id=17212, stack(0x000000dab3500000,0x000000dab3600000)]
  0x000001ec0c4b0370 JavaThread "Service Thread" daemon [_thread_blocked, id=13712, stack(0x000000dab3600000,0x000000dab3700000)]
  0x000001ec0c4b2d30 JavaThread "Monitor Deflation Thread" daemon [_thread_blocked, id=15676, stack(0x000000dab3700000,0x000000dab3800000)]
  0x000001ec0c4b6700 JavaThread "C1 CompilerThread0" daemon [_thread_blocked, id=31740, stack(0x000000dab3800000,0x000000dab3900000)]
  0x000001ec0c4c3520 JavaThread "Sweeper thread" daemon [_thread_blocked, id=32604, stack(0x000000dab3900000,0x000000dab3a00000)]
  0x000001ec0c6abae0 JavaThread "C1 CompilerThread1" daemon [_thread_blocked, id=10156, stack(0x000000dab3a00000,0x000000dab3b00000)]
  0x000001ec0c6ce010 JavaThread "C1 CompilerThread2" daemon [_thread_blocked, id=21612, stack(0x000000dab3b00000,0x000000dab3c00000)]
  0x000001ec0c6da970 JavaThread "C1 CompilerThread3" daemon [_thread_blocked, id=32560, stack(0x000000dab3c00000,0x000000dab3d00000)]
  0x000001ec0c6db490 JavaThread "Notification Thread" daemon [_thread_blocked, id=32788, stack(0x000000dab3d00000,0x000000dab3e00000)]
  0x000001ec0c6dfd80 JavaThread "Common-Cleaner" daemon [_thread_blocked, id=26036, stack(0x000000dab3f00000,0x000000dab4000000)]
  0x000001ec0d377f00 JavaThread "C1 CompilerThread4" daemon [_thread_blocked, id=31896, stack(0x000000dab4600000,0x000000dab4700000)]
  0x000001ec0d8d4500 JavaThread "C1 CompilerThread5" daemon [_thread_blocked, id=33384, stack(0x000000dab4f00000,0x000000dab5000000)]
  0x000001ec0d8d4e20 JavaThread "C1 CompilerThread6" daemon [_thread_blocked, id=18228, stack(0x000000dab5000000,0x000000dab5100000)]
  0x000001ec0d93f4f0 JavaThread "boundedElastic-evictor-1" daemon [_thread_blocked, id=14940, stack(0x000000dab5100000,0x000000dab5200000)]
  0x000001ec0db5fe10 JavaThread "pool-11-thread-1" [_thread_blocked, id=4044, stack(0x000000dab5200000,0x000000dab5300000)]
  0x000001ec0db412d0 JavaThread "LanguageServerApp-lifecycle" [_thread_blocked, id=24768, stack(0x000000dab5300000,0x000000dab5400000)]
  0x000001ec78df6fb0 JavaThread "DestroyJavaVM" [_thread_blocked, id=32328, stack(0x000000dab2b00000,0x000000dab2c00000)]
  0x000001ec0d5e7090 JavaThread "pool-12-thread-1" [_thread_in_native, id=11084, stack(0x000000dab5400000,0x000000dab5500000)]
  0x000001ec0dc36ae0 JavaThread "Simple-Language-Server main thread" daemon [_thread_blocked, id=8272, stack(0x000000dab5500000,0x000000dab5600000)]
  0x000001ec0dc4b040 JavaThread "ForkJoinPool.commonPool-worker-1" daemon [_thread_blocked, id=24028, stack(0x000000dab5600000,0x000000dab5700000)]
  0x000001ec0dcc0da0 JavaThread "parallel-1" daemon [_thread_blocked, id=9636, stack(0x000000dab5700000,0x000000dab5800000)]
  0x000001ec0dce65a0 JavaThread "ClassGraph-worker-0" daemon [_thread_blocked, id=29464, stack(0x000000dab5800000,0x000000dab5900000)]
  0x000001ec0dcfa650 JavaThread "ClassGraph-worker-1" daemon [_thread_blocked, id=32200, stack(0x000000dab5900000,0x000000dab5a00000)]
  0x000001ec0dcf8e40 JavaThread "ClassGraph-worker-2" daemon [_thread_blocked, id=24516, stack(0x000000dab5a00000,0x000000dab5b00000)]
  0x000001ec0dcf9310 JavaThread "ClassGraph-worker-3" daemon [_thread_blocked, id=33040, stack(0x000000dab5b00000,0x000000dab5c00000)]
  0x000001ec0dcfa180 JavaThread "ClassGraph-worker-4" daemon [_thread_blocked, id=32988, stack(0x000000dab5c00000,0x000000dab5d00000)]
  0x000001ec0dcf97e0 JavaThread "ClassGraph-worker-5" daemon [_thread_blocked, id=32992, stack(0x000000dab5d00000,0x000000dab5e00000)]
  0x000001ec0dcf9cb0 JavaThread "ClassGraph-worker-6" daemon [_thread_blocked, id=33064, stack(0x000000dab5e00000,0x000000dab5f00000)]
  0x000001ec0dd0ea40 JavaThread "ClassGraph-worker-7" daemon [_thread_blocked, id=1396, stack(0x000000dab5f00000,0x000000dab6000000)]
  0x000001ec0dd0a6e0 JavaThread "ClassGraph-worker-8" daemon [_thread_blocked, id=14160, stack(0x000000dab6000000,0x000000dab6100000)]
  0x000001ec0dd09870 JavaThread "ClassGraph-worker-9" daemon [_thread_blocked, id=33628, stack(0x000000dab6100000,0x000000dab6200000)]
  0x000001ec0dd0e570 JavaThread "ClassGraph-worker-10" daemon [_thread_blocked, id=30304, stack(0x000000dab6200000,0x000000dab6300000)]
  0x000001ec0dd0b080 JavaThread "ClassGraph-worker-11" daemon [_thread_blocked, id=12520, stack(0x000000dab6300000,0x000000dab6400000)]
  0x000001ec0dd0fd80 JavaThread "ClassGraph-worker-12" daemon [_thread_blocked, id=15164, stack(0x000000dab6400000,0x000000dab6500000)]
  0x000001ec0dd0ef10 JavaThread "ClassGraph-worker-13" daemon [_thread_blocked, id=29196, stack(0x000000dab6500000,0x000000dab6600000)]
  0x000001ec0dd0bef0 JavaThread "ClassGraph-worker-14" daemon [_thread_blocked, id=33200, stack(0x000000dab6600000,0x000000dab6700000)]
  0x000001ec0dd0d700 JavaThread "ClassGraph-worker-15" daemon [_thread_blocked, id=31440, stack(0x000000dab6700000,0x000000dab6800000)]
  0x000001ec0dd09d40 JavaThread "ClassGraph-worker-16" daemon [_thread_blocked, id=25916, stack(0x000000dab6800000,0x000000dab6900000)]
  0x000001ec0dd0c3c0 JavaThread "ClassGraph-worker-17" daemon [_thread_blocked, id=8260, stack(0x000000dab6900000,0x000000dab6a00000)]
  0x000001ec0dd0a210 JavaThread "ClassGraph-worker-18" daemon [_thread_blocked, id=33564, stack(0x000000dab6a00000,0x000000dab6b00000)]
  0x000001ec0dd0abb0 JavaThread "ClassGraph-worker-19" daemon [_thread_blocked, id=3144, stack(0x000000dab6b00000,0x000000dab6c00000)]
  0x000001ec0dd0c890 JavaThread "ClassGraph-worker-20" daemon [_thread_blocked, id=33120, stack(0x000000dab6c00000,0x000000dab6d00000)]
  0x000001ec0dd0cd60 JavaThread "ClassGraph-worker-21" daemon [_thread_blocked, id=12516, stack(0x000000dab6d00000,0x000000dab6e00000)]
  0x000001ec0dd0f8b0 JavaThread "ClassGraph-worker-22" daemon [_thread_blocked, id=32472, stack(0x000000dab6e00000,0x000000dab6f00000)]
  0x000001ec0dd0b550 JavaThread "ClassGraph-worker-23" daemon [_thread_blocked, id=32772, stack(0x000000dab6f00000,0x000000dab7000000)]
  0x000001ec0dd093a0 JavaThread "pool-6-thread-1" [_thread_blocked, id=32468, stack(0x000000dab7600000,0x000000dab7700000)]
  0x000001ec0dd10250 JavaThread "pool-10-thread-1" [_thread_blocked, id=9848, stack(0x000000dab7700000,0x000000dab7800000)]
  0x000001ec0dd0ba20 JavaThread "ForkJoinPool.commonPool-worker-2" daemon [_thread_blocked, id=30480, stack(0x000000dab7800000,0x000000dab7900000)]
  0x000001ec0dd10720 JavaThread "parallel-2" daemon [_thread_blocked, id=5380, stack(0x000000dab7900000,0x000000dab7a00000)]
  0x000001ec0dd0d230 JavaThread "pool-10-thread-2" [_thread_blocked, id=17716, stack(0x000000dab7a00000,0x000000dab7b00000)]
  0x000001ec0dd0dbd0 JavaThread "parallel-3" daemon [_thread_blocked, id=9644, stack(0x000000dab7b00000,0x000000dab7c00000)]

Other Threads:
=>0x000001ec0c422d70 VMThread "VM Thread" [stack: 0x000000dab3100000,0x000000dab3200000] [id=24360]
  0x000001ec0c6db9b0 WatcherThread [stack: 0x000000dab3e00000,0x000000dab3f00000] [id=31616]
  0x000001ec78e63da0 GCTaskThread "GC Thread#0" [stack: 0x000000dab2c00000,0x000000dab2d00000] [id=6616]
  0x000001ec0d0f4ca0 GCTaskThread "GC Thread#1" [stack: 0x000000dab4000000,0x000000dab4100000] [id=32100]
  0x000001ec0d0f4f50 GCTaskThread "GC Thread#2" [stack: 0x000000dab4100000,0x000000dab4200000] [id=32904]
  0x000001ec0d0f5200 GCTaskThread "GC Thread#3" [stack: 0x000000dab4200000,0x000000dab4300000] [id=28184]
  0x000001ec0d0f54b0 GCTaskThread "GC Thread#4" [stack: 0x000000dab4300000,0x000000dab4400000] [id=33552]
  0x000001ec0d0c8040 GCTaskThread "GC Thread#5" [stack: 0x000000dab4400000,0x000000dab4500000] [id=33656]
  0x000001ec0d34add0 GCTaskThread "GC Thread#6" [stack: 0x000000dab4500000,0x000000dab4600000] [id=24664]
  0x000001ec0d67ca90 GCTaskThread "GC Thread#7" [stack: 0x000000dab4800000,0x000000dab4900000] [id=356]
  0x000001ec0d67cd40 GCTaskThread "GC Thread#8" [stack: 0x000000dab4900000,0x000000dab4a00000] [id=28044]
  0x000001ec0d67e020 GCTaskThread "GC Thread#9" [stack: 0x000000dab4a00000,0x000000dab4b00000] [id=4604]
  0x000001ec0d67f300 GCTaskThread "GC Thread#10" [stack: 0x000000dab4b00000,0x000000dab4c00000] [id=10508]
  0x000001ec0d67f9c0 GCTaskThread "GC Thread#11" [stack: 0x000000dab4c00000,0x000000dab4d00000] [id=30620]
  0x000001ec0d85f860 GCTaskThread "GC Thread#12" [stack: 0x000000dab4700000,0x000000dab4800000] [id=29820]
  0x000001ec78e74d10 ConcurrentGCThread "G1 Main Marker" [stack: 0x000000dab2d00000,0x000000dab2e00000] [id=14680]
  0x000001ec78e75ec0 ConcurrentGCThread "G1 Conc#0" [stack: 0x000000dab2e00000,0x000000dab2f00000] [id=33484]
  0x000001ec0d609a50 ConcurrentGCThread "G1 Conc#1" [stack: 0x000000dab4d00000,0x000000dab4e00000] [id=32564]
  0x000001ec0d544830 ConcurrentGCThread "G1 Conc#2" [stack: 0x000000dab4e00000,0x000000dab4f00000] [id=31524]
  0x000001ec78e9eb50 ConcurrentGCThread "G1 Refine#0" [stack: 0x000000dab2f00000,0x000000dab3000000] [id=21968]
  0x000001ec106dac60 ConcurrentGCThread "G1 Refine#1" [stack: 0x000000dab7000000,0x000000dab7100000] [id=31292]
  0x000001ec107725b0 ConcurrentGCThread "G1 Refine#2" [stack: 0x000000dab7100000,0x000000dab7200000] [id=31072]
  0x000001ec0dcbd4a0 ConcurrentGCThread "G1 Refine#3" [stack: 0x000000dab7200000,0x000000dab7300000] [id=25536]
  0x000001ec0de11420 ConcurrentGCThread "G1 Refine#4" [stack: 0x000000dab7300000,0x000000dab7400000] [id=30564]
  0x000001ec107937b0 ConcurrentGCThread "G1 Refine#5" [stack: 0x000000dab7400000,0x000000dab7500000] [id=33760]
  0x000001ec10793d70 ConcurrentGCThread "G1 Refine#6" [stack: 0x000000dab7500000,0x000000dab7600000] [id=20608]
  0x000001ec0b388930 ConcurrentGCThread "G1 Service" [stack: 0x000000dab3000000,0x000000dab3100000] [id=14884]

Threads with active compile tasks:
C1 CompilerThread0     2743 4650       1       nonapi.io.github.classgraph.fileslice.reader.ClassfileReader::readTo (292 bytes)
C1 CompilerThread1     2744 4634       1       io.github.classgraph.Classfile::readClassAttributes (863 bytes)
C1 CompilerThread2     2744 4621   !   1       nonapi.io.github.classgraph.utils.ProxyingInputStream::close (31 bytes)
C1 CompilerThread3     2745 4602   !   1       io.github.classgraph.Classfile::readConstantPoolEntries (936 bytes)
C1 CompilerThread4     2746 4622       1       io.github.classgraph.Classfile::readMethods (1501 bytes)
C1 CompilerThread5     2746 4633       1       io.github.classgraph.Classfile::readFields (781 bytes)
C1 CompilerThread6     2747 4620   !   1       io.github.classgraph.ClasspathElementModule$1$1::close (16 bytes)

VM state: at safepoint (normal execution)

VM Mutex/Monitor currently owned by a thread:  ([mutex/lock_event])
[0x000001ec76c6a4f0] Threads_lock - owner thread: 0x000001ec0c422d70
[0x000001ec76c69b60] Heap_lock - owner thread: 0x000001ec0dd0c890

Heap address: 0x0000000701200000, size: 4078 MB, Compressed Oops mode: Zero based, Oop shift amount: 3

CDS archive(s) not mapped
Compressed class space mapped at: 0x0000000800000000-0x0000000840000000, reserved size: 1073741824
Narrow klass base: 0x0000000800000000, Narrow klass shift: 0, Narrow klass range: 0x40000000

GC Precious Log:
 CPUs: 16 total, 16 available
 Memory: 16307M
 Large Page Support: Disabled
 NUMA Support: Disabled
 Compressed Oops: Enabled (Zero based)
 Heap Region Size: 2M
 Heap Min Capacity: 8M
 Heap Initial Capacity: 256M
 Heap Max Capacity: 4078M
 Pre-touch: Disabled
 Parallel Workers: 13
 Concurrent Workers: 3
 Concurrent Refinement Workers: 13
 Periodic GC: Disabled

Heap:
 garbage-first heap   total 262144K, used 79948K [0x0000000701200000, 0x0000000800000000)
  region size 2048K, 2 young (4096K), 2 survivors (4096K)
 Metaspace       used 42713K, committed 43136K, reserved 1089536K
  class space    used 5486K, committed 5696K, reserved 1048576K

Heap Regions: E=young(eden), S=young(survivor), O=old, HS=humongous(starts), HC=humongous(continues), CS=collection set, F=free, OA=open archive, CA=closed archive, TAMS=top-at-mark-start (previous, next)
|   0|0x0000000701200000, 0x0000000701400000, 0x0000000701400000|100%| O|  |TAMS 0x0000000701400000, 0x0000000701200000| Untracked 
|   1|0x0000000701400000, 0x0000000701600000, 0x0000000701600000|100%| O|  |TAMS 0x0000000701600000, 0x0000000701400000| Untracked 
|   2|0x0000000701600000, 0x0000000701800000, 0x0000000701800000|100%| O|  |TAMS 0x0000000701800000, 0x0000000701600000| Untracked 
|   3|0x0000000701800000, 0x0000000701a00000, 0x0000000701a00000|100%| O|  |TAMS 0x0000000701800000, 0x0000000701800000| Untracked 
|   4|0x0000000701a00000, 0x0000000701c00000, 0x0000000701c00000|100%| O|  |TAMS 0x0000000701c00000, 0x0000000701a00000| Untracked 
|   5|0x0000000701c00000, 0x0000000701e00000, 0x0000000701e00000|100%| O|  |TAMS 0x0000000701e00000, 0x0000000701c00000| Untracked 
|   6|0x0000000701e00000, 0x0000000702000000, 0x0000000702000000|100%| O|  |TAMS 0x0000000701e00000, 0x0000000701e00000| Untracked 
|   7|0x0000000702000000, 0x0000000702200000, 0x0000000702200000|100%| O|  |TAMS 0x0000000702000000, 0x0000000702000000| Untracked 
|   8|0x0000000702200000, 0x0000000702400000, 0x0000000702400000|100%| O|  |TAMS 0x0000000702200000, 0x0000000702200000| Untracked 
|   9|0x0000000702400000, 0x0000000702600000, 0x0000000702600000|100%| O|  |TAMS 0x0000000702400000, 0x0000000702400000| Untracked 
|  10|0x0000000702600000, 0x0000000702800000, 0x0000000702800000|100%| O|  |TAMS 0x0000000702800000, 0x0000000702600000| Untracked 
|  11|0x0000000702800000, 0x0000000702a00000, 0x0000000702a00000|100%| O|  |TAMS 0x0000000702800000, 0x0000000702800000| Untracked 
|  12|0x0000000702a00000, 0x0000000702c00000, 0x0000000702c00000|100%| O|  |TAMS 0x0000000702a00000, 0x0000000702a00000| Untracked 
|  13|0x0000000702c00000, 0x0000000702e00000, 0x0000000702e00000|100%| O|  |TAMS 0x0000000702c00000, 0x0000000702c00000| Untracked 
|  14|0x0000000702e00000, 0x0000000703000000, 0x0000000703000000|100%| O|  |TAMS 0x0000000702e00000, 0x0000000702e00000| Untracked 
|  15|0x0000000703000000, 0x0000000703200000, 0x0000000703200000|100%| O|  |TAMS 0x0000000703000000, 0x0000000703000000| Untracked 
|  16|0x0000000703200000, 0x0000000703400000, 0x0000000703400000|100%| O|  |TAMS 0x0000000703200000, 0x0000000703200000| Untracked 
|  17|0x0000000703400000, 0x0000000703600000, 0x0000000703600000|100%| O|  |TAMS 0x0000000703400000, 0x0000000703400000| Untracked 
|  18|0x0000000703600000, 0x0000000703800000, 0x0000000703800000|100%| O|  |TAMS 0x0000000703600000, 0x0000000703600000| Untracked 
|  19|0x0000000703800000, 0x0000000703a00000, 0x0000000703a00000|100%| O|  |TAMS 0x0000000703800000, 0x0000000703800000| Untracked 
|  20|0x0000000703a00000, 0x0000000703c00000, 0x0000000703c00000|100%| O|  |TAMS 0x0000000703a00000, 0x0000000703a00000| Untracked 
|  21|0x0000000703c00000, 0x0000000703e00000, 0x0000000703e00000|100%| O|  |TAMS 0x0000000703c00000, 0x0000000703c00000| Untracked 
|  22|0x0000000703e00000, 0x0000000704000000, 0x0000000704000000|100%| O|  |TAMS 0x0000000703e00000, 0x0000000703e00000| Untracked 
|  23|0x0000000704000000, 0x0000000704200000, 0x0000000704200000|100%| O|  |TAMS 0x0000000704000000, 0x0000000704000000| Untracked 
|  24|0x0000000704200000, 0x0000000704400000, 0x0000000704400000|100%| O|  |TAMS 0x0000000704200000, 0x0000000704200000| Untracked 
|  25|0x0000000704400000, 0x0000000704600000, 0x0000000704600000|100%| O|  |TAMS 0x0000000704400000, 0x0000000704400000| Untracked 
|  26|0x0000000704600000, 0x0000000704800000, 0x0000000704800000|100%| O|  |TAMS 0x0000000704600000, 0x0000000704600000| Untracked 
|  27|0x0000000704800000, 0x0000000704a00000, 0x0000000704a00000|100%| O|  |TAMS 0x0000000704800000, 0x0000000704800000| Untracked 
|  28|0x0000000704a00000, 0x0000000704c00000, 0x0000000704c00000|100%| O|  |TAMS 0x0000000704a00000, 0x0000000704a00000| Untracked 
|  29|0x0000000704c00000, 0x0000000704e00000, 0x0000000704e00000|100%| O|  |TAMS 0x0000000704c00000, 0x0000000704c00000| Untracked 
|  30|0x0000000704e00000, 0x0000000705000000, 0x0000000705000000|100%| O|  |TAMS 0x0000000704e00000, 0x0000000704e00000| Untracked 
|  31|0x0000000705000000, 0x0000000705200000, 0x0000000705200000|100%| O|  |TAMS 0x0000000705000000, 0x0000000705000000| Untracked 
|  32|0x0000000705200000, 0x0000000705400000, 0x0000000705400000|100%| O|  |TAMS 0x0000000705200000, 0x0000000705200000| Untracked 
|  33|0x0000000705400000, 0x0000000705600000, 0x0000000705600000|100%| O|  |TAMS 0x0000000705400000, 0x0000000705400000| Untracked 
|  34|0x0000000705600000, 0x0000000705800000, 0x0000000705800000|100%| O|  |TAMS 0x0000000705600000, 0x0000000705600000| Untracked 
|  35|0x0000000705800000, 0x0000000705a00000, 0x0000000705a00000|100%| O|  |TAMS 0x0000000705800000, 0x0000000705800000| Untracked 
|  36|0x0000000705a00000, 0x0000000705c00000, 0x0000000705c00000|100%| O|  |TAMS 0x0000000705a00000, 0x0000000705a00000| Untracked 
|  37|0x0000000705c00000, 0x0000000705de1200, 0x0000000705e00000| 93%| O|  |TAMS 0x0000000705c00000, 0x0000000705c00000| Untracked 
|  38|0x0000000705e00000, 0x0000000705e00000, 0x0000000706000000|  0%| F|  |TAMS 0x0000000705e00000, 0x0000000705e00000| Untracked 
|  39|0x0000000706000000, 0x0000000706000000, 0x0000000706200000|  0%| F|  |TAMS 0x0000000706000000, 0x0000000706000000| Untracked 
|  40|0x0000000706200000, 0x0000000706200000, 0x0000000706400000|  0%| F|  |TAMS 0x0000000706200000, 0x0000000706200000| Untracked 
|  41|0x0000000706400000, 0x0000000706400000, 0x0000000706600000|  0%| F|  |TAMS 0x0000000706400000, 0x0000000706400000| Untracked 
|  42|0x0000000706600000, 0x0000000706600000, 0x0000000706800000|  0%| F|  |TAMS 0x0000000706600000, 0x0000000706600000| Untracked 
|  43|0x0000000706800000, 0x0000000706800000, 0x0000000706a00000|  0%| F|  |TAMS 0x0000000706800000, 0x0000000706800000| Untracked 
|  44|0x0000000706a00000, 0x0000000706a00000, 0x0000000706c00000|  0%| F|  |TAMS 0x0000000706a00000, 0x0000000706a00000| Untracked 
|  45|0x0000000706c00000, 0x0000000706c00000, 0x0000000706e00000|  0%| F|  |TAMS 0x0000000706c00000, 0x0000000706c00000| Untracked 
|  46|0x0000000706e00000, 0x0000000706e00000, 0x0000000707000000|  0%| F|  |TAMS 0x0000000706e00000, 0x0000000706e00000| Untracked 
|  47|0x0000000707000000, 0x0000000707000000, 0x0000000707200000|  0%| F|  |TAMS 0x0000000707000000, 0x0000000707000000| Untracked 
|  48|0x0000000707200000, 0x0000000707200000, 0x0000000707400000|  0%| F|  |TAMS 0x0000000707200000, 0x0000000707200000| Untracked 
|  49|0x0000000707400000, 0x0000000707400000, 0x0000000707600000|  0%| F|  |TAMS 0x0000000707400000, 0x0000000707400000| Untracked 
|  50|0x0000000707600000, 0x0000000707600000, 0x0000000707800000|  0%| F|  |TAMS 0x0000000707600000, 0x0000000707600000| Untracked 
|  51|0x0000000707800000, 0x0000000707800000, 0x0000000707a00000|  0%| F|  |TAMS 0x0000000707800000, 0x0000000707800000| Untracked 
|  52|0x0000000707a00000, 0x0000000707a00000, 0x0000000707c00000|  0%| F|  |TAMS 0x0000000707a00000, 0x0000000707a00000| Untracked 
|  53|0x0000000707c00000, 0x0000000707c00000, 0x0000000707e00000|  0%| F|  |TAMS 0x0000000707c00000, 0x0000000707c00000| Untracked 
|  54|0x0000000707e00000, 0x0000000707e00000, 0x0000000708000000|  0%| F|  |TAMS 0x0000000707e00000, 0x0000000707e00000| Untracked 
|  55|0x0000000708000000, 0x0000000708000000, 0x0000000708200000|  0%| F|  |TAMS 0x0000000708000000, 0x0000000708000000| Untracked 
|  56|0x0000000708200000, 0x0000000708200000, 0x0000000708400000|  0%| F|  |TAMS 0x0000000708200000, 0x0000000708200000| Untracked 
|  57|0x0000000708400000, 0x0000000708432060, 0x0000000708600000|  9%| S|CS|TAMS 0x0000000708400000, 0x0000000708400000| Complete 
|  58|0x0000000708600000, 0x0000000708800000, 0x0000000708800000|100%| S|CS|TAMS 0x0000000708600000, 0x0000000708600000| Complete 
|  59|0x0000000708800000, 0x0000000708800000, 0x0000000708a00000|  0%| F|  |TAMS 0x0000000708800000, 0x0000000708800000| Untracked 
|  60|0x0000000708a00000, 0x0000000708a00000, 0x0000000708c00000|  0%| F|  |TAMS 0x0000000708a00000, 0x0000000708a00000| Untracked 
|  61|0x0000000708c00000, 0x0000000708c00000, 0x0000000708e00000|  0%| F|  |TAMS 0x0000000708c00000, 0x0000000708c00000| Untracked 
|  62|0x0000000708e00000, 0x0000000708e00000, 0x0000000709000000|  0%| F|  |TAMS 0x0000000708e00000, 0x0000000708e00000| Untracked 
|  63|0x0000000709000000, 0x0000000709000000, 0x0000000709200000|  0%| F|  |TAMS 0x0000000709000000, 0x0000000709000000| Untracked 
|  64|0x0000000709200000, 0x0000000709200000, 0x0000000709400000|  0%| F|  |TAMS 0x0000000709200000, 0x0000000709200000| Untracked 
|  65|0x0000000709400000, 0x0000000709400000, 0x0000000709600000|  0%| F|  |TAMS 0x0000000709400000, 0x0000000709400000| Untracked 
|  66|0x0000000709600000, 0x0000000709600000, 0x0000000709800000|  0%| F|  |TAMS 0x0000000709600000, 0x0000000709600000| Untracked 
|  67|0x0000000709800000, 0x0000000709800000, 0x0000000709a00000|  0%| F|  |TAMS 0x0000000709800000, 0x0000000709800000| Untracked 
|  68|0x0000000709a00000, 0x0000000709a00000, 0x0000000709c00000|  0%| F|  |TAMS 0x0000000709a00000, 0x0000000709a00000| Untracked 
|  69|0x0000000709c00000, 0x0000000709c00000, 0x0000000709e00000|  0%| F|  |TAMS 0x0000000709c00000, 0x0000000709c00000| Untracked 
|  70|0x0000000709e00000, 0x0000000709e00000, 0x000000070a000000|  0%| F|  |TAMS 0x0000000709e00000, 0x0000000709e00000| Untracked 
|  71|0x000000070a000000, 0x000000070a000000, 0x000000070a200000|  0%| F|  |TAMS 0x000000070a000000, 0x000000070a000000| Untracked 
|  72|0x000000070a200000, 0x000000070a200000, 0x000000070a400000|  0%| F|  |TAMS 0x000000070a200000, 0x000000070a200000| Untracked 
|  73|0x000000070a400000, 0x000000070a400000, 0x000000070a600000|  0%| F|  |TAMS 0x000000070a400000, 0x000000070a400000| Untracked 
|  74|0x000000070a600000, 0x000000070a600000, 0x000000070a800000|  0%| F|  |TAMS 0x000000070a600000, 0x000000070a600000| Untracked 
|  75|0x000000070a800000, 0x000000070a800000, 0x000000070aa00000|  0%| F|  |TAMS 0x000000070a800000, 0x000000070a800000| Untracked 
|  76|0x000000070aa00000, 0x000000070aa00000, 0x000000070ac00000|  0%| F|  |TAMS 0x000000070aa00000, 0x000000070aa00000| Untracked 
|  77|0x000000070ac00000, 0x000000070ac00000, 0x000000070ae00000|  0%| F|  |TAMS 0x000000070ac00000, 0x000000070ac00000| Untracked 
|  78|0x000000070ae00000, 0x000000070ae00000, 0x000000070b000000|  0%| F|  |TAMS 0x000000070ae00000, 0x000000070ae00000| Untracked 
|  79|0x000000070b000000, 0x000000070b000000, 0x000000070b200000|  0%| F|  |TAMS 0x000000070b000000, 0x000000070b000000| Untracked 
|  80|0x000000070b200000, 0x000000070b200000, 0x000000070b400000|  0%| F|  |TAMS 0x000000070b200000, 0x000000070b200000| Untracked 
|  81|0x000000070b400000, 0x000000070b400000, 0x000000070b600000|  0%| F|  |TAMS 0x000000070b400000, 0x000000070b400000| Untracked 
|  82|0x000000070b600000, 0x000000070b600000, 0x000000070b800000|  0%| F|  |TAMS 0x000000070b600000, 0x000000070b600000| Untracked 
|  83|0x000000070b800000, 0x000000070b800000, 0x000000070ba00000|  0%| F|  |TAMS 0x000000070b800000, 0x000000070b800000| Untracked 
|  84|0x000000070ba00000, 0x000000070ba00000, 0x000000070bc00000|  0%| F|  |TAMS 0x000000070ba00000, 0x000000070ba00000| Untracked 
|  85|0x000000070bc00000, 0x000000070bc00000, 0x000000070be00000|  0%| F|  |TAMS 0x000000070bc00000, 0x000000070bc00000| Untracked 
|  86|0x000000070be00000, 0x000000070be00000, 0x000000070c000000|  0%| F|  |TAMS 0x000000070be00000, 0x000000070be00000| Untracked 
|  87|0x000000070c000000, 0x000000070c000000, 0x000000070c200000|  0%| F|  |TAMS 0x000000070c000000, 0x000000070c000000| Untracked 
|  88|0x000000070c200000, 0x000000070c200000, 0x000000070c400000|  0%| F|  |TAMS 0x000000070c200000, 0x000000070c200000| Untracked 
|  89|0x000000070c400000, 0x000000070c400000, 0x000000070c600000|  0%| F|  |TAMS 0x000000070c400000, 0x000000070c400000| Untracked 
|  90|0x000000070c600000, 0x000000070c600000, 0x000000070c800000|  0%| F|  |TAMS 0x000000070c600000, 0x000000070c600000| Untracked 
|  91|0x000000070c800000, 0x000000070c800000, 0x000000070ca00000|  0%| F|  |TAMS 0x000000070c800000, 0x000000070c800000| Untracked 
|  92|0x000000070ca00000, 0x000000070ca00000, 0x000000070cc00000|  0%| F|  |TAMS 0x000000070ca00000, 0x000000070ca00000| Untracked 
|  93|0x000000070cc00000, 0x000000070cc00000, 0x000000070ce00000|  0%| F|  |TAMS 0x000000070cc00000, 0x000000070cc00000| Untracked 
|  94|0x000000070ce00000, 0x000000070ce00000, 0x000000070d000000|  0%| F|  |TAMS 0x000000070ce00000, 0x000000070ce00000| Untracked 
|  95|0x000000070d000000, 0x000000070d000000, 0x000000070d200000|  0%| F|  |TAMS 0x000000070d000000, 0x000000070d000000| Untracked 
|  96|0x000000070d200000, 0x000000070d200000, 0x000000070d400000|  0%| F|  |TAMS 0x000000070d200000, 0x000000070d200000| Untracked 
|  97|0x000000070d400000, 0x000000070d400000, 0x000000070d600000|  0%| F|  |TAMS 0x000000070d400000, 0x000000070d400000| Untracked 
|  98|0x000000070d600000, 0x000000070d600000, 0x000000070d800000|  0%| F|  |TAMS 0x000000070d600000, 0x000000070d600000| Untracked 
|  99|0x000000070d800000, 0x000000070d800000, 0x000000070da00000|  0%| F|  |TAMS 0x000000070d800000, 0x000000070d800000| Untracked 
| 100|0x000000070da00000, 0x000000070da00000, 0x000000070dc00000|  0%| F|  |TAMS 0x000000070da00000, 0x000000070da00000| Untracked 
| 101|0x000000070dc00000, 0x000000070dc00000, 0x000000070de00000|  0%| F|  |TAMS 0x000000070dc00000, 0x000000070dc00000| Untracked 
| 102|0x000000070de00000, 0x000000070de00000, 0x000000070e000000|  0%| F|  |TAMS 0x000000070de00000, 0x000000070de00000| Untracked 
| 103|0x000000070e000000, 0x000000070e000000, 0x000000070e200000|  0%| F|  |TAMS 0x000000070e000000, 0x000000070e000000| Untracked 
| 104|0x000000070e200000, 0x000000070e200000, 0x000000070e400000|  0%| F|  |TAMS 0x000000070e200000, 0x000000070e200000| Untracked 
| 105|0x000000070e400000, 0x000000070e400000, 0x000000070e600000|  0%| F|  |TAMS 0x000000070e400000, 0x000000070e400000| Untracked 
| 106|0x000000070e600000, 0x000000070e600000, 0x000000070e800000|  0%| F|  |TAMS 0x000000070e600000, 0x000000070e600000| Untracked 
| 107|0x000000070e800000, 0x000000070e800000, 0x000000070ea00000|  0%| F|  |TAMS 0x000000070e800000, 0x000000070e800000| Untracked 
| 108|0x000000070ea00000, 0x000000070ea00000, 0x000000070ec00000|  0%| F|  |TAMS 0x000000070ea00000, 0x000000070ea00000| Untracked 
| 109|0x000000070ec00000, 0x000000070ec00000, 0x000000070ee00000|  0%| F|  |TAMS 0x000000070ec00000, 0x000000070ec00000| Untracked 
| 110|0x000000070ee00000, 0x000000070ee00000, 0x000000070f000000|  0%| F|  |TAMS 0x000000070ee00000, 0x000000070ee00000| Untracked 
| 111|0x000000070f000000, 0x000000070f000000, 0x000000070f200000|  0%| F|  |TAMS 0x000000070f000000, 0x000000070f000000| Untracked 
| 112|0x000000070f200000, 0x000000070f200000, 0x000000070f400000|  0%| F|  |TAMS 0x000000070f200000, 0x000000070f200000| Untracked 
| 113|0x000000070f400000, 0x000000070f400000, 0x000000070f600000|  0%| F|  |TAMS 0x000000070f400000, 0x000000070f400000| Untracked 
| 114|0x000000070f600000, 0x000000070f600000, 0x000000070f800000|  0%| F|  |TAMS 0x000000070f600000, 0x000000070f600000| Untracked 
| 115|0x000000070f800000, 0x000000070f800000, 0x000000070fa00000|  0%| F|  |TAMS 0x000000070f800000, 0x000000070f800000| Untracked 
| 116|0x000000070fa00000, 0x000000070fa00000, 0x000000070fc00000|  0%| F|  |TAMS 0x000000070fa00000, 0x000000070fa00000| Untracked 
| 117|0x000000070fc00000, 0x000000070fc00000, 0x000000070fe00000|  0%| F|  |TAMS 0x000000070fc00000, 0x000000070fc00000| Untracked 
| 118|0x000000070fe00000, 0x000000070fe00000, 0x0000000710000000|  0%| F|  |TAMS 0x000000070fe00000, 0x000000070fe00000| Untracked 
| 119|0x0000000710000000, 0x0000000710000000, 0x0000000710200000|  0%| F|  |TAMS 0x0000000710000000, 0x0000000710000000| Untracked 
| 120|0x0000000710200000, 0x0000000710200000, 0x0000000710400000|  0%| F|  |TAMS 0x0000000710200000, 0x0000000710200000| Untracked 
| 121|0x0000000710400000, 0x0000000710400000, 0x0000000710600000|  0%| F|  |TAMS 0x0000000710400000, 0x0000000710400000| Untracked 
| 122|0x0000000710600000, 0x0000000710600000, 0x0000000710800000|  0%| F|  |TAMS 0x0000000710600000, 0x0000000710600000| Untracked 
| 123|0x0000000710800000, 0x0000000710800000, 0x0000000710a00000|  0%| F|  |TAMS 0x0000000710800000, 0x0000000710800000| Untracked 
| 124|0x0000000710a00000, 0x0000000710a00000, 0x0000000710c00000|  0%| F|  |TAMS 0x0000000710a00000, 0x0000000710a00000| Untracked 
| 125|0x0000000710c00000, 0x0000000710c00000, 0x0000000710e00000|  0%| F|  |TAMS 0x0000000710c00000, 0x0000000710c00000| Untracked 
| 126|0x0000000710e00000, 0x0000000710e00000, 0x0000000711000000|  0%| F|  |TAMS 0x0000000710e00000, 0x0000000710e00000| Untracked 
| 127|0x0000000711000000, 0x0000000711000000, 0x0000000711200000|  0%| F|  |TAMS 0x0000000711000000, 0x0000000711000000| Untracked 

Card table byte_map: [0x000001ec00000000,0x000001ec00800000] _byte_map_base: 0x000001ebfc7f7000

Marking Bits (Prev, Next): (CMBitMap*) 0x000001ec78e643b0, (CMBitMap*) 0x000001ec78e643f0
 Prev Bits: [0x000001ec01000000, 0x000001ec04fb8000)
 Next Bits: [0x000001ec04fc0000, 0x000001ec08f78000)

Polling page: 0x000001ec785a0000

Metaspace:

Usage:
  Non-class:     36.35 MB used.
      Class:      5.36 MB used.
       Both:     41.71 MB used.

Virtual space:
  Non-class space:       40.00 MB reserved,      36.56 MB ( 91%) committed,  5 nodes.
      Class space:        1.00 GB reserved,       5.56 MB ( <1%) committed,  1 nodes.
             Both:        1.04 GB reserved,      42.12 MB (  4%) committed. 

Chunk freelists:
   Non-Class:  2.88 MB
       Class:  2.48 MB
        Both:  5.36 MB

MaxMetaspaceSize: unlimited
CompressedClassSpaceSize: 1.00 GB
Initial GC threshold: 21.00 MB
Current GC threshold: 58.75 MB
CDS: off
MetaspaceReclaimPolicy: balanced
 - commit_granule_bytes: 65536.
 - commit_granule_words: 8192.
 - virtual_space_node_default_size: 1048576.
 - enlarge_chunks_in_place: 1.
 - new_chunks_are_fully_committed: 0.
 - uncommit_free_chunks: 1.
 - use_allocation_guard: 0.
 - handle_deallocations: 1.


Internal statistics:

num_allocs_failed_limit: 8.
num_arena_births: 510.
num_arena_deaths: 0.
num_vsnodes_births: 6.
num_vsnodes_deaths: 0.
num_space_committed: 674.
num_space_uncommitted: 0.
num_chunks_returned_to_freelist: 8.
num_chunks_taken_from_freelist: 1782.
num_chunk_merges: 8.
num_chunk_splits: 1213.
num_chunks_enlarged: 892.
num_purges: 0.
num_inconsistent_stats: 0.

CodeCache: size=49152Kb used=12204Kb max_used=12204Kb free=36947Kb
 bounds [0x000001ec7ba60000, 0x000001ec7c650000, 0x000001ec7ea60000]
 total_blobs=5179 nmethods=4607 adapters=493
 compilation: enabled
              stopped_count=0, restarted_count=0
 full_count=0

Compilation events (20 events):
Event: 2.649 Thread 0x000001ec0c6ce010 nmethod 4594 0x000001ec7c640090 code [0x000001ec7c640280, 0x000001ec7c6406f8]
Event: 2.649 Thread 0x000001ec0c6ce010 4616   !   1       jdk.internal.jimage.decompressor.Decompressor::decompressResource (260 bytes)
Event: 2.649 Thread 0x000001ec0c6abae0 nmethod 4590 0x000001ec7c640990 code [0x000001ec7c640d20, 0x000001ec7c641e08]
Event: 2.649 Thread 0x000001ec0d377f00 nmethod 4599 0x000001ec7c642910 code [0x000001ec7c642ba0, 0x000001ec7c643628]
Event: 2.649 Thread 0x000001ec0d377f00 4622       1       io.github.classgraph.Classfile::readMethods (1501 bytes)
Event: 2.651 Thread 0x000001ec0c4b6700 nmethod 4584 0x000001ec7c643c10 code [0x000001ec7c643f00, 0x000001ec7c644b78]
Event: 2.664 Thread 0x000001ec0d8d4500 4633       1       io.github.classgraph.Classfile::readFields (781 bytes)
Event: 2.664 Thread 0x000001ec0c6abae0 4634       1       io.github.classgraph.Classfile::readClassAttributes (863 bytes)
Event: 2.664 Thread 0x000001ec0d8d4e20 nmethod 4617 0x000001ec7c645090 code [0x000001ec7c6452c0, 0x000001ec7c645ad8]
Event: 2.664 Thread 0x000001ec0d8d4e20 4656       1       io.github.classgraph.Classfile::extendScanningUpwards (585 bytes)
Event: 2.664 Thread 0x000001ec0c4b6700 4653       1       io.github.classgraph.Classfile::readInterfaces (63 bytes)
Event: 2.664 Thread 0x000001ec0c4b6700 nmethod 4653 0x000001ec7c645e90 code [0x000001ec7c646060, 0x000001ec7c646398]
Event: 2.664 Thread 0x000001ec0c4b6700 4626       1       java.util.concurrent.ThreadLocalRandom::getProbe (13 bytes)
Event: 2.664 Thread 0x000001ec0c4b6700 nmethod 4626 0x000001ec7c646590 code [0x000001ec7c646720, 0x000001ec7c6467d8]
Event: 2.665 Thread 0x000001ec0c4b6700 4650       1       nonapi.io.github.classgraph.fileslice.reader.ClassfileReader::readTo (292 bytes)
Event: 2.670 Thread 0x000001ec0d8d4e20 nmethod 4656 0x000001ec7c646890 code [0x000001ec7c646d00, 0x000001ec7c647ca8]
Event: 2.670 Thread 0x000001ec0c6ce010 nmethod 4616 0x000001ec7c648890 code [0x000001ec7c648be0, 0x000001ec7c649cf8]
Event: 2.671 Thread 0x000001ec0c6ce010 4621   !   1       nonapi.io.github.classgraph.utils.ProxyingInputStream::close (31 bytes)
Event: 2.671 Thread 0x000001ec0d8d4e20 4620   !   1       io.github.classgraph.ClasspathElementModule$1$1::close (16 bytes)
Event: 2.671 Thread 0x000001ec0c4b6700 nmethod 4650 0x000001ec7c64a810 code [0x000001ec7c64aa20, 0x000001ec7c64b128]

GC Heap History (20 events):
Event: 1.206 GC heap after
{Heap after GC invocations=5 (full 0):
 garbage-first heap   total 55296K, used 13584K [0x0000000701200000, 0x0000000800000000)
  region size 2048K, 4 young (8192K), 4 survivors (8192K)
 Metaspace       used 25569K, committed 25792K, reserved 1073152K
  class space    used 3183K, committed 3328K, reserved 1048576K
}
Event: 1.227 GC heap before
{Heap before GC invocations=5 (full 0):
 garbage-first heap   total 55296K, used 15632K [0x0000000701200000, 0x0000000800000000)
  region size 2048K, 5 young (10240K), 4 survivors (8192K)
 Metaspace       used 25988K, committed 26304K, reserved 1073152K
  class space    used 3250K, committed 3392K, reserved 1048576K
}
Event: 1.232 GC heap after
{Heap after GC invocations=6 (full 0):
 garbage-first heap   total 55296K, used 14271K [0x0000000701200000, 0x0000000800000000)
  region size 2048K, 1 young (2048K), 1 survivors (2048K)
 Metaspace       used 25988K, committed 26304K, reserved 1073152K
  class space    used 3250K, committed 3392K, reserved 1048576K
}
Event: 1.512 GC heap before
{Heap before GC invocations=6 (full 0):
 garbage-first heap   total 55296K, used 32703K [0x0000000701200000, 0x0000000800000000)
  region size 2048K, 11 young (22528K), 1 survivors (2048K)
 Metaspace       used 29109K, committed 29376K, reserved 1081344K
  class space    used 3701K, committed 3840K, reserved 1048576K
}
Event: 1.515 GC heap after
{Heap after GC invocations=7 (full 0):
 garbage-first heap   total 159744K, used 15534K [0x0000000701200000, 0x0000000800000000)
  region size 2048K, 2 young (4096K), 2 survivors (4096K)
 Metaspace       used 29109K, committed 29376K, reserved 1081344K
  class space    used 3701K, committed 3840K, reserved 1048576K
}
Event: 1.924 GC heap before
{Heap before GC invocations=7 (full 0):
 garbage-first heap   total 159744K, used 52398K [0x0000000701200000, 0x0000000800000000)
  region size 2048K, 21 young (43008K), 2 survivors (4096K)
 Metaspace       used 35690K, committed 35968K, reserved 1081344K
  class space    used 4671K, committed 4800K, reserved 1048576K
}
Event: 1.926 GC heap after
{Heap after GC invocations=8 (full 0):
 garbage-first heap   total 159744K, used 18689K [0x0000000701200000, 0x0000000800000000)
  region size 2048K, 3 young (6144K), 3 survivors (6144K)
 Metaspace       used 35690K, committed 35968K, reserved 1081344K
  class space    used 4671K, committed 4800K, reserved 1048576K
}
Event: 2.026 GC heap before
{Heap before GC invocations=9 (full 0):
 garbage-first heap   total 75776K, used 57601K [0x0000000701200000, 0x0000000800000000)
  region size 2048K, 23 young (47104K), 3 survivors (6144K)
 Metaspace       used 36736K, committed 37120K, reserved 1089536K
  class space    used 4784K, committed 4992K, reserved 1048576K
}
Event: 2.030 GC heap after
{Heap after GC invocations=10 (full 0):
 garbage-first heap   total 75776K, used 25559K [0x0000000701200000, 0x0000000800000000)
  region size 2048K, 6 young (12288K), 6 survivors (12288K)
 Metaspace       used 36736K, committed 37120K, reserved 1089536K
  class space    used 4784K, committed 4992K, reserved 1048576K
}
Event: 2.034 GC heap before
{Heap before GC invocations=10 (full 0):
 garbage-first heap   total 75776K, used 27607K [0x0000000701200000, 0x0000000800000000)
  region size 2048K, 7 young (14336K), 6 survivors (12288K)
 Metaspace       used 36737K, committed 37120K, reserved 1089536K
  class space    used 4784K, committed 4992K, reserved 1048576K
}
Event: 2.037 GC heap after
{Heap after GC invocations=11 (full 0):
 garbage-first heap   total 75776K, used 27133K [0x0000000701200000, 0x0000000800000000)
  region size 2048K, 1 young (2048K), 1 survivors (2048K)
 Metaspace       used 36737K, committed 37120K, reserved 1089536K
  class space    used 4784K, committed 4992K, reserved 1048576K
}
Event: 2.078 GC heap before
{Heap before GC invocations=11 (full 0):
 garbage-first heap   total 75776K, used 51709K [0x0000000701200000, 0x0000000800000000)
  region size 2048K, 14 young (28672K), 1 survivors (2048K)
 Metaspace       used 37549K, committed 37888K, reserved 1089536K
  class space    used 4869K, committed 5056K, reserved 1048576K
}
Event: 2.080 GC heap after
{Heap after GC invocations=12 (full 0):
 garbage-first heap   total 155648K, used 30948K [0x0000000701200000, 0x0000000800000000)
  region size 2048K, 2 young (4096K), 2 survivors (4096K)
 Metaspace       used 37549K, committed 37888K, reserved 1089536K
  class space    used 4869K, committed 5056K, reserved 1048576K
}
Event: 2.173 GC heap before
{Heap before GC invocations=12 (full 0):
 garbage-first heap   total 155648K, used 102628K [0x0000000701200000, 0x0000000800000000)
  region size 2048K, 38 young (77824K), 2 survivors (4096K)
 Metaspace       used 38883K, committed 39296K, reserved 1089536K
  class space    used 4955K, committed 5120K, reserved 1048576K
}
Event: 2.180 GC heap after
{Heap after GC invocations=13 (full 0):
 garbage-first heap   total 155648K, used 46168K [0x0000000701200000, 0x0000000800000000)
  region size 2048K, 5 young (10240K), 5 survivors (10240K)
 Metaspace       used 38883K, committed 39296K, reserved 1089536K
  class space    used 4955K, committed 5120K, reserved 1048576K
}
Event: 2.592 GC heap before
{Heap before GC invocations=13 (full 0):
 garbage-first heap   total 155648K, used 99416K [0x0000000701200000, 0x0000000800000000)
  region size 2048K, 32 young (65536K), 5 survivors (10240K)
 Metaspace       used 41446K, committed 41920K, reserved 1089536K
  class space    used 5315K, committed 5504K, reserved 1048576K
}
Event: 2.598 GC heap after
{Heap after GC invocations=14 (full 0):
 garbage-first heap   total 155648K, used 62167K [0x0000000701200000, 0x0000000800000000)
  region size 2048K, 4 young (8192K), 4 survivors (8192K)
 Metaspace       used 41446K, committed 41920K, reserved 1089536K
  class space    used 5315K, committed 5504K, reserved 1048576K
}
Event: 2.651 GC heap before
{Heap before GC invocations=14 (full 0):
 garbage-first heap   total 155648K, used 105175K [0x0000000701200000, 0x0000000800000000)
  region size 2048K, 26 young (53248K), 4 survivors (8192K)
 Metaspace       used 42697K, committed 43136K, reserved 1089536K
  class space    used 5485K, committed 5696K, reserved 1048576K
}
Event: 2.664 GC heap after
{Heap after GC invocations=15 (full 0):
 garbage-first heap   total 155648K, used 76999K [0x0000000701200000, 0x0000000800000000)
  region size 2048K, 4 young (8192K), 4 survivors (8192K)
 Metaspace       used 42697K, committed 43136K, reserved 1089536K
  class space    used 5485K, committed 5696K, reserved 1048576K
}
Event: 2.671 GC heap before
{Heap before GC invocations=15 (full 0):
 garbage-first heap   total 155648K, used 109767K [0x0000000701200000, 0x0000000800000000)
  region size 2048K, 21 young (43008K), 4 survivors (8192K)
 Metaspace       used 42713K, committed 43136K, reserved 1089536K
  class space    used 5486K, committed 5696K, reserved 1048576K
}

Dll operation events (9 events):
Event: 0.010 Loaded shared library c:\Users\rafae\.vscode\extensions\redhat.java-1.14.0-win32-x64\jre\17.0.5-win32-x86_64\bin\java.dll
Event: 0.161 Loaded shared library C:\Users\rafae\.vscode\extensions\redhat.java-1.14.0-win32-x64\jre\17.0.5-win32-x86_64\bin\net.dll
Event: 0.163 Loaded shared library C:\Users\rafae\.vscode\extensions\redhat.java-1.14.0-win32-x64\jre\17.0.5-win32-x86_64\bin\nio.dll
Event: 0.169 Loaded shared library C:\Users\rafae\.vscode\extensions\redhat.java-1.14.0-win32-x64\jre\17.0.5-win32-x86_64\bin\zip.dll
Event: 0.276 Loaded shared library C:\Users\rafae\.vscode\extensions\redhat.java-1.14.0-win32-x64\jre\17.0.5-win32-x86_64\bin\jimage.dll
Event: 0.344 Loaded shared library c:\Users\rafae\.vscode\extensions\redhat.java-1.14.0-win32-x64\jre\17.0.5-win32-x86_64\bin\verify.dll
Event: 1.739 Loaded shared library C:\Users\rafae\.vscode\extensions\redhat.java-1.14.0-win32-x64\jre\17.0.5-win32-x86_64\bin\management.dll
Event: 1.742 Loaded shared library C:\Users\rafae\.vscode\extensions\redhat.java-1.14.0-win32-x64\jre\17.0.5-win32-x86_64\bin\management_ext.dll
Event: 2.641 Loaded shared library C:\Users\rafae\.vscode\extensions\redhat.java-1.14.0-win32-x64\jre\17.0.5-win32-x86_64\bin\sunmscapi.dll

Deoptimization events (12 events):
Event: 0.978 Thread 0x000001ec78df6fb0 DEOPT PACKING pc=0x000001ec7c0a8479 sp=0x000000dab2bfd160
Event: 0.978 Thread 0x000001ec78df6fb0 DEOPT UNPACKING pc=0x000001ec7bab2b43 sp=0x000000dab2bfc640 mode 3
Event: 1.871 Thread 0x000001ec0dc36ae0 DEOPT PACKING pc=0x000001ec7c3ce4ed sp=0x000000dab55fd370
Event: 1.871 Thread 0x000001ec0dc36ae0 DEOPT UNPACKING pc=0x000001ec7bab2b43 sp=0x000000dab55fc888 mode 3
Event: 1.914 Thread 0x000001ec0dc4b040 DEOPT PACKING pc=0x000001ec7c3e6793 sp=0x000000dab56fe3e0
Event: 1.915 Thread 0x000001ec0dc4b040 DEOPT UNPACKING pc=0x000001ec7bab2b43 sp=0x000000dab56fd928 mode 3
Event: 1.938 Thread 0x000001ec0d5e7090 DEOPT PACKING pc=0x000001ec7c0aff89 sp=0x000000dab54fd690
Event: 1.938 Thread 0x000001ec0d5e7090 DEOPT UNPACKING pc=0x000001ec7bab2b43 sp=0x000000dab54fcb20 mode 3
Event: 2.134 Thread 0x000001ec0dd09870 DEOPT PACKING pc=0x000001ec7c0a6e9f sp=0x000000dab61feac0
Event: 2.135 Thread 0x000001ec0dd09870 DEOPT UNPACKING pc=0x000001ec7bab2b43 sp=0x000000dab61fdf18 mode 3
Event: 2.398 Thread 0x000001ec0dd0d230 DEOPT PACKING pc=0x000001ec7bd714ac sp=0x000000dab7afe2a0
Event: 2.398 Thread 0x000001ec0dd0d230 DEOPT UNPACKING pc=0x000001ec7bab2b43 sp=0x000000dab7afd768 mode 0

Classes unloaded (0 events):
No events

Classes redefined (0 events):
No events

Internal exceptions (20 events):
Event: 2.185 Thread 0x000001ec0dc36ae0 Exception <a 'java/lang/NoSuchMethodError'{0x000000070a691508}: 'java.lang.Object java.lang.invoke.Invokers$Holder.invoke_MT(java.lang.Object, java.lang.Object, java.lang.Object)'> (0x000000070a691508) 
thrown [s\src\hotspot\share\interpreter\linkResolver.cpp, line 759]
Event: 2.237 Thread 0x000001ec0dc36ae0 Exception <a 'java/lang/NoSuchMethodError'{0x000000070941adb0}: 'java.lang.Object java.lang.invoke.DirectMethodHandle$Holder.newInvokeSpecial(java.lang.Object, java.lang.Object, int)'> (0x000000070941adb0) 
thrown [s\src\hotspot\share\interpreter\linkResolver.cpp, line 759]
Event: 2.246 Thread 0x000001ec0dd093a0 Exception <a 'sun/nio/fs/WindowsException'{0x00000007095642f8}> (0x00000007095642f8) 
thrown [s\src\hotspot\share\prims\jni.cpp, line 516]
Event: 2.365 Thread 0x000001ec0dd0d230 Exception <a 'java/lang/NoSuchMethodError'{0x0000000708678490}: 'void java.lang.invoke.DirectMethodHandle$Holder.invokeVirtual(java.lang.Object, java.lang.Object, java.lang.Object, java.lang.Object)'> (0x0000000708678490) 
thrown [s\src\hotspot\share\interpreter\linkResolver.cpp, line 759]
Event: 2.413 Thread 0x000001ec0dd0d230 Exception <a 'sun/nio/fs/WindowsException'{0x000000070821d7e8}> (0x000000070821d7e8) 
thrown [s\src\hotspot\share\prims\jni.cpp, line 516]
Event: 2.539 Thread 0x000001ec0dd0d230 Exception <a 'java/lang/NoSuchMethodError'{0x00000007082ad728}: 'int java.lang.invoke.DirectMethodHandle$Holder.invokeStaticInit(java.lang.Object, java.lang.Object, java.lang.Object, java.lang.Object)'> (0x00000007082ad728) 
thrown [s\src\hotspot\share\interpreter\linkResolver.cpp, line 759]
Event: 2.616 Thread 0x000001ec0dd093a0 Exception <a 'sun/nio/fs/WindowsException'{0x0000000709c6c238}> (0x0000000709c6c238) 
thrown [s\src\hotspot\share\prims\jni.cpp, line 516]
Event: 2.617 Thread 0x000001ec0dd093a0 Exception <a 'sun/nio/fs/WindowsException'{0x0000000709c6ccc0}> (0x0000000709c6ccc0) 
thrown [s\src\hotspot\share\prims\jni.cpp, line 516]
Event: 2.617 Thread 0x000001ec0dd093a0 Exception <a 'sun/nio/fs/WindowsException'{0x0000000709ce4278}> (0x0000000709ce4278) 
thrown [s\src\hotspot\share\prims\jni.cpp, line 516]
Event: 2.617 Thread 0x000001ec0dd093a0 Exception <a 'sun/nio/fs/WindowsException'{0x0000000709ce4dd0}> (0x0000000709ce4dd0) 
thrown [s\src\hotspot\share\prims\jni.cpp, line 516]
Event: 2.617 Thread 0x000001ec0dd093a0 Exception <a 'sun/nio/fs/WindowsException'{0x0000000709ce5868}> (0x0000000709ce5868) 
thrown [s\src\hotspot\share\prims\jni.cpp, line 516]
Event: 2.617 Thread 0x000001ec0dd093a0 Exception <a 'sun/nio/fs/WindowsException'{0x0000000709ce62a8}> (0x0000000709ce62a8) 
thrown [s\src\hotspot\share\prims\jni.cpp, line 516]
Event: 2.617 Thread 0x000001ec0dd093a0 Exception <a 'sun/nio/fs/WindowsException'{0x0000000709ce6e68}> (0x0000000709ce6e68) 
thrown [s\src\hotspot\share\prims\jni.cpp, line 516]
Event: 2.618 Thread 0x000001ec0dd093a0 Exception <a 'sun/nio/fs/WindowsException'{0x0000000709d25880}> (0x0000000709d25880) 
thrown [s\src\hotspot\share\prims\jni.cpp, line 516]
Event: 2.618 Thread 0x000001ec0dd093a0 Exception <a 'sun/nio/fs/WindowsException'{0x0000000709d26308}> (0x0000000709d26308) 
thrown [s\src\hotspot\share\prims\jni.cpp, line 516]
Event: 2.618 Thread 0x000001ec0dd093a0 Exception <a 'sun/nio/fs/WindowsException'{0x0000000709d26d48}> (0x0000000709d26d48) 
thrown [s\src\hotspot\share\prims\jni.cpp, line 516]
Event: 2.618 Thread 0x000001ec0dd093a0 Exception <a 'sun/nio/fs/WindowsException'{0x0000000709d278a0}> (0x0000000709d278a0) 
thrown [s\src\hotspot\share\prims\jni.cpp, line 516]
Event: 2.618 Thread 0x000001ec0dd093a0 Exception <a 'sun/nio/fs/WindowsException'{0x0000000709d28338}> (0x0000000709d28338) 
thrown [s\src\hotspot\share\prims\jni.cpp, line 516]
Event: 2.618 Thread 0x000001ec0dd093a0 Exception <a 'sun/nio/fs/WindowsException'{0x0000000709d28d78}> (0x0000000709d28d78) 
thrown [s\src\hotspot\share\prims\jni.cpp, line 516]
Event: 2.618 Thread 0x000001ec0dd093a0 Exception <a 'sun/nio/fs/WindowsException'{0x0000000709d4e9e0}> (0x0000000709d4e9e0) 
thrown [s\src\hotspot\share\prims\jni.cpp, line 516]

VM Operations (20 events):
Event: 2.180 Executing VM operation: G1CollectForAllocation done
Event: 2.203 Executing VM operation: HandshakeAllThreads
Event: 2.203 Executing VM operation: HandshakeAllThreads done
Event: 2.365 Executing VM operation: HandshakeAllThreads
Event: 2.365 Executing VM operation: HandshakeAllThreads done
Event: 2.398 Executing VM operation: HandshakeAllThreads
Event: 2.398 Executing VM operation: HandshakeAllThreads done
Event: 2.398 Executing VM operation: HandshakeAllThreads
Event: 2.398 Executing VM operation: HandshakeAllThreads done
Event: 2.400 Executing VM operation: HandshakeAllThreads
Event: 2.400 Executing VM operation: HandshakeAllThreads done
Event: 2.414 Executing VM operation: HandshakeAllThreads
Event: 2.414 Executing VM operation: HandshakeAllThreads done
Event: 2.591 Executing VM operation: G1CollectForAllocation
Event: 2.598 Executing VM operation: G1CollectForAllocation done
Event: 2.651 Executing VM operation: G1CollectForAllocation
Event: 2.664 Executing VM operation: G1CollectForAllocation done
Event: 2.670 Executing VM operation: G1CollectForAllocation
Event: 2.671 Executing VM operation: G1CollectForAllocation done
Event: 2.671 Executing VM operation: G1CollectForAllocation

Events (20 events):
Event: 2.643 loading class com/sun/security/sasl/Provider$1
Event: 2.643 loading class com/sun/security/sasl/Provider$1 done
Event: 2.644 loading class com/sun/security/sasl/Provider$ProviderService
Event: 2.644 loading class com/sun/security/sasl/Provider$ProviderService done
Event: 2.644 loading class sun/security/provider/certpath/ldap/JdkLDAP
Event: 2.644 loading class sun/security/provider/certpath/ldap/JdkLDAP done
Event: 2.644 loading class sun/security/provider/certpath/ldap/JdkLDAP$ProviderService
Event: 2.644 loading class sun/security/provider/certpath/ldap/JdkLDAP$ProviderService done
Event: 2.644 loading class sun/security/ssl/PredefinedDHParameterSpecs
Event: 2.644 loading class sun/security/ssl/PredefinedDHParameterSpecs done
Event: 2.645 loading class sun/security/ssl/PredefinedDHParameterSpecs$1
Event: 2.645 loading class sun/security/ssl/PredefinedDHParameterSpecs$1 done
Event: 2.645 loading class javax/crypto/spec/DHParameterSpec
Event: 2.645 loading class javax/crypto/spec/DHParameterSpec done
Event: 2.645 loading class com/sun/crypto/provider/DHParameters
Event: 2.645 loading class com/sun/crypto/provider/DHParameters done
Event: 2.646 loading class sun/security/provider/SHA5$SHA512
Event: 2.646 loading class sun/security/provider/SHA5$SHA512 done
Event: 2.647 loading class java/security/spec/EdDSAParameterSpec
Event: 2.647 loading class java/security/spec/EdDSAParameterSpec done


Dynamic libraries:
0x00007ff671830000 - 0x00007ff67183e000 	c:\Users\rafae\.vscode\extensions\redhat.java-1.14.0-win32-x64\jre\17.0.5-win32-x86_64\bin\java.exe
0x00007fffbcf10000 - 0x00007fffbd124000 	C:\WINDOWS\SYSTEM32\ntdll.dll
0x00007fffbc8b0000 - 0x00007fffbc973000 	C:\WINDOWS\System32\KERNEL32.DLL
0x00007fffba570000 - 0x00007fffba90d000 	C:\WINDOWS\System32\KERNELBASE.dll
0x00007fffba330000 - 0x00007fffba441000 	C:\WINDOWS\System32\ucrtbase.dll
0x00007fffb0020000 - 0x00007fffb0037000 	c:\Users\rafae\.vscode\extensions\redhat.java-1.14.0-win32-x64\jre\17.0.5-win32-x86_64\bin\jli.dll
0x00007fffbcaa0000 - 0x00007fffbcc4d000 	C:\WINDOWS\System32\USER32.dll
0x00007fffba540000 - 0x00007fffba566000 	C:\WINDOWS\System32\win32u.dll
0x00007fffbcda0000 - 0x00007fffbcdc9000 	C:\WINDOWS\System32\GDI32.dll
0x00007fffba9d0000 - 0x00007fffbaae2000 	C:\WINDOWS\System32\gdi32full.dll
0x00007fffbac60000 - 0x00007fffbacfa000 	C:\WINDOWS\System32\msvcp_win.dll
0x00007fffa6d90000 - 0x00007fffa6da9000 	c:\Users\rafae\.vscode\extensions\redhat.java-1.14.0-win32-x64\jre\17.0.5-win32-x86_64\bin\VCRUNTIME140.dll
0x00007fffab020000 - 0x00007fffab2ae000 	C:\WINDOWS\WinSxS\amd64_microsoft.windows.common-controls_6595b64144ccf1df_6.0.22621.608_none_a9444ca7c10bb01d\COMCTL32.dll
0x00007fffbc270000 - 0x00007fffbc317000 	C:\WINDOWS\System32\msvcrt.dll
0x00007fffbcdd0000 - 0x00007fffbce02000 	C:\WINDOWS\System32\IMM32.DLL
0x00007fffbb8f0000 - 0x00007fffbba05000 	C:\WINDOWS\System32\RPCRT4.dll
0x00007fffb9680000 - 0x00007fffb96c2000 	C:\WINDOWS\SYSTEM32\SspiCli.dll
0x00007fffb63a0000 - 0x00007fffb63ac000 	c:\Users\rafae\.vscode\extensions\redhat.java-1.14.0-win32-x64\jre\17.0.5-win32-x86_64\bin\vcruntime140_1.dll
0x00007fff9c020000 - 0x00007fff9c0b1000 	c:\Users\rafae\.vscode\extensions\redhat.java-1.14.0-win32-x64\jre\17.0.5-win32-x86_64\bin\msvcp140.dll
0x00007fff67690000 - 0x00007fff682d4000 	c:\Users\rafae\.vscode\extensions\redhat.java-1.14.0-win32-x64\jre\17.0.5-win32-x86_64\bin\server\jvm.dll
0x00007fffbbbd0000 - 0x00007fffbbc7e000 	C:\WINDOWS\System32\ADVAPI32.dll
0x00007fffbad00000 - 0x00007fffbada4000 	C:\WINDOWS\System32\sechost.dll
0x00007fff10330000 - 0x00007fff10339000 	C:\WINDOWS\SYSTEM32\WSOCK32.dll
0x00007fffbc7a0000 - 0x00007fffbc811000 	C:\WINDOWS\System32\WS2_32.dll
0x00007fffb00d0000 - 0x00007fffb0104000 	C:\WINDOWS\SYSTEM32\WINMM.dll
0x00007fffb0e70000 - 0x00007fffb0e7a000 	C:\WINDOWS\SYSTEM32\VERSION.dll
0x00007fffb9430000 - 0x00007fffb9448000 	C:\WINDOWS\SYSTEM32\kernel.appcore.dll
0x00007fffb6390000 - 0x00007fffb639a000 	c:\Users\rafae\.vscode\extensions\redhat.java-1.14.0-win32-x64\jre\17.0.5-win32-x86_64\bin\jimage.dll
0x00007fffada30000 - 0x00007fffadc5e000 	C:\WINDOWS\SYSTEM32\DBGHELP.DLL
0x00007fffbbec0000 - 0x00007fffbc24a000 	C:\WINDOWS\System32\combase.dll
0x00007fffbccb0000 - 0x00007fffbcd87000 	C:\WINDOWS\System32\OLEAUT32.dll
0x00007fffafa20000 - 0x00007fffafa52000 	C:\WINDOWS\SYSTEM32\dbgcore.DLL
0x00007fffba450000 - 0x00007fffba4cb000 	C:\WINDOWS\System32\bcryptPrimitives.dll
0x00007fffa4ee0000 - 0x00007fffa4f05000 	c:\Users\rafae\.vscode\extensions\redhat.java-1.14.0-win32-x64\jre\17.0.5-win32-x86_64\bin\java.dll
0x00007fffa6d60000 - 0x00007fffa6d78000 	c:\Users\rafae\.vscode\extensions\redhat.java-1.14.0-win32-x64\jre\17.0.5-win32-x86_64\bin\zip.dll
0x00007fffbaf80000 - 0x00007fffbb76f000 	C:\WINDOWS\System32\SHELL32.dll
0x00007fffb8300000 - 0x00007fffb8bc8000 	C:\WINDOWS\SYSTEM32\windows.storage.dll
0x00007fffb81c0000 - 0x00007fffb82fe000 	C:\WINDOWS\SYSTEM32\wintypes.dll
0x00007fffbb770000 - 0x00007fffbb861000 	C:\WINDOWS\System32\SHCORE.dll
0x00007fffbcc50000 - 0x00007fffbccae000 	C:\WINDOWS\System32\shlwapi.dll
0x00007fffba260000 - 0x00007fffba281000 	C:\WINDOWS\SYSTEM32\profapi.dll
0x00007fffa56e0000 - 0x00007fffa56f9000 	C:\Users\rafae\.vscode\extensions\redhat.java-1.14.0-win32-x64\jre\17.0.5-win32-x86_64\bin\net.dll
0x00007fffb4c90000 - 0x00007fffb4dbf000 	C:\WINDOWS\SYSTEM32\WINHTTP.dll
0x00007fffb9890000 - 0x00007fffb98f9000 	C:\WINDOWS\system32\mswsock.dll
0x00007fff9f040000 - 0x00007fff9f055000 	C:\Users\rafae\.vscode\extensions\redhat.java-1.14.0-win32-x64\jre\17.0.5-win32-x86_64\bin\nio.dll
0x00007fffa1bc0000 - 0x00007fffa1bd0000 	c:\Users\rafae\.vscode\extensions\redhat.java-1.14.0-win32-x64\jre\17.0.5-win32-x86_64\bin\verify.dll
0x00007fffb9bb0000 - 0x00007fffb9bcb000 	C:\WINDOWS\SYSTEM32\CRYPTSP.dll
0x00007fffb93a0000 - 0x00007fffb93d5000 	C:\WINDOWS\system32\rsaenh.dll
0x00007fffb9930000 - 0x00007fffb9958000 	C:\WINDOWS\SYSTEM32\USERENV.dll
0x00007fffb9cd0000 - 0x00007fffb9cf8000 	C:\WINDOWS\SYSTEM32\bcrypt.dll
0x00007fffb9b90000 - 0x00007fffb9b9c000 	C:\WINDOWS\SYSTEM32\CRYPTBASE.dll
0x00007fffb8e60000 - 0x00007fffb8e8d000 	C:\WINDOWS\SYSTEM32\IPHLPAPI.DLL
0x00007fffbcd90000 - 0x00007fffbcd99000 	C:\WINDOWS\System32\NSI.dll
0x00007fffb4c60000 - 0x00007fffb4c79000 	C:\WINDOWS\SYSTEM32\dhcpcsvc6.DLL
0x00007fffb49b0000 - 0x00007fffb49cf000 	C:\WINDOWS\SYSTEM32\dhcpcsvc.DLL
0x00007fffb8ee0000 - 0x00007fffb8fd2000 	C:\WINDOWS\SYSTEM32\DNSAPI.dll
0x00007fffa12d0000 - 0x00007fffa12d9000 	C:\Users\rafae\.vscode\extensions\redhat.java-1.14.0-win32-x64\jre\17.0.5-win32-x86_64\bin\management.dll
0x00007fff9f030000 - 0x00007fff9f03b000 	C:\Users\rafae\.vscode\extensions\redhat.java-1.14.0-win32-x64\jre\17.0.5-win32-x86_64\bin\management_ext.dll
0x00007fffbcec0000 - 0x00007fffbcec8000 	C:\WINDOWS\System32\PSAPI.DLL
0x00007fff9f020000 - 0x00007fff9f02e000 	C:\Users\rafae\.vscode\extensions\redhat.java-1.14.0-win32-x64\jre\17.0.5-win32-x86_64\bin\sunmscapi.dll
0x00007fffbaaf0000 - 0x00007fffbac56000 	C:\WINDOWS\System32\CRYPT32.dll
0x00007fffb9ca0000 - 0x00007fffb9ccd000 	C:\WINDOWS\SYSTEM32\ncrypt.dll
0x00007fffb9c60000 - 0x00007fffb9c97000 	C:\WINDOWS\SYSTEM32\NTASN1.dll

dbghelp: loaded successfully - version: 4.0.5 - missing functions: none
symbol engine: initialized successfully - sym options: 0x614 - pdb path: .;c:\Users\rafae\.vscode\extensions\redhat.java-1.14.0-win32-x64\jre\17.0.5-win32-x86_64\bin;C:\WINDOWS\SYSTEM32;C:\WINDOWS\WinSxS\amd64_microsoft.windows.common-controls_6595b64144ccf1df_6.0.22621.608_none_a9444ca7c10bb01d;c:\Users\rafae\.vscode\extensions\redhat.java-1.14.0-win32-x64\jre\17.0.5-win32-x86_64\bin\server

VM Arguments:
jvm_args: -Dsts.lsp.client=vscode -Dsts.log.file=/dev/null -XX:TieredStopAtLevel=1 -Xlog:jni+resolve=off -Dspring.config.location=file:c:\Users\rafae\.vscode\extensions\pivotal.vscode-spring-boot-1.43.0\language-server\BOOT-INF\classes\application.properties 
java_command: org.springframework.ide.vscode.boot.app.BootLanguageServerBootApp
java_class_path (initial): c:\Users\rafae\.vscode\extensions\pivotal.vscode-spring-boot-1.43.0\language-server\BOOT-INF\classes;c:\Users\rafae\.vscode\extensions\pivotal.vscode-spring-boot-1.43.0\language-server\BOOT-INF\lib\annotations-23.1.0.jar;c:\Users\rafae\.vscode\extensions\pivotal.vscode-spring-boot-1.43.0\language-server\BOOT-INF\lib\ant-1.10.12.jar;c:\Users\rafae\.vscode\extensions\pivotal.vscode-spring-boot-1.43.0\language-server\BOOT-INF\lib\ant-launcher-1.10.12.jar;c:\Users\rafae\.vscode\extensions\pivotal.vscode-spring-boot-1.43.0\language-server\BOOT-INF\lib\antlr-runtime-3.5.2.jar;c:\Users\rafae\.vscode\extensions\pivotal.vscode-spring-boot-1.43.0\language-server\BOOT-INF\lib\antlr4-4.9.3.jar;c:\Users\rafae\.vscode\extensions\pivotal.vscode-spring-boot-1.43.0\language-server\BOOT-INF\lib\antlr4-runtime-4.9.3.jar;c:\Users\rafae\.vscode\extensions\pivotal.vscode-spring-boot-1.43.0\language-server\BOOT-INF\lib\apiguardian-api-1.1.2.jar;c:\Users\rafae\.vscode\extensions\pivotal.vscode-spring-boot-1.43.0\language-server\BOOT-INF\lib\asm-9.4.jar;c:\Users\rafae\.vscode\extensions\pivotal.vscode-spring-boot-1.43.0\language-server\BOOT-INF\lib\asm-analysis-9.4.jar;c:\Users\rafae\.vscode\extensions\pivotal.vscode-spring-boot-1.43.0\language-server\BOOT-INF\lib\asm-tree-9.4.jar;c:\Users\rafae\.vscode\extensions\pivotal.vscode-spring-boot-1.43.0\language-server\BOOT-INF\lib\asm-util-9.4.jar;c:\Users\rafae\.vscode\extensions\pivotal.vscode-spring-boot-1.43.0\language-server\BOOT-INF\lib\caffeine-3.1.2.jar;c:\Users\rafae\.vscode\extensions\pivotal.vscode-spring-boot-1.43.0\language-server\BOOT-INF\lib\checker-qual-3.12.0.jar;c:\Users\rafae\.vscode\extensions\pivotal.vscode-spring-boot-1.43.0\language-server\BOOT-INF\lib\ci-environment-9.1.0.jar;c:\Users\rafae\.vscode\extensions\pivotal.vscode-spring-boot-1.43.0\language-server\BOOT-INF\lib\classgraph-4.8.149.jar;c:\Users\rafae\.vscode\extensions\pivotal.vscode-spring-boot-1.43.0\language-server\BOOT-INF\lib\comm
Launcher Type: SUN_STANDARD

[Global flags]
     intx CICompilerCount                          = 12                                        {product} {ergonomic}
     uint ConcGCThreads                            = 3                                         {product} {ergonomic}
     uint G1ConcRefinementThreads                  = 13                                        {product} {ergonomic}
   size_t G1HeapRegionSize                         = 2097152                                   {product} {ergonomic}
    uintx GCDrainStackTargetSize                   = 64                                        {product} {ergonomic}
   size_t InitialHeapSize                          = 268435456                                 {product} {ergonomic}
   size_t MarkStackSize                            = 4194304                                   {product} {ergonomic}
   size_t MaxHeapSize                              = 4276092928                                {product} {ergonomic}
   size_t MaxNewSize                               = 2564816896                                {product} {ergonomic}
   size_t MinHeapDeltaBytes                        = 2097152                                   {product} {ergonomic}
   size_t MinHeapSize                              = 8388608                                   {product} {ergonomic}
    uintx NonProfiledCodeHeapSize                  = 0                                      {pd product} {ergonomic}
     bool ProfileInterpreter                       = false                                  {pd product} {command line}
    uintx ProfiledCodeHeapSize                     = 0                                      {pd product} {ergonomic}
   size_t SoftMaxHeapSize                          = 4276092928                             {manageable} {ergonomic}
     intx TieredStopAtLevel                        = 1                                         {product} {command line}
     bool UseCompressedClassPointers               = true                           {product lp64_product} {ergonomic}
     bool UseCompressedOops                        = true                           {product lp64_product} {ergonomic}
     bool UseG1GC                                  = true                                      {product} {ergonomic}
     bool UseLargePagesIndividualAllocation        = false                                  {pd product} {ergonomic}

Logging:
Log output configuration:
 #0: stdout all=warning,jni+resolve=off uptime,level,tags
 #1: stderr all=off uptime,level,tags

Environment Variables:
JAVA_HOME=C:\Program Files\Java\zulu11.60.19-ca-jdk11.0.17-win_x64
PATH=C:\Python311\Scripts\;C:\Python311\;C:\Program Files\Java\zulu11.60.19-ca-jdk11.0.17-win_x64\bin;C:\Program Files (x86)\Common Files\Oracle\Java\javapath;C:\ProgramData\Oracle\Java\javapath;C:\WINDOWS\system32;C:\WINDOWS;C:\WINDOWS\System32\Wbem;C:\WINDOWS\System32\WindowsPowerShell\v1.0\;C:\WINDOWS\System32\OpenSSH\;C:\Program Files\NVIDIA Corporation\NVIDIA NvDLISR;C:\ProgramData\chocolatey\bin;C:\Program Files\dotnet\;C:\apache-maven-3.8.3\bin;C:\Program Files\Docker\Docker\resources\bin;C:\Users\rafae\AppData\Roaming\nvm;C:\Program Files\nodejs;C:\Program Files\PowerShell\7\;C:\Program Files\Git\cmd;C:\Python311\Scripts\;C:\Python311\;C:\Program Files\Java\zulu11.60.19-ca-jdk11.0.17-win_x64\bin;C:\Program Files (x86)\Common Files\Oracle\Java\javapath;C:\ProgramData\Oracle\Java\javapath;C:\WINDOWS\system32;C:\WINDOWS;C:\WINDOWS\System32\Wbem;C:\WINDOWS\System32\WindowsPowerShell\v1.0\;C:\WINDOWS\System32\OpenSSH\;C:\Program Files\NVIDIA Corporation\NVIDIA NvDLISR;C:\ProgramData\chocolatey\bin;C:\Program Files\dotnet\;C:\apache-maven-3.8.3\bin;C:\Program Files\Docker\Docker\resources\bin;C:\Users\rafae\AppData\Roaming\nvm;C:\Program Files\nodejs;C:\Program Files\PowerShell\7\;C:\Program Files\Git\cmd;C:\Users\rafae\AppData\Local\Programs\Hyper\resources\bin;D:\Program Files (x86)\Microsoft VS Code\bin;C:\Users\rafae\AppData\Roaming\nvm;C:\Program Files\nodejs;C:\Users\rafae\AppData\Roaming\Hyper;
USERNAME=rafae
OS=Windows_NT
PROCESSOR_IDENTIFIER=AMD64 Family 23 Model 113 Stepping 0, AuthenticAMD
TMP=C:\Users\rafae\AppData\Local\Temp
TEMP=C:\Users\rafae\AppData\Local\Temp



---------------  S Y S T E M  ---------------

OS:
 Windows 11 , 64 bit Build 22621 (10.0.22621.1105)
OS uptime: 0 days 5:27 hours
Hyper-V role detected

CPU: total 16 (initial active 16) (16 cores per cpu, 2 threads per core) family 23 model 113 stepping 0 microcode 0x0, cx8, cmov, fxsr, ht, mmx, 3dnowpref, sse, sse2, sse3, ssse3, sse4a, sse4.1, sse4.2, popcnt, lzcnt, tsc, tscinvbit, avx, avx2, aes, clmul, bmi1, bmi2, adx, sha, fma, vzeroupper, clflush, clflushopt, hv

Memory: 4k page, system-wide physical 16307M (647M free)
TotalPageFile size 46021M (AvailPageFile size 17M)
current process WorkingSet (physical memory assigned to process): 270M, peak: 270M
current process commit charge ("private bytes"): 428M, peak: 464M

vm_info: OpenJDK 64-Bit Server VM (17.0.5+8) for windows-amd64 JRE (17.0.5+8), built on Oct 19 2022 04:48:13 by "temurin" with MS VC++ 16.7 (VS2019)

END.
