#
# There is insufficient memory for the Java Runtime Environment to continue.
# Native memory allocation (mmap) failed to map 92274688 bytes for G1 virtual space
# Possible reasons:
#   The system is out of physical RAM or swap space
#   The process is running with CompressedOops enabled, and the Java Heap may be blocking the growth of the native heap
# Possible solutions:
#   Reduce memory load on the system
#   Increase physical memory or swap space
#   Check if swap backing store is full
#   Decrease Java heap size (-Xmx/-Xms)
#   Decrease number of Java threads
#   Decrease Java thread stack sizes (-Xss)
#   Set larger code cache with -XX:ReservedCodeCacheSize=
#   JVM is running with Zero Based Compressed Oops mode in which the Java heap is
#     placed in the first 32GB address space. The Java Heap base address is the
#     maximum limit for the native heap growth. Please use -XX:HeapBaseMinAddress
#     to set the Java Heap base and to place the Java Heap above 32GB virtual address.
# This output file may be truncated or incomplete.
#
#  Out of Memory Error (os_windows.cpp:3548), pid=31224, tid=2264
#
# JRE version: OpenJDK Runtime Environment Temurin-17.0.5+8 (17.0.5+8) (build 17.0.5+8)
# Java VM: OpenJDK 64-Bit Server VM Temurin-17.0.5+8 (17.0.5+8, mixed mode, emulated-client, tiered, compressed oops, compressed class ptrs, g1 gc, windows-amd64)
# No core dump will be written. Minidumps are not enabled by default on client versions of Windows
#

---------------  S U M M A R Y ------------

Command Line: -Dsts.lsp.client=vscode -Dsts.log.file=/dev/null -XX:TieredStopAtLevel=1 -Xlog:jni+resolve=off -Dspring.config.location=file:c:\Users\rafae\.vscode\extensions\pivotal.vscode-spring-boot-1.43.0\language-server\BOOT-INF\classes\application.properties org.springframework.ide.vscode.boot.app.BootLanguageServerBootApp

Host: AMD Ryzen 7 3700X 8-Core Processor             , 16 cores, 15G,  Windows 11 , 64 bit Build 22621 (10.0.22621.1105)
Time: Mon Jan 23 13:00:06 2023 Hora oficial do Brasil elapsed time: 2.457094 seconds (0d 0h 0m 2s)

---------------  T H R E A D  ---------------

Current thread (0x0000026d6b8234e0):  VMThread "VM Thread" [stack: 0x000000afc9700000,0x000000afc9800000] [id=2264]

Stack: [0x000000afc9700000,0x000000afc9800000]
Native frames: (J=compiled Java code, j=interpreted, Vv=VM code, C=native code)
V  [jvm.dll+0x676b3a]
V  [jvm.dll+0x831444]
V  [jvm.dll+0x832bee]
V  [jvm.dll+0x833253]
V  [jvm.dll+0x244ce5]
V  [jvm.dll+0x673a49]
V  [jvm.dll+0x66811a]
V  [jvm.dll+0x303ceb]
V  [jvm.dll+0x30b1e6]
V  [jvm.dll+0x35adbe]
V  [jvm.dll+0x35afef]
V  [jvm.dll+0x2dab88]
V  [jvm.dll+0x2d8e3c]
V  [jvm.dll+0x2d840c]
V  [jvm.dll+0x31c31b]
V  [jvm.dll+0x8376fb]
V  [jvm.dll+0x838434]
V  [jvm.dll+0x83894c]
V  [jvm.dll+0x838d24]
V  [jvm.dll+0x838df0]
V  [jvm.dll+0x7e17ea]
V  [jvm.dll+0x6759e5]
C  [ucrtbase.dll+0x29363]
C  [KERNEL32.DLL+0x126bd]
C  [ntdll.dll+0x5dfb8]

VM_Operation (0x000000afcbdfe060): G1CollectForAllocation, mode: safepoint, requested by thread 0x0000026d6d287e30


---------------  P R O C E S S  ---------------

Threads class SMR info:
_java_thread_list=0x0000026d6cbca110, length=53, elements={
0x0000026d6b872390, 0x0000026d6b872f40, 0x0000026d6b89e3e0, 0x0000026d6b89ed90,
0x0000026d6b89f740, 0x0000026d6b8a4110, 0x0000026d6b8a8fd0, 0x0000026d6b8b28f0,
0x0000026d6baa79e0, 0x0000026d6bab55c0, 0x0000026d6babcf20, 0x0000026d6babdeb0,
0x0000026d6babe790, 0x0000026d6c8a8500, 0x0000026d6c8a8a10, 0x0000026d6cf61070,
0x0000026d6d09e500, 0x0000026d6d09f1e0, 0x0000026d56386fb0, 0x0000026d6cda4100,
0x0000026d6cda6b60, 0x0000026d6d199850, 0x0000026d6d267690, 0x0000026d6d287e30,
0x0000026d6d2a2e90, 0x0000026d6d2a3d00, 0x0000026d6d2a3360, 0x0000026d6d2a3830,
0x0000026d6d2a29c0, 0x0000026d6d2a41d0, 0x0000026d6d2e2610, 0x0000026d6d2e2ae0,
0x0000026d6d2e3e20, 0x0000026d6d2ddde0, 0x0000026d6d2e47c0, 0x0000026d6d2e0e00,
0x0000026d6d2de2b0, 0x0000026d6d2e42f0, 0x0000026d6d2df5f0, 0x0000026d6d2de780,
0x0000026d6d2dfac0, 0x0000026d6d2dec50, 0x0000026d6d2dd910, 0x0000026d6d2dff90,
0x0000026d6d2e4c90, 0x0000026d6d2df120, 0x0000026d6d2e2140, 0x0000026d6d2e5160,
0x0000026d6d2e0460, 0x0000026d6d2e12d0, 0x0000026d6d2e0930, 0x0000026d6d2e1c70,
0x0000026d6d2e2fb0
}

Java Threads: ( => current thread )
  0x0000026d6b872390 JavaThread "Reference Handler" daemon [_thread_blocked, id=18352, stack(0x000000afc9800000,0x000000afc9900000)]
  0x0000026d6b872f40 JavaThread "Finalizer" daemon [_thread_blocked, id=31912, stack(0x000000afc9900000,0x000000afc9a00000)]
  0x0000026d6b89e3e0 JavaThread "Signal Dispatcher" daemon [_thread_blocked, id=11312, stack(0x000000afc9a00000,0x000000afc9b00000)]
  0x0000026d6b89ed90 JavaThread "Attach Listener" daemon [_thread_blocked, id=33084, stack(0x000000afc9b00000,0x000000afc9c00000)]
  0x0000026d6b89f740 JavaThread "Service Thread" daemon [_thread_blocked, id=32380, stack(0x000000afc9c00000,0x000000afc9d00000)]
  0x0000026d6b8a4110 JavaThread "Monitor Deflation Thread" daemon [_thread_blocked, id=33756, stack(0x000000afc9d00000,0x000000afc9e00000)]
  0x0000026d6b8a8fd0 JavaThread "C1 CompilerThread0" daemon [_thread_blocked, id=25356, stack(0x000000afc9e00000,0x000000afc9f00000)]
  0x0000026d6b8b28f0 JavaThread "Sweeper thread" daemon [_thread_blocked, id=28288, stack(0x000000afc9f00000,0x000000afca000000)]
  0x0000026d6baa79e0 JavaThread "C1 CompilerThread1" daemon [_thread_blocked, id=31840, stack(0x000000afca000000,0x000000afca100000)]
  0x0000026d6bab55c0 JavaThread "C1 CompilerThread2" daemon [_thread_blocked, id=4404, stack(0x000000afca100000,0x000000afca200000)]
  0x0000026d6babcf20 JavaThread "C1 CompilerThread3" daemon [_thread_blocked, id=32852, stack(0x000000afca200000,0x000000afca300000)]
  0x0000026d6babdeb0 JavaThread "Notification Thread" daemon [_thread_blocked, id=33080, stack(0x000000afca300000,0x000000afca400000)]
  0x0000026d6babe790 JavaThread "Common-Cleaner" daemon [_thread_blocked, id=15176, stack(0x000000afca500000,0x000000afca600000)]
  0x0000026d6c8a8500 JavaThread "C1 CompilerThread4" daemon [_thread_blocked, id=29468, stack(0x000000afcac00000,0x000000afcad00000)]
  0x0000026d6c8a8a10 JavaThread "C1 CompilerThread5" daemon [_thread_blocked, id=32952, stack(0x000000afcad00000,0x000000afcae00000)]
  0x0000026d6cf61070 JavaThread "boundedElastic-evictor-1" daemon [_thread_blocked, id=30848, stack(0x000000afcb600000,0x000000afcb700000)]
  0x0000026d6d09e500 JavaThread "pool-11-thread-1" [_thread_blocked, id=32012, stack(0x000000afcb700000,0x000000afcb800000)]
  0x0000026d6d09f1e0 JavaThread "LanguageServerApp-lifecycle" [_thread_blocked, id=33228, stack(0x000000afcb800000,0x000000afcb900000)]
  0x0000026d56386fb0 JavaThread "DestroyJavaVM" [_thread_blocked, id=8032, stack(0x000000afc9100000,0x000000afc9200000)]
  0x0000026d6cda4100 JavaThread "pool-12-thread-1" [_thread_in_native, id=32684, stack(0x000000afcb900000,0x000000afcba00000)]
  0x0000026d6cda6b60 JavaThread "Simple-Language-Server main thread" daemon [_thread_blocked, id=14904, stack(0x000000afcba00000,0x000000afcbb00000)]
  0x0000026d6d199850 JavaThread "ForkJoinPool.commonPool-worker-1" daemon [_thread_blocked, id=31628, stack(0x000000afcbb00000,0x000000afcbc00000)]
  0x0000026d6d267690 JavaThread "parallel-1" daemon [_thread_blocked, id=26940, stack(0x000000afcbc00000,0x000000afcbd00000)]
  0x0000026d6d287e30 JavaThread "ClassGraph-worker-0" daemon [_thread_blocked, id=16244, stack(0x000000afcbd00000,0x000000afcbe00000)]
  0x0000026d6d2a2e90 JavaThread "ClassGraph-worker-1" daemon [_thread_blocked, id=19600, stack(0x000000afcbe00000,0x000000afcbf00000)]
  0x0000026d6d2a3d00 JavaThread "ClassGraph-worker-2" daemon [_thread_blocked, id=32332, stack(0x000000afcbf00000,0x000000afcc000000)]
  0x0000026d6d2a3360 JavaThread "ClassGraph-worker-3" daemon [_thread_blocked, id=33472, stack(0x000000afcc000000,0x000000afcc100000)]
  0x0000026d6d2a3830 JavaThread "ClassGraph-worker-4" daemon [_thread_blocked, id=3556, stack(0x000000afcc100000,0x000000afcc200000)]
  0x0000026d6d2a29c0 JavaThread "ClassGraph-worker-5" daemon [_thread_blocked, id=32076, stack(0x000000afcc200000,0x000000afcc300000)]
  0x0000026d6d2a41d0 JavaThread "ClassGraph-worker-6" daemon [_thread_blocked, id=33524, stack(0x000000afcc300000,0x000000afcc400000)]
  0x0000026d6d2e2610 JavaThread "ClassGraph-worker-7" daemon [_thread_blocked, id=27632, stack(0x000000afcc400000,0x000000afcc500000)]
  0x0000026d6d2e2ae0 JavaThread "ClassGraph-worker-8" daemon [_thread_blocked, id=24892, stack(0x000000afcc500000,0x000000afcc600000)]
  0x0000026d6d2e3e20 JavaThread "ClassGraph-worker-9" daemon [_thread_blocked, id=31088, stack(0x000000afcc600000,0x000000afcc700000)]
  0x0000026d6d2ddde0 JavaThread "ClassGraph-worker-10" daemon [_thread_blocked, id=13732, stack(0x000000afcc700000,0x000000afcc800000)]
  0x0000026d6d2e47c0 JavaThread "ClassGraph-worker-11" daemon [_thread_blocked, id=15300, stack(0x000000afcc800000,0x000000afcc900000)]
  0x0000026d6d2e0e00 JavaThread "ClassGraph-worker-12" daemon [_thread_blocked, id=33020, stack(0x000000afcc900000,0x000000afcca00000)]
  0x0000026d6d2de2b0 JavaThread "ClassGraph-worker-13" daemon [_thread_blocked, id=32744, stack(0x000000afcca00000,0x000000afccb00000)]
  0x0000026d6d2e42f0 JavaThread "ClassGraph-worker-14" daemon [_thread_blocked, id=32776, stack(0x000000afccb00000,0x000000afccc00000)]
  0x0000026d6d2df5f0 JavaThread "ClassGraph-worker-15" daemon [_thread_blocked, id=12456, stack(0x000000afccc00000,0x000000afccd00000)]
  0x0000026d6d2de780 JavaThread "ClassGraph-worker-16" daemon [_thread_blocked, id=32500, stack(0x000000afccd00000,0x000000afcce00000)]
  0x0000026d6d2dfac0 JavaThread "ClassGraph-worker-17" daemon [_thread_blocked, id=6984, stack(0x000000afcce00000,0x000000afccf00000)]
  0x0000026d6d2dec50 JavaThread "ClassGraph-worker-18" daemon [_thread_blocked, id=29624, stack(0x000000afccf00000,0x000000afcd000000)]
  0x0000026d6d2dd910 JavaThread "ClassGraph-worker-19" daemon [_thread_blocked, id=28904, stack(0x000000afcd000000,0x000000afcd100000)]
  0x0000026d6d2dff90 JavaThread "ClassGraph-worker-20" daemon [_thread_blocked, id=19524, stack(0x000000afcd100000,0x000000afcd200000)]
  0x0000026d6d2e4c90 JavaThread "ClassGraph-worker-21" daemon [_thread_blocked, id=22580, stack(0x000000afcd200000,0x000000afcd300000)]
  0x0000026d6d2df120 JavaThread "ClassGraph-worker-22" daemon [_thread_blocked, id=25044, stack(0x000000afcd300000,0x000000afcd400000)]
  0x0000026d6d2e2140 JavaThread "ClassGraph-worker-23" daemon [_thread_blocked, id=5128, stack(0x000000afcd400000,0x000000afcd500000)]
  0x0000026d6d2e5160 JavaThread "pool-6-thread-1" [_thread_blocked, id=33188, stack(0x000000afcd800000,0x000000afcd900000)]
  0x0000026d6d2e0460 JavaThread "pool-10-thread-1" [_thread_blocked, id=33516, stack(0x000000afcd900000,0x000000afcda00000)]
  0x0000026d6d2e12d0 JavaThread "ForkJoinPool.commonPool-worker-2" daemon [_thread_blocked, id=33712, stack(0x000000afcda00000,0x000000afcdb00000)]
  0x0000026d6d2e0930 JavaThread "parallel-2" daemon [_thread_blocked, id=2020, stack(0x000000afcdb00000,0x000000afcdc00000)]
  0x0000026d6d2e1c70 JavaThread "pool-10-thread-2" [_thread_blocked, id=31452, stack(0x000000afcdc00000,0x000000afcdd00000)]
  0x0000026d6d2e2fb0 JavaThread "parallel-3" daemon [_thread_blocked, id=32620, stack(0x000000afcdd00000,0x000000afcde00000)]

Other Threads:
=>0x0000026d6b8234e0 VMThread "VM Thread" [stack: 0x000000afc9700000,0x000000afc9800000] [id=2264]
  0x0000026d56428590 WatcherThread [stack: 0x000000afca400000,0x000000afca500000] [id=25028]
  0x0000026d563f3da0 GCTaskThread "GC Thread#0" [stack: 0x000000afc9200000,0x000000afc9300000] [id=33332]
  0x0000026d6c634250 GCTaskThread "GC Thread#1" [stack: 0x000000afca600000,0x000000afca700000] [id=31084]
  0x0000026d6c634500 GCTaskThread "GC Thread#2" [stack: 0x000000afca700000,0x000000afca800000] [id=17592]
  0x0000026d6c66b790 GCTaskThread "GC Thread#3" [stack: 0x000000afca800000,0x000000afca900000] [id=5928]
  0x0000026d6c66c260 GCTaskThread "GC Thread#4" [stack: 0x000000afca900000,0x000000afcaa00000] [id=33224]
  0x0000026d6c66c920 GCTaskThread "GC Thread#5" [stack: 0x000000afcaa00000,0x000000afcab00000] [id=7796]
  0x0000026d6c8ce910 GCTaskThread "GC Thread#6" [stack: 0x000000afcab00000,0x000000afcac00000] [id=7956]
  0x0000026d6cb7ac20 GCTaskThread "GC Thread#7" [stack: 0x000000afcaf00000,0x000000afcb000000] [id=31900]
  0x0000026d6cba8450 GCTaskThread "GC Thread#8" [stack: 0x000000afcb000000,0x000000afcb100000] [id=13992]
  0x0000026d6cc2b700 GCTaskThread "GC Thread#9" [stack: 0x000000afcb100000,0x000000afcb200000] [id=31516]
  0x0000026d6cc2bdc0 GCTaskThread "GC Thread#10" [stack: 0x000000afcb200000,0x000000afcb300000] [id=26080]
  0x0000026d6cc2c070 GCTaskThread "GC Thread#11" [stack: 0x000000afcb300000,0x000000afcb400000] [id=8416]
  0x0000026d6ce17170 GCTaskThread "GC Thread#12" [stack: 0x000000afcae00000,0x000000afcaf00000] [id=13772]
  0x0000026d56404d10 ConcurrentGCThread "G1 Main Marker" [stack: 0x000000afc9300000,0x000000afc9400000] [id=2036]
  0x0000026d56406d70 ConcurrentGCThread "G1 Conc#0" [stack: 0x000000afc9400000,0x000000afc9500000] [id=17768]
  0x0000026d6cae9710 ConcurrentGCThread "G1 Conc#1" [stack: 0x000000afcb400000,0x000000afcb500000] [id=25016]
  0x0000026d6cbcec70 ConcurrentGCThread "G1 Conc#2" [stack: 0x000000afcb500000,0x000000afcb600000] [id=25232]
  0x0000026d6a8c8840 ConcurrentGCThread "G1 Refine#0" [stack: 0x000000afc9500000,0x000000afc9600000] [id=9556]
  0x0000026d6fb17db0 ConcurrentGCThread "G1 Refine#1" [stack: 0x000000afcd500000,0x000000afcd600000] [id=21972]
  0x0000026d6d41bbc0 ConcurrentGCThread "G1 Refine#2" [stack: 0x000000afcd600000,0x000000afcd700000] [id=8512]
  0x0000026d6f79e850 ConcurrentGCThread "G1 Refine#3" [stack: 0x000000afcd700000,0x000000afcd800000] [id=28460]
  0x0000026d6a8c9010 ConcurrentGCThread "G1 Service" [stack: 0x000000afc9600000,0x000000afc9700000] [id=33112]

Threads with active compile tasks:
C1 CompilerThread0     2536 4473       1       io.github.classgraph.Classfile::readFields (781 bytes)
C1 CompilerThread1     2536 4428   !   1       nonapi.io.github.classgraph.reflection.ReflectionUtils::invokeMethod (106 bytes)
C1 CompilerThread2     2537 4456       1       jdk.internal.module.SystemModuleFinders$SystemModuleReader::open (15 bytes)
C1 CompilerThread3     2537 4443       1       jdk.internal.jimage.decompressor.CompressedResourceHeader::<init> (33 bytes)
C1 CompilerThread4     2538 4421       1       java.util.zip.Inflater::<init> (28 bytes)
C1 CompilerThread5     2538 4411       1       jdk.internal.jimage.decompressor.CompressedResourceHeader::getDecompressorNameOffset (5 bytes)

VM state: at safepoint (normal execution)

VM Mutex/Monitor currently owned by a thread:  ([mutex/lock_event])
[0x0000026d5612ba50] Threads_lock - owner thread: 0x0000026d6b8234e0
[0x0000026d56128960] Heap_lock - owner thread: 0x0000026d6d287e30

Heap address: 0x0000000701200000, size: 4078 MB, Compressed Oops mode: Zero based, Oop shift amount: 3

CDS archive(s) not mapped
Compressed class space mapped at: 0x0000000800000000-0x0000000840000000, reserved size: 1073741824
Narrow klass base: 0x0000000800000000, Narrow klass shift: 0, Narrow klass range: 0x40000000

GC Precious Log:
 CPUs: 16 total, 16 available
 Memory: 16307M
 Large Page Support: Disabled
 NUMA Support: Disabled
 Compressed Oops: Enabled (Zero based)
 Heap Region Size: 2M
 Heap Min Capacity: 8M
 Heap Initial Capacity: 256M
 Heap Max Capacity: 4078M
 Pre-touch: Disabled
 Parallel Workers: 13
 Concurrent Workers: 3
 Concurrent Refinement Workers: 13
 Periodic GC: Disabled

Heap:
 garbage-first heap   total 262144K, used 77955K [0x0000000701200000, 0x0000000800000000)
  region size 2048K, 3 young (6144K), 3 survivors (6144K)
 Metaspace       used 40844K, committed 41280K, reserved 1089536K
  class space    used 5241K, committed 5440K, reserved 1048576K

Heap Regions: E=young(eden), S=young(survivor), O=old, HS=humongous(starts), HC=humongous(continues), CS=collection set, F=free, OA=open archive, CA=closed archive, TAMS=top-at-mark-start (previous, next)
|   0|0x0000000701200000, 0x0000000701400000, 0x0000000701400000|100%| O|  |TAMS 0x0000000701400000, 0x0000000701200000| Untracked 
|   1|0x0000000701400000, 0x0000000701600000, 0x0000000701600000|100%| O|  |TAMS 0x0000000701600000, 0x0000000701400000| Untracked 
|   2|0x0000000701600000, 0x0000000701800000, 0x0000000701800000|100%| O|  |TAMS 0x0000000701800000, 0x0000000701600000| Untracked 
|   3|0x0000000701800000, 0x0000000701a00000, 0x0000000701a00000|100%| O|  |TAMS 0x0000000701800000, 0x0000000701800000| Untracked 
|   4|0x0000000701a00000, 0x0000000701c00000, 0x0000000701c00000|100%| O|  |TAMS 0x0000000701c00000, 0x0000000701a00000| Untracked 
|   5|0x0000000701c00000, 0x0000000701e00000, 0x0000000701e00000|100%| O|  |TAMS 0x0000000701e00000, 0x0000000701c00000| Untracked 
|   6|0x0000000701e00000, 0x0000000702000000, 0x0000000702000000|100%| O|  |TAMS 0x0000000701e00000, 0x0000000701e00000| Untracked 
|   7|0x0000000702000000, 0x0000000702200000, 0x0000000702200000|100%| O|  |TAMS 0x0000000702000000, 0x0000000702000000| Untracked 
|   8|0x0000000702200000, 0x0000000702400000, 0x0000000702400000|100%| O|  |TAMS 0x0000000702200000, 0x0000000702200000| Untracked 
|   9|0x0000000702400000, 0x0000000702600000, 0x0000000702600000|100%| O|  |TAMS 0x0000000702400000, 0x0000000702400000| Untracked 
|  10|0x0000000702600000, 0x0000000702800000, 0x0000000702800000|100%| O|  |TAMS 0x0000000702800000, 0x0000000702600000| Untracked 
|  11|0x0000000702800000, 0x0000000702a00000, 0x0000000702a00000|100%| O|  |TAMS 0x0000000702800000, 0x0000000702800000| Untracked 
|  12|0x0000000702a00000, 0x0000000702c00000, 0x0000000702c00000|100%| O|  |TAMS 0x0000000702a00000, 0x0000000702a00000| Untracked 
|  13|0x0000000702c00000, 0x0000000702e00000, 0x0000000702e00000|100%| O|  |TAMS 0x0000000702c00000, 0x0000000702c00000| Untracked 
|  14|0x0000000702e00000, 0x0000000703000000, 0x0000000703000000|100%| O|  |TAMS 0x0000000702e00000, 0x0000000702e00000| Untracked 
|  15|0x0000000703000000, 0x0000000703200000, 0x0000000703200000|100%| O|  |TAMS 0x0000000703000000, 0x0000000703000000| Untracked 
|  16|0x0000000703200000, 0x0000000703400000, 0x0000000703400000|100%| O|  |TAMS 0x0000000703200000, 0x0000000703200000| Untracked 
|  17|0x0000000703400000, 0x0000000703600000, 0x0000000703600000|100%| O|  |TAMS 0x0000000703400000, 0x0000000703400000| Untracked 
|  18|0x0000000703600000, 0x0000000703800000, 0x0000000703800000|100%| O|  |TAMS 0x0000000703600000, 0x0000000703600000| Untracked 
|  19|0x0000000703800000, 0x0000000703a00000, 0x0000000703a00000|100%| O|  |TAMS 0x0000000703800000, 0x0000000703800000| Untracked 
|  20|0x0000000703a00000, 0x0000000703c00000, 0x0000000703c00000|100%| O|  |TAMS 0x0000000703a00000, 0x0000000703a00000| Untracked 
|  21|0x0000000703c00000, 0x0000000703e00000, 0x0000000703e00000|100%| O|  |TAMS 0x0000000703c00000, 0x0000000703c00000| Untracked 
|  22|0x0000000703e00000, 0x0000000704000000, 0x0000000704000000|100%| O|  |TAMS 0x0000000703e00000, 0x0000000703e00000| Untracked 
|  23|0x0000000704000000, 0x0000000704200000, 0x0000000704200000|100%| O|  |TAMS 0x0000000704000000, 0x0000000704000000| Untracked 
|  24|0x0000000704200000, 0x0000000704400000, 0x0000000704400000|100%| O|  |TAMS 0x0000000704200000, 0x0000000704200000| Untracked 
|  25|0x0000000704400000, 0x0000000704600000, 0x0000000704600000|100%| O|  |TAMS 0x0000000704400000, 0x0000000704400000| Untracked 
|  26|0x0000000704600000, 0x0000000704800000, 0x0000000704800000|100%| O|  |TAMS 0x0000000704600000, 0x0000000704600000| Untracked 
|  27|0x0000000704800000, 0x0000000704a00000, 0x0000000704a00000|100%| O|  |TAMS 0x0000000704800000, 0x0000000704800000| Untracked 
|  28|0x0000000704a00000, 0x0000000704c00000, 0x0000000704c00000|100%| O|  |TAMS 0x0000000704a00000, 0x0000000704a00000| Untracked 
|  29|0x0000000704c00000, 0x0000000704e00000, 0x0000000704e00000|100%| O|  |TAMS 0x0000000704c00000, 0x0000000704c00000| Untracked 
|  30|0x0000000704e00000, 0x0000000705000000, 0x0000000705000000|100%| O|  |TAMS 0x0000000704e00000, 0x0000000704e00000| Untracked 
|  31|0x0000000705000000, 0x0000000705200000, 0x0000000705200000|100%| O|  |TAMS 0x0000000705000000, 0x0000000705000000| Untracked 
|  32|0x0000000705200000, 0x0000000705400000, 0x0000000705400000|100%| O|  |TAMS 0x0000000705200000, 0x0000000705200000| Untracked 
|  33|0x0000000705400000, 0x0000000705600000, 0x0000000705600000|100%| O|  |TAMS 0x0000000705400000, 0x0000000705400000| Untracked 
|  34|0x0000000705600000, 0x0000000705800000, 0x0000000705800000|100%| O|  |TAMS 0x0000000705600000, 0x0000000705600000| Untracked 
|  35|0x0000000705800000, 0x000000070597d400, 0x0000000705a00000| 74%| O|  |TAMS 0x0000000705800000, 0x0000000705800000| Untracked 
|  36|0x0000000705a00000, 0x0000000705a00000, 0x0000000705c00000|  0%| F|  |TAMS 0x0000000705a00000, 0x0000000705a00000| Untracked 
|  37|0x0000000705c00000, 0x0000000705c00000, 0x0000000705e00000|  0%| F|  |TAMS 0x0000000705c00000, 0x0000000705c00000| Untracked 
|  38|0x0000000705e00000, 0x0000000705e00000, 0x0000000706000000|  0%| F|  |TAMS 0x0000000705e00000, 0x0000000705e00000| Untracked 
|  39|0x0000000706000000, 0x0000000706000000, 0x0000000706200000|  0%| F|  |TAMS 0x0000000706000000, 0x0000000706000000| Untracked 
|  40|0x0000000706200000, 0x0000000706200000, 0x0000000706400000|  0%| F|  |TAMS 0x0000000706200000, 0x0000000706200000| Untracked 
|  41|0x0000000706400000, 0x0000000706400000, 0x0000000706600000|  0%| F|  |TAMS 0x0000000706400000, 0x0000000706400000| Untracked 
|  42|0x0000000706600000, 0x0000000706600000, 0x0000000706800000|  0%| F|  |TAMS 0x0000000706600000, 0x0000000706600000| Untracked 
|  43|0x0000000706800000, 0x0000000706800000, 0x0000000706a00000|  0%| F|  |TAMS 0x0000000706800000, 0x0000000706800000| Untracked 
|  44|0x0000000706a00000, 0x0000000706a00000, 0x0000000706c00000|  0%| F|  |TAMS 0x0000000706a00000, 0x0000000706a00000| Untracked 
|  45|0x0000000706c00000, 0x0000000706c00000, 0x0000000706e00000|  0%| F|  |TAMS 0x0000000706c00000, 0x0000000706c00000| Untracked 
|  46|0x0000000706e00000, 0x0000000706e00000, 0x0000000707000000|  0%| F|  |TAMS 0x0000000706e00000, 0x0000000706e00000| Untracked 
|  47|0x0000000707000000, 0x0000000707000000, 0x0000000707200000|  0%| F|  |TAMS 0x0000000707000000, 0x0000000707000000| Untracked 
|  48|0x0000000707200000, 0x0000000707200000, 0x0000000707400000|  0%| F|  |TAMS 0x0000000707200000, 0x0000000707200000| Untracked 
|  49|0x0000000707400000, 0x0000000707400000, 0x0000000707600000|  0%| F|  |TAMS 0x0000000707400000, 0x0000000707400000| Untracked 
|  50|0x0000000707600000, 0x0000000707600000, 0x0000000707800000|  0%| F|  |TAMS 0x0000000707600000, 0x0000000707600000| Untracked 
|  51|0x0000000707800000, 0x0000000707800000, 0x0000000707a00000|  0%| F|  |TAMS 0x0000000707800000, 0x0000000707800000| Untracked 
|  52|0x0000000707a00000, 0x0000000707a00000, 0x0000000707c00000|  0%| F|  |TAMS 0x0000000707a00000, 0x0000000707a00000| Untracked 
|  53|0x0000000707c00000, 0x0000000707c00000, 0x0000000707e00000|  0%| F|  |TAMS 0x0000000707c00000, 0x0000000707c00000| Untracked 
|  54|0x0000000707e00000, 0x0000000707e00000, 0x0000000708000000|  0%| F|  |TAMS 0x0000000707e00000, 0x0000000707e00000| Untracked 
|  55|0x0000000708000000, 0x0000000708000000, 0x0000000708200000|  0%| F|  |TAMS 0x0000000708000000, 0x0000000708000000| Untracked 
|  56|0x0000000708200000, 0x00000007082a3960, 0x0000000708400000| 31%| S|CS|TAMS 0x0000000708200000, 0x0000000708200000| Complete 
|  57|0x0000000708400000, 0x0000000708600000, 0x0000000708600000|100%| S|CS|TAMS 0x0000000708400000, 0x0000000708400000| Complete 
|  58|0x0000000708600000, 0x0000000708800000, 0x0000000708800000|100%| S|CS|TAMS 0x0000000708600000, 0x0000000708600000| Complete 
|  59|0x0000000708800000, 0x0000000708800000, 0x0000000708a00000|  0%| F|  |TAMS 0x0000000708800000, 0x0000000708800000| Untracked 
|  60|0x0000000708a00000, 0x0000000708a00000, 0x0000000708c00000|  0%| F|  |TAMS 0x0000000708a00000, 0x0000000708a00000| Untracked 
|  61|0x0000000708c00000, 0x0000000708c00000, 0x0000000708e00000|  0%| F|  |TAMS 0x0000000708c00000, 0x0000000708c00000| Untracked 
|  62|0x0000000708e00000, 0x0000000708e00000, 0x0000000709000000|  0%| F|  |TAMS 0x0000000708e00000, 0x0000000708e00000| Untracked 
|  63|0x0000000709000000, 0x0000000709000000, 0x0000000709200000|  0%| F|  |TAMS 0x0000000709000000, 0x0000000709000000| Untracked 
|  64|0x0000000709200000, 0x0000000709200000, 0x0000000709400000|  0%| F|  |TAMS 0x0000000709200000, 0x0000000709200000| Untracked 
|  65|0x0000000709400000, 0x0000000709400000, 0x0000000709600000|  0%| F|  |TAMS 0x0000000709400000, 0x0000000709400000| Untracked 
|  66|0x0000000709600000, 0x0000000709600000, 0x0000000709800000|  0%| F|  |TAMS 0x0000000709600000, 0x0000000709600000| Untracked 
|  67|0x0000000709800000, 0x0000000709800000, 0x0000000709a00000|  0%| F|  |TAMS 0x0000000709800000, 0x0000000709800000| Untracked 
|  68|0x0000000709a00000, 0x0000000709a00000, 0x0000000709c00000|  0%| F|  |TAMS 0x0000000709a00000, 0x0000000709a00000| Untracked 
|  69|0x0000000709c00000, 0x0000000709c00000, 0x0000000709e00000|  0%| F|  |TAMS 0x0000000709c00000, 0x0000000709c00000| Untracked 
|  70|0x0000000709e00000, 0x0000000709e00000, 0x000000070a000000|  0%| F|  |TAMS 0x0000000709e00000, 0x0000000709e00000| Untracked 
|  71|0x000000070a000000, 0x000000070a000000, 0x000000070a200000|  0%| F|  |TAMS 0x000000070a000000, 0x000000070a000000| Untracked 
|  72|0x000000070a200000, 0x000000070a200000, 0x000000070a400000|  0%| F|  |TAMS 0x000000070a200000, 0x000000070a200000| Untracked 
|  73|0x000000070a400000, 0x000000070a400000, 0x000000070a600000|  0%| F|  |TAMS 0x000000070a400000, 0x000000070a400000| Untracked 
|  74|0x000000070a600000, 0x000000070a600000, 0x000000070a800000|  0%| F|  |TAMS 0x000000070a600000, 0x000000070a600000| Untracked 
|  75|0x000000070a800000, 0x000000070a800000, 0x000000070aa00000|  0%| F|  |TAMS 0x000000070a800000, 0x000000070a800000| Untracked 
|  76|0x000000070aa00000, 0x000000070aa00000, 0x000000070ac00000|  0%| F|  |TAMS 0x000000070aa00000, 0x000000070aa00000| Untracked 
|  77|0x000000070ac00000, 0x000000070ac00000, 0x000000070ae00000|  0%| F|  |TAMS 0x000000070ac00000, 0x000000070ac00000| Untracked 
|  78|0x000000070ae00000, 0x000000070ae00000, 0x000000070b000000|  0%| F|  |TAMS 0x000000070ae00000, 0x000000070ae00000| Untracked 
|  79|0x000000070b000000, 0x000000070b000000, 0x000000070b200000|  0%| F|  |TAMS 0x000000070b000000, 0x000000070b000000| Untracked 
|  80|0x000000070b200000, 0x000000070b200000, 0x000000070b400000|  0%| F|  |TAMS 0x000000070b200000, 0x000000070b200000| Untracked 
|  81|0x000000070b400000, 0x000000070b400000, 0x000000070b600000|  0%| F|  |TAMS 0x000000070b400000, 0x000000070b400000| Untracked 
|  82|0x000000070b600000, 0x000000070b600000, 0x000000070b800000|  0%| F|  |TAMS 0x000000070b600000, 0x000000070b600000| Untracked 
|  83|0x000000070b800000, 0x000000070b800000, 0x000000070ba00000|  0%| F|  |TAMS 0x000000070b800000, 0x000000070b800000| Untracked 
|  84|0x000000070ba00000, 0x000000070ba00000, 0x000000070bc00000|  0%| F|  |TAMS 0x000000070ba00000, 0x000000070ba00000| Untracked 
|  85|0x000000070bc00000, 0x000000070bc00000, 0x000000070be00000|  0%| F|  |TAMS 0x000000070bc00000, 0x000000070bc00000| Untracked 
|  86|0x000000070be00000, 0x000000070be00000, 0x000000070c000000|  0%| F|  |TAMS 0x000000070be00000, 0x000000070be00000| Untracked 
|  87|0x000000070c000000, 0x000000070c000000, 0x000000070c200000|  0%| F|  |TAMS 0x000000070c000000, 0x000000070c000000| Untracked 
|  88|0x000000070c200000, 0x000000070c200000, 0x000000070c400000|  0%| F|  |TAMS 0x000000070c200000, 0x000000070c200000| Untracked 
|  89|0x000000070c400000, 0x000000070c400000, 0x000000070c600000|  0%| F|  |TAMS 0x000000070c400000, 0x000000070c400000| Untracked 
|  90|0x000000070c600000, 0x000000070c600000, 0x000000070c800000|  0%| F|  |TAMS 0x000000070c600000, 0x000000070c600000| Untracked 
|  91|0x000000070c800000, 0x000000070c800000, 0x000000070ca00000|  0%| F|  |TAMS 0x000000070c800000, 0x000000070c800000| Untracked 
|  92|0x000000070ca00000, 0x000000070ca00000, 0x000000070cc00000|  0%| F|  |TAMS 0x000000070ca00000, 0x000000070ca00000| Untracked 
|  93|0x000000070cc00000, 0x000000070cc00000, 0x000000070ce00000|  0%| F|  |TAMS 0x000000070cc00000, 0x000000070cc00000| Untracked 
|  94|0x000000070ce00000, 0x000000070ce00000, 0x000000070d000000|  0%| F|  |TAMS 0x000000070ce00000, 0x000000070ce00000| Untracked 
|  95|0x000000070d000000, 0x000000070d000000, 0x000000070d200000|  0%| F|  |TAMS 0x000000070d000000, 0x000000070d000000| Untracked 
|  96|0x000000070d200000, 0x000000070d200000, 0x000000070d400000|  0%| F|  |TAMS 0x000000070d200000, 0x000000070d200000| Untracked 
|  97|0x000000070d400000, 0x000000070d400000, 0x000000070d600000|  0%| F|  |TAMS 0x000000070d400000, 0x000000070d400000| Untracked 
|  98|0x000000070d600000, 0x000000070d600000, 0x000000070d800000|  0%| F|  |TAMS 0x000000070d600000, 0x000000070d600000| Untracked 
|  99|0x000000070d800000, 0x000000070d800000, 0x000000070da00000|  0%| F|  |TAMS 0x000000070d800000, 0x000000070d800000| Untracked 
| 100|0x000000070da00000, 0x000000070da00000, 0x000000070dc00000|  0%| F|  |TAMS 0x000000070da00000, 0x000000070da00000| Untracked 
| 101|0x000000070dc00000, 0x000000070dc00000, 0x000000070de00000|  0%| F|  |TAMS 0x000000070dc00000, 0x000000070dc00000| Untracked 
| 102|0x000000070de00000, 0x000000070de00000, 0x000000070e000000|  0%| F|  |TAMS 0x000000070de00000, 0x000000070de00000| Untracked 
| 103|0x000000070e000000, 0x000000070e000000, 0x000000070e200000|  0%| F|  |TAMS 0x000000070e000000, 0x000000070e000000| Untracked 
| 104|0x000000070e200000, 0x000000070e200000, 0x000000070e400000|  0%| F|  |TAMS 0x000000070e200000, 0x000000070e200000| Untracked 
| 105|0x000000070e400000, 0x000000070e400000, 0x000000070e600000|  0%| F|  |TAMS 0x000000070e400000, 0x000000070e400000| Untracked 
| 106|0x000000070e600000, 0x000000070e600000, 0x000000070e800000|  0%| F|  |TAMS 0x000000070e600000, 0x000000070e600000| Untracked 
| 107|0x000000070e800000, 0x000000070e800000, 0x000000070ea00000|  0%| F|  |TAMS 0x000000070e800000, 0x000000070e800000| Untracked 
| 108|0x000000070ea00000, 0x000000070ea00000, 0x000000070ec00000|  0%| F|  |TAMS 0x000000070ea00000, 0x000000070ea00000| Untracked 
| 109|0x000000070ec00000, 0x000000070ec00000, 0x000000070ee00000|  0%| F|  |TAMS 0x000000070ec00000, 0x000000070ec00000| Untracked 
| 110|0x000000070ee00000, 0x000000070ee00000, 0x000000070f000000|  0%| F|  |TAMS 0x000000070ee00000, 0x000000070ee00000| Untracked 
| 111|0x000000070f000000, 0x000000070f000000, 0x000000070f200000|  0%| F|  |TAMS 0x000000070f000000, 0x000000070f000000| Untracked 
| 112|0x000000070f200000, 0x000000070f200000, 0x000000070f400000|  0%| F|  |TAMS 0x000000070f200000, 0x000000070f200000| Untracked 
| 113|0x000000070f400000, 0x000000070f400000, 0x000000070f600000|  0%| F|  |TAMS 0x000000070f400000, 0x000000070f400000| Untracked 
| 114|0x000000070f600000, 0x000000070f600000, 0x000000070f800000|  0%| F|  |TAMS 0x000000070f600000, 0x000000070f600000| Untracked 
| 115|0x000000070f800000, 0x000000070f800000, 0x000000070fa00000|  0%| F|  |TAMS 0x000000070f800000, 0x000000070f800000| Untracked 
| 116|0x000000070fa00000, 0x000000070fa00000, 0x000000070fc00000|  0%| F|  |TAMS 0x000000070fa00000, 0x000000070fa00000| Untracked 
| 117|0x000000070fc00000, 0x000000070fc00000, 0x000000070fe00000|  0%| F|  |TAMS 0x000000070fc00000, 0x000000070fc00000| Untracked 
| 118|0x000000070fe00000, 0x000000070fe00000, 0x0000000710000000|  0%| F|  |TAMS 0x000000070fe00000, 0x000000070fe00000| Untracked 
| 119|0x0000000710000000, 0x0000000710000000, 0x0000000710200000|  0%| F|  |TAMS 0x0000000710000000, 0x0000000710000000| Untracked 
| 120|0x0000000710200000, 0x0000000710200000, 0x0000000710400000|  0%| F|  |TAMS 0x0000000710200000, 0x0000000710200000| Untracked 
| 121|0x0000000710400000, 0x0000000710400000, 0x0000000710600000|  0%| F|  |TAMS 0x0000000710400000, 0x0000000710400000| Untracked 
| 122|0x0000000710600000, 0x0000000710600000, 0x0000000710800000|  0%| F|  |TAMS 0x0000000710600000, 0x0000000710600000| Untracked 
| 123|0x0000000710800000, 0x0000000710800000, 0x0000000710a00000|  0%| F|  |TAMS 0x0000000710800000, 0x0000000710800000| Untracked 
| 124|0x0000000710a00000, 0x0000000710a00000, 0x0000000710c00000|  0%| F|  |TAMS 0x0000000710a00000, 0x0000000710a00000| Untracked 
| 125|0x0000000710c00000, 0x0000000710c00000, 0x0000000710e00000|  0%| F|  |TAMS 0x0000000710c00000, 0x0000000710c00000| Untracked 
| 126|0x0000000710e00000, 0x0000000710e00000, 0x0000000711000000|  0%| F|  |TAMS 0x0000000710e00000, 0x0000000710e00000| Untracked 
| 127|0x0000000711000000, 0x0000000711000000, 0x0000000711200000|  0%| F|  |TAMS 0x0000000711000000, 0x0000000711000000| Untracked 

Card table byte_map: [0x0000026d5ee20000,0x0000026d5f620000] _byte_map_base: 0x0000026d5b617000

Marking Bits (Prev, Next): (CMBitMap*) 0x0000026d563f43b0, (CMBitMap*) 0x0000026d563f43f0
 Prev Bits: [0x0000026d5fe20000, 0x0000026d63dd8000)
 Next Bits: [0x0000026d63de0000, 0x0000026d67d98000)

Polling page: 0x0000026d56430000

Metaspace:

Usage:
  Non-class:     34.77 MB used.
      Class:      5.12 MB used.
       Both:     39.89 MB used.

Virtual space:
  Non-class space:       40.00 MB reserved,      35.00 MB ( 88%) committed,  5 nodes.
      Class space:        1.00 GB reserved,       5.31 MB ( <1%) committed,  1 nodes.
             Both:        1.04 GB reserved,      40.31 MB (  4%) committed. 

Chunk freelists:
   Non-Class:  656.00 KB
       Class:  2.66 MB
        Both:  3.30 MB

MaxMetaspaceSize: unlimited
CompressedClassSpaceSize: 1.00 GB
Initial GC threshold: 21.00 MB
Current GC threshold: 59.00 MB
CDS: off
MetaspaceReclaimPolicy: balanced
 - commit_granule_bytes: 65536.
 - commit_granule_words: 8192.
 - virtual_space_node_default_size: 1048576.
 - enlarge_chunks_in_place: 1.
 - new_chunks_are_fully_committed: 0.
 - uncommit_free_chunks: 1.
 - use_allocation_guard: 0.
 - handle_deallocations: 1.


Internal statistics:

num_allocs_failed_limit: 6.
num_arena_births: 496.
num_arena_deaths: 0.
num_vsnodes_births: 6.
num_vsnodes_deaths: 0.
num_space_committed: 645.
num_space_uncommitted: 0.
num_chunks_returned_to_freelist: 6.
num_chunks_taken_from_freelist: 1743.
num_chunk_merges: 6.
num_chunk_splits: 1187.
num_chunks_enlarged: 884.
num_purges: 0.
num_inconsistent_stats: 0.

CodeCache: size=49152Kb used=11368Kb max_used=11368Kb free=37783Kb
 bounds [0x0000026d5a7e0000, 0x0000026d5b300000, 0x0000026d5d7e0000]
 total_blobs=4990 nmethods=4430 adapters=482
 compilation: enabled
              stopped_count=0, restarted_count=0
 full_count=0

Compilation events (20 events):
Event: 2.439 Thread 0x0000026d6babcf20 4463       1       nonapi.io.github.classgraph.utils.ProxyingInputStream::read (11 bytes)
Event: 2.439 Thread 0x0000026d6babcf20 nmethod 4463 0x0000026d5b2ece90 code [0x0000026d5b2ed020, 0x0000026d5b2ed108]
Event: 2.439 Thread 0x0000026d6babcf20 4450       1       io.github.classgraph.Scanner$ClassfileScannerWorkUnitProcessor::processWorkUnit (11 bytes)
Event: 2.440 Thread 0x0000026d6babcf20 nmethod 4450 0x0000026d5b2f3b90 code [0x0000026d5b2f3d20, 0x0000026d5b2f3e28]
Event: 2.442 Thread 0x0000026d6babcf20 4398       1       java.util.Optional::get (22 bytes)
Event: 2.443 Thread 0x0000026d6baa79e0 nmethod 4474 0x0000026d5b2f3f10 code [0x0000026d5b2f4120, 0x0000026d5b2f4828]
Event: 2.443 Thread 0x0000026d6c8a8500 nmethod 4426 0x0000026d5b2ed190 code [0x0000026d5b2ed8c0, 0x0000026d5b2f0dc8]
Event: 2.443 Thread 0x0000026d6baa79e0 4428   !   1       nonapi.io.github.classgraph.reflection.ReflectionUtils::invokeMethod (106 bytes)
Event: 2.443 Thread 0x0000026d6c8a8500 4429   !   1       jdk.internal.reflect.GeneratedMethodAccessor8::invoke (61 bytes)
Event: 2.444 Thread 0x0000026d6babcf20 nmethod 4398 0x0000026d5b2f6e10 code [0x0000026d5b2f6fa0, 0x0000026d5b2f7128]
Event: 2.444 Thread 0x0000026d6babcf20 4436       1       java.util.zip.Inflater$InflaterZStreamRef::clean (10 bytes)
Event: 2.445 Thread 0x0000026d6bab55c0 nmethod 4427 0x0000026d5b2f4a90 code [0x0000026d5b2f4f00, 0x0000026d5b2f63d8]
Event: 2.445 Thread 0x0000026d6bab55c0 4456       1       jdk.internal.module.SystemModuleFinders$SystemModuleReader::open (15 bytes)
Event: 2.446 Thread 0x0000026d6c8a8a10 nmethod 4475 0x0000026d5b2f7210 code [0x0000026d5b2f7680, 0x0000026d5b2f8628]
Event: 2.446 Thread 0x0000026d6c8a8500 nmethod 4429 0x0000026d5b2f9210 code [0x0000026d5b2f9400, 0x0000026d5b2f98b8]
Event: 2.446 Thread 0x0000026d6babcf20 nmethod 4436 0x0000026d5b2f9c10 code [0x0000026d5b2f9dc0, 0x0000026d5b2f9f48]
Event: 2.446 Thread 0x0000026d6babcf20 4443       1       jdk.internal.jimage.decompressor.CompressedResourceHeader::<init> (33 bytes)
Event: 2.447 Thread 0x0000026d6c8a8500 4421       1       java.util.zip.Inflater::<init> (28 bytes)
Event: 2.447 Thread 0x0000026d6c8a8a10 4411       1       jdk.internal.jimage.decompressor.CompressedResourceHeader::getDecompressorNameOffset (5 bytes)
Event: 2.447 Thread 0x0000026d6babcf20 nmethod 4443 0x0000026d5b2fa090 code [0x0000026d5b2fa220, 0x0000026d5b2fa2f8]

GC Heap History (20 events):
Event: 1.169 GC heap after
{Heap after GC invocations=5 (full 0):
 garbage-first heap   total 55296K, used 13651K [0x0000000701200000, 0x0000000800000000)
  region size 2048K, 4 young (8192K), 4 survivors (8192K)
 Metaspace       used 25649K, committed 25920K, reserved 1073152K
  class space    used 3192K, committed 3328K, reserved 1048576K
}
Event: 1.193 GC heap before
{Heap before GC invocations=5 (full 0):
 garbage-first heap   total 55296K, used 15699K [0x0000000701200000, 0x0000000800000000)
  region size 2048K, 5 young (10240K), 4 survivors (8192K)
 Metaspace       used 26058K, committed 26368K, reserved 1073152K
  class space    used 3264K, committed 3392K, reserved 1048576K
}
Event: 1.197 GC heap after
{Heap after GC invocations=6 (full 0):
 garbage-first heap   total 55296K, used 14398K [0x0000000701200000, 0x0000000800000000)
  region size 2048K, 1 young (2048K), 1 survivors (2048K)
 Metaspace       used 26058K, committed 26368K, reserved 1073152K
  class space    used 3264K, committed 3392K, reserved 1048576K
}
Event: 1.495 GC heap before
{Heap before GC invocations=6 (full 0):
 garbage-first heap   total 55296K, used 32830K [0x0000000701200000, 0x0000000800000000)
  region size 2048K, 11 young (22528K), 1 survivors (2048K)
 Metaspace       used 29211K, committed 29504K, reserved 1081344K
  class space    used 3710K, committed 3840K, reserved 1048576K
}
Event: 1.498 GC heap after
{Heap after GC invocations=7 (full 0):
 garbage-first heap   total 159744K, used 15662K [0x0000000701200000, 0x0000000800000000)
  region size 2048K, 2 young (4096K), 2 survivors (4096K)
 Metaspace       used 29211K, committed 29504K, reserved 1081344K
  class space    used 3710K, committed 3840K, reserved 1048576K
}
Event: 1.913 GC heap before
{Heap before GC invocations=7 (full 0):
 garbage-first heap   total 159744K, used 52526K [0x0000000701200000, 0x0000000800000000)
  region size 2048K, 21 young (43008K), 2 survivors (4096K)
 Metaspace       used 35770K, committed 36096K, reserved 1081344K
  class space    used 4684K, committed 4864K, reserved 1048576K
}
Event: 1.916 GC heap after
{Heap after GC invocations=8 (full 0):
 garbage-first heap   total 159744K, used 18887K [0x0000000701200000, 0x0000000800000000)
  region size 2048K, 3 young (6144K), 3 survivors (6144K)
 Metaspace       used 35770K, committed 36096K, reserved 1081344K
  class space    used 4684K, committed 4864K, reserved 1048576K
}
Event: 2.022 GC heap before
{Heap before GC invocations=9 (full 0):
 garbage-first heap   total 81920K, used 61895K [0x0000000701200000, 0x0000000800000000)
  region size 2048K, 26 young (53248K), 3 survivors (6144K)
 Metaspace       used 36804K, committed 37184K, reserved 1089536K
  class space    used 4784K, committed 4992K, reserved 1048576K
}
Event: 2.026 GC heap after
{Heap after GC invocations=10 (full 0):
 garbage-first heap   total 81920K, used 26624K [0x0000000701200000, 0x0000000800000000)
  region size 2048K, 6 young (12288K), 6 survivors (12288K)
 Metaspace       used 36804K, committed 37184K, reserved 1089536K
  class space    used 4784K, committed 4992K, reserved 1048576K
}
Event: 2.029 GC heap before
{Heap before GC invocations=10 (full 0):
 garbage-first heap   total 81920K, used 28672K [0x0000000701200000, 0x0000000800000000)
  region size 2048K, 7 young (14336K), 6 survivors (12288K)
 Metaspace       used 36805K, committed 37184K, reserved 1089536K
  class space    used 4785K, committed 4992K, reserved 1048576K
}
Event: 2.032 GC heap after
{Heap after GC invocations=11 (full 0):
 garbage-first heap   total 81920K, used 28467K [0x0000000701200000, 0x0000000800000000)
  region size 2048K, 1 young (2048K), 1 survivors (2048K)
 Metaspace       used 36805K, committed 37184K, reserved 1089536K
  class space    used 4785K, committed 4992K, reserved 1048576K
}
Event: 2.083 GC heap before
{Heap before GC invocations=11 (full 0):
 garbage-first heap   total 81920K, used 57139K [0x0000000701200000, 0x0000000800000000)
  region size 2048K, 16 young (32768K), 1 survivors (2048K)
 Metaspace       used 37815K, committed 38144K, reserved 1089536K
  class space    used 4885K, committed 5056K, reserved 1048576K
}
Event: 2.086 GC heap after
{Heap after GC invocations=12 (full 0):
 garbage-first heap   total 176128K, used 32437K [0x0000000701200000, 0x0000000800000000)
  region size 2048K, 2 young (4096K), 2 survivors (4096K)
 Metaspace       used 37815K, committed 38144K, reserved 1089536K
  class space    used 4885K, committed 5056K, reserved 1048576K
}
Event: 2.211 GC heap before
{Heap before GC invocations=12 (full 0):
 garbage-first heap   total 176128K, used 112309K [0x0000000701200000, 0x0000000800000000)
  region size 2048K, 42 young (86016K), 2 survivors (4096K)
 Metaspace       used 39220K, committed 39616K, reserved 1089536K
  class space    used 5002K, committed 5184K, reserved 1048576K
}
Event: 2.219 GC heap after
{Heap after GC invocations=13 (full 0):
 garbage-first heap   total 176128K, used 49152K [0x0000000701200000, 0x0000000800000000)
  region size 2048K, 6 young (12288K), 6 survivors (12288K)
 Metaspace       used 39220K, committed 39616K, reserved 1089536K
  class space    used 5002K, committed 5184K, reserved 1048576K
}
Event: 2.408 GC heap before
{Heap before GC invocations=13 (full 0):
 garbage-first heap   total 176128K, used 112640K [0x0000000701200000, 0x0000000800000000)
  region size 2048K, 38 young (77824K), 6 survivors (12288K)
 Metaspace       used 40774K, committed 41216K, reserved 1089536K
  class space    used 5234K, committed 5440K, reserved 1048576K
}
Event: 2.424 GC heap after
{Heap after GC invocations=14 (full 0):
 garbage-first heap   total 176128K, used 72545K [0x0000000701200000, 0x0000000800000000)
  region size 2048K, 5 young (10240K), 5 survivors (10240K)
 Metaspace       used 40774K, committed 41216K, reserved 1089536K
  class space    used 5234K, committed 5440K, reserved 1048576K
}
Event: 2.436 GC heap before
{Heap before GC invocations=14 (full 0):
 garbage-first heap   total 176128K, used 121697K [0x0000000701200000, 0x0000000800000000)
  region size 2048K, 30 young (61440K), 5 survivors (10240K)
 Metaspace       used 40788K, committed 41216K, reserved 1089536K
  class space    used 5237K, committed 5440K, reserved 1048576K
}
Event: 2.439 GC heap after
{Heap after GC invocations=15 (full 0):
 garbage-first heap   total 176128K, used 75988K [0x0000000701200000, 0x0000000800000000)
  region size 2048K, 2 young (4096K), 2 survivors (4096K)
 Metaspace       used 40788K, committed 41216K, reserved 1089536K
  class space    used 5237K, committed 5440K, reserved 1048576K
}
Event: 2.447 GC heap before
{Heap before GC invocations=15 (full 0):
 garbage-first heap   total 176128K, used 125140K [0x0000000701200000, 0x0000000800000000)
  region size 2048K, 27 young (55296K), 2 survivors (4096K)
 Metaspace       used 40844K, committed 41280K, reserved 1089536K
  class space    used 5241K, committed 5440K, reserved 1048576K
}

Dll operation events (9 events):
Event: 0.011 Loaded shared library c:\Users\rafae\.vscode\extensions\redhat.java-1.14.0-win32-x64\jre\17.0.5-win32-x86_64\bin\java.dll
Event: 0.151 Loaded shared library C:\Users\rafae\.vscode\extensions\redhat.java-1.14.0-win32-x64\jre\17.0.5-win32-x86_64\bin\net.dll
Event: 0.153 Loaded shared library C:\Users\rafae\.vscode\extensions\redhat.java-1.14.0-win32-x64\jre\17.0.5-win32-x86_64\bin\nio.dll
Event: 0.158 Loaded shared library C:\Users\rafae\.vscode\extensions\redhat.java-1.14.0-win32-x64\jre\17.0.5-win32-x86_64\bin\zip.dll
Event: 0.259 Loaded shared library C:\Users\rafae\.vscode\extensions\redhat.java-1.14.0-win32-x64\jre\17.0.5-win32-x86_64\bin\jimage.dll
Event: 0.326 Loaded shared library c:\Users\rafae\.vscode\extensions\redhat.java-1.14.0-win32-x64\jre\17.0.5-win32-x86_64\bin\verify.dll
Event: 1.715 Loaded shared library C:\Users\rafae\.vscode\extensions\redhat.java-1.14.0-win32-x64\jre\17.0.5-win32-x86_64\bin\management.dll
Event: 1.717 Loaded shared library C:\Users\rafae\.vscode\extensions\redhat.java-1.14.0-win32-x64\jre\17.0.5-win32-x86_64\bin\management_ext.dll
Event: 2.396 Loaded shared library C:\Users\rafae\.vscode\extensions\redhat.java-1.14.0-win32-x64\jre\17.0.5-win32-x86_64\bin\sunmscapi.dll

Deoptimization events (14 events):
Event: 0.937 Thread 0x0000026d56386fb0 DEOPT PACKING pc=0x0000026d5aeb5379 sp=0x000000afc91fd480
Event: 0.937 Thread 0x0000026d56386fb0 DEOPT UNPACKING pc=0x0000026d5a832b43 sp=0x000000afc91fc960 mode 3
Event: 1.853 Thread 0x0000026d6cda6b60 DEOPT PACKING pc=0x0000026d5b0bec6d sp=0x000000afcbafcfc0
Event: 1.853 Thread 0x0000026d6cda6b60 DEOPT UNPACKING pc=0x0000026d5a832b43 sp=0x000000afcbafc4d8 mode 3
Event: 1.898 Thread 0x0000026d6d199850 DEOPT PACKING pc=0x0000026d5b0d7213 sp=0x000000afcbbfe460
Event: 1.898 Thread 0x0000026d6d199850 DEOPT UNPACKING pc=0x0000026d5a832b43 sp=0x000000afcbbfd9a8 mode 3
Event: 1.924 Thread 0x0000026d6cda4100 DEOPT PACKING pc=0x0000026d5aeb7a09 sp=0x000000afcb9fdd70
Event: 1.924 Thread 0x0000026d6cda4100 DEOPT UNPACKING pc=0x0000026d5a832b43 sp=0x000000afcb9fd200 mode 3
Event: 2.027 Thread 0x0000026d6d2a3d00 DEOPT PACKING pc=0x0000026d5aeb309f sp=0x000000afcbfff270
Event: 2.027 Thread 0x0000026d6d2a3d00 DEOPT UNPACKING pc=0x0000026d5a832b43 sp=0x000000afcbffe6c8 mode 3
Event: 2.190 Thread 0x0000026d6d2a3d00 DEOPT PACKING pc=0x0000026d5b1d859c sp=0x000000afcbffea70
Event: 2.190 Thread 0x0000026d6d2a3d00 DEOPT UNPACKING pc=0x0000026d5a832b43 sp=0x000000afcbffdf50 mode 0
Event: 2.388 Thread 0x0000026d6d2e1c70 DEOPT PACKING pc=0x0000026d5aaf14ac sp=0x000000afcdcfe190
Event: 2.388 Thread 0x0000026d6d2e1c70 DEOPT UNPACKING pc=0x0000026d5a832b43 sp=0x000000afcdcfd658 mode 0

Classes unloaded (0 events):
No events

Classes redefined (0 events):
No events

Internal exceptions (20 events):
Event: 1.932 Thread 0x0000026d6d2a2e90 Exception <a 'sun/nio/fs/WindowsException'{0x000000071113a9e8}> (0x000000071113a9e8) 
thrown [s\src\hotspot\share\prims\jni.cpp, line 516]
Event: 1.932 Thread 0x0000026d6d2a2e90 Exception <a 'sun/nio/fs/WindowsException'{0x000000071113add8}> (0x000000071113add8) 
thrown [s\src\hotspot\share\prims\jni.cpp, line 516]
Event: 2.169 Thread 0x0000026d6cda6b60 Exception <a 'java/lang/NoSuchMethodError'{0x0000000707bcf3c8}: 'java.lang.Object java.lang.invoke.Invokers$Holder.invoke_MT(java.lang.Object, java.lang.Object, java.lang.Object)'> (0x0000000707bcf3c8) 
thrown [s\src\hotspot\share\interpreter\linkResolver.cpp, line 759]
Event: 2.235 Thread 0x0000026d6cda6b60 Exception <a 'java/lang/NoSuchMethodError'{0x00000007111e64d0}: 'java.lang.Object java.lang.invoke.DirectMethodHandle$Holder.newInvokeSpecial(java.lang.Object, java.lang.Object, int)'> (0x00000007111e64d0) 
thrown [s\src\hotspot\share\interpreter\linkResolver.cpp, line 759]
Event: 2.242 Thread 0x0000026d6d2e5160 Exception <a 'sun/nio/fs/WindowsException'{0x000000070ef719b0}> (0x000000070ef719b0) 
thrown [s\src\hotspot\share\prims\jni.cpp, line 516]
Event: 2.347 Thread 0x0000026d6d2e1c70 Exception <a 'java/lang/NoSuchMethodError'{0x000000070a627b40}: 'void java.lang.invoke.DirectMethodHandle$Holder.invokeVirtual(java.lang.Object, java.lang.Object, java.lang.Object, java.lang.Object)'> (0x000000070a627b40) 
thrown [s\src\hotspot\share\interpreter\linkResolver.cpp, line 759]
Event: 2.392 Thread 0x0000026d6d2e5160 Exception <a 'sun/nio/fs/WindowsException'{0x0000000708f46ba0}> (0x0000000708f46ba0) 
thrown [s\src\hotspot\share\prims\jni.cpp, line 516]
Event: 2.392 Thread 0x0000026d6d2e5160 Exception <a 'sun/nio/fs/WindowsException'{0x0000000708f47628}> (0x0000000708f47628) 
thrown [s\src\hotspot\share\prims\jni.cpp, line 516]
Event: 2.392 Thread 0x0000026d6d2e5160 Exception <a 'sun/nio/fs/WindowsException'{0x0000000708f48068}> (0x0000000708f48068) 
thrown [s\src\hotspot\share\prims\jni.cpp, line 516]
Event: 2.392 Thread 0x0000026d6d2e5160 Exception <a 'sun/nio/fs/WindowsException'{0x0000000708f48bc0}> (0x0000000708f48bc0) 
thrown [s\src\hotspot\share\prims\jni.cpp, line 516]
Event: 2.392 Thread 0x0000026d6d2e5160 Exception <a 'sun/nio/fs/WindowsException'{0x0000000708f49658}> (0x0000000708f49658) 
thrown [s\src\hotspot\share\prims\jni.cpp, line 516]
Event: 2.392 Thread 0x0000026d6d2e5160 Exception <a 'sun/nio/fs/WindowsException'{0x0000000708f4a098}> (0x0000000708f4a098) 
thrown [s\src\hotspot\share\prims\jni.cpp, line 516]
Event: 2.392 Thread 0x0000026d6d2e5160 Exception <a 'sun/nio/fs/WindowsException'{0x0000000708f4ac58}> (0x0000000708f4ac58) 
thrown [s\src\hotspot\share\prims\jni.cpp, line 516]
Event: 2.393 Thread 0x0000026d6d2e5160 Exception <a 'sun/nio/fs/WindowsException'{0x0000000708fbad68}> (0x0000000708fbad68) 
thrown [s\src\hotspot\share\prims\jni.cpp, line 516]
Event: 2.393 Thread 0x0000026d6d2e5160 Exception <a 'sun/nio/fs/WindowsException'{0x0000000708fbb7f0}> (0x0000000708fbb7f0) 
thrown [s\src\hotspot\share\prims\jni.cpp, line 516]
Event: 2.393 Thread 0x0000026d6d2e5160 Exception <a 'sun/nio/fs/WindowsException'{0x0000000708fbc230}> (0x0000000708fbc230) 
thrown [s\src\hotspot\share\prims\jni.cpp, line 516]
Event: 2.393 Thread 0x0000026d6d2e5160 Exception <a 'sun/nio/fs/WindowsException'{0x0000000708fbcd88}> (0x0000000708fbcd88) 
thrown [s\src\hotspot\share\prims\jni.cpp, line 516]
Event: 2.393 Thread 0x0000026d6d2e5160 Exception <a 'sun/nio/fs/WindowsException'{0x0000000708fbd820}> (0x0000000708fbd820) 
thrown [s\src\hotspot\share\prims\jni.cpp, line 516]
Event: 2.393 Thread 0x0000026d6d2e5160 Exception <a 'sun/nio/fs/WindowsException'{0x0000000708fbe260}> (0x0000000708fbe260) 
thrown [s\src\hotspot\share\prims\jni.cpp, line 516]
Event: 2.393 Thread 0x0000026d6d2e5160 Exception <a 'sun/nio/fs/WindowsException'{0x0000000708fbee20}> (0x0000000708fbee20) 
thrown [s\src\hotspot\share\prims\jni.cpp, line 516]

VM Operations (20 events):
Event: 2.219 Executing VM operation: G1CollectForAllocation done
Event: 2.346 Executing VM operation: HandshakeAllThreads
Event: 2.346 Executing VM operation: HandshakeAllThreads done
Event: 2.387 Executing VM operation: HandshakeAllThreads
Event: 2.387 Executing VM operation: HandshakeAllThreads done
Event: 2.388 Executing VM operation: HandshakeAllThreads
Event: 2.388 Executing VM operation: HandshakeAllThreads done
Event: 2.397 Executing VM operation: HandshakeAllThreads
Event: 2.398 Executing VM operation: HandshakeAllThreads done
Event: 2.408 Executing VM operation: G1CollectForAllocation
Event: 2.408 Executing VM operation: G1CollectForAllocation done
Event: 2.408 Executing VM operation: G1CollectForAllocation
Event: 2.424 Executing VM operation: G1CollectForAllocation done
Event: 2.434 Executing VM operation: G1CollectForAllocation
Event: 2.435 Executing VM operation: G1CollectForAllocation done
Event: 2.435 Executing VM operation: G1CollectForAllocation
Event: 2.439 Executing VM operation: G1CollectForAllocation done
Event: 2.446 Executing VM operation: G1CollectForAllocation
Event: 2.446 Executing VM operation: G1CollectForAllocation done
Event: 2.447 Executing VM operation: G1CollectForAllocation

Events (20 events):
Event: 2.404 loading class sun/security/ssl/CipherType
Event: 2.405 loading class sun/security/ssl/CipherType done
Event: 2.405 loading class sun/security/ssl/SSLCipher$NullReadCipherGenerator
Event: 2.405 loading class sun/security/ssl/SSLCipher$ReadCipherGenerator
Event: 2.405 loading class sun/security/ssl/SSLCipher$ReadCipherGenerator done
Event: 2.405 loading class sun/security/ssl/SSLCipher$NullReadCipherGenerator done
Event: 2.408 loading class sun/security/ssl/SSLCipher$NullWriteCipherGenerator
Event: 2.408 loading class sun/security/ssl/SSLCipher$WriteCipherGenerator
Event: 2.408 loading class sun/security/ssl/SSLCipher$WriteCipherGenerator done
Event: 2.408 loading class sun/security/ssl/SSLCipher$NullWriteCipherGenerator done
Event: 2.424 loading class sun/security/ssl/SSLCipher$StreamReadCipherGenerator
Event: 2.424 loading class sun/security/ssl/SSLCipher$StreamReadCipherGenerator done
Event: 2.435 loading class sun/security/ssl/SSLCipher$StreamWriteCipherGenerator
Event: 2.435 loading class sun/security/ssl/SSLCipher$StreamWriteCipherGenerator done
Event: 2.439 loading class javax/crypto/Cipher
Event: 2.439 loading class javax/crypto/Cipher done
Event: 2.443 loading class javax/crypto/Cipher$Transform
Event: 2.443 loading class javax/crypto/Cipher$Transform done
Event: 2.444 loading class com/sun/crypto/provider/SunJCE
Event: 2.445 loading class com/sun/crypto/provider/SunJCE done


Dynamic libraries:
0x00007ff671830000 - 0x00007ff67183e000 	c:\Users\rafae\.vscode\extensions\redhat.java-1.14.0-win32-x64\jre\17.0.5-win32-x86_64\bin\java.exe
0x00007fffbcf10000 - 0x00007fffbd124000 	C:\WINDOWS\SYSTEM32\ntdll.dll
0x00007fffbc8b0000 - 0x00007fffbc973000 	C:\WINDOWS\System32\KERNEL32.DLL
0x00007fffba570000 - 0x00007fffba90d000 	C:\WINDOWS\System32\KERNELBASE.dll
0x00007fffba330000 - 0x00007fffba441000 	C:\WINDOWS\System32\ucrtbase.dll
0x00007fffb0020000 - 0x00007fffb0037000 	c:\Users\rafae\.vscode\extensions\redhat.java-1.14.0-win32-x64\jre\17.0.5-win32-x86_64\bin\jli.dll
0x00007fffbcaa0000 - 0x00007fffbcc4d000 	C:\WINDOWS\System32\USER32.dll
0x00007fffba540000 - 0x00007fffba566000 	C:\WINDOWS\System32\win32u.dll
0x00007fffbcda0000 - 0x00007fffbcdc9000 	C:\WINDOWS\System32\GDI32.dll
0x00007fffba9d0000 - 0x00007fffbaae2000 	C:\WINDOWS\System32\gdi32full.dll
0x00007fffbac60000 - 0x00007fffbacfa000 	C:\WINDOWS\System32\msvcp_win.dll
0x00007fffa6d90000 - 0x00007fffa6da9000 	c:\Users\rafae\.vscode\extensions\redhat.java-1.14.0-win32-x64\jre\17.0.5-win32-x86_64\bin\VCRUNTIME140.dll
0x00007fffab020000 - 0x00007fffab2ae000 	C:\WINDOWS\WinSxS\amd64_microsoft.windows.common-controls_6595b64144ccf1df_6.0.22621.608_none_a9444ca7c10bb01d\COMCTL32.dll
0x00007fffbc270000 - 0x00007fffbc317000 	C:\WINDOWS\System32\msvcrt.dll
0x00007fffbcdd0000 - 0x00007fffbce02000 	C:\WINDOWS\System32\IMM32.DLL
0x00007fffbb8f0000 - 0x00007fffbba05000 	C:\WINDOWS\System32\RPCRT4.dll
0x00007fffb9680000 - 0x00007fffb96c2000 	C:\WINDOWS\SYSTEM32\SspiCli.dll
0x00007fffb63a0000 - 0x00007fffb63ac000 	c:\Users\rafae\.vscode\extensions\redhat.java-1.14.0-win32-x64\jre\17.0.5-win32-x86_64\bin\vcruntime140_1.dll
0x00007fff9c020000 - 0x00007fff9c0b1000 	c:\Users\rafae\.vscode\extensions\redhat.java-1.14.0-win32-x64\jre\17.0.5-win32-x86_64\bin\msvcp140.dll
0x00007fff67690000 - 0x00007fff682d4000 	c:\Users\rafae\.vscode\extensions\redhat.java-1.14.0-win32-x64\jre\17.0.5-win32-x86_64\bin\server\jvm.dll
0x00007fffbbbd0000 - 0x00007fffbbc7e000 	C:\WINDOWS\System32\ADVAPI32.dll
0x00007fffbad00000 - 0x00007fffbada4000 	C:\WINDOWS\System32\sechost.dll
0x00007fff10330000 - 0x00007fff10339000 	C:\WINDOWS\SYSTEM32\WSOCK32.dll
0x00007fffbc7a0000 - 0x00007fffbc811000 	C:\WINDOWS\System32\WS2_32.dll
0x00007fffb00d0000 - 0x00007fffb0104000 	C:\WINDOWS\SYSTEM32\WINMM.dll
0x00007fffb0e70000 - 0x00007fffb0e7a000 	C:\WINDOWS\SYSTEM32\VERSION.dll
0x00007fffb9430000 - 0x00007fffb9448000 	C:\WINDOWS\SYSTEM32\kernel.appcore.dll
0x00007fffb6390000 - 0x00007fffb639a000 	c:\Users\rafae\.vscode\extensions\redhat.java-1.14.0-win32-x64\jre\17.0.5-win32-x86_64\bin\jimage.dll
0x00007fffada30000 - 0x00007fffadc5e000 	C:\WINDOWS\SYSTEM32\DBGHELP.DLL
0x00007fffbbec0000 - 0x00007fffbc24a000 	C:\WINDOWS\System32\combase.dll
0x00007fffbccb0000 - 0x00007fffbcd87000 	C:\WINDOWS\System32\OLEAUT32.dll
0x00007fffafa20000 - 0x00007fffafa52000 	C:\WINDOWS\SYSTEM32\dbgcore.DLL
0x00007fffba450000 - 0x00007fffba4cb000 	C:\WINDOWS\System32\bcryptPrimitives.dll
0x00007fffa4ee0000 - 0x00007fffa4f05000 	c:\Users\rafae\.vscode\extensions\redhat.java-1.14.0-win32-x64\jre\17.0.5-win32-x86_64\bin\java.dll
0x00007fffa6d60000 - 0x00007fffa6d78000 	c:\Users\rafae\.vscode\extensions\redhat.java-1.14.0-win32-x64\jre\17.0.5-win32-x86_64\bin\zip.dll
0x00007fffbaf80000 - 0x00007fffbb76f000 	C:\WINDOWS\System32\SHELL32.dll
0x00007fffb8300000 - 0x00007fffb8bc8000 	C:\WINDOWS\SYSTEM32\windows.storage.dll
0x00007fffb81c0000 - 0x00007fffb82fe000 	C:\WINDOWS\SYSTEM32\wintypes.dll
0x00007fffbb770000 - 0x00007fffbb861000 	C:\WINDOWS\System32\SHCORE.dll
0x00007fffbcc50000 - 0x00007fffbccae000 	C:\WINDOWS\System32\shlwapi.dll
0x00007fffba260000 - 0x00007fffba281000 	C:\WINDOWS\SYSTEM32\profapi.dll
0x00007fffa56e0000 - 0x00007fffa56f9000 	C:\Users\rafae\.vscode\extensions\redhat.java-1.14.0-win32-x64\jre\17.0.5-win32-x86_64\bin\net.dll
0x00007fffb4c90000 - 0x00007fffb4dbf000 	C:\WINDOWS\SYSTEM32\WINHTTP.dll
0x00007fffb9890000 - 0x00007fffb98f9000 	C:\WINDOWS\system32\mswsock.dll
0x00007fff9f040000 - 0x00007fff9f055000 	C:\Users\rafae\.vscode\extensions\redhat.java-1.14.0-win32-x64\jre\17.0.5-win32-x86_64\bin\nio.dll
0x00007fffa1bc0000 - 0x00007fffa1bd0000 	c:\Users\rafae\.vscode\extensions\redhat.java-1.14.0-win32-x64\jre\17.0.5-win32-x86_64\bin\verify.dll
0x00007fffb9bb0000 - 0x00007fffb9bcb000 	C:\WINDOWS\SYSTEM32\CRYPTSP.dll
0x00007fffb93a0000 - 0x00007fffb93d5000 	C:\WINDOWS\system32\rsaenh.dll
0x00007fffb9930000 - 0x00007fffb9958000 	C:\WINDOWS\SYSTEM32\USERENV.dll
0x00007fffb9cd0000 - 0x00007fffb9cf8000 	C:\WINDOWS\SYSTEM32\bcrypt.dll
0x00007fffb9b90000 - 0x00007fffb9b9c000 	C:\WINDOWS\SYSTEM32\CRYPTBASE.dll
0x00007fffb8e60000 - 0x00007fffb8e8d000 	C:\WINDOWS\SYSTEM32\IPHLPAPI.DLL
0x00007fffbcd90000 - 0x00007fffbcd99000 	C:\WINDOWS\System32\NSI.dll
0x00007fffb4c60000 - 0x00007fffb4c79000 	C:\WINDOWS\SYSTEM32\dhcpcsvc6.DLL
0x00007fffb49b0000 - 0x00007fffb49cf000 	C:\WINDOWS\SYSTEM32\dhcpcsvc.DLL
0x00007fffb8ee0000 - 0x00007fffb8fd2000 	C:\WINDOWS\SYSTEM32\DNSAPI.dll
0x00007fffa12d0000 - 0x00007fffa12d9000 	C:\Users\rafae\.vscode\extensions\redhat.java-1.14.0-win32-x64\jre\17.0.5-win32-x86_64\bin\management.dll
0x00007fff9f030000 - 0x00007fff9f03b000 	C:\Users\rafae\.vscode\extensions\redhat.java-1.14.0-win32-x64\jre\17.0.5-win32-x86_64\bin\management_ext.dll
0x00007fffbcec0000 - 0x00007fffbcec8000 	C:\WINDOWS\System32\PSAPI.DLL
0x00007fff9f020000 - 0x00007fff9f02e000 	C:\Users\rafae\.vscode\extensions\redhat.java-1.14.0-win32-x64\jre\17.0.5-win32-x86_64\bin\sunmscapi.dll
0x00007fffbaaf0000 - 0x00007fffbac56000 	C:\WINDOWS\System32\CRYPT32.dll
0x00007fffb9ca0000 - 0x00007fffb9ccd000 	C:\WINDOWS\SYSTEM32\ncrypt.dll
0x00007fffb9c60000 - 0x00007fffb9c97000 	C:\WINDOWS\SYSTEM32\NTASN1.dll

dbghelp: loaded successfully - version: 4.0.5 - missing functions: none
symbol engine: initialized successfully - sym options: 0x614 - pdb path: .;c:\Users\rafae\.vscode\extensions\redhat.java-1.14.0-win32-x64\jre\17.0.5-win32-x86_64\bin;C:\WINDOWS\SYSTEM32;C:\WINDOWS\WinSxS\amd64_microsoft.windows.common-controls_6595b64144ccf1df_6.0.22621.608_none_a9444ca7c10bb01d;c:\Users\rafae\.vscode\extensions\redhat.java-1.14.0-win32-x64\jre\17.0.5-win32-x86_64\bin\server

VM Arguments:
jvm_args: -Dsts.lsp.client=vscode -Dsts.log.file=/dev/null -XX:TieredStopAtLevel=1 -Xlog:jni+resolve=off -Dspring.config.location=file:c:\Users\rafae\.vscode\extensions\pivotal.vscode-spring-boot-1.43.0\language-server\BOOT-INF\classes\application.properties 
java_command: org.springframework.ide.vscode.boot.app.BootLanguageServerBootApp
java_class_path (initial): c:\Users\rafae\.vscode\extensions\pivotal.vscode-spring-boot-1.43.0\language-server\BOOT-INF\classes;c:\Users\rafae\.vscode\extensions\pivotal.vscode-spring-boot-1.43.0\language-server\BOOT-INF\lib\annotations-23.1.0.jar;c:\Users\rafae\.vscode\extensions\pivotal.vscode-spring-boot-1.43.0\language-server\BOOT-INF\lib\ant-1.10.12.jar;c:\Users\rafae\.vscode\extensions\pivotal.vscode-spring-boot-1.43.0\language-server\BOOT-INF\lib\ant-launcher-1.10.12.jar;c:\Users\rafae\.vscode\extensions\pivotal.vscode-spring-boot-1.43.0\language-server\BOOT-INF\lib\antlr-runtime-3.5.2.jar;c:\Users\rafae\.vscode\extensions\pivotal.vscode-spring-boot-1.43.0\language-server\BOOT-INF\lib\antlr4-4.9.3.jar;c:\Users\rafae\.vscode\extensions\pivotal.vscode-spring-boot-1.43.0\language-server\BOOT-INF\lib\antlr4-runtime-4.9.3.jar;c:\Users\rafae\.vscode\extensions\pivotal.vscode-spring-boot-1.43.0\language-server\BOOT-INF\lib\apiguardian-api-1.1.2.jar;c:\Users\rafae\.vscode\extensions\pivotal.vscode-spring-boot-1.43.0\language-server\BOOT-INF\lib\asm-9.4.jar;c:\Users\rafae\.vscode\extensions\pivotal.vscode-spring-boot-1.43.0\language-server\BOOT-INF\lib\asm-analysis-9.4.jar;c:\Users\rafae\.vscode\extensions\pivotal.vscode-spring-boot-1.43.0\language-server\BOOT-INF\lib\asm-tree-9.4.jar;c:\Users\rafae\.vscode\extensions\pivotal.vscode-spring-boot-1.43.0\language-server\BOOT-INF\lib\asm-util-9.4.jar;c:\Users\rafae\.vscode\extensions\pivotal.vscode-spring-boot-1.43.0\language-server\BOOT-INF\lib\caffeine-3.1.2.jar;c:\Users\rafae\.vscode\extensions\pivotal.vscode-spring-boot-1.43.0\language-server\BOOT-INF\lib\checker-qual-3.12.0.jar;c:\Users\rafae\.vscode\extensions\pivotal.vscode-spring-boot-1.43.0\language-server\BOOT-INF\lib\ci-environment-9.1.0.jar;c:\Users\rafae\.vscode\extensions\pivotal.vscode-spring-boot-1.43.0\language-server\BOOT-INF\lib\classgraph-4.8.149.jar;c:\Users\rafae\.vscode\extensions\pivotal.vscode-spring-boot-1.43.0\language-server\BOOT-INF\lib\comm
Launcher Type: SUN_STANDARD

[Global flags]
     intx CICompilerCount                          = 12                                        {product} {ergonomic}
     uint ConcGCThreads                            = 3                                         {product} {ergonomic}
     uint G1ConcRefinementThreads                  = 13                                        {product} {ergonomic}
   size_t G1HeapRegionSize                         = 2097152                                   {product} {ergonomic}
    uintx GCDrainStackTargetSize                   = 64                                        {product} {ergonomic}
   size_t InitialHeapSize                          = 268435456                                 {product} {ergonomic}
   size_t MarkStackSize                            = 4194304                                   {product} {ergonomic}
   size_t MaxHeapSize                              = 4276092928                                {product} {ergonomic}
   size_t MaxNewSize                               = 2564816896                                {product} {ergonomic}
   size_t MinHeapDeltaBytes                        = 2097152                                   {product} {ergonomic}
   size_t MinHeapSize                              = 8388608                                   {product} {ergonomic}
    uintx NonProfiledCodeHeapSize                  = 0                                      {pd product} {ergonomic}
     bool ProfileInterpreter                       = false                                  {pd product} {command line}
    uintx ProfiledCodeHeapSize                     = 0                                      {pd product} {ergonomic}
   size_t SoftMaxHeapSize                          = 4276092928                             {manageable} {ergonomic}
     intx TieredStopAtLevel                        = 1                                         {product} {command line}
     bool UseCompressedClassPointers               = true                           {product lp64_product} {ergonomic}
     bool UseCompressedOops                        = true                           {product lp64_product} {ergonomic}
     bool UseG1GC                                  = true                                      {product} {ergonomic}
     bool UseLargePagesIndividualAllocation        = false                                  {pd product} {ergonomic}

Logging:
Log output configuration:
 #0: stdout all=warning,jni+resolve=off uptime,level,tags
 #1: stderr all=off uptime,level,tags

Environment Variables:
JAVA_HOME=C:\Program Files\Java\zulu11.60.19-ca-jdk11.0.17-win_x64
PATH=C:\Python311\Scripts\;C:\Python311\;C:\Program Files\Java\zulu11.60.19-ca-jdk11.0.17-win_x64\bin;C:\Program Files (x86)\Common Files\Oracle\Java\javapath;C:\ProgramData\Oracle\Java\javapath;C:\WINDOWS\system32;C:\WINDOWS;C:\WINDOWS\System32\Wbem;C:\WINDOWS\System32\WindowsPowerShell\v1.0\;C:\WINDOWS\System32\OpenSSH\;C:\Program Files\NVIDIA Corporation\NVIDIA NvDLISR;C:\ProgramData\chocolatey\bin;C:\Program Files\dotnet\;C:\apache-maven-3.8.3\bin;C:\Program Files\Docker\Docker\resources\bin;C:\Users\rafae\AppData\Roaming\nvm;C:\Program Files\nodejs;C:\Program Files\PowerShell\7\;C:\Program Files\Git\cmd;C:\Python311\Scripts\;C:\Python311\;C:\Program Files\Java\zulu11.60.19-ca-jdk11.0.17-win_x64\bin;C:\Program Files (x86)\Common Files\Oracle\Java\javapath;C:\ProgramData\Oracle\Java\javapath;C:\WINDOWS\system32;C:\WINDOWS;C:\WINDOWS\System32\Wbem;C:\WINDOWS\System32\WindowsPowerShell\v1.0\;C:\WINDOWS\System32\OpenSSH\;C:\Program Files\NVIDIA Corporation\NVIDIA NvDLISR;C:\ProgramData\chocolatey\bin;C:\Program Files\dotnet\;C:\apache-maven-3.8.3\bin;C:\Program Files\Docker\Docker\resources\bin;C:\Users\rafae\AppData\Roaming\nvm;C:\Program Files\nodejs;C:\Program Files\PowerShell\7\;C:\Program Files\Git\cmd;C:\Users\rafae\AppData\Local\Programs\Hyper\resources\bin;D:\Program Files (x86)\Microsoft VS Code\bin;C:\Users\rafae\AppData\Roaming\nvm;C:\Program Files\nodejs;C:\Users\rafae\AppData\Roaming\Hyper;
USERNAME=rafae
OS=Windows_NT
PROCESSOR_IDENTIFIER=AMD64 Family 23 Model 113 Stepping 0, AuthenticAMD
TMP=C:\Users\rafae\AppData\Local\Temp
TEMP=C:\Users\rafae\AppData\Local\Temp



---------------  S Y S T E M  ---------------

OS:
 Windows 11 , 64 bit Build 22621 (10.0.22621.1105)
OS uptime: 0 days 5:27 hours
Hyper-V role detected

CPU: total 16 (initial active 16) (16 cores per cpu, 2 threads per core) family 23 model 113 stepping 0 microcode 0x0, cx8, cmov, fxsr, ht, mmx, 3dnowpref, sse, sse2, sse3, ssse3, sse4a, sse4.1, sse4.2, popcnt, lzcnt, tsc, tscinvbit, avx, avx2, aes, clmul, bmi1, bmi2, adx, sha, fma, vzeroupper, clflush, clflushopt, hv

Memory: 4k page, system-wide physical 16307M (732M free)
TotalPageFile size 46021M (AvailPageFile size 138M)
current process WorkingSet (physical memory assigned to process): 280M, peak: 280M
current process commit charge ("private bytes"): 425M, peak: 513M

vm_info: OpenJDK 64-Bit Server VM (17.0.5+8) for windows-amd64 JRE (17.0.5+8), built on Oct 19 2022 04:48:13 by "temurin" with MS VC++ 16.7 (VS2019)

END.
